{"timestamp":"2025-06-23T02:31:27.891406","level":"info","event":"DAG bundles loaded: dags-folder","logger":"airflow.dag_processing.bundles.manager.DagBundlesManager"}
{"timestamp":"2025-06-23T02:31:27.895103","level":"info","event":"Filling up the DagBag from /opt/airflow/dags/stream_dag.py","logger":"airflow.models.dagbag.DagBag"}
{"timestamp":"2025-06-23T02:31:28.023369","level":"info","event":"Tmp dir root location: /tmp","logger":"airflow.task.hooks.airflow.providers.standard.hooks.subprocess.SubprocessHook"}
{"timestamp":"2025-06-23T02:31:28.032122","level":"info","event":"Running command: ['/usr/bin/bash', '-c', 'cd /opt/airflow/dbt_ && dbt run --select cost_analysis customer_insights delivery_performance operational_insights shipment_tracking shipments_overview']","logger":"airflow.task.hooks.airflow.providers.standard.hooks.subprocess.SubprocessHook"}
{"timestamp":"2025-06-23T02:31:28.079244","level":"info","event":"Output:","logger":"airflow.task.hooks.airflow.providers.standard.hooks.subprocess.SubprocessHook"}
{"timestamp":"2025-06-23T02:31:44.011551","level":"info","event":"\u001b[0m02:31:44  Running with dbt=1.10.2","logger":"airflow.task.hooks.airflow.providers.standard.hooks.subprocess.SubprocessHook"}
{"timestamp":"2025-06-23T02:31:50.543509","level":"info","event":"\u001b[0m02:31:50  Registered adapter: snowflake=1.9.4","logger":"airflow.task.hooks.airflow.providers.standard.hooks.subprocess.SubprocessHook"}
{"timestamp":"2025-06-23T02:31:56.235783","level":"info","event":"\u001b[0m02:31:56  Found 23 models, 4 data tests, 4 sources, 476 macros","logger":"airflow.task.hooks.airflow.providers.standard.hooks.subprocess.SubprocessHook"}
{"timestamp":"2025-06-23T02:31:56.300367","level":"info","event":"\u001b[0m02:31:56","logger":"airflow.task.hooks.airflow.providers.standard.hooks.subprocess.SubprocessHook"}
{"timestamp":"2025-06-23T02:31:56.304918","level":"info","event":"\u001b[0m02:31:56  Concurrency: 4 threads (target='dev')","logger":"airflow.task.hooks.airflow.providers.standard.hooks.subprocess.SubprocessHook"}
{"timestamp":"2025-06-23T02:31:56.315924","level":"info","event":"\u001b[0m02:31:56","logger":"airflow.task.hooks.airflow.providers.standard.hooks.subprocess.SubprocessHook"}
{"timestamp":"2025-06-23T02:31:59.640053","level":"info","event":"\u001b[0m02:31:59  1 of 17 START sql view model GOLD.active_customers_by_region ................... [RUN]","logger":"airflow.task.hooks.airflow.providers.standard.hooks.subprocess.SubprocessHook"}
{"timestamp":"2025-06-23T02:31:59.645131","level":"info","event":"\u001b[0m02:31:59  2 of 17 START sql view model GOLD.average_shipment_cost_by_priority ............ [RUN]","logger":"airflow.task.hooks.airflow.providers.standard.hooks.subprocess.SubprocessHook"}
{"timestamp":"2025-06-23T02:31:59.653094","level":"info","event":"\u001b[0m02:31:59  3 of 17 START sql view model GOLD.current_status_of_active_shipments ........... [RUN]","logger":"airflow.task.hooks.airflow.providers.standard.hooks.subprocess.SubprocessHook"}
{"timestamp":"2025-06-23T02:31:59.657447","level":"info","event":"\u001b[0m02:31:59  4 of 17 START sql view model GOLD.customer_type_distribution ................... [RUN]","logger":"airflow.task.hooks.airflow.providers.standard.hooks.subprocess.SubprocessHook"}
{"timestamp":"2025-06-23T02:32:01.585882","level":"info","event":"\u001b[0m02:32:01  1 of 17 OK created sql view model GOLD.active_customers_by_region .............. [\u001b[32mSUCCESS 1\u001b[0m in 1.90s]","logger":"airflow.task.hooks.airflow.providers.standard.hooks.subprocess.SubprocessHook"}
{"timestamp":"2025-06-23T02:32:01.621213","level":"info","event":"\u001b[0m02:32:01  5 of 17 START sql view model GOLD.delayed_shipments ............................ [RUN]","logger":"airflow.task.hooks.airflow.providers.standard.hooks.subprocess.SubprocessHook"}
{"timestamp":"2025-06-23T02:32:02.670030","level":"info","event":"\u001b[0m02:32:02  5 of 17 OK created sql view model GOLD.delayed_shipments ....................... [\u001b[32mSUCCESS 1\u001b[0m in 1.03s]","logger":"airflow.task.hooks.airflow.providers.standard.hooks.subprocess.SubprocessHook"}
{"timestamp":"2025-06-23T02:32:02.717004","level":"info","event":"\u001b[0m02:32:02  6 of 17 START sql view model GOLD.delivery_attempts_per_shipment ............... [RUN]","logger":"airflow.task.hooks.airflow.providers.standard.hooks.subprocess.SubprocessHook"}
{"timestamp":"2025-06-23T02:32:02.733020","level":"info","event":"\u001b[0m02:32:02  4 of 17 OK created sql view model GOLD.customer_type_distribution .............. [\u001b[32mSUCCESS 1\u001b[0m in 3.03s]","logger":"airflow.task.hooks.airflow.providers.standard.hooks.subprocess.SubprocessHook"}
{"timestamp":"2025-06-23T02:32:02.793738","level":"info","event":"\u001b[0m02:32:02  3 of 17 OK created sql view model GOLD.current_status_of_active_shipments ...... [\u001b[32mSUCCESS 1\u001b[0m in 3.08s]","logger":"airflow.task.hooks.airflow.providers.standard.hooks.subprocess.SubprocessHook"}
{"timestamp":"2025-06-23T02:32:02.799087","level":"info","event":"\u001b[0m02:32:02  2 of 17 OK created sql view model GOLD.average_shipment_cost_by_priority ....... [\u001b[32mSUCCESS 1\u001b[0m in 3.10s]","logger":"airflow.task.hooks.airflow.providers.standard.hooks.subprocess.SubprocessHook"}
{"timestamp":"2025-06-23T02:32:02.842441","level":"info","event":"\u001b[0m02:32:02  7 of 17 START sql view model GOLD.distance_traveled ............................ [RUN]","logger":"airflow.task.hooks.airflow.providers.standard.hooks.subprocess.SubprocessHook"}
{"timestamp":"2025-06-23T02:32:02.859300","level":"info","event":"\u001b[0m02:32:02  8 of 17 START sql view model GOLD.insurance_vs_penalty_costs ................... [RUN]","logger":"airflow.task.hooks.airflow.providers.standard.hooks.subprocess.SubprocessHook"}
{"timestamp":"2025-06-23T02:32:02.866327","level":"info","event":"\u001b[0m02:32:02  9 of 17 START sql view model GOLD.ontime_delivery_rate ......................... [RUN]","logger":"airflow.task.hooks.airflow.providers.standard.hooks.subprocess.SubprocessHook"}
{"timestamp":"2025-06-23T02:32:03.568115","level":"info","event":"\u001b[0m02:32:03  6 of 17 OK created sql view model GOLD.delivery_attempts_per_shipment .......... [\u001b[32mSUCCESS 1\u001b[0m in 0.81s]","logger":"airflow.task.hooks.airflow.providers.standard.hooks.subprocess.SubprocessHook"}
{"timestamp":"2025-06-23T02:32:03.666772","level":"info","event":"\u001b[0m02:32:03  10 of 17 START sql view model GOLD.reasons_for_delay ........................... [RUN]","logger":"airflow.task.hooks.airflow.providers.standard.hooks.subprocess.SubprocessHook"}
{"timestamp":"2025-06-23T02:32:03.754204","level":"info","event":"\u001b[0m02:32:03  9 of 17 OK created sql view model GOLD.ontime_delivery_rate .................... [\u001b[32mSUCCESS 1\u001b[0m in 0.77s]","logger":"airflow.task.hooks.airflow.providers.standard.hooks.subprocess.SubprocessHook"}
{"timestamp":"2025-06-23T02:32:03.794589","level":"info","event":"\u001b[0m02:32:03  7 of 17 OK created sql view model GOLD.distance_traveled ....................... [\u001b[32mSUCCESS 1\u001b[0m in 0.85s]","logger":"airflow.task.hooks.airflow.providers.standard.hooks.subprocess.SubprocessHook"}
{"timestamp":"2025-06-23T02:32:03.863672","level":"info","event":"\u001b[0m02:32:03  11 of 17 START sql view model GOLD.revenue_vs_cost_by_transport_mode ........... [RUN]","logger":"airflow.task.hooks.airflow.providers.standard.hooks.subprocess.SubprocessHook"}
{"timestamp":"2025-06-23T02:32:03.968057","level":"info","event":"\u001b[0m02:32:03  12 of 17 START sql view model GOLD.shipment_volume_over_time ................... [RUN]","logger":"airflow.task.hooks.airflow.providers.standard.hooks.subprocess.SubprocessHook"}
{"timestamp":"2025-06-23T02:32:04.075059","level":"info","event":"\u001b[0m02:32:04  8 of 17 OK created sql view model GOLD.insurance_vs_penalty_costs .............. [\u001b[32mSUCCESS 1\u001b[0m in 1.05s]","logger":"airflow.task.hooks.airflow.providers.standard.hooks.subprocess.SubprocessHook"}
{"timestamp":"2025-06-23T02:32:04.277387","level":"info","event":"\u001b[0m02:32:04  13 of 17 START sql view model GOLD.shipments_by_priority_level ................. [RUN]","logger":"airflow.task.hooks.airflow.providers.standard.hooks.subprocess.SubprocessHook"}
{"timestamp":"2025-06-23T02:32:05.075054","level":"info","event":"\u001b[0m02:32:05  10 of 17 OK created sql view model GOLD.reasons_for_delay ...................... [\u001b[32mSUCCESS 1\u001b[0m in 1.26s]","logger":"airflow.task.hooks.airflow.providers.standard.hooks.subprocess.SubprocessHook"}
{"timestamp":"2025-06-23T02:32:05.104128","level":"info","event":"\u001b[0m02:32:05  12 of 17 OK created sql view model GOLD.shipment_volume_over_time .............. [\u001b[32mSUCCESS 1\u001b[0m in 1.00s]","logger":"airflow.task.hooks.airflow.providers.standard.hooks.subprocess.SubprocessHook"}
{"timestamp":"2025-06-23T02:32:05.127866","level":"info","event":"\u001b[0m02:32:05  14 of 17 START sql view model GOLD.top_revenue_generating_customers ............ [RUN]","logger":"airflow.task.hooks.airflow.providers.standard.hooks.subprocess.SubprocessHook"}
{"timestamp":"2025-06-23T02:32:05.157268","level":"info","event":"\u001b[0m02:32:05  13 of 17 OK created sql view model GOLD.shipments_by_priority_level ............ [\u001b[32mSUCCESS 1\u001b[0m in 0.83s]","logger":"airflow.task.hooks.airflow.providers.standard.hooks.subprocess.SubprocessHook"}
{"timestamp":"2025-06-23T02:32:05.182859","level":"info","event":"\u001b[0m02:32:05  15 of 17 START sql view model GOLD.total_shipments_by_shipment_type ............ [RUN]","logger":"airflow.task.hooks.airflow.providers.standard.hooks.subprocess.SubprocessHook"}
{"timestamp":"2025-06-23T02:32:05.189856","level":"info","event":"\u001b[0m02:32:05  11 of 17 OK created sql view model GOLD.revenue_vs_cost_by_transport_mode ...... [\u001b[32mSUCCESS 1\u001b[0m in 1.28s]","logger":"airflow.task.hooks.airflow.providers.standard.hooks.subprocess.SubprocessHook"}
{"timestamp":"2025-06-23T02:32:05.235531","level":"info","event":"\u001b[0m02:32:05  16 of 17 START sql view model GOLD.vehicle_utilization ......................... [RUN]","logger":"airflow.task.hooks.airflow.providers.standard.hooks.subprocess.SubprocessHook"}
{"timestamp":"2025-06-23T02:32:05.269233","level":"info","event":"\u001b[0m02:32:05  17 of 17 START sql view model GOLD.warehouse_utilization ....................... [RUN]","logger":"airflow.task.hooks.airflow.providers.standard.hooks.subprocess.SubprocessHook"}
{"timestamp":"2025-06-23T02:32:06.173921","level":"info","event":"\u001b[0m02:32:06  14 of 17 OK created sql view model GOLD.top_revenue_generating_customers ....... [\u001b[32mSUCCESS 1\u001b[0m in 0.99s]","logger":"airflow.task.hooks.airflow.providers.standard.hooks.subprocess.SubprocessHook"}
{"timestamp":"2025-06-23T02:32:06.280707","level":"info","event":"\u001b[0m02:32:06  15 of 17 OK created sql view model GOLD.total_shipments_by_shipment_type ....... [\u001b[32mSUCCESS 1\u001b[0m in 1.05s]","logger":"airflow.task.hooks.airflow.providers.standard.hooks.subprocess.SubprocessHook"}
{"timestamp":"2025-06-23T02:32:06.345238","level":"info","event":"\u001b[0m02:32:06  17 of 17 OK created sql view model GOLD.warehouse_utilization .................. [\u001b[32mSUCCESS 1\u001b[0m in 0.84s]","logger":"airflow.task.hooks.airflow.providers.standard.hooks.subprocess.SubprocessHook"}
{"timestamp":"2025-06-23T02:32:06.352716","level":"info","event":"\u001b[0m02:32:06  16 of 17 OK created sql view model GOLD.vehicle_utilization .................... [\u001b[32mSUCCESS 1\u001b[0m in 1.06s]","logger":"airflow.task.hooks.airflow.providers.standard.hooks.subprocess.SubprocessHook"}
{"timestamp":"2025-06-23T02:32:07.666751","level":"info","event":"\u001b[0m02:32:07","logger":"airflow.task.hooks.airflow.providers.standard.hooks.subprocess.SubprocessHook"}
{"timestamp":"2025-06-23T02:32:07.673961","level":"info","event":"\u001b[0m02:32:07  Finished running 17 view models in 0 hours 0 minutes and 11.35 seconds (11.35s).","logger":"airflow.task.hooks.airflow.providers.standard.hooks.subprocess.SubprocessHook"}
{"timestamp":"2025-06-23T02:32:08.153468","level":"info","event":"\u001b[0m02:32:08","logger":"airflow.task.hooks.airflow.providers.standard.hooks.subprocess.SubprocessHook"}
{"timestamp":"2025-06-23T02:32:08.155178","level":"info","event":"\u001b[0m02:32:08  \u001b[32mCompleted successfully\u001b[0m","logger":"airflow.task.hooks.airflow.providers.standard.hooks.subprocess.SubprocessHook"}
{"timestamp":"2025-06-23T02:32:08.156761","level":"info","event":"\u001b[0m02:32:08","logger":"airflow.task.hooks.airflow.providers.standard.hooks.subprocess.SubprocessHook"}
{"timestamp":"2025-06-23T02:32:08.159306","level":"info","event":"\u001b[0m02:32:08  Done. PASS=17 WARN=0 ERROR=0 SKIP=0 NO-OP=0 TOTAL=17","logger":"airflow.task.hooks.airflow.providers.standard.hooks.subprocess.SubprocessHook"}
{"timestamp":"2025-06-23T02:32:15.257926","level":"info","event":"Command exited with return code 0","logger":"airflow.task.hooks.airflow.providers.standard.hooks.subprocess.SubprocessHook"}
{"timestamp":"2025-06-23T02:32:15.353416","level":"info","event":"Pushing xcom","ti":"RuntimeTaskInstance(id=UUID('01979a9f-ba00-74c9-9c69-a6a8317e443d'), task_id='dbt_run', dag_id='stream_dag', run_id='scheduled__2025-06-23T02:16:00+00:00', try_number=2, map_index=-1, hostname='337b74b3f903', context_carrier={}, task=<Task(BashOperator): dbt_run>, bundle_instance=LocalDagBundle(name=dags-folder), max_tries=2, start_date=datetime.datetime(2025, 6, 23, 2, 31, 26, 402105, tzinfo=TzInfo(UTC)), end_date=None, state=<TaskInstanceState.RUNNING: 'running'>, is_mapped=False, rendered_map_index=None)","logger":"task"}
