{"timestamp":"2025-06-23T02:25:50.613142","level":"info","event":"DAG bundles loaded: dags-folder","logger":"airflow.dag_processing.bundles.manager.DagBundlesManager"}
{"timestamp":"2025-06-23T02:25:50.627133","level":"info","event":"Filling up the DagBag from /opt/airflow/dags/stream_dag.py","logger":"airflow.models.dagbag.DagBag"}
{"timestamp":"2025-06-23T02:25:51.119340","level":"info","event":"Tmp dir root location: /tmp","logger":"airflow.task.hooks.airflow.providers.standard.hooks.subprocess.SubprocessHook"}
{"timestamp":"2025-06-23T02:25:51.144370","level":"info","event":"Running command: ['/usr/bin/bash', '-c', 'cd /opt/airflow/dbt_ && dbt run --select cost_analysis customer_insights delivery_performance operational_insights shipment_tracking shipments_overview']","logger":"airflow.task.hooks.airflow.providers.standard.hooks.subprocess.SubprocessHook"}
{"timestamp":"2025-06-23T02:25:51.292421","level":"info","event":"Output:","logger":"airflow.task.hooks.airflow.providers.standard.hooks.subprocess.SubprocessHook"}
{"timestamp":"2025-06-23T02:26:21.169115","level":"info","event":"\u001b[0m02:26:21  Running with dbt=1.10.2","logger":"airflow.task.hooks.airflow.providers.standard.hooks.subprocess.SubprocessHook"}
{"timestamp":"2025-06-23T02:27:01.664019","level":"info","event":"\u001b[0m02:27:01  Registered adapter: snowflake=1.9.4","logger":"airflow.task.hooks.airflow.providers.standard.hooks.subprocess.SubprocessHook"}
{"timestamp":"2025-06-23T02:27:10.175077","level":"info","event":"\u001b[0m02:27:10  Found 23 models, 4 data tests, 4 sources, 476 macros","logger":"airflow.task.hooks.airflow.providers.standard.hooks.subprocess.SubprocessHook"}
{"timestamp":"2025-06-23T02:27:10.202324","level":"info","event":"\u001b[0m02:27:10","logger":"airflow.task.hooks.airflow.providers.standard.hooks.subprocess.SubprocessHook"}
{"timestamp":"2025-06-23T02:27:10.210618","level":"info","event":"\u001b[0m02:27:10  Concurrency: 4 threads (target='dev')","logger":"airflow.task.hooks.airflow.providers.standard.hooks.subprocess.SubprocessHook"}
{"timestamp":"2025-06-23T02:27:10.214276","level":"info","event":"\u001b[0m02:27:10","logger":"airflow.task.hooks.airflow.providers.standard.hooks.subprocess.SubprocessHook"}
{"timestamp":"2025-06-23T02:27:13.446904","level":"info","event":"\u001b[0m02:27:13  2 of 17 START sql view model GOLD.average_shipment_cost_by_priority ............ [RUN]","logger":"airflow.task.hooks.airflow.providers.standard.hooks.subprocess.SubprocessHook"}
{"timestamp":"2025-06-23T02:27:13.469686","level":"info","event":"\u001b[0m02:27:13  4 of 17 START sql view model GOLD.customer_type_distribution ................... [RUN]","logger":"airflow.task.hooks.airflow.providers.standard.hooks.subprocess.SubprocessHook"}
{"timestamp":"2025-06-23T02:27:13.477602","level":"info","event":"\u001b[0m02:27:13  3 of 17 START sql view model GOLD.current_status_of_active_shipments ........... [RUN]","logger":"airflow.task.hooks.airflow.providers.standard.hooks.subprocess.SubprocessHook"}
{"timestamp":"2025-06-23T02:27:13.489619","level":"info","event":"\u001b[0m02:27:13  1 of 17 START sql view model GOLD.active_customers_by_region ................... [RUN]","logger":"airflow.task.hooks.airflow.providers.standard.hooks.subprocess.SubprocessHook"}
{"timestamp":"2025-06-23T02:27:16.644842","level":"info","event":"\u001b[0m02:27:16  1 of 17 OK created sql view model GOLD.active_customers_by_region .............. [\u001b[32mSUCCESS 1\u001b[0m in 3.10s]","logger":"airflow.task.hooks.airflow.providers.standard.hooks.subprocess.SubprocessHook"}
{"timestamp":"2025-06-23T02:27:16.662048","level":"info","event":"\u001b[0m02:27:16  5 of 17 START sql view model GOLD.delayed_shipments ............................ [RUN]","logger":"airflow.task.hooks.airflow.providers.standard.hooks.subprocess.SubprocessHook"}
{"timestamp":"2025-06-23T02:27:17.487508","level":"info","event":"\u001b[0m02:27:17  5 of 17 OK created sql view model GOLD.delayed_shipments ....................... [\u001b[32mSUCCESS 1\u001b[0m in 0.80s]","logger":"airflow.task.hooks.airflow.providers.standard.hooks.subprocess.SubprocessHook"}
{"timestamp":"2025-06-23T02:27:17.537083","level":"info","event":"\u001b[0m02:27:17  6 of 17 START sql view model GOLD.delivery_attempts_per_shipment ............... [RUN]","logger":"airflow.task.hooks.airflow.providers.standard.hooks.subprocess.SubprocessHook"}
{"timestamp":"2025-06-23T02:27:17.710691","level":"info","event":"\u001b[0m02:27:17  4 of 17 OK created sql view model GOLD.customer_type_distribution .............. [\u001b[32mSUCCESS 1\u001b[0m in 4.19s]","logger":"airflow.task.hooks.airflow.providers.standard.hooks.subprocess.SubprocessHook"}
{"timestamp":"2025-06-23T02:27:17.731062","level":"info","event":"\u001b[0m02:27:17  7 of 17 START sql view model GOLD.distance_traveled ............................ [RUN]","logger":"airflow.task.hooks.airflow.providers.standard.hooks.subprocess.SubprocessHook"}
{"timestamp":"2025-06-23T02:27:18.157432","level":"info","event":"\u001b[0m02:27:18  3 of 17 OK created sql view model GOLD.current_status_of_active_shipments ...... [\u001b[32mSUCCESS 1\u001b[0m in 4.62s]","logger":"airflow.task.hooks.airflow.providers.standard.hooks.subprocess.SubprocessHook"}
{"timestamp":"2025-06-23T02:27:18.202415","level":"info","event":"\u001b[0m02:27:18  2 of 17 OK created sql view model GOLD.average_shipment_cost_by_priority ....... [\u001b[32mSUCCESS 1\u001b[0m in 4.69s]","logger":"airflow.task.hooks.airflow.providers.standard.hooks.subprocess.SubprocessHook"}
{"timestamp":"2025-06-23T02:27:18.289974","level":"info","event":"\u001b[0m02:27:18  8 of 17 START sql view model GOLD.insurance_vs_penalty_costs ................... [RUN]","logger":"airflow.task.hooks.airflow.providers.standard.hooks.subprocess.SubprocessHook"}
{"timestamp":"2025-06-23T02:27:18.423279","level":"info","event":"\u001b[0m02:27:18  6 of 17 OK created sql view model GOLD.delivery_attempts_per_shipment .......... [\u001b[32mSUCCESS 1\u001b[0m in 0.77s]","logger":"airflow.task.hooks.airflow.providers.standard.hooks.subprocess.SubprocessHook"}
{"timestamp":"2025-06-23T02:27:18.451270","level":"info","event":"\u001b[0m02:27:18  9 of 17 START sql view model GOLD.ontime_delivery_rate ......................... [RUN]","logger":"airflow.task.hooks.airflow.providers.standard.hooks.subprocess.SubprocessHook"}
{"timestamp":"2025-06-23T02:27:18.566670","level":"info","event":"\u001b[0m02:27:18  10 of 17 START sql view model GOLD.reasons_for_delay ........................... [RUN]","logger":"airflow.task.hooks.airflow.providers.standard.hooks.subprocess.SubprocessHook"}
{"timestamp":"2025-06-23T02:27:18.986275","level":"info","event":"\u001b[0m02:27:18  7 of 17 OK created sql view model GOLD.distance_traveled ....................... [\u001b[32mSUCCESS 1\u001b[0m in 1.22s]","logger":"airflow.task.hooks.airflow.providers.standard.hooks.subprocess.SubprocessHook"}
{"timestamp":"2025-06-23T02:27:19.040135","level":"info","event":"\u001b[0m02:27:19  11 of 17 START sql view model GOLD.revenue_vs_cost_by_transport_mode ........... [RUN]","logger":"airflow.task.hooks.airflow.providers.standard.hooks.subprocess.SubprocessHook"}
{"timestamp":"2025-06-23T02:27:19.406488","level":"info","event":"\u001b[0m02:27:19  8 of 17 OK created sql view model GOLD.insurance_vs_penalty_costs .............. [\u001b[32mSUCCESS 1\u001b[0m in 1.02s]","logger":"airflow.task.hooks.airflow.providers.standard.hooks.subprocess.SubprocessHook"}
{"timestamp":"2025-06-23T02:27:19.438949","level":"info","event":"\u001b[0m02:27:19  10 of 17 OK created sql view model GOLD.reasons_for_delay ...................... [\u001b[32mSUCCESS 1\u001b[0m in 0.81s]","logger":"airflow.task.hooks.airflow.providers.standard.hooks.subprocess.SubprocessHook"}
{"timestamp":"2025-06-23T02:27:19.567374","level":"info","event":"\u001b[0m02:27:19  9 of 17 OK created sql view model GOLD.ontime_delivery_rate .................... [\u001b[32mSUCCESS 1\u001b[0m in 1.03s]","logger":"airflow.task.hooks.airflow.providers.standard.hooks.subprocess.SubprocessHook"}
{"timestamp":"2025-06-23T02:27:19.574431","level":"info","event":"\u001b[0m02:27:19  12 of 17 START sql view model GOLD.shipment_volume_over_time ................... [RUN]","logger":"airflow.task.hooks.airflow.providers.standard.hooks.subprocess.SubprocessHook"}
{"timestamp":"2025-06-23T02:27:19.578616","level":"info","event":"\u001b[0m02:27:19  13 of 17 START sql view model GOLD.shipments_by_priority_level ................. [RUN]","logger":"airflow.task.hooks.airflow.providers.standard.hooks.subprocess.SubprocessHook"}
{"timestamp":"2025-06-23T02:27:19.667668","level":"info","event":"\u001b[0m02:27:19  14 of 17 START sql view model GOLD.top_revenue_generating_customers ............ [RUN]","logger":"airflow.task.hooks.airflow.providers.standard.hooks.subprocess.SubprocessHook"}
{"timestamp":"2025-06-23T02:27:19.966371","level":"info","event":"\u001b[0m02:27:19  11 of 17 OK created sql view model GOLD.revenue_vs_cost_by_transport_mode ...... [\u001b[32mSUCCESS 1\u001b[0m in 0.87s]","logger":"airflow.task.hooks.airflow.providers.standard.hooks.subprocess.SubprocessHook"}
{"timestamp":"2025-06-23T02:27:19.999170","level":"info","event":"\u001b[0m02:27:19  15 of 17 START sql view model GOLD.total_shipments_by_shipment_type ............ [RUN]","logger":"airflow.task.hooks.airflow.providers.standard.hooks.subprocess.SubprocessHook"}
{"timestamp":"2025-06-23T02:27:20.311717","level":"info","event":"\u001b[0m02:27:20  13 of 17 OK created sql view model GOLD.shipments_by_priority_level ............ [\u001b[32mSUCCESS 1\u001b[0m in 0.72s]","logger":"airflow.task.hooks.airflow.providers.standard.hooks.subprocess.SubprocessHook"}
{"timestamp":"2025-06-23T02:27:20.330003","level":"info","event":"\u001b[0m02:27:20  16 of 17 START sql view model GOLD.vehicle_utilization ......................... [RUN]","logger":"airflow.task.hooks.airflow.providers.standard.hooks.subprocess.SubprocessHook"}
{"timestamp":"2025-06-23T02:27:20.461853","level":"info","event":"\u001b[0m02:27:20  12 of 17 OK created sql view model GOLD.shipment_volume_over_time .............. [\u001b[32mSUCCESS 1\u001b[0m in 0.86s]","logger":"airflow.task.hooks.airflow.providers.standard.hooks.subprocess.SubprocessHook"}
{"timestamp":"2025-06-23T02:27:20.472089","level":"info","event":"\u001b[0m02:27:20  14 of 17 OK created sql view model GOLD.top_revenue_generating_customers ....... [\u001b[32mSUCCESS 1\u001b[0m in 0.78s]","logger":"airflow.task.hooks.airflow.providers.standard.hooks.subprocess.SubprocessHook"}
{"timestamp":"2025-06-23T02:27:20.487844","level":"info","event":"\u001b[0m02:27:20  17 of 17 START sql view model GOLD.warehouse_utilization ....................... [RUN]","logger":"airflow.task.hooks.airflow.providers.standard.hooks.subprocess.SubprocessHook"}
{"timestamp":"2025-06-23T02:27:20.832763","level":"info","event":"\u001b[0m02:27:20  15 of 17 OK created sql view model GOLD.total_shipments_by_shipment_type ....... [\u001b[32mSUCCESS 1\u001b[0m in 0.82s]","logger":"airflow.task.hooks.airflow.providers.standard.hooks.subprocess.SubprocessHook"}
{"timestamp":"2025-06-23T02:27:21.065390","level":"info","event":"\u001b[0m02:27:21  16 of 17 OK created sql view model GOLD.vehicle_utilization .................... [\u001b[32mSUCCESS 1\u001b[0m in 0.71s]","logger":"airflow.task.hooks.airflow.providers.standard.hooks.subprocess.SubprocessHook"}
{"timestamp":"2025-06-23T02:27:21.072698","level":"info","event":"\u001b[0m02:27:21  17 of 17 OK created sql view model GOLD.warehouse_utilization .................. [\u001b[32mSUCCESS 1\u001b[0m in 0.57s]","logger":"airflow.task.hooks.airflow.providers.standard.hooks.subprocess.SubprocessHook"}
{"timestamp":"2025-06-23T02:27:22.205992","level":"info","event":"\u001b[0m02:27:22","logger":"airflow.task.hooks.airflow.providers.standard.hooks.subprocess.SubprocessHook"}
{"timestamp":"2025-06-23T02:27:22.209072","level":"info","event":"\u001b[0m02:27:22  Finished running 17 view models in 0 hours 0 minutes and 11.99 seconds (11.99s).","logger":"airflow.task.hooks.airflow.providers.standard.hooks.subprocess.SubprocessHook"}
{"timestamp":"2025-06-23T02:27:22.431459","level":"info","event":"\u001b[0m02:27:22","logger":"airflow.task.hooks.airflow.providers.standard.hooks.subprocess.SubprocessHook"}
{"timestamp":"2025-06-23T02:27:22.433576","level":"info","event":"\u001b[0m02:27:22  \u001b[32mCompleted successfully\u001b[0m","logger":"airflow.task.hooks.airflow.providers.standard.hooks.subprocess.SubprocessHook"}
{"timestamp":"2025-06-23T02:27:22.437327","level":"info","event":"\u001b[0m02:27:22","logger":"airflow.task.hooks.airflow.providers.standard.hooks.subprocess.SubprocessHook"}
{"timestamp":"2025-06-23T02:27:22.440235","level":"info","event":"\u001b[0m02:27:22  Done. PASS=17 WARN=0 ERROR=0 SKIP=0 NO-OP=0 TOTAL=17","logger":"airflow.task.hooks.airflow.providers.standard.hooks.subprocess.SubprocessHook"}
{"timestamp":"2025-06-23T02:27:27.233982","level":"info","event":"Command exited with return code 0","logger":"airflow.task.hooks.airflow.providers.standard.hooks.subprocess.SubprocessHook"}
{"timestamp":"2025-06-23T02:27:27.348296","level":"info","event":"Pushing xcom","ti":"RuntimeTaskInstance(id=UUID('01979a99-d820-74c0-a352-f8046184386e'), task_id='dbt_run', dag_id='stream_dag', run_id='scheduled__2025-06-23T02:24:00+00:00', try_number=1, map_index=-1, hostname='337b74b3f903', context_carrier={}, task=<Task(BashOperator): dbt_run>, bundle_instance=LocalDagBundle(name=dags-folder), max_tries=1, start_date=datetime.datetime(2025, 6, 23, 2, 25, 47, 818849, tzinfo=TzInfo(UTC)), end_date=None, state=<TaskInstanceState.RUNNING: 'running'>, is_mapped=False, rendered_map_index=None)","logger":"task"}
