{"timestamp":"2025-06-23T02:29:08.409555","level":"info","event":"DAG bundles loaded: dags-folder","logger":"airflow.dag_processing.bundles.manager.DagBundlesManager"}
{"timestamp":"2025-06-23T02:29:08.423855","level":"info","event":"Filling up the DagBag from /opt/airflow/dags/stream_dag.py","logger":"airflow.models.dagbag.DagBag"}
{"timestamp":"2025-06-23T02:29:09.165750","level":"info","event":"Tmp dir root location: /tmp","logger":"airflow.task.hooks.airflow.providers.standard.hooks.subprocess.SubprocessHook"}
{"timestamp":"2025-06-23T02:29:09.222654","level":"info","event":"Running command: ['/usr/bin/bash', '-c', 'cd /opt/airflow/dbt_ && dbt run --select cost_analysis customer_insights delivery_performance operational_insights shipment_tracking shipments_overview']","logger":"airflow.task.hooks.airflow.providers.standard.hooks.subprocess.SubprocessHook"}
{"timestamp":"2025-06-23T02:29:09.912004","level":"info","event":"Output:","logger":"airflow.task.hooks.airflow.providers.standard.hooks.subprocess.SubprocessHook"}
{"timestamp":"2025-06-23T02:29:34.815262","level":"info","event":"\u001b[0m02:29:34  Running with dbt=1.10.2","logger":"airflow.task.hooks.airflow.providers.standard.hooks.subprocess.SubprocessHook"}
{"timestamp":"2025-06-23T02:29:49.725863","level":"info","event":"\u001b[0m02:29:49  Registered adapter: snowflake=1.9.4","logger":"airflow.task.hooks.airflow.providers.standard.hooks.subprocess.SubprocessHook"}
{"timestamp":"2025-06-23T02:29:53.190812","level":"info","event":"\u001b[0m02:29:53  Found 23 models, 4 data tests, 4 sources, 476 macros","logger":"airflow.task.hooks.airflow.providers.standard.hooks.subprocess.SubprocessHook"}
{"timestamp":"2025-06-23T02:29:53.207436","level":"info","event":"\u001b[0m02:29:53","logger":"airflow.task.hooks.airflow.providers.standard.hooks.subprocess.SubprocessHook"}
{"timestamp":"2025-06-23T02:29:53.209513","level":"info","event":"\u001b[0m02:29:53  Concurrency: 4 threads (target='dev')","logger":"airflow.task.hooks.airflow.providers.standard.hooks.subprocess.SubprocessHook"}
{"timestamp":"2025-06-23T02:29:53.211029","level":"info","event":"\u001b[0m02:29:53","logger":"airflow.task.hooks.airflow.providers.standard.hooks.subprocess.SubprocessHook"}
{"timestamp":"2025-06-23T02:29:56.590788","level":"info","event":"\u001b[0m02:29:56  1 of 17 START sql view model GOLD.active_customers_by_region ................... [RUN]","logger":"airflow.task.hooks.airflow.providers.standard.hooks.subprocess.SubprocessHook"}
{"timestamp":"2025-06-23T02:29:56.598811","level":"info","event":"\u001b[0m02:29:56  2 of 17 START sql view model GOLD.average_shipment_cost_by_priority ............ [RUN]","logger":"airflow.task.hooks.airflow.providers.standard.hooks.subprocess.SubprocessHook"}
{"timestamp":"2025-06-23T02:29:56.608368","level":"info","event":"\u001b[0m02:29:56  3 of 17 START sql view model GOLD.current_status_of_active_shipments ........... [RUN]","logger":"airflow.task.hooks.airflow.providers.standard.hooks.subprocess.SubprocessHook"}
{"timestamp":"2025-06-23T02:29:56.610075","level":"info","event":"\u001b[0m02:29:56  4 of 17 START sql view model GOLD.customer_type_distribution ................... [RUN]","logger":"airflow.task.hooks.airflow.providers.standard.hooks.subprocess.SubprocessHook"}
{"timestamp":"2025-06-23T02:29:57.733171","level":"info","event":"\u001b[0m02:29:57  1 of 17 OK created sql view model GOLD.active_customers_by_region .............. [\u001b[32mSUCCESS 1\u001b[0m in 1.13s]","logger":"airflow.task.hooks.airflow.providers.standard.hooks.subprocess.SubprocessHook"}
{"timestamp":"2025-06-23T02:29:57.741377","level":"info","event":"\u001b[0m02:29:57  5 of 17 START sql view model GOLD.delayed_shipments ............................ [RUN]","logger":"airflow.task.hooks.airflow.providers.standard.hooks.subprocess.SubprocessHook"}
{"timestamp":"2025-06-23T02:29:58.260431","level":"info","event":"\u001b[0m02:29:58  5 of 17 OK created sql view model GOLD.delayed_shipments ....................... [\u001b[32mSUCCESS 1\u001b[0m in 0.52s]","logger":"airflow.task.hooks.airflow.providers.standard.hooks.subprocess.SubprocessHook"}
{"timestamp":"2025-06-23T02:29:58.266932","level":"info","event":"\u001b[0m02:29:58  6 of 17 START sql view model GOLD.delivery_attempts_per_shipment ............... [RUN]","logger":"airflow.task.hooks.airflow.providers.standard.hooks.subprocess.SubprocessHook"}
{"timestamp":"2025-06-23T02:29:58.428580","level":"info","event":"\u001b[0m02:29:58  4 of 17 OK created sql view model GOLD.customer_type_distribution .............. [\u001b[32mSUCCESS 1\u001b[0m in 1.79s]","logger":"airflow.task.hooks.airflow.providers.standard.hooks.subprocess.SubprocessHook"}
{"timestamp":"2025-06-23T02:29:58.436495","level":"info","event":"\u001b[0m02:29:58  7 of 17 START sql view model GOLD.distance_traveled ............................ [RUN]","logger":"airflow.task.hooks.airflow.providers.standard.hooks.subprocess.SubprocessHook"}
{"timestamp":"2025-06-23T02:29:58.496142","level":"info","event":"\u001b[0m02:29:58  2 of 17 OK created sql view model GOLD.average_shipment_cost_by_priority ....... [\u001b[32mSUCCESS 1\u001b[0m in 1.89s]","logger":"airflow.task.hooks.airflow.providers.standard.hooks.subprocess.SubprocessHook"}
{"timestamp":"2025-06-23T02:29:58.511964","level":"info","event":"\u001b[0m02:29:58  8 of 17 START sql view model GOLD.insurance_vs_penalty_costs ................... [RUN]","logger":"airflow.task.hooks.airflow.providers.standard.hooks.subprocess.SubprocessHook"}
{"timestamp":"2025-06-23T02:29:58.514584","level":"info","event":"\u001b[0m02:29:58  3 of 17 OK created sql view model GOLD.current_status_of_active_shipments ...... [\u001b[32mSUCCESS 1\u001b[0m in 1.90s]","logger":"airflow.task.hooks.airflow.providers.standard.hooks.subprocess.SubprocessHook"}
{"timestamp":"2025-06-23T02:29:58.530451","level":"info","event":"\u001b[0m02:29:58  9 of 17 START sql view model GOLD.ontime_delivery_rate ......................... [RUN]","logger":"airflow.task.hooks.airflow.providers.standard.hooks.subprocess.SubprocessHook"}
{"timestamp":"2025-06-23T02:29:58.674555","level":"info","event":"\u001b[0m02:29:58  6 of 17 OK created sql view model GOLD.delivery_attempts_per_shipment .......... [\u001b[32mSUCCESS 1\u001b[0m in 0.40s]","logger":"airflow.task.hooks.airflow.providers.standard.hooks.subprocess.SubprocessHook"}
{"timestamp":"2025-06-23T02:29:58.684094","level":"info","event":"\u001b[0m02:29:58  10 of 17 START sql view model GOLD.reasons_for_delay ........................... [RUN]","logger":"airflow.task.hooks.airflow.providers.standard.hooks.subprocess.SubprocessHook"}
{"timestamp":"2025-06-23T02:29:58.800784","level":"info","event":"\u001b[0m02:29:58  7 of 17 OK created sql view model GOLD.distance_traveled ....................... [\u001b[32mSUCCESS 1\u001b[0m in 0.36s]","logger":"airflow.task.hooks.airflow.providers.standard.hooks.subprocess.SubprocessHook"}
{"timestamp":"2025-06-23T02:29:58.808106","level":"info","event":"\u001b[0m02:29:58  11 of 17 START sql view model GOLD.revenue_vs_cost_by_transport_mode ........... [RUN]","logger":"airflow.task.hooks.airflow.providers.standard.hooks.subprocess.SubprocessHook"}
{"timestamp":"2025-06-23T02:29:58.872893","level":"info","event":"\u001b[0m02:29:58  9 of 17 OK created sql view model GOLD.ontime_delivery_rate .................... [\u001b[32mSUCCESS 1\u001b[0m in 0.33s]","logger":"airflow.task.hooks.airflow.providers.standard.hooks.subprocess.SubprocessHook"}
{"timestamp":"2025-06-23T02:29:58.904297","level":"info","event":"\u001b[0m02:29:58  12 of 17 START sql view model GOLD.shipment_volume_over_time ................... [RUN]","logger":"airflow.task.hooks.airflow.providers.standard.hooks.subprocess.SubprocessHook"}
{"timestamp":"2025-06-23T02:29:58.917475","level":"info","event":"\u001b[0m02:29:58  8 of 17 OK created sql view model GOLD.insurance_vs_penalty_costs .............. [\u001b[32mSUCCESS 1\u001b[0m in 0.40s]","logger":"airflow.task.hooks.airflow.providers.standard.hooks.subprocess.SubprocessHook"}
{"timestamp":"2025-06-23T02:29:58.940963","level":"info","event":"\u001b[0m02:29:58  13 of 17 START sql view model GOLD.shipments_by_priority_level ................. [RUN]","logger":"airflow.task.hooks.airflow.providers.standard.hooks.subprocess.SubprocessHook"}
{"timestamp":"2025-06-23T02:29:59.014171","level":"info","event":"\u001b[0m02:29:59  10 of 17 OK created sql view model GOLD.reasons_for_delay ...................... [\u001b[32mSUCCESS 1\u001b[0m in 0.33s]","logger":"airflow.task.hooks.airflow.providers.standard.hooks.subprocess.SubprocessHook"}
{"timestamp":"2025-06-23T02:29:59.019633","level":"info","event":"\u001b[0m02:29:59  14 of 17 START sql view model GOLD.top_revenue_generating_customers ............ [RUN]","logger":"airflow.task.hooks.airflow.providers.standard.hooks.subprocess.SubprocessHook"}
{"timestamp":"2025-06-23T02:29:59.317262","level":"info","event":"\u001b[0m02:29:59  11 of 17 OK created sql view model GOLD.revenue_vs_cost_by_transport_mode ...... [\u001b[32mSUCCESS 1\u001b[0m in 0.47s]","logger":"airflow.task.hooks.airflow.providers.standard.hooks.subprocess.SubprocessHook"}
{"timestamp":"2025-06-23T02:29:59.325255","level":"info","event":"\u001b[0m02:29:59  12 of 17 OK created sql view model GOLD.shipment_volume_over_time .............. [\u001b[32mSUCCESS 1\u001b[0m in 0.40s]","logger":"airflow.task.hooks.airflow.providers.standard.hooks.subprocess.SubprocessHook"}
{"timestamp":"2025-06-23T02:29:59.366664","level":"info","event":"\u001b[0m02:29:59  15 of 17 START sql view model GOLD.total_shipments_by_shipment_type ............ [RUN]","logger":"airflow.task.hooks.airflow.providers.standard.hooks.subprocess.SubprocessHook"}
{"timestamp":"2025-06-23T02:29:59.369912","level":"info","event":"\u001b[0m02:29:59  13 of 17 OK created sql view model GOLD.shipments_by_priority_level ............ [\u001b[32mSUCCESS 1\u001b[0m in 0.41s]","logger":"airflow.task.hooks.airflow.providers.standard.hooks.subprocess.SubprocessHook"}
{"timestamp":"2025-06-23T02:29:59.377185","level":"info","event":"\u001b[0m02:29:59  16 of 17 START sql view model GOLD.vehicle_utilization ......................... [RUN]","logger":"airflow.task.hooks.airflow.providers.standard.hooks.subprocess.SubprocessHook"}
{"timestamp":"2025-06-23T02:29:59.420292","level":"info","event":"\u001b[0m02:29:59  17 of 17 START sql view model GOLD.warehouse_utilization ....................... [RUN]","logger":"airflow.task.hooks.airflow.providers.standard.hooks.subprocess.SubprocessHook"}
{"timestamp":"2025-06-23T02:29:59.485842","level":"info","event":"\u001b[0m02:29:59  14 of 17 OK created sql view model GOLD.top_revenue_generating_customers ....... [\u001b[32mSUCCESS 1\u001b[0m in 0.44s]","logger":"airflow.task.hooks.airflow.providers.standard.hooks.subprocess.SubprocessHook"}
{"timestamp":"2025-06-23T02:29:59.841934","level":"info","event":"\u001b[0m02:29:59  15 of 17 OK created sql view model GOLD.total_shipments_by_shipment_type ....... [\u001b[32mSUCCESS 1\u001b[0m in 0.46s]","logger":"airflow.task.hooks.airflow.providers.standard.hooks.subprocess.SubprocessHook"}
{"timestamp":"2025-06-23T02:29:59.869204","level":"info","event":"\u001b[0m02:29:59  16 of 17 OK created sql view model GOLD.vehicle_utilization .................... [\u001b[32mSUCCESS 1\u001b[0m in 0.48s]","logger":"airflow.task.hooks.airflow.providers.standard.hooks.subprocess.SubprocessHook"}
{"timestamp":"2025-06-23T02:29:59.920676","level":"info","event":"\u001b[0m02:29:59  17 of 17 OK created sql view model GOLD.warehouse_utilization .................. [\u001b[32mSUCCESS 1\u001b[0m in 0.48s]","logger":"airflow.task.hooks.airflow.providers.standard.hooks.subprocess.SubprocessHook"}
{"timestamp":"2025-06-23T02:30:00.976274","level":"info","event":"\u001b[0m02:30:00","logger":"airflow.task.hooks.airflow.providers.standard.hooks.subprocess.SubprocessHook"}
{"timestamp":"2025-06-23T02:30:00.978850","level":"info","event":"\u001b[0m02:30:00  Finished running 17 view models in 0 hours 0 minutes and 7.76 seconds (7.76s).","logger":"airflow.task.hooks.airflow.providers.standard.hooks.subprocess.SubprocessHook"}
{"timestamp":"2025-06-23T02:30:01.327936","level":"info","event":"\u001b[0m02:30:01","logger":"airflow.task.hooks.airflow.providers.standard.hooks.subprocess.SubprocessHook"}
{"timestamp":"2025-06-23T02:30:01.331022","level":"info","event":"\u001b[0m02:30:01  \u001b[32mCompleted successfully\u001b[0m","logger":"airflow.task.hooks.airflow.providers.standard.hooks.subprocess.SubprocessHook"}
{"timestamp":"2025-06-23T02:30:01.332715","level":"info","event":"\u001b[0m02:30:01","logger":"airflow.task.hooks.airflow.providers.standard.hooks.subprocess.SubprocessHook"}
{"timestamp":"2025-06-23T02:30:01.335136","level":"info","event":"\u001b[0m02:30:01  Done. PASS=17 WARN=0 ERROR=0 SKIP=0 NO-OP=0 TOTAL=17","logger":"airflow.task.hooks.airflow.providers.standard.hooks.subprocess.SubprocessHook"}
{"timestamp":"2025-06-23T02:30:04.532887","level":"info","event":"Command exited with return code 0","logger":"airflow.task.hooks.airflow.providers.standard.hooks.subprocess.SubprocessHook"}
{"timestamp":"2025-06-23T02:30:04.627117","level":"info","event":"Pushing xcom","ti":"RuntimeTaskInstance(id=UUID('01979a9d-2aa8-7945-8873-aa7d5e2a3294'), task_id='dbt_run', dag_id='stream_dag', run_id='scheduled__2025-06-23T02:28:00+00:00', try_number=1, map_index=-1, hostname='337b74b3f903', context_carrier={}, task=<Task(BashOperator): dbt_run>, bundle_instance=LocalDagBundle(name=dags-folder), max_tries=1, start_date=datetime.datetime(2025, 6, 23, 2, 29, 2, 785387, tzinfo=TzInfo(UTC)), end_date=None, state=<TaskInstanceState.RUNNING: 'running'>, is_mapped=False, rendered_map_index=None)","logger":"task"}
