[2025-06-23T05:50:49.773+0000] {processor.py:161} INFO - Started process (PID=69) to work on /opt/airflow/dags/historical_dag.py
[2025-06-23T05:50:49.784+0000] {processor.py:830} INFO - Processing file /opt/airflow/dags/historical_dag.py for tasks to queue
[2025-06-23T05:50:49.793+0000] {logging_mixin.py:188} INFO - [2025-06-23T05:50:49.792+0000] {dagbag.py:545} INFO - Filling up the DagBag from /opt/airflow/dags/historical_dag.py
[2025-06-23T05:50:49.901+0000] {logging_mixin.py:188} INFO - [2025-06-23T05:50:49.888+0000] {dagbag.py:355} ERROR - Failed to import: /opt/airflow/dags/historical_dag.py
Traceback (most recent call last):
  File "/home/airflow/.local/lib/python3.12/site-packages/airflow/models/dagbag.py", line 351, in parse
    loader.exec_module(new_module)
  File "<frozen importlib._bootstrap_external>", line 995, in exec_module
  File "<frozen importlib._bootstrap>", line 488, in _call_with_frames_removed
  File "/opt/airflow/dags/historical_dag.py", line 2, in <module>
    from airflow.providers.standard.operators.bash import BashOperator
ModuleNotFoundError: No module named 'airflow.providers.standard'
[2025-06-23T05:50:49.904+0000] {processor.py:842} WARNING - No viable dags retrieved from /opt/airflow/dags/historical_dag.py
[2025-06-23T05:50:49.981+0000] {processor.py:183} INFO - Processing /opt/airflow/dags/historical_dag.py took 0.239 seconds
[2025-06-23T05:51:44.023+0000] {processor.py:161} INFO - Started process (PID=129) to work on /opt/airflow/dags/historical_dag.py
[2025-06-23T05:51:44.026+0000] {processor.py:830} INFO - Processing file /opt/airflow/dags/historical_dag.py for tasks to queue
[2025-06-23T05:51:44.029+0000] {logging_mixin.py:188} INFO - [2025-06-23T05:51:44.028+0000] {dagbag.py:545} INFO - Filling up the DagBag from /opt/airflow/dags/historical_dag.py
[2025-06-23T05:51:44.072+0000] {logging_mixin.py:188} INFO - [2025-06-23T05:51:44.056+0000] {dagbag.py:355} ERROR - Failed to import: /opt/airflow/dags/historical_dag.py
Traceback (most recent call last):
  File "/home/airflow/.local/lib/python3.12/site-packages/airflow/models/dagbag.py", line 351, in parse
    loader.exec_module(new_module)
  File "<frozen importlib._bootstrap_external>", line 995, in exec_module
  File "<frozen importlib._bootstrap>", line 488, in _call_with_frames_removed
  File "/opt/airflow/dags/historical_dag.py", line 2, in <module>
    from airflow.providers.standard.operators.bash import BashOperator
ModuleNotFoundError: No module named 'airflow.providers.standard'
[2025-06-23T05:51:44.075+0000] {processor.py:842} WARNING - No viable dags retrieved from /opt/airflow/dags/historical_dag.py
[2025-06-23T05:51:44.130+0000] {processor.py:183} INFO - Processing /opt/airflow/dags/historical_dag.py took 0.120 seconds
[2025-06-23T05:52:14.791+0000] {processor.py:161} INFO - Started process (PID=186) to work on /opt/airflow/dags/historical_dag.py
[2025-06-23T05:52:14.796+0000] {processor.py:830} INFO - Processing file /opt/airflow/dags/historical_dag.py for tasks to queue
[2025-06-23T05:52:14.812+0000] {logging_mixin.py:188} INFO - [2025-06-23T05:52:14.811+0000] {dagbag.py:545} INFO - Filling up the DagBag from /opt/airflow/dags/historical_dag.py
[2025-06-23T05:52:14.888+0000] {logging_mixin.py:188} INFO - [2025-06-23T05:52:14.868+0000] {dagbag.py:355} ERROR - Failed to import: /opt/airflow/dags/historical_dag.py
Traceback (most recent call last):
  File "/home/airflow/.local/lib/python3.12/site-packages/airflow/models/dagbag.py", line 351, in parse
    loader.exec_module(new_module)
  File "<frozen importlib._bootstrap_external>", line 995, in exec_module
  File "<frozen importlib._bootstrap>", line 488, in _call_with_frames_removed
  File "/opt/airflow/dags/historical_dag.py", line 2, in <module>
    from airflow.providers.standard.operators.bash import BashOperator
ModuleNotFoundError: No module named 'airflow.providers.standard'
[2025-06-23T05:52:14.892+0000] {processor.py:842} WARNING - No viable dags retrieved from /opt/airflow/dags/historical_dag.py
[2025-06-23T05:52:14.962+0000] {processor.py:183} INFO - Processing /opt/airflow/dags/historical_dag.py took 0.193 seconds
[2025-06-23T05:52:45.975+0000] {processor.py:161} INFO - Started process (PID=245) to work on /opt/airflow/dags/historical_dag.py
[2025-06-23T05:52:45.984+0000] {processor.py:830} INFO - Processing file /opt/airflow/dags/historical_dag.py for tasks to queue
[2025-06-23T05:52:45.992+0000] {logging_mixin.py:188} INFO - [2025-06-23T05:52:45.990+0000] {dagbag.py:545} INFO - Filling up the DagBag from /opt/airflow/dags/historical_dag.py
[2025-06-23T05:52:46.266+0000] {logging_mixin.py:188} INFO - [2025-06-23T05:52:46.221+0000] {dagbag.py:355} ERROR - Failed to import: /opt/airflow/dags/historical_dag.py
Traceback (most recent call last):
  File "/home/airflow/.local/lib/python3.12/site-packages/airflow/models/dagbag.py", line 351, in parse
    loader.exec_module(new_module)
  File "<frozen importlib._bootstrap_external>", line 995, in exec_module
  File "<frozen importlib._bootstrap>", line 488, in _call_with_frames_removed
  File "/opt/airflow/dags/historical_dag.py", line 2, in <module>
    from airflow.providers.standard.operators.bash import BashOperator
ModuleNotFoundError: No module named 'airflow.providers.standard'
[2025-06-23T05:52:46.291+0000] {processor.py:842} WARNING - No viable dags retrieved from /opt/airflow/dags/historical_dag.py
[2025-06-23T05:52:46.422+0000] {processor.py:183} INFO - Processing /opt/airflow/dags/historical_dag.py took 0.495 seconds
[2025-06-23T05:53:16.661+0000] {processor.py:161} INFO - Started process (PID=305) to work on /opt/airflow/dags/historical_dag.py
[2025-06-23T05:53:16.663+0000] {processor.py:830} INFO - Processing file /opt/airflow/dags/historical_dag.py for tasks to queue
[2025-06-23T05:53:16.667+0000] {logging_mixin.py:188} INFO - [2025-06-23T05:53:16.666+0000] {dagbag.py:545} INFO - Filling up the DagBag from /opt/airflow/dags/historical_dag.py
[2025-06-23T05:53:16.699+0000] {logging_mixin.py:188} INFO - [2025-06-23T05:53:16.690+0000] {dagbag.py:355} ERROR - Failed to import: /opt/airflow/dags/historical_dag.py
Traceback (most recent call last):
  File "/home/airflow/.local/lib/python3.12/site-packages/airflow/models/dagbag.py", line 351, in parse
    loader.exec_module(new_module)
  File "<frozen importlib._bootstrap_external>", line 995, in exec_module
  File "<frozen importlib._bootstrap>", line 488, in _call_with_frames_removed
  File "/opt/airflow/dags/historical_dag.py", line 2, in <module>
    from airflow.providers.standard.operators.bash import BashOperator
ModuleNotFoundError: No module named 'airflow.providers.standard'
[2025-06-23T05:53:16.702+0000] {processor.py:842} WARNING - No viable dags retrieved from /opt/airflow/dags/historical_dag.py
[2025-06-23T05:53:16.752+0000] {processor.py:183} INFO - Processing /opt/airflow/dags/historical_dag.py took 0.101 seconds
[2025-06-23T05:53:54.063+0000] {processor.py:161} INFO - Started process (PID=365) to work on /opt/airflow/dags/historical_dag.py
[2025-06-23T05:53:54.076+0000] {processor.py:830} INFO - Processing file /opt/airflow/dags/historical_dag.py for tasks to queue
[2025-06-23T05:53:54.124+0000] {logging_mixin.py:188} INFO - [2025-06-23T05:53:54.111+0000] {dagbag.py:545} INFO - Filling up the DagBag from /opt/airflow/dags/historical_dag.py
[2025-06-23T05:53:54.424+0000] {logging_mixin.py:188} INFO - [2025-06-23T05:53:54.363+0000] {dagbag.py:355} ERROR - Failed to import: /opt/airflow/dags/historical_dag.py
Traceback (most recent call last):
  File "/home/airflow/.local/lib/python3.12/site-packages/airflow/models/dagbag.py", line 351, in parse
    loader.exec_module(new_module)
  File "<frozen importlib._bootstrap_external>", line 995, in exec_module
  File "<frozen importlib._bootstrap>", line 488, in _call_with_frames_removed
  File "/opt/airflow/dags/historical_dag.py", line 2, in <module>
    from airflow.providers.standard.operators.bash import BashOperator
ModuleNotFoundError: No module named 'airflow.providers.standard'
[2025-06-23T05:53:54.456+0000] {processor.py:842} WARNING - No viable dags retrieved from /opt/airflow/dags/historical_dag.py
[2025-06-23T05:53:54.843+0000] {processor.py:183} INFO - Processing /opt/airflow/dags/historical_dag.py took 0.885 seconds
[2025-06-23T05:54:05.789+0000] {processor.py:161} INFO - Started process (PID=404) to work on /opt/airflow/dags/historical_dag.py
[2025-06-23T05:54:05.803+0000] {processor.py:830} INFO - Processing file /opt/airflow/dags/historical_dag.py for tasks to queue
[2025-06-23T05:54:05.822+0000] {logging_mixin.py:188} INFO - [2025-06-23T05:54:05.815+0000] {dagbag.py:545} INFO - Filling up the DagBag from /opt/airflow/dags/historical_dag.py
[2025-06-23T05:54:06.233+0000] {processor.py:840} INFO - DAG(s) 'stream_dag' retrieved from /opt/airflow/dags/historical_dag.py
[2025-06-23T05:54:06.517+0000] {logging_mixin.py:188} INFO - [2025-06-23T05:54:06.512+0000] {dag.py:3089} INFO - Sync 1 DAGs
[2025-06-23T05:54:06.924+0000] {logging_mixin.py:188} INFO - [2025-06-23T05:54:06.922+0000] {dag.py:3947} INFO - Setting next_dagrun for stream_dag to 2025-07-01 00:00:00+00:00, run_after=2025-10-01 00:00:00+00:00
[2025-06-23T05:54:07.333+0000] {processor.py:183} INFO - Processing /opt/airflow/dags/historical_dag.py took 1.581 seconds
[2025-06-23T05:54:37.872+0000] {processor.py:161} INFO - Started process (PID=464) to work on /opt/airflow/dags/historical_dag.py
[2025-06-23T05:54:37.877+0000] {processor.py:830} INFO - Processing file /opt/airflow/dags/historical_dag.py for tasks to queue
[2025-06-23T05:54:37.888+0000] {logging_mixin.py:188} INFO - [2025-06-23T05:54:37.886+0000] {dagbag.py:545} INFO - Filling up the DagBag from /opt/airflow/dags/historical_dag.py
[2025-06-23T05:54:38.003+0000] {processor.py:840} INFO - DAG(s) 'stream_dag' retrieved from /opt/airflow/dags/historical_dag.py
[2025-06-23T05:54:38.485+0000] {logging_mixin.py:188} INFO - [2025-06-23T05:54:38.483+0000] {dag.py:3089} INFO - Sync 1 DAGs
[2025-06-23T05:54:38.550+0000] {logging_mixin.py:188} INFO - [2025-06-23T05:54:38.549+0000] {dag.py:3947} INFO - Setting next_dagrun for stream_dag to 2025-07-01 00:00:00+00:00, run_after=2025-10-01 00:00:00+00:00
[2025-06-23T05:54:38.618+0000] {processor.py:183} INFO - Processing /opt/airflow/dags/historical_dag.py took 0.773 seconds
[2025-06-23T05:55:12.902+0000] {processor.py:161} INFO - Started process (PID=518) to work on /opt/airflow/dags/historical_dag.py
[2025-06-23T05:55:12.905+0000] {processor.py:830} INFO - Processing file /opt/airflow/dags/historical_dag.py for tasks to queue
[2025-06-23T05:55:12.911+0000] {logging_mixin.py:188} INFO - [2025-06-23T05:55:12.910+0000] {dagbag.py:545} INFO - Filling up the DagBag from /opt/airflow/dags/historical_dag.py
[2025-06-23T05:55:12.962+0000] {processor.py:840} INFO - DAG(s) 'stream_dag' retrieved from /opt/airflow/dags/historical_dag.py
[2025-06-23T05:55:13.056+0000] {logging_mixin.py:188} INFO - [2025-06-23T05:55:13.055+0000] {dag.py:3089} INFO - Sync 1 DAGs
[2025-06-23T05:55:13.160+0000] {logging_mixin.py:188} INFO - [2025-06-23T05:55:13.159+0000] {dag.py:3947} INFO - Setting next_dagrun for stream_dag to 2025-07-01 00:00:00+00:00, run_after=2025-10-01 00:00:00+00:00
[2025-06-23T05:55:13.249+0000] {processor.py:183} INFO - Processing /opt/airflow/dags/historical_dag.py took 0.363 seconds
[2025-06-23T05:55:44.323+0000] {processor.py:161} INFO - Started process (PID=579) to work on /opt/airflow/dags/historical_dag.py
[2025-06-23T05:55:44.327+0000] {processor.py:830} INFO - Processing file /opt/airflow/dags/historical_dag.py for tasks to queue
[2025-06-23T05:55:44.334+0000] {logging_mixin.py:188} INFO - [2025-06-23T05:55:44.333+0000] {dagbag.py:545} INFO - Filling up the DagBag from /opt/airflow/dags/historical_dag.py
[2025-06-23T05:55:44.378+0000] {processor.py:840} INFO - DAG(s) 'stream_dag' retrieved from /opt/airflow/dags/historical_dag.py
[2025-06-23T05:55:44.409+0000] {logging_mixin.py:188} INFO - [2025-06-23T05:55:44.408+0000] {dag.py:3089} INFO - Sync 1 DAGs
[2025-06-23T05:55:44.482+0000] {logging_mixin.py:188} INFO - [2025-06-23T05:55:44.481+0000] {dag.py:3947} INFO - Setting next_dagrun for stream_dag to 2025-07-01 00:00:00+00:00, run_after=2025-10-01 00:00:00+00:00
[2025-06-23T05:55:44.534+0000] {processor.py:183} INFO - Processing /opt/airflow/dags/historical_dag.py took 0.240 seconds
[2025-06-23T05:56:15.089+0000] {processor.py:161} INFO - Started process (PID=639) to work on /opt/airflow/dags/historical_dag.py
[2025-06-23T05:56:15.099+0000] {processor.py:830} INFO - Processing file /opt/airflow/dags/historical_dag.py for tasks to queue
[2025-06-23T05:56:15.117+0000] {logging_mixin.py:188} INFO - [2025-06-23T05:56:15.109+0000] {dagbag.py:545} INFO - Filling up the DagBag from /opt/airflow/dags/historical_dag.py
[2025-06-23T05:56:15.580+0000] {processor.py:840} INFO - DAG(s) 'stream_dag' retrieved from /opt/airflow/dags/historical_dag.py
[2025-06-23T05:56:16.403+0000] {logging_mixin.py:188} INFO - [2025-06-23T05:56:16.401+0000] {dag.py:3089} INFO - Sync 1 DAGs
[2025-06-23T05:56:16.556+0000] {logging_mixin.py:188} INFO - [2025-06-23T05:56:16.554+0000] {dag.py:3947} INFO - Setting next_dagrun for stream_dag to 2025-07-01 00:00:00+00:00, run_after=2025-10-01 00:00:00+00:00
[2025-06-23T05:56:16.658+0000] {processor.py:183} INFO - Processing /opt/airflow/dags/historical_dag.py took 1.609 seconds
[2025-06-23T05:56:47.051+0000] {processor.py:161} INFO - Started process (PID=697) to work on /opt/airflow/dags/historical_dag.py
[2025-06-23T05:56:47.055+0000] {processor.py:830} INFO - Processing file /opt/airflow/dags/historical_dag.py for tasks to queue
[2025-06-23T05:56:47.074+0000] {logging_mixin.py:188} INFO - [2025-06-23T05:56:47.071+0000] {dagbag.py:545} INFO - Filling up the DagBag from /opt/airflow/dags/historical_dag.py
[2025-06-23T05:56:47.208+0000] {processor.py:840} INFO - DAG(s) 'stream_dag' retrieved from /opt/airflow/dags/historical_dag.py
[2025-06-23T05:56:47.336+0000] {logging_mixin.py:188} INFO - [2025-06-23T05:56:47.335+0000] {dag.py:3089} INFO - Sync 1 DAGs
[2025-06-23T05:56:47.453+0000] {logging_mixin.py:188} INFO - [2025-06-23T05:56:47.452+0000] {dag.py:3947} INFO - Setting next_dagrun for stream_dag to 2025-07-01 00:00:00+00:00, run_after=2025-10-01 00:00:00+00:00
[2025-06-23T05:56:47.540+0000] {processor.py:183} INFO - Processing /opt/airflow/dags/historical_dag.py took 0.511 seconds
[2025-06-23T05:57:02.059+0000] {processor.py:161} INFO - Started process (PID=728) to work on /opt/airflow/dags/historical_dag.py
[2025-06-23T05:57:02.071+0000] {processor.py:830} INFO - Processing file /opt/airflow/dags/historical_dag.py for tasks to queue
[2025-06-23T05:57:02.102+0000] {logging_mixin.py:188} INFO - [2025-06-23T05:57:02.100+0000] {dagbag.py:545} INFO - Filling up the DagBag from /opt/airflow/dags/historical_dag.py
[2025-06-23T05:57:02.359+0000] {processor.py:840} INFO - DAG(s) 'historical_dag' retrieved from /opt/airflow/dags/historical_dag.py
[2025-06-23T05:57:03.788+0000] {logging_mixin.py:188} INFO - [2025-06-23T05:57:03.784+0000] {override.py:1858} INFO - Created Permission View: can edit on DAG:historical_dag
[2025-06-23T05:57:04.081+0000] {logging_mixin.py:188} INFO - [2025-06-23T05:57:04.079+0000] {override.py:1858} INFO - Created Permission View: can read on DAG:historical_dag
[2025-06-23T05:57:04.249+0000] {logging_mixin.py:188} INFO - [2025-06-23T05:57:04.246+0000] {override.py:1858} INFO - Created Permission View: can delete on DAG:historical_dag
[2025-06-23T05:57:04.281+0000] {logging_mixin.py:188} INFO - [2025-06-23T05:57:04.280+0000] {dag.py:3089} INFO - Sync 1 DAGs
[2025-06-23T05:57:04.461+0000] {logging_mixin.py:188} INFO - [2025-06-23T05:57:04.459+0000] {dag.py:3111} INFO - Creating ORM DAG for historical_dag
[2025-06-23T05:57:04.645+0000] {logging_mixin.py:188} INFO - [2025-06-23T05:57:04.636+0000] {dag.py:3947} INFO - Setting next_dagrun for historical_dag to 2025-07-01 00:00:00+00:00, run_after=2025-10-01 00:00:00+00:00
[2025-06-23T05:57:04.989+0000] {processor.py:183} INFO - Processing /opt/airflow/dags/historical_dag.py took 2.985 seconds
[2025-06-23T05:57:35.215+0000] {processor.py:161} INFO - Started process (PID=794) to work on /opt/airflow/dags/historical_dag.py
[2025-06-23T05:57:35.218+0000] {processor.py:830} INFO - Processing file /opt/airflow/dags/historical_dag.py for tasks to queue
[2025-06-23T05:57:35.223+0000] {logging_mixin.py:188} INFO - [2025-06-23T05:57:35.222+0000] {dagbag.py:545} INFO - Filling up the DagBag from /opt/airflow/dags/historical_dag.py
[2025-06-23T05:57:35.276+0000] {processor.py:840} INFO - DAG(s) 'historical_dag' retrieved from /opt/airflow/dags/historical_dag.py
[2025-06-23T05:57:35.312+0000] {logging_mixin.py:188} INFO - [2025-06-23T05:57:35.312+0000] {dag.py:3089} INFO - Sync 1 DAGs
[2025-06-23T05:57:35.350+0000] {logging_mixin.py:188} INFO - [2025-06-23T05:57:35.349+0000] {dag.py:3947} INFO - Setting next_dagrun for historical_dag to 2025-07-01 00:00:00+00:00, run_after=2025-10-01 00:00:00+00:00
[2025-06-23T05:57:35.387+0000] {processor.py:183} INFO - Processing /opt/airflow/dags/historical_dag.py took 0.185 seconds
[2025-06-23T05:58:06.225+0000] {processor.py:161} INFO - Started process (PID=854) to work on /opt/airflow/dags/historical_dag.py
[2025-06-23T05:58:06.228+0000] {processor.py:830} INFO - Processing file /opt/airflow/dags/historical_dag.py for tasks to queue
[2025-06-23T05:58:06.235+0000] {logging_mixin.py:188} INFO - [2025-06-23T05:58:06.234+0000] {dagbag.py:545} INFO - Filling up the DagBag from /opt/airflow/dags/historical_dag.py
[2025-06-23T05:58:06.308+0000] {processor.py:840} INFO - DAG(s) 'historical_dag' retrieved from /opt/airflow/dags/historical_dag.py
[2025-06-23T05:58:06.408+0000] {logging_mixin.py:188} INFO - [2025-06-23T05:58:06.408+0000] {dag.py:3089} INFO - Sync 1 DAGs
[2025-06-23T05:58:06.517+0000] {logging_mixin.py:188} INFO - [2025-06-23T05:58:06.515+0000] {dag.py:3947} INFO - Setting next_dagrun for historical_dag to 2025-07-01 00:00:00+00:00, run_after=2025-10-01 00:00:00+00:00
[2025-06-23T05:58:06.716+0000] {processor.py:183} INFO - Processing /opt/airflow/dags/historical_dag.py took 0.513 seconds
[2025-06-23T05:58:37.585+0000] {processor.py:161} INFO - Started process (PID=922) to work on /opt/airflow/dags/historical_dag.py
[2025-06-23T05:58:37.595+0000] {processor.py:830} INFO - Processing file /opt/airflow/dags/historical_dag.py for tasks to queue
[2025-06-23T05:58:37.619+0000] {logging_mixin.py:188} INFO - [2025-06-23T05:58:37.617+0000] {dagbag.py:545} INFO - Filling up the DagBag from /opt/airflow/dags/historical_dag.py
[2025-06-23T05:58:37.736+0000] {processor.py:840} INFO - DAG(s) 'historical_dag' retrieved from /opt/airflow/dags/historical_dag.py
[2025-06-23T05:58:37.852+0000] {logging_mixin.py:188} INFO - [2025-06-23T05:58:37.852+0000] {dag.py:3089} INFO - Sync 1 DAGs
[2025-06-23T05:58:38.031+0000] {logging_mixin.py:188} INFO - [2025-06-23T05:58:38.031+0000] {dag.py:3947} INFO - Setting next_dagrun for historical_dag to 2025-07-01 00:00:00+00:00, run_after=2025-10-01 00:00:00+00:00
[2025-06-23T05:58:38.152+0000] {processor.py:183} INFO - Processing /opt/airflow/dags/historical_dag.py took 0.676 seconds
[2025-06-23T05:59:08.886+0000] {processor.py:161} INFO - Started process (PID=978) to work on /opt/airflow/dags/historical_dag.py
[2025-06-23T05:59:08.889+0000] {processor.py:830} INFO - Processing file /opt/airflow/dags/historical_dag.py for tasks to queue
[2025-06-23T05:59:08.896+0000] {logging_mixin.py:188} INFO - [2025-06-23T05:59:08.895+0000] {dagbag.py:545} INFO - Filling up the DagBag from /opt/airflow/dags/historical_dag.py
[2025-06-23T05:59:08.944+0000] {processor.py:840} INFO - DAG(s) 'historical_dag' retrieved from /opt/airflow/dags/historical_dag.py
[2025-06-23T05:59:09.040+0000] {logging_mixin.py:188} INFO - [2025-06-23T05:59:09.039+0000] {dag.py:3089} INFO - Sync 1 DAGs
[2025-06-23T05:59:09.181+0000] {logging_mixin.py:188} INFO - [2025-06-23T05:59:09.181+0000] {dag.py:3947} INFO - Setting next_dagrun for historical_dag to 2025-07-01 00:00:00+00:00, run_after=2025-10-01 00:00:00+00:00
[2025-06-23T05:59:09.273+0000] {processor.py:183} INFO - Processing /opt/airflow/dags/historical_dag.py took 0.409 seconds
[2025-06-23T05:59:39.635+0000] {processor.py:161} INFO - Started process (PID=1030) to work on /opt/airflow/dags/historical_dag.py
[2025-06-23T05:59:39.638+0000] {processor.py:830} INFO - Processing file /opt/airflow/dags/historical_dag.py for tasks to queue
[2025-06-23T05:59:39.647+0000] {logging_mixin.py:188} INFO - [2025-06-23T05:59:39.645+0000] {dagbag.py:545} INFO - Filling up the DagBag from /opt/airflow/dags/historical_dag.py
[2025-06-23T05:59:39.700+0000] {processor.py:840} INFO - DAG(s) 'historical_dag' retrieved from /opt/airflow/dags/historical_dag.py
[2025-06-23T05:59:39.821+0000] {logging_mixin.py:188} INFO - [2025-06-23T05:59:39.819+0000] {dag.py:3089} INFO - Sync 1 DAGs
[2025-06-23T05:59:39.965+0000] {logging_mixin.py:188} INFO - [2025-06-23T05:59:39.964+0000] {dag.py:3947} INFO - Setting next_dagrun for historical_dag to 2025-07-01 00:00:00+00:00, run_after=2025-10-01 00:00:00+00:00
[2025-06-23T05:59:40.052+0000] {processor.py:183} INFO - Processing /opt/airflow/dags/historical_dag.py took 0.439 seconds
[2025-06-23T06:00:11.983+0000] {processor.py:161} INFO - Started process (PID=1086) to work on /opt/airflow/dags/historical_dag.py
[2025-06-23T06:00:11.986+0000] {processor.py:830} INFO - Processing file /opt/airflow/dags/historical_dag.py for tasks to queue
[2025-06-23T06:00:11.992+0000] {logging_mixin.py:188} INFO - [2025-06-23T06:00:11.991+0000] {dagbag.py:545} INFO - Filling up the DagBag from /opt/airflow/dags/historical_dag.py
[2025-06-23T06:00:12.051+0000] {processor.py:840} INFO - DAG(s) 'historical_dag' retrieved from /opt/airflow/dags/historical_dag.py
[2025-06-23T06:00:12.144+0000] {logging_mixin.py:188} INFO - [2025-06-23T06:00:12.140+0000] {dag.py:3089} INFO - Sync 1 DAGs
[2025-06-23T06:00:12.323+0000] {logging_mixin.py:188} INFO - [2025-06-23T06:00:12.322+0000] {dag.py:3947} INFO - Setting next_dagrun for historical_dag to 2025-07-01 00:00:00+00:00, run_after=2025-10-01 00:00:00+00:00
[2025-06-23T06:00:12.536+0000] {processor.py:183} INFO - Processing /opt/airflow/dags/historical_dag.py took 0.565 seconds
[2025-06-23T06:00:43.558+0000] {processor.py:161} INFO - Started process (PID=1145) to work on /opt/airflow/dags/historical_dag.py
[2025-06-23T06:00:43.560+0000] {processor.py:830} INFO - Processing file /opt/airflow/dags/historical_dag.py for tasks to queue
[2025-06-23T06:00:43.565+0000] {logging_mixin.py:188} INFO - [2025-06-23T06:00:43.564+0000] {dagbag.py:545} INFO - Filling up the DagBag from /opt/airflow/dags/historical_dag.py
[2025-06-23T06:00:43.614+0000] {processor.py:840} INFO - DAG(s) 'historical_dag' retrieved from /opt/airflow/dags/historical_dag.py
[2025-06-23T06:00:43.686+0000] {logging_mixin.py:188} INFO - [2025-06-23T06:00:43.684+0000] {dag.py:3089} INFO - Sync 1 DAGs
[2025-06-23T06:00:43.799+0000] {logging_mixin.py:188} INFO - [2025-06-23T06:00:43.798+0000] {dag.py:3947} INFO - Setting next_dagrun for historical_dag to 2025-07-01 00:00:00+00:00, run_after=2025-10-01 00:00:00+00:00
[2025-06-23T06:00:43.861+0000] {processor.py:183} INFO - Processing /opt/airflow/dags/historical_dag.py took 0.315 seconds
[2025-06-23T06:01:13.975+0000] {processor.py:161} INFO - Started process (PID=1205) to work on /opt/airflow/dags/historical_dag.py
[2025-06-23T06:01:13.978+0000] {processor.py:830} INFO - Processing file /opt/airflow/dags/historical_dag.py for tasks to queue
[2025-06-23T06:01:13.983+0000] {logging_mixin.py:188} INFO - [2025-06-23T06:01:13.982+0000] {dagbag.py:545} INFO - Filling up the DagBag from /opt/airflow/dags/historical_dag.py
[2025-06-23T06:01:14.020+0000] {processor.py:840} INFO - DAG(s) 'historical_dag' retrieved from /opt/airflow/dags/historical_dag.py
[2025-06-23T06:01:14.065+0000] {logging_mixin.py:188} INFO - [2025-06-23T06:01:14.064+0000] {dag.py:3089} INFO - Sync 1 DAGs
[2025-06-23T06:01:14.112+0000] {logging_mixin.py:188} INFO - [2025-06-23T06:01:14.112+0000] {dag.py:3947} INFO - Setting next_dagrun for historical_dag to 2025-07-01 00:00:00+00:00, run_after=2025-10-01 00:00:00+00:00
[2025-06-23T06:01:14.161+0000] {processor.py:183} INFO - Processing /opt/airflow/dags/historical_dag.py took 0.198 seconds
[2025-06-23T06:01:44.415+0000] {processor.py:161} INFO - Started process (PID=1266) to work on /opt/airflow/dags/historical_dag.py
[2025-06-23T06:01:44.417+0000] {processor.py:830} INFO - Processing file /opt/airflow/dags/historical_dag.py for tasks to queue
[2025-06-23T06:01:44.426+0000] {logging_mixin.py:188} INFO - [2025-06-23T06:01:44.424+0000] {dagbag.py:545} INFO - Filling up the DagBag from /opt/airflow/dags/historical_dag.py
[2025-06-23T06:01:44.467+0000] {processor.py:840} INFO - DAG(s) 'historical_dag' retrieved from /opt/airflow/dags/historical_dag.py
[2025-06-23T06:01:44.514+0000] {logging_mixin.py:188} INFO - [2025-06-23T06:01:44.514+0000] {dag.py:3089} INFO - Sync 1 DAGs
[2025-06-23T06:01:44.570+0000] {logging_mixin.py:188} INFO - [2025-06-23T06:01:44.569+0000] {dag.py:3947} INFO - Setting next_dagrun for historical_dag to 2025-07-01 00:00:00+00:00, run_after=2025-10-01 00:00:00+00:00
[2025-06-23T06:01:44.623+0000] {processor.py:183} INFO - Processing /opt/airflow/dags/historical_dag.py took 0.226 seconds
[2025-06-23T06:02:15.346+0000] {processor.py:161} INFO - Started process (PID=1326) to work on /opt/airflow/dags/historical_dag.py
[2025-06-23T06:02:15.355+0000] {processor.py:830} INFO - Processing file /opt/airflow/dags/historical_dag.py for tasks to queue
[2025-06-23T06:02:15.369+0000] {logging_mixin.py:188} INFO - [2025-06-23T06:02:15.368+0000] {dagbag.py:545} INFO - Filling up the DagBag from /opt/airflow/dags/historical_dag.py
[2025-06-23T06:02:15.431+0000] {processor.py:840} INFO - DAG(s) 'historical_dag' retrieved from /opt/airflow/dags/historical_dag.py
[2025-06-23T06:02:15.528+0000] {logging_mixin.py:188} INFO - [2025-06-23T06:02:15.526+0000] {dag.py:3089} INFO - Sync 1 DAGs
[2025-06-23T06:02:15.639+0000] {logging_mixin.py:188} INFO - [2025-06-23T06:02:15.638+0000] {dag.py:3947} INFO - Setting next_dagrun for historical_dag to 2025-07-01 00:00:00+00:00, run_after=2025-10-01 00:00:00+00:00
[2025-06-23T06:02:15.730+0000] {processor.py:183} INFO - Processing /opt/airflow/dags/historical_dag.py took 0.407 seconds
[2025-06-23T06:02:46.211+0000] {processor.py:161} INFO - Started process (PID=1387) to work on /opt/airflow/dags/historical_dag.py
[2025-06-23T06:02:46.214+0000] {processor.py:830} INFO - Processing file /opt/airflow/dags/historical_dag.py for tasks to queue
[2025-06-23T06:02:46.220+0000] {logging_mixin.py:188} INFO - [2025-06-23T06:02:46.219+0000] {dagbag.py:545} INFO - Filling up the DagBag from /opt/airflow/dags/historical_dag.py
[2025-06-23T06:02:46.265+0000] {processor.py:840} INFO - DAG(s) 'historical_dag' retrieved from /opt/airflow/dags/historical_dag.py
[2025-06-23T06:02:46.336+0000] {logging_mixin.py:188} INFO - [2025-06-23T06:02:46.336+0000] {dag.py:3089} INFO - Sync 1 DAGs
[2025-06-23T06:02:46.399+0000] {logging_mixin.py:188} INFO - [2025-06-23T06:02:46.398+0000] {dag.py:3947} INFO - Setting next_dagrun for historical_dag to 2025-07-01 00:00:00+00:00, run_after=2025-10-01 00:00:00+00:00
[2025-06-23T06:02:46.448+0000] {processor.py:183} INFO - Processing /opt/airflow/dags/historical_dag.py took 0.252 seconds
[2025-06-23T06:03:16.748+0000] {processor.py:161} INFO - Started process (PID=1447) to work on /opt/airflow/dags/historical_dag.py
[2025-06-23T06:03:16.750+0000] {processor.py:830} INFO - Processing file /opt/airflow/dags/historical_dag.py for tasks to queue
[2025-06-23T06:03:16.755+0000] {logging_mixin.py:188} INFO - [2025-06-23T06:03:16.755+0000] {dagbag.py:545} INFO - Filling up the DagBag from /opt/airflow/dags/historical_dag.py
[2025-06-23T06:03:16.788+0000] {processor.py:840} INFO - DAG(s) 'historical_dag' retrieved from /opt/airflow/dags/historical_dag.py
[2025-06-23T06:03:16.821+0000] {logging_mixin.py:188} INFO - [2025-06-23T06:03:16.820+0000] {dag.py:3089} INFO - Sync 1 DAGs
[2025-06-23T06:03:16.859+0000] {logging_mixin.py:188} INFO - [2025-06-23T06:03:16.858+0000] {dag.py:3947} INFO - Setting next_dagrun for historical_dag to 2025-07-01 00:00:00+00:00, run_after=2025-10-01 00:00:00+00:00
[2025-06-23T06:03:16.895+0000] {processor.py:183} INFO - Processing /opt/airflow/dags/historical_dag.py took 0.156 seconds
[2025-06-23T06:03:47.352+0000] {processor.py:161} INFO - Started process (PID=1504) to work on /opt/airflow/dags/historical_dag.py
[2025-06-23T06:03:47.356+0000] {processor.py:830} INFO - Processing file /opt/airflow/dags/historical_dag.py for tasks to queue
[2025-06-23T06:03:47.370+0000] {logging_mixin.py:188} INFO - [2025-06-23T06:03:47.369+0000] {dagbag.py:545} INFO - Filling up the DagBag from /opt/airflow/dags/historical_dag.py
[2025-06-23T06:03:47.441+0000] {processor.py:840} INFO - DAG(s) 'historical_dag' retrieved from /opt/airflow/dags/historical_dag.py
[2025-06-23T06:03:47.544+0000] {logging_mixin.py:188} INFO - [2025-06-23T06:03:47.543+0000] {dag.py:3089} INFO - Sync 1 DAGs
[2025-06-23T06:03:47.654+0000] {logging_mixin.py:188} INFO - [2025-06-23T06:03:47.654+0000] {dag.py:3947} INFO - Setting next_dagrun for historical_dag to 2025-07-01 00:00:00+00:00, run_after=2025-10-01 00:00:00+00:00
[2025-06-23T06:03:47.768+0000] {processor.py:183} INFO - Processing /opt/airflow/dags/historical_dag.py took 0.439 seconds
[2025-06-23T06:04:17.987+0000] {processor.py:161} INFO - Started process (PID=1564) to work on /opt/airflow/dags/historical_dag.py
[2025-06-23T06:04:17.994+0000] {processor.py:830} INFO - Processing file /opt/airflow/dags/historical_dag.py for tasks to queue
[2025-06-23T06:04:17.997+0000] {logging_mixin.py:188} INFO - [2025-06-23T06:04:17.997+0000] {dagbag.py:545} INFO - Filling up the DagBag from /opt/airflow/dags/historical_dag.py
[2025-06-23T06:04:18.035+0000] {processor.py:840} INFO - DAG(s) 'historical_dag' retrieved from /opt/airflow/dags/historical_dag.py
[2025-06-23T06:04:18.069+0000] {logging_mixin.py:188} INFO - [2025-06-23T06:04:18.068+0000] {dag.py:3089} INFO - Sync 1 DAGs
[2025-06-23T06:04:18.106+0000] {logging_mixin.py:188} INFO - [2025-06-23T06:04:18.105+0000] {dag.py:3947} INFO - Setting next_dagrun for historical_dag to 2025-07-01 00:00:00+00:00, run_after=2025-10-01 00:00:00+00:00
[2025-06-23T06:04:18.153+0000] {processor.py:183} INFO - Processing /opt/airflow/dags/historical_dag.py took 0.175 seconds
[2025-06-23T06:10:28.978+0000] {processor.py:161} INFO - Started process (PID=72) to work on /opt/airflow/dags/historical_dag.py
[2025-06-23T06:10:28.984+0000] {processor.py:830} INFO - Processing file /opt/airflow/dags/historical_dag.py for tasks to queue
[2025-06-23T06:10:28.997+0000] {logging_mixin.py:188} INFO - [2025-06-23T06:10:28.993+0000] {dagbag.py:545} INFO - Filling up the DagBag from /opt/airflow/dags/historical_dag.py
[2025-06-23T06:10:29.107+0000] {processor.py:840} INFO - DAG(s) 'historical_dag' retrieved from /opt/airflow/dags/historical_dag.py
[2025-06-23T06:10:29.976+0000] {logging_mixin.py:188} INFO - [2025-06-23T06:10:29.974+0000] {dag.py:3089} INFO - Sync 1 DAGs
[2025-06-23T06:10:30.028+0000] {logging_mixin.py:188} INFO - [2025-06-23T06:10:30.028+0000] {dag.py:3947} INFO - Setting next_dagrun for historical_dag to 2025-07-01 00:00:00+00:00, run_after=2025-10-01 00:00:00+00:00
[2025-06-23T06:10:30.075+0000] {processor.py:183} INFO - Processing /opt/airflow/dags/historical_dag.py took 1.127 seconds
[2025-06-23T06:11:34.614+0000] {processor.py:161} INFO - Started process (PID=71) to work on /opt/airflow/dags/historical_dag.py
[2025-06-23T06:11:34.617+0000] {processor.py:830} INFO - Processing file /opt/airflow/dags/historical_dag.py for tasks to queue
[2025-06-23T06:11:34.625+0000] {logging_mixin.py:188} INFO - [2025-06-23T06:11:34.624+0000] {dagbag.py:545} INFO - Filling up the DagBag from /opt/airflow/dags/historical_dag.py
[2025-06-23T06:11:34.712+0000] {processor.py:840} INFO - DAG(s) 'historical_dag' retrieved from /opt/airflow/dags/historical_dag.py
[2025-06-23T06:11:34.903+0000] {logging_mixin.py:188} INFO - [2025-06-23T06:11:34.903+0000] {dag.py:3089} INFO - Sync 1 DAGs
[2025-06-23T06:11:34.982+0000] {logging_mixin.py:188} INFO - [2025-06-23T06:11:34.981+0000] {dag.py:3947} INFO - Setting next_dagrun for historical_dag to 2025-07-01 00:00:00+00:00, run_after=2025-10-01 00:00:00+00:00
[2025-06-23T06:11:35.047+0000] {processor.py:183} INFO - Processing /opt/airflow/dags/historical_dag.py took 0.450 seconds
[2025-06-23T06:12:05.172+0000] {processor.py:161} INFO - Started process (PID=79) to work on /opt/airflow/dags/historical_dag.py
[2025-06-23T06:12:05.174+0000] {processor.py:830} INFO - Processing file /opt/airflow/dags/historical_dag.py for tasks to queue
[2025-06-23T06:12:05.179+0000] {logging_mixin.py:188} INFO - [2025-06-23T06:12:05.178+0000] {dagbag.py:545} INFO - Filling up the DagBag from /opt/airflow/dags/historical_dag.py
[2025-06-23T06:12:05.220+0000] {processor.py:840} INFO - DAG(s) 'historical_dag' retrieved from /opt/airflow/dags/historical_dag.py
[2025-06-23T06:12:05.284+0000] {logging_mixin.py:188} INFO - [2025-06-23T06:12:05.284+0000] {dag.py:3089} INFO - Sync 1 DAGs
[2025-06-23T06:12:05.350+0000] {logging_mixin.py:188} INFO - [2025-06-23T06:12:05.349+0000] {dag.py:3947} INFO - Setting next_dagrun for historical_dag to 2025-07-01 00:00:00+00:00, run_after=2025-10-01 00:00:00+00:00
[2025-06-23T06:12:05.412+0000] {processor.py:183} INFO - Processing /opt/airflow/dags/historical_dag.py took 0.257 seconds
[2025-06-23T06:12:36.152+0000] {processor.py:161} INFO - Started process (PID=88) to work on /opt/airflow/dags/historical_dag.py
[2025-06-23T06:12:36.156+0000] {processor.py:830} INFO - Processing file /opt/airflow/dags/historical_dag.py for tasks to queue
[2025-06-23T06:12:36.180+0000] {logging_mixin.py:188} INFO - [2025-06-23T06:12:36.175+0000] {dagbag.py:545} INFO - Filling up the DagBag from /opt/airflow/dags/historical_dag.py
[2025-06-23T06:12:36.356+0000] {processor.py:840} INFO - DAG(s) 'historical_dag' retrieved from /opt/airflow/dags/historical_dag.py
[2025-06-23T06:12:36.694+0000] {logging_mixin.py:188} INFO - [2025-06-23T06:12:36.693+0000] {dag.py:3089} INFO - Sync 1 DAGs
[2025-06-23T06:12:36.975+0000] {logging_mixin.py:188} INFO - [2025-06-23T06:12:36.974+0000] {dag.py:3947} INFO - Setting next_dagrun for historical_dag to 2025-07-01 00:00:00+00:00, run_after=2025-10-01 00:00:00+00:00
[2025-06-23T06:12:37.083+0000] {processor.py:183} INFO - Processing /opt/airflow/dags/historical_dag.py took 1.005 seconds
[2025-06-23T06:13:08.184+0000] {processor.py:161} INFO - Started process (PID=96) to work on /opt/airflow/dags/historical_dag.py
[2025-06-23T06:13:08.222+0000] {processor.py:830} INFO - Processing file /opt/airflow/dags/historical_dag.py for tasks to queue
[2025-06-23T06:13:09.069+0000] {logging_mixin.py:188} INFO - [2025-06-23T06:13:09.068+0000] {dagbag.py:545} INFO - Filling up the DagBag from /opt/airflow/dags/historical_dag.py
[2025-06-23T06:13:09.380+0000] {processor.py:840} INFO - DAG(s) 'historical_dag' retrieved from /opt/airflow/dags/historical_dag.py
[2025-06-23T06:13:09.812+0000] {logging_mixin.py:188} INFO - [2025-06-23T06:13:09.810+0000] {dag.py:3089} INFO - Sync 1 DAGs
[2025-06-23T06:13:10.066+0000] {logging_mixin.py:188} INFO - [2025-06-23T06:13:10.065+0000] {dag.py:3947} INFO - Setting next_dagrun for historical_dag to 2025-07-01 00:00:00+00:00, run_after=2025-10-01 00:00:00+00:00
[2025-06-23T06:13:10.305+0000] {processor.py:183} INFO - Processing /opt/airflow/dags/historical_dag.py took 2.210 seconds
