[2025-06-23T05:50:49.884+0000] {processor.py:161} INFO - Started process (PID=70) to work on /opt/airflow/dags/stream_dag.py
[2025-06-23T05:50:49.888+0000] {processor.py:830} INFO - Processing file /opt/airflow/dags/stream_dag.py for tasks to queue
[2025-06-23T05:50:49.894+0000] {logging_mixin.py:188} INFO - [2025-06-23T05:50:49.893+0000] {dagbag.py:545} INFO - Filling up the DagBag from /opt/airflow/dags/stream_dag.py
[2025-06-23T05:50:49.950+0000] {logging_mixin.py:188} INFO - [2025-06-23T05:50:49.940+0000] {dagbag.py:355} ERROR - Failed to import: /opt/airflow/dags/stream_dag.py
Traceback (most recent call last):
  File "/home/airflow/.local/lib/python3.12/site-packages/airflow/models/dagbag.py", line 351, in parse
    loader.exec_module(new_module)
  File "<frozen importlib._bootstrap_external>", line 995, in exec_module
  File "<frozen importlib._bootstrap>", line 488, in _call_with_frames_removed
  File "/opt/airflow/dags/stream_dag.py", line 2, in <module>
    from airflow.providers.standard.operators.bash import BashOperator
ModuleNotFoundError: No module named 'airflow.providers.standard'
[2025-06-23T05:50:49.953+0000] {processor.py:842} WARNING - No viable dags retrieved from /opt/airflow/dags/stream_dag.py
[2025-06-23T05:50:50.009+0000] {processor.py:183} INFO - Processing /opt/airflow/dags/stream_dag.py took 0.175 seconds
[2025-06-23T05:51:44.225+0000] {processor.py:161} INFO - Started process (PID=130) to work on /opt/airflow/dags/stream_dag.py
[2025-06-23T05:51:44.229+0000] {processor.py:830} INFO - Processing file /opt/airflow/dags/stream_dag.py for tasks to queue
[2025-06-23T05:51:44.238+0000] {logging_mixin.py:188} INFO - [2025-06-23T05:51:44.237+0000] {dagbag.py:545} INFO - Filling up the DagBag from /opt/airflow/dags/stream_dag.py
[2025-06-23T05:51:44.269+0000] {logging_mixin.py:188} INFO - [2025-06-23T05:51:44.263+0000] {dagbag.py:355} ERROR - Failed to import: /opt/airflow/dags/stream_dag.py
Traceback (most recent call last):
  File "/home/airflow/.local/lib/python3.12/site-packages/airflow/models/dagbag.py", line 351, in parse
    loader.exec_module(new_module)
  File "<frozen importlib._bootstrap_external>", line 995, in exec_module
  File "<frozen importlib._bootstrap>", line 488, in _call_with_frames_removed
  File "/opt/airflow/dags/stream_dag.py", line 2, in <module>
    from airflow.providers.standard.operators.bash import BashOperator
ModuleNotFoundError: No module named 'airflow.providers.standard'
[2025-06-23T05:51:44.273+0000] {processor.py:842} WARNING - No viable dags retrieved from /opt/airflow/dags/stream_dag.py
[2025-06-23T05:51:44.311+0000] {processor.py:183} INFO - Processing /opt/airflow/dags/stream_dag.py took 0.108 seconds
[2025-06-23T05:52:14.853+0000] {processor.py:161} INFO - Started process (PID=187) to work on /opt/airflow/dags/stream_dag.py
[2025-06-23T05:52:14.856+0000] {processor.py:830} INFO - Processing file /opt/airflow/dags/stream_dag.py for tasks to queue
[2025-06-23T05:52:14.869+0000] {logging_mixin.py:188} INFO - [2025-06-23T05:52:14.867+0000] {dagbag.py:545} INFO - Filling up the DagBag from /opt/airflow/dags/stream_dag.py
[2025-06-23T05:52:14.929+0000] {logging_mixin.py:188} INFO - [2025-06-23T05:52:14.921+0000] {dagbag.py:355} ERROR - Failed to import: /opt/airflow/dags/stream_dag.py
Traceback (most recent call last):
  File "/home/airflow/.local/lib/python3.12/site-packages/airflow/models/dagbag.py", line 351, in parse
    loader.exec_module(new_module)
  File "<frozen importlib._bootstrap_external>", line 995, in exec_module
  File "<frozen importlib._bootstrap>", line 488, in _call_with_frames_removed
  File "/opt/airflow/dags/stream_dag.py", line 2, in <module>
    from airflow.providers.standard.operators.bash import BashOperator
ModuleNotFoundError: No module named 'airflow.providers.standard'
[2025-06-23T05:52:14.932+0000] {processor.py:842} WARNING - No viable dags retrieved from /opt/airflow/dags/stream_dag.py
[2025-06-23T05:52:14.988+0000] {processor.py:183} INFO - Processing /opt/airflow/dags/stream_dag.py took 0.168 seconds
[2025-06-23T05:52:46.184+0000] {processor.py:161} INFO - Started process (PID=246) to work on /opt/airflow/dags/stream_dag.py
[2025-06-23T05:52:46.192+0000] {processor.py:830} INFO - Processing file /opt/airflow/dags/stream_dag.py for tasks to queue
[2025-06-23T05:52:46.205+0000] {logging_mixin.py:188} INFO - [2025-06-23T05:52:46.204+0000] {dagbag.py:545} INFO - Filling up the DagBag from /opt/airflow/dags/stream_dag.py
[2025-06-23T05:52:46.392+0000] {logging_mixin.py:188} INFO - [2025-06-23T05:52:46.360+0000] {dagbag.py:355} ERROR - Failed to import: /opt/airflow/dags/stream_dag.py
Traceback (most recent call last):
  File "/home/airflow/.local/lib/python3.12/site-packages/airflow/models/dagbag.py", line 351, in parse
    loader.exec_module(new_module)
  File "<frozen importlib._bootstrap_external>", line 995, in exec_module
  File "<frozen importlib._bootstrap>", line 488, in _call_with_frames_removed
  File "/opt/airflow/dags/stream_dag.py", line 2, in <module>
    from airflow.providers.standard.operators.bash import BashOperator
ModuleNotFoundError: No module named 'airflow.providers.standard'
[2025-06-23T05:52:46.421+0000] {processor.py:842} WARNING - No viable dags retrieved from /opt/airflow/dags/stream_dag.py
[2025-06-23T05:52:46.589+0000] {processor.py:183} INFO - Processing /opt/airflow/dags/stream_dag.py took 0.449 seconds
[2025-06-23T05:53:16.834+0000] {processor.py:161} INFO - Started process (PID=306) to work on /opt/airflow/dags/stream_dag.py
[2025-06-23T05:53:16.837+0000] {processor.py:830} INFO - Processing file /opt/airflow/dags/stream_dag.py for tasks to queue
[2025-06-23T05:53:16.841+0000] {logging_mixin.py:188} INFO - [2025-06-23T05:53:16.840+0000] {dagbag.py:545} INFO - Filling up the DagBag from /opt/airflow/dags/stream_dag.py
[2025-06-23T05:53:16.879+0000] {logging_mixin.py:188} INFO - [2025-06-23T05:53:16.872+0000] {dagbag.py:355} ERROR - Failed to import: /opt/airflow/dags/stream_dag.py
Traceback (most recent call last):
  File "/home/airflow/.local/lib/python3.12/site-packages/airflow/models/dagbag.py", line 351, in parse
    loader.exec_module(new_module)
  File "<frozen importlib._bootstrap_external>", line 995, in exec_module
  File "<frozen importlib._bootstrap>", line 488, in _call_with_frames_removed
  File "/opt/airflow/dags/stream_dag.py", line 2, in <module>
    from airflow.providers.standard.operators.bash import BashOperator
ModuleNotFoundError: No module named 'airflow.providers.standard'
[2025-06-23T05:53:16.882+0000] {processor.py:842} WARNING - No viable dags retrieved from /opt/airflow/dags/stream_dag.py
[2025-06-23T05:53:16.931+0000] {processor.py:183} INFO - Processing /opt/airflow/dags/stream_dag.py took 0.108 seconds
[2025-06-23T05:53:47.098+0000] {processor.py:161} INFO - Started process (PID=361) to work on /opt/airflow/dags/stream_dag.py
[2025-06-23T05:53:47.101+0000] {processor.py:830} INFO - Processing file /opt/airflow/dags/stream_dag.py for tasks to queue
[2025-06-23T05:53:47.105+0000] {logging_mixin.py:188} INFO - [2025-06-23T05:53:47.105+0000] {dagbag.py:545} INFO - Filling up the DagBag from /opt/airflow/dags/stream_dag.py
[2025-06-23T05:53:47.136+0000] {logging_mixin.py:188} INFO - [2025-06-23T05:53:47.133+0000] {dagbag.py:355} ERROR - Failed to import: /opt/airflow/dags/stream_dag.py
Traceback (most recent call last):
  File "/home/airflow/.local/lib/python3.12/site-packages/airflow/models/dagbag.py", line 351, in parse
    loader.exec_module(new_module)
  File "<frozen importlib._bootstrap_external>", line 991, in exec_module
  File "<frozen importlib._bootstrap_external>", line 1129, in get_code
  File "<frozen importlib._bootstrap_external>", line 1059, in source_to_code
  File "<frozen importlib._bootstrap>", line 488, in _call_with_frames_removed
  File "/opt/airflow/dags/stream_dag.py", line 2
    from airflow.o
                  ^
SyntaxError: invalid syntax
[2025-06-23T05:53:47.138+0000] {processor.py:842} WARNING - No viable dags retrieved from /opt/airflow/dags/stream_dag.py
[2025-06-23T05:53:47.178+0000] {processor.py:183} INFO - Processing /opt/airflow/dags/stream_dag.py took 0.095 seconds
[2025-06-23T05:53:50.984+0000] {processor.py:161} INFO - Started process (PID=364) to work on /opt/airflow/dags/stream_dag.py
[2025-06-23T05:53:51.014+0000] {processor.py:830} INFO - Processing file /opt/airflow/dags/stream_dag.py for tasks to queue
[2025-06-23T05:53:51.066+0000] {logging_mixin.py:188} INFO - [2025-06-23T05:53:51.051+0000] {dagbag.py:545} INFO - Filling up the DagBag from /opt/airflow/dags/stream_dag.py
[2025-06-23T05:53:51.558+0000] {processor.py:840} INFO - DAG(s) 'stream_dag' retrieved from /opt/airflow/dags/stream_dag.py
[2025-06-23T05:53:53.477+0000] {logging_mixin.py:188} INFO - [2025-06-23T05:53:53.460+0000] {override.py:1858} INFO - Created Permission View: can edit on DAG:stream_dag
[2025-06-23T05:53:53.662+0000] {logging_mixin.py:188} INFO - [2025-06-23T05:53:53.658+0000] {override.py:1858} INFO - Created Permission View: can read on DAG:stream_dag
[2025-06-23T05:53:53.759+0000] {logging_mixin.py:188} INFO - [2025-06-23T05:53:53.757+0000] {override.py:1858} INFO - Created Permission View: can delete on DAG:stream_dag
[2025-06-23T05:53:53.768+0000] {logging_mixin.py:188} INFO - [2025-06-23T05:53:53.766+0000] {dag.py:3089} INFO - Sync 1 DAGs
[2025-06-23T05:53:53.869+0000] {logging_mixin.py:188} INFO - [2025-06-23T05:53:53.867+0000] {dag.py:3111} INFO - Creating ORM DAG for stream_dag
[2025-06-23T05:53:54.085+0000] {logging_mixin.py:188} INFO - [2025-06-23T05:53:54.082+0000] {dag.py:3947} INFO - Setting next_dagrun for stream_dag to 2025-06-23 05:50:00+00:00, run_after=2025-06-23 05:52:00+00:00
[2025-06-23T05:53:54.520+0000] {processor.py:183} INFO - Processing /opt/airflow/dags/stream_dag.py took 3.666 seconds
[2025-06-23T05:54:24.989+0000] {processor.py:161} INFO - Started process (PID=426) to work on /opt/airflow/dags/stream_dag.py
[2025-06-23T05:54:24.991+0000] {processor.py:830} INFO - Processing file /opt/airflow/dags/stream_dag.py for tasks to queue
[2025-06-23T05:54:24.994+0000] {logging_mixin.py:188} INFO - [2025-06-23T05:54:24.993+0000] {dagbag.py:545} INFO - Filling up the DagBag from /opt/airflow/dags/stream_dag.py
[2025-06-23T05:54:25.026+0000] {processor.py:840} INFO - DAG(s) 'stream_dag' retrieved from /opt/airflow/dags/stream_dag.py
[2025-06-23T05:54:25.071+0000] {logging_mixin.py:188} INFO - [2025-06-23T05:54:25.070+0000] {dag.py:3089} INFO - Sync 1 DAGs
[2025-06-23T05:54:25.119+0000] {logging_mixin.py:188} INFO - [2025-06-23T05:54:25.119+0000] {dag.py:3947} INFO - Setting next_dagrun for stream_dag to 2025-06-23 05:52:00+00:00, run_after=2025-06-23 05:54:00+00:00
[2025-06-23T05:54:25.159+0000] {processor.py:183} INFO - Processing /opt/airflow/dags/stream_dag.py took 0.180 seconds
[2025-06-23T05:54:55.662+0000] {processor.py:161} INFO - Started process (PID=485) to work on /opt/airflow/dags/stream_dag.py
[2025-06-23T05:54:55.667+0000] {processor.py:830} INFO - Processing file /opt/airflow/dags/stream_dag.py for tasks to queue
[2025-06-23T05:54:55.676+0000] {logging_mixin.py:188} INFO - [2025-06-23T05:54:55.674+0000] {dagbag.py:545} INFO - Filling up the DagBag from /opt/airflow/dags/stream_dag.py
[2025-06-23T05:54:55.757+0000] {processor.py:840} INFO - DAG(s) 'stream_dag' retrieved from /opt/airflow/dags/stream_dag.py
[2025-06-23T05:54:55.871+0000] {logging_mixin.py:188} INFO - [2025-06-23T05:54:55.871+0000] {dag.py:3089} INFO - Sync 1 DAGs
[2025-06-23T05:54:56.033+0000] {logging_mixin.py:188} INFO - [2025-06-23T05:54:56.032+0000] {dag.py:3947} INFO - Setting next_dagrun for stream_dag to 2025-06-23 05:52:00+00:00, run_after=2025-06-23 05:54:00+00:00
[2025-06-23T05:54:56.139+0000] {processor.py:183} INFO - Processing /opt/airflow/dags/stream_dag.py took 0.503 seconds
[2025-06-23T05:55:27.172+0000] {processor.py:161} INFO - Started process (PID=544) to work on /opt/airflow/dags/stream_dag.py
[2025-06-23T05:55:27.177+0000] {processor.py:830} INFO - Processing file /opt/airflow/dags/stream_dag.py for tasks to queue
[2025-06-23T05:55:27.180+0000] {logging_mixin.py:188} INFO - [2025-06-23T05:55:27.180+0000] {dagbag.py:545} INFO - Filling up the DagBag from /opt/airflow/dags/stream_dag.py
[2025-06-23T05:55:27.223+0000] {processor.py:840} INFO - DAG(s) 'stream_dag' retrieved from /opt/airflow/dags/stream_dag.py
[2025-06-23T05:55:27.390+0000] {logging_mixin.py:188} INFO - [2025-06-23T05:55:27.390+0000] {dag.py:3089} INFO - Sync 1 DAGs
[2025-06-23T05:55:27.426+0000] {logging_mixin.py:188} INFO - [2025-06-23T05:55:27.426+0000] {dag.py:3947} INFO - Setting next_dagrun for stream_dag to 2025-06-23 05:52:00+00:00, run_after=2025-06-23 05:54:00+00:00
[2025-06-23T05:55:28.577+0000] {processor.py:183} INFO - Processing /opt/airflow/dags/stream_dag.py took 1.415 seconds
[2025-06-23T05:55:59.230+0000] {processor.py:161} INFO - Started process (PID=606) to work on /opt/airflow/dags/stream_dag.py
[2025-06-23T05:55:59.232+0000] {processor.py:830} INFO - Processing file /opt/airflow/dags/stream_dag.py for tasks to queue
[2025-06-23T05:55:59.235+0000] {logging_mixin.py:188} INFO - [2025-06-23T05:55:59.235+0000] {dagbag.py:545} INFO - Filling up the DagBag from /opt/airflow/dags/stream_dag.py
[2025-06-23T05:55:59.268+0000] {processor.py:840} INFO - DAG(s) 'stream_dag' retrieved from /opt/airflow/dags/stream_dag.py
[2025-06-23T05:55:59.299+0000] {logging_mixin.py:188} INFO - [2025-06-23T05:55:59.299+0000] {dag.py:3089} INFO - Sync 1 DAGs
[2025-06-23T05:55:59.337+0000] {logging_mixin.py:188} INFO - [2025-06-23T05:55:59.337+0000] {dag.py:3947} INFO - Setting next_dagrun for stream_dag to 2025-06-23 05:52:00+00:00, run_after=2025-06-23 05:54:00+00:00
[2025-06-23T05:55:59.377+0000] {processor.py:183} INFO - Processing /opt/airflow/dags/stream_dag.py took 0.158 seconds
[2025-06-23T05:56:29.842+0000] {processor.py:161} INFO - Started process (PID=666) to work on /opt/airflow/dags/stream_dag.py
[2025-06-23T05:56:29.847+0000] {processor.py:830} INFO - Processing file /opt/airflow/dags/stream_dag.py for tasks to queue
[2025-06-23T05:56:29.850+0000] {logging_mixin.py:188} INFO - [2025-06-23T05:56:29.850+0000] {dagbag.py:545} INFO - Filling up the DagBag from /opt/airflow/dags/stream_dag.py
[2025-06-23T05:56:29.912+0000] {processor.py:840} INFO - DAG(s) 'stream_dag' retrieved from /opt/airflow/dags/stream_dag.py
[2025-06-23T05:56:29.965+0000] {logging_mixin.py:188} INFO - [2025-06-23T05:56:29.964+0000] {dag.py:3089} INFO - Sync 1 DAGs
[2025-06-23T05:56:30.067+0000] {logging_mixin.py:188} INFO - [2025-06-23T05:56:30.066+0000] {dag.py:3947} INFO - Setting next_dagrun for stream_dag to 2025-06-23 05:54:00+00:00, run_after=2025-06-23 05:56:00+00:00
[2025-06-23T05:56:30.144+0000] {processor.py:183} INFO - Processing /opt/airflow/dags/stream_dag.py took 0.311 seconds
[2025-06-23T05:57:00.885+0000] {processor.py:161} INFO - Started process (PID=726) to work on /opt/airflow/dags/stream_dag.py
[2025-06-23T05:57:00.893+0000] {processor.py:830} INFO - Processing file /opt/airflow/dags/stream_dag.py for tasks to queue
[2025-06-23T05:57:00.907+0000] {logging_mixin.py:188} INFO - [2025-06-23T05:57:00.903+0000] {dagbag.py:545} INFO - Filling up the DagBag from /opt/airflow/dags/stream_dag.py
[2025-06-23T05:57:01.024+0000] {processor.py:840} INFO - DAG(s) 'stream_dag' retrieved from /opt/airflow/dags/stream_dag.py
[2025-06-23T05:57:02.164+0000] {logging_mixin.py:188} INFO - [2025-06-23T05:57:02.163+0000] {dag.py:3089} INFO - Sync 1 DAGs
[2025-06-23T05:57:02.486+0000] {logging_mixin.py:188} INFO - [2025-06-23T05:57:02.480+0000] {dag.py:3947} INFO - Setting next_dagrun for stream_dag to 2025-06-23 05:54:00+00:00, run_after=2025-06-23 05:56:00+00:00
[2025-06-23T05:57:02.730+0000] {processor.py:183} INFO - Processing /opt/airflow/dags/stream_dag.py took 1.820 seconds
[2025-06-23T05:57:33.051+0000] {processor.py:161} INFO - Started process (PID=787) to work on /opt/airflow/dags/stream_dag.py
[2025-06-23T05:57:33.055+0000] {processor.py:830} INFO - Processing file /opt/airflow/dags/stream_dag.py for tasks to queue
[2025-06-23T05:57:33.060+0000] {logging_mixin.py:188} INFO - [2025-06-23T05:57:33.059+0000] {dagbag.py:545} INFO - Filling up the DagBag from /opt/airflow/dags/stream_dag.py
[2025-06-23T05:57:33.108+0000] {processor.py:840} INFO - DAG(s) 'stream_dag' retrieved from /opt/airflow/dags/stream_dag.py
[2025-06-23T05:57:33.167+0000] {logging_mixin.py:188} INFO - [2025-06-23T05:57:33.166+0000] {dag.py:3089} INFO - Sync 1 DAGs
[2025-06-23T05:57:33.230+0000] {logging_mixin.py:188} INFO - [2025-06-23T05:57:33.230+0000] {dag.py:3947} INFO - Setting next_dagrun for stream_dag to 2025-06-23 05:54:00+00:00, run_after=2025-06-23 05:56:00+00:00
[2025-06-23T05:57:33.278+0000] {processor.py:183} INFO - Processing /opt/airflow/dags/stream_dag.py took 0.241 seconds
[2025-06-23T05:58:03.926+0000] {processor.py:161} INFO - Started process (PID=847) to work on /opt/airflow/dags/stream_dag.py
[2025-06-23T05:58:03.929+0000] {processor.py:830} INFO - Processing file /opt/airflow/dags/stream_dag.py for tasks to queue
[2025-06-23T05:58:03.934+0000] {logging_mixin.py:188} INFO - [2025-06-23T05:58:03.933+0000] {dagbag.py:545} INFO - Filling up the DagBag from /opt/airflow/dags/stream_dag.py
[2025-06-23T05:58:03.967+0000] {processor.py:840} INFO - DAG(s) 'stream_dag' retrieved from /opt/airflow/dags/stream_dag.py
[2025-06-23T05:58:04.018+0000] {logging_mixin.py:188} INFO - [2025-06-23T05:58:04.017+0000] {dag.py:3089} INFO - Sync 1 DAGs
[2025-06-23T05:58:04.090+0000] {logging_mixin.py:188} INFO - [2025-06-23T05:58:04.089+0000] {dag.py:3947} INFO - Setting next_dagrun for stream_dag to 2025-06-23 05:56:00+00:00, run_after=2025-06-23 05:58:00+00:00
[2025-06-23T05:58:04.143+0000] {processor.py:183} INFO - Processing /opt/airflow/dags/stream_dag.py took 0.228 seconds
[2025-06-23T05:58:34.498+0000] {processor.py:161} INFO - Started process (PID=915) to work on /opt/airflow/dags/stream_dag.py
[2025-06-23T05:58:34.546+0000] {processor.py:830} INFO - Processing file /opt/airflow/dags/stream_dag.py for tasks to queue
[2025-06-23T05:58:34.590+0000] {logging_mixin.py:188} INFO - [2025-06-23T05:58:34.583+0000] {dagbag.py:545} INFO - Filling up the DagBag from /opt/airflow/dags/stream_dag.py
[2025-06-23T05:58:34.751+0000] {processor.py:840} INFO - DAG(s) 'stream_dag' retrieved from /opt/airflow/dags/stream_dag.py
[2025-06-23T05:58:35.119+0000] {logging_mixin.py:188} INFO - [2025-06-23T05:58:35.118+0000] {dag.py:3089} INFO - Sync 1 DAGs
[2025-06-23T05:58:35.362+0000] {logging_mixin.py:188} INFO - [2025-06-23T05:58:35.361+0000] {dag.py:3947} INFO - Setting next_dagrun for stream_dag to 2025-06-23 05:58:00+00:00, run_after=2025-06-23 06:00:00+00:00
[2025-06-23T05:58:35.439+0000] {processor.py:183} INFO - Processing /opt/airflow/dags/stream_dag.py took 1.009 seconds
[2025-06-23T05:59:09.389+0000] {processor.py:161} INFO - Started process (PID=980) to work on /opt/airflow/dags/stream_dag.py
[2025-06-23T05:59:09.393+0000] {processor.py:830} INFO - Processing file /opt/airflow/dags/stream_dag.py for tasks to queue
[2025-06-23T05:59:09.398+0000] {logging_mixin.py:188} INFO - [2025-06-23T05:59:09.397+0000] {dagbag.py:545} INFO - Filling up the DagBag from /opt/airflow/dags/stream_dag.py
[2025-06-23T05:59:09.448+0000] {processor.py:840} INFO - DAG(s) 'stream_dag' retrieved from /opt/airflow/dags/stream_dag.py
[2025-06-23T05:59:09.524+0000] {logging_mixin.py:188} INFO - [2025-06-23T05:59:09.523+0000] {dag.py:3089} INFO - Sync 1 DAGs
[2025-06-23T05:59:09.714+0000] {logging_mixin.py:188} INFO - [2025-06-23T05:59:09.713+0000] {dag.py:3947} INFO - Setting next_dagrun for stream_dag to 2025-06-23 05:58:00+00:00, run_after=2025-06-23 06:00:00+00:00
[2025-06-23T05:59:09.857+0000] {processor.py:183} INFO - Processing /opt/airflow/dags/stream_dag.py took 0.485 seconds
[2025-06-23T05:59:41.880+0000] {processor.py:161} INFO - Started process (PID=1039) to work on /opt/airflow/dags/stream_dag.py
[2025-06-23T05:59:41.883+0000] {processor.py:830} INFO - Processing file /opt/airflow/dags/stream_dag.py for tasks to queue
[2025-06-23T05:59:41.888+0000] {logging_mixin.py:188} INFO - [2025-06-23T05:59:41.887+0000] {dagbag.py:545} INFO - Filling up the DagBag from /opt/airflow/dags/stream_dag.py
[2025-06-23T05:59:41.937+0000] {processor.py:840} INFO - DAG(s) 'stream_dag' retrieved from /opt/airflow/dags/stream_dag.py
[2025-06-23T05:59:41.993+0000] {logging_mixin.py:188} INFO - [2025-06-23T05:59:41.992+0000] {dag.py:3089} INFO - Sync 1 DAGs
[2025-06-23T05:59:42.137+0000] {logging_mixin.py:188} INFO - [2025-06-23T05:59:42.136+0000] {dag.py:3947} INFO - Setting next_dagrun for stream_dag to 2025-06-23 05:58:00+00:00, run_after=2025-06-23 06:00:00+00:00
[2025-06-23T05:59:42.299+0000] {processor.py:183} INFO - Processing /opt/airflow/dags/stream_dag.py took 0.430 seconds
[2025-06-23T06:00:17.886+0000] {processor.py:161} INFO - Started process (PID=1098) to work on /opt/airflow/dags/stream_dag.py
[2025-06-23T06:00:17.890+0000] {processor.py:830} INFO - Processing file /opt/airflow/dags/stream_dag.py for tasks to queue
[2025-06-23T06:00:17.908+0000] {logging_mixin.py:188} INFO - [2025-06-23T06:00:17.906+0000] {dagbag.py:545} INFO - Filling up the DagBag from /opt/airflow/dags/stream_dag.py
[2025-06-23T06:00:18.081+0000] {processor.py:840} INFO - DAG(s) 'stream_dag' retrieved from /opt/airflow/dags/stream_dag.py
[2025-06-23T06:00:18.187+0000] {logging_mixin.py:188} INFO - [2025-06-23T06:00:18.186+0000] {dag.py:3089} INFO - Sync 1 DAGs
[2025-06-23T06:00:18.418+0000] {logging_mixin.py:188} INFO - [2025-06-23T06:00:18.417+0000] {dag.py:3947} INFO - Setting next_dagrun for stream_dag to 2025-06-23 06:00:00+00:00, run_after=2025-06-23 06:02:00+00:00
[2025-06-23T06:00:18.554+0000] {processor.py:183} INFO - Processing /opt/airflow/dags/stream_dag.py took 0.695 seconds
[2025-06-23T06:00:49.191+0000] {processor.py:161} INFO - Started process (PID=1158) to work on /opt/airflow/dags/stream_dag.py
[2025-06-23T06:00:49.193+0000] {processor.py:830} INFO - Processing file /opt/airflow/dags/stream_dag.py for tasks to queue
[2025-06-23T06:00:49.196+0000] {logging_mixin.py:188} INFO - [2025-06-23T06:00:49.196+0000] {dagbag.py:545} INFO - Filling up the DagBag from /opt/airflow/dags/stream_dag.py
[2025-06-23T06:00:49.227+0000] {processor.py:840} INFO - DAG(s) 'stream_dag' retrieved from /opt/airflow/dags/stream_dag.py
[2025-06-23T06:00:49.265+0000] {logging_mixin.py:188} INFO - [2025-06-23T06:00:49.265+0000] {dag.py:3089} INFO - Sync 1 DAGs
[2025-06-23T06:00:49.313+0000] {logging_mixin.py:188} INFO - [2025-06-23T06:00:49.313+0000] {dag.py:3947} INFO - Setting next_dagrun for stream_dag to 2025-06-23 06:00:00+00:00, run_after=2025-06-23 06:02:00+00:00
[2025-06-23T06:00:49.350+0000] {processor.py:183} INFO - Processing /opt/airflow/dags/stream_dag.py took 0.169 seconds
[2025-06-23T06:01:19.495+0000] {processor.py:161} INFO - Started process (PID=1218) to work on /opt/airflow/dags/stream_dag.py
[2025-06-23T06:01:19.497+0000] {processor.py:830} INFO - Processing file /opt/airflow/dags/stream_dag.py for tasks to queue
[2025-06-23T06:01:19.500+0000] {logging_mixin.py:188} INFO - [2025-06-23T06:01:19.499+0000] {dagbag.py:545} INFO - Filling up the DagBag from /opt/airflow/dags/stream_dag.py
[2025-06-23T06:01:19.530+0000] {processor.py:840} INFO - DAG(s) 'stream_dag' retrieved from /opt/airflow/dags/stream_dag.py
[2025-06-23T06:01:19.560+0000] {logging_mixin.py:188} INFO - [2025-06-23T06:01:19.560+0000] {dag.py:3089} INFO - Sync 1 DAGs
[2025-06-23T06:01:19.600+0000] {logging_mixin.py:188} INFO - [2025-06-23T06:01:19.599+0000] {dag.py:3947} INFO - Setting next_dagrun for stream_dag to 2025-06-23 06:00:00+00:00, run_after=2025-06-23 06:02:00+00:00
[2025-06-23T06:01:19.637+0000] {processor.py:183} INFO - Processing /opt/airflow/dags/stream_dag.py took 0.152 seconds
[2025-06-23T06:01:49.863+0000] {processor.py:161} INFO - Started process (PID=1279) to work on /opt/airflow/dags/stream_dag.py
[2025-06-23T06:01:49.865+0000] {processor.py:830} INFO - Processing file /opt/airflow/dags/stream_dag.py for tasks to queue
[2025-06-23T06:01:49.868+0000] {logging_mixin.py:188} INFO - [2025-06-23T06:01:49.868+0000] {dagbag.py:545} INFO - Filling up the DagBag from /opt/airflow/dags/stream_dag.py
[2025-06-23T06:01:49.902+0000] {processor.py:840} INFO - DAG(s) 'stream_dag' retrieved from /opt/airflow/dags/stream_dag.py
[2025-06-23T06:01:49.935+0000] {logging_mixin.py:188} INFO - [2025-06-23T06:01:49.934+0000] {dag.py:3089} INFO - Sync 1 DAGs
[2025-06-23T06:01:49.976+0000] {logging_mixin.py:188} INFO - [2025-06-23T06:01:49.976+0000] {dag.py:3947} INFO - Setting next_dagrun for stream_dag to 2025-06-23 06:00:00+00:00, run_after=2025-06-23 06:02:00+00:00
[2025-06-23T06:01:50.022+0000] {processor.py:183} INFO - Processing /opt/airflow/dags/stream_dag.py took 0.169 seconds
[2025-06-23T06:02:20.919+0000] {processor.py:161} INFO - Started process (PID=1339) to work on /opt/airflow/dags/stream_dag.py
[2025-06-23T06:02:20.922+0000] {processor.py:830} INFO - Processing file /opt/airflow/dags/stream_dag.py for tasks to queue
[2025-06-23T06:02:20.937+0000] {logging_mixin.py:188} INFO - [2025-06-23T06:02:20.927+0000] {dagbag.py:545} INFO - Filling up the DagBag from /opt/airflow/dags/stream_dag.py
[2025-06-23T06:02:20.996+0000] {processor.py:840} INFO - DAG(s) 'stream_dag' retrieved from /opt/airflow/dags/stream_dag.py
[2025-06-23T06:02:21.106+0000] {logging_mixin.py:188} INFO - [2025-06-23T06:02:21.105+0000] {dag.py:3089} INFO - Sync 1 DAGs
[2025-06-23T06:02:21.294+0000] {logging_mixin.py:188} INFO - [2025-06-23T06:02:21.293+0000] {dag.py:3947} INFO - Setting next_dagrun for stream_dag to 2025-06-23 06:02:00+00:00, run_after=2025-06-23 06:04:00+00:00
[2025-06-23T06:02:21.414+0000] {processor.py:183} INFO - Processing /opt/airflow/dags/stream_dag.py took 0.528 seconds
[2025-06-23T06:02:52.362+0000] {processor.py:161} INFO - Started process (PID=1399) to work on /opt/airflow/dags/stream_dag.py
[2025-06-23T06:02:52.365+0000] {processor.py:830} INFO - Processing file /opt/airflow/dags/stream_dag.py for tasks to queue
[2025-06-23T06:02:52.370+0000] {logging_mixin.py:188} INFO - [2025-06-23T06:02:52.369+0000] {dagbag.py:545} INFO - Filling up the DagBag from /opt/airflow/dags/stream_dag.py
[2025-06-23T06:02:52.408+0000] {processor.py:840} INFO - DAG(s) 'stream_dag' retrieved from /opt/airflow/dags/stream_dag.py
[2025-06-23T06:02:52.448+0000] {logging_mixin.py:188} INFO - [2025-06-23T06:02:52.448+0000] {dag.py:3089} INFO - Sync 1 DAGs
[2025-06-23T06:02:52.720+0000] {logging_mixin.py:188} INFO - [2025-06-23T06:02:52.718+0000] {dag.py:3947} INFO - Setting next_dagrun for stream_dag to 2025-06-23 06:02:00+00:00, run_after=2025-06-23 06:04:00+00:00
[2025-06-23T06:02:52.810+0000] {processor.py:183} INFO - Processing /opt/airflow/dags/stream_dag.py took 0.462 seconds
[2025-06-23T06:03:23.384+0000] {processor.py:161} INFO - Started process (PID=1458) to work on /opt/airflow/dags/stream_dag.py
[2025-06-23T06:03:23.387+0000] {processor.py:830} INFO - Processing file /opt/airflow/dags/stream_dag.py for tasks to queue
[2025-06-23T06:03:23.393+0000] {logging_mixin.py:188} INFO - [2025-06-23T06:03:23.392+0000] {dagbag.py:545} INFO - Filling up the DagBag from /opt/airflow/dags/stream_dag.py
[2025-06-23T06:03:23.447+0000] {processor.py:840} INFO - DAG(s) 'stream_dag' retrieved from /opt/airflow/dags/stream_dag.py
[2025-06-23T06:03:23.562+0000] {logging_mixin.py:188} INFO - [2025-06-23T06:03:23.561+0000] {dag.py:3089} INFO - Sync 1 DAGs
[2025-06-23T06:03:23.740+0000] {logging_mixin.py:188} INFO - [2025-06-23T06:03:23.739+0000] {dag.py:3947} INFO - Setting next_dagrun for stream_dag to 2025-06-23 06:02:00+00:00, run_after=2025-06-23 06:04:00+00:00
[2025-06-23T06:03:23.873+0000] {processor.py:183} INFO - Processing /opt/airflow/dags/stream_dag.py took 0.503 seconds
[2025-06-23T06:03:54.013+0000] {processor.py:161} INFO - Started process (PID=1518) to work on /opt/airflow/dags/stream_dag.py
[2025-06-23T06:03:54.016+0000] {processor.py:830} INFO - Processing file /opt/airflow/dags/stream_dag.py for tasks to queue
[2025-06-23T06:03:54.019+0000] {logging_mixin.py:188} INFO - [2025-06-23T06:03:54.019+0000] {dagbag.py:545} INFO - Filling up the DagBag from /opt/airflow/dags/stream_dag.py
[2025-06-23T06:03:54.068+0000] {processor.py:840} INFO - DAG(s) 'stream_dag' retrieved from /opt/airflow/dags/stream_dag.py
[2025-06-23T06:03:54.116+0000] {logging_mixin.py:188} INFO - [2025-06-23T06:03:54.115+0000] {dag.py:3089} INFO - Sync 1 DAGs
[2025-06-23T06:03:54.291+0000] {logging_mixin.py:188} INFO - [2025-06-23T06:03:54.290+0000] {dag.py:3947} INFO - Setting next_dagrun for stream_dag to 2025-06-23 06:02:00+00:00, run_after=2025-06-23 06:04:00+00:00
[2025-06-23T06:03:54.381+0000] {processor.py:183} INFO - Processing /opt/airflow/dags/stream_dag.py took 0.380 seconds
[2025-06-23T06:04:25.451+0000] {processor.py:161} INFO - Started process (PID=1577) to work on /opt/airflow/dags/stream_dag.py
[2025-06-23T06:04:25.456+0000] {processor.py:830} INFO - Processing file /opt/airflow/dags/stream_dag.py for tasks to queue
[2025-06-23T06:04:25.459+0000] {logging_mixin.py:188} INFO - [2025-06-23T06:04:25.458+0000] {dagbag.py:545} INFO - Filling up the DagBag from /opt/airflow/dags/stream_dag.py
[2025-06-23T06:04:25.500+0000] {processor.py:840} INFO - DAG(s) 'stream_dag' retrieved from /opt/airflow/dags/stream_dag.py
[2025-06-23T06:04:25.533+0000] {logging_mixin.py:188} INFO - [2025-06-23T06:04:25.533+0000] {dag.py:3089} INFO - Sync 1 DAGs
[2025-06-23T06:04:25.579+0000] {logging_mixin.py:188} INFO - [2025-06-23T06:04:25.579+0000] {dag.py:3947} INFO - Setting next_dagrun for stream_dag to 2025-06-23 06:02:00+00:00, run_after=2025-06-23 06:04:00+00:00
[2025-06-23T06:04:26.450+0000] {processor.py:183} INFO - Processing /opt/airflow/dags/stream_dag.py took 1.008 seconds
[2025-06-23T06:10:29.022+0000] {processor.py:161} INFO - Started process (PID=73) to work on /opt/airflow/dags/stream_dag.py
[2025-06-23T06:10:29.027+0000] {processor.py:830} INFO - Processing file /opt/airflow/dags/stream_dag.py for tasks to queue
[2025-06-23T06:10:29.035+0000] {logging_mixin.py:188} INFO - [2025-06-23T06:10:29.034+0000] {dagbag.py:545} INFO - Filling up the DagBag from /opt/airflow/dags/stream_dag.py
[2025-06-23T06:10:29.109+0000] {processor.py:840} INFO - DAG(s) 'stream_dag' retrieved from /opt/airflow/dags/stream_dag.py
[2025-06-23T06:10:29.976+0000] {logging_mixin.py:188} INFO - [2025-06-23T06:10:29.976+0000] {dag.py:3089} INFO - Sync 1 DAGs
[2025-06-23T06:10:30.028+0000] {logging_mixin.py:188} INFO - [2025-06-23T06:10:30.027+0000] {dag.py:3947} INFO - Setting next_dagrun for stream_dag to 2025-06-23 06:08:00+00:00, run_after=2025-06-23 06:10:00+00:00
[2025-06-23T06:10:30.078+0000] {processor.py:183} INFO - Processing /opt/airflow/dags/stream_dag.py took 1.081 seconds
[2025-06-23T06:11:34.644+0000] {processor.py:161} INFO - Started process (PID=72) to work on /opt/airflow/dags/stream_dag.py
[2025-06-23T06:11:34.650+0000] {processor.py:830} INFO - Processing file /opt/airflow/dags/stream_dag.py for tasks to queue
[2025-06-23T06:11:34.657+0000] {logging_mixin.py:188} INFO - [2025-06-23T06:11:34.655+0000] {dagbag.py:545} INFO - Filling up the DagBag from /opt/airflow/dags/stream_dag.py
[2025-06-23T06:11:34.719+0000] {processor.py:840} INFO - DAG(s) 'stream_dag' retrieved from /opt/airflow/dags/stream_dag.py
[2025-06-23T06:11:34.903+0000] {logging_mixin.py:188} INFO - [2025-06-23T06:11:34.903+0000] {dag.py:3089} INFO - Sync 1 DAGs
[2025-06-23T06:11:34.995+0000] {logging_mixin.py:188} INFO - [2025-06-23T06:11:34.995+0000] {dag.py:3947} INFO - Setting next_dagrun for stream_dag to 2025-06-23 06:08:00+00:00, run_after=2025-06-23 06:10:00+00:00
[2025-06-23T06:11:35.050+0000] {processor.py:183} INFO - Processing /opt/airflow/dags/stream_dag.py took 0.423 seconds
[2025-06-23T06:12:05.188+0000] {processor.py:161} INFO - Started process (PID=80) to work on /opt/airflow/dags/stream_dag.py
[2025-06-23T06:12:05.190+0000] {processor.py:830} INFO - Processing file /opt/airflow/dags/stream_dag.py for tasks to queue
[2025-06-23T06:12:05.194+0000] {logging_mixin.py:188} INFO - [2025-06-23T06:12:05.193+0000] {dagbag.py:545} INFO - Filling up the DagBag from /opt/airflow/dags/stream_dag.py
[2025-06-23T06:12:05.233+0000] {processor.py:840} INFO - DAG(s) 'stream_dag' retrieved from /opt/airflow/dags/stream_dag.py
[2025-06-23T06:12:05.307+0000] {logging_mixin.py:188} INFO - [2025-06-23T06:12:05.307+0000] {dag.py:3089} INFO - Sync 1 DAGs
[2025-06-23T06:12:05.375+0000] {logging_mixin.py:188} INFO - [2025-06-23T06:12:05.374+0000] {dag.py:3947} INFO - Setting next_dagrun for stream_dag to 2025-06-23 06:10:00+00:00, run_after=2025-06-23 06:12:00+00:00
[2025-06-23T06:12:05.453+0000] {processor.py:183} INFO - Processing /opt/airflow/dags/stream_dag.py took 0.282 seconds
[2025-06-23T06:12:36.152+0000] {processor.py:161} INFO - Started process (PID=89) to work on /opt/airflow/dags/stream_dag.py
[2025-06-23T06:12:36.155+0000] {processor.py:830} INFO - Processing file /opt/airflow/dags/stream_dag.py for tasks to queue
[2025-06-23T06:12:36.180+0000] {logging_mixin.py:188} INFO - [2025-06-23T06:12:36.175+0000] {dagbag.py:545} INFO - Filling up the DagBag from /opt/airflow/dags/stream_dag.py
[2025-06-23T06:12:36.356+0000] {processor.py:840} INFO - DAG(s) 'stream_dag' retrieved from /opt/airflow/dags/stream_dag.py
[2025-06-23T06:12:36.694+0000] {logging_mixin.py:188} INFO - [2025-06-23T06:12:36.694+0000] {dag.py:3089} INFO - Sync 1 DAGs
[2025-06-23T06:12:36.983+0000] {logging_mixin.py:188} INFO - [2025-06-23T06:12:36.983+0000] {dag.py:3947} INFO - Setting next_dagrun for stream_dag to 2025-06-23 06:10:00+00:00, run_after=2025-06-23 06:12:00+00:00
[2025-06-23T06:12:37.083+0000] {processor.py:183} INFO - Processing /opt/airflow/dags/stream_dag.py took 0.990 seconds
[2025-06-23T06:13:08.184+0000] {processor.py:161} INFO - Started process (PID=97) to work on /opt/airflow/dags/stream_dag.py
[2025-06-23T06:13:08.222+0000] {processor.py:830} INFO - Processing file /opt/airflow/dags/stream_dag.py for tasks to queue
[2025-06-23T06:13:08.924+0000] {logging_mixin.py:188} INFO - [2025-06-23T06:13:08.912+0000] {dagbag.py:545} INFO - Filling up the DagBag from /opt/airflow/dags/stream_dag.py
[2025-06-23T06:13:09.380+0000] {processor.py:840} INFO - DAG(s) 'stream_dag' retrieved from /opt/airflow/dags/stream_dag.py
[2025-06-23T06:13:09.811+0000] {logging_mixin.py:188} INFO - [2025-06-23T06:13:09.810+0000] {dag.py:3089} INFO - Sync 1 DAGs
[2025-06-23T06:13:10.080+0000] {logging_mixin.py:188} INFO - [2025-06-23T06:13:10.080+0000] {dag.py:3947} INFO - Setting next_dagrun for stream_dag to 2025-06-23 06:10:00+00:00, run_after=2025-06-23 06:12:00+00:00
[2025-06-23T06:13:10.305+0000] {processor.py:183} INFO - Processing /opt/airflow/dags/stream_dag.py took 2.188 seconds
