[2025-06-23T05:59:46.373+0000] {local_task_job_runner.py:120} INFO - ::group::Pre task execution logs
[2025-06-23T05:59:46.463+0000] {taskinstance.py:2076} INFO - Dependencies all met for dep_context=non-requeueable deps ti=<TaskInstance: stream_dag.dbt_run manual__2025-06-23T05:58:03.801718+00:00 [queued]>
[2025-06-23T05:59:46.485+0000] {taskinstance.py:2076} INFO - Dependencies all met for dep_context=requeueable deps ti=<TaskInstance: stream_dag.dbt_run manual__2025-06-23T05:58:03.801718+00:00 [queued]>
[2025-06-23T05:59:46.488+0000] {taskinstance.py:2306} INFO - Starting attempt 1 of 2
[2025-06-23T05:59:46.531+0000] {taskinstance.py:2330} INFO - Executing <Task(BashOperator): dbt_run> on 2025-06-23 05:58:03.801718+00:00
[2025-06-23T05:59:46.592+0000] {warnings.py:112} WARNING - /home/***/.local/lib/python3.12/site-packages/***/task/task_runner/standard_task_runner.py:62: DeprecationWarning: This process (pid=202) is multi-threaded, use of fork() may lead to deadlocks in the child.
  pid = os.fork()

[2025-06-23T05:59:46.595+0000] {standard_task_runner.py:64} INFO - Started process 204 to run task
[2025-06-23T05:59:46.595+0000] {standard_task_runner.py:90} INFO - Running: ['***', 'tasks', 'run', 'stream_dag', 'dbt_run', 'manual__2025-06-23T05:58:03.801718+00:00', '--job-id', '7', '--raw', '--subdir', 'DAGS_FOLDER/stream_dag.py', '--cfg-path', '/tmp/tmpnz72m8wr']
[2025-06-23T05:59:46.599+0000] {standard_task_runner.py:91} INFO - Job 7: Subtask dbt_run
[2025-06-23T05:59:46.716+0000] {task_command.py:426} INFO - Running <TaskInstance: stream_dag.dbt_run manual__2025-06-23T05:58:03.801718+00:00 [running]> on host b2b82406f119
[2025-06-23T05:59:46.893+0000] {taskinstance.py:2648} INFO - Exporting env vars: AIRFLOW_CTX_DAG_OWNER='Sharaf' AIRFLOW_CTX_DAG_ID='stream_dag' AIRFLOW_CTX_TASK_ID='dbt_run' AIRFLOW_CTX_EXECUTION_DATE='2025-06-23T05:58:03.801718+00:00' AIRFLOW_CTX_TRY_NUMBER='1' AIRFLOW_CTX_DAG_RUN_ID='manual__2025-06-23T05:58:03.801718+00:00'
[2025-06-23T05:59:46.897+0000] {taskinstance.py:430} INFO - ::endgroup::
[2025-06-23T05:59:46.900+0000] {subprocess.py:63} INFO - Tmp dir root location: /tmp
[2025-06-23T05:59:46.905+0000] {subprocess.py:75} INFO - Running command: ['/usr/bin/bash', '-c', 'cd /opt/***/dbt_ && dbt run --select cost_analysis customer_insights delivery_performance operational_insights shipment_tracking shipments_overview']
[2025-06-23T05:59:46.949+0000] {subprocess.py:86} INFO - Output:
[2025-06-23T05:59:54.527+0000] {subprocess.py:93} INFO - [0m05:59:54  Running with dbt=1.10.2
[2025-06-23T06:00:02.913+0000] {subprocess.py:93} INFO - [0m06:00:02  Registered adapter: snowflake=1.9.4
[2025-06-23T06:00:09.470+0000] {subprocess.py:93} INFO - [0m06:00:09  Found 23 models, 4 data tests, 4 sources, 476 macros
[2025-06-23T06:00:09.490+0000] {subprocess.py:93} INFO - [0m06:00:09
[2025-06-23T06:00:09.494+0000] {subprocess.py:93} INFO - [0m06:00:09  Concurrency: 4 threads (target='dev')
[2025-06-23T06:00:09.497+0000] {subprocess.py:93} INFO - [0m06:00:09
[2025-06-23T06:00:13.077+0000] {subprocess.py:93} INFO - [0m06:00:13  1 of 17 START sql view model GOLD.active_customers_by_region ................... [RUN]
[2025-06-23T06:00:13.080+0000] {subprocess.py:93} INFO - [0m06:00:13  2 of 17 START sql view model GOLD.average_shipment_cost_by_priority ............ [RUN]
[2025-06-23T06:00:13.083+0000] {subprocess.py:93} INFO - [0m06:00:13  3 of 17 START sql view model GOLD.current_status_of_active_shipments ........... [RUN]
[2025-06-23T06:00:13.086+0000] {subprocess.py:93} INFO - [0m06:00:13  4 of 17 START sql view model GOLD.customer_type_distribution ................... [RUN]
[2025-06-23T06:00:15.951+0000] {subprocess.py:93} INFO - [0m06:00:15  1 of 17 OK created sql view model GOLD.active_customers_by_region .............. [[32mSUCCESS 1[0m in 2.82s]
[2025-06-23T06:00:15.977+0000] {subprocess.py:93} INFO - [0m06:00:15  5 of 17 START sql view model GOLD.delayed_shipments ............................ [RUN]
[2025-06-23T06:00:16.587+0000] {subprocess.py:93} INFO - [0m06:00:16  5 of 17 OK created sql view model GOLD.delayed_shipments ....................... [[32mSUCCESS 1[0m in 0.59s]
[2025-06-23T06:00:16.613+0000] {subprocess.py:93} INFO - [0m06:00:16  6 of 17 START sql view model GOLD.delivery_attempts_per_shipment ............... [RUN]
[2025-06-23T06:00:16.956+0000] {subprocess.py:93} INFO - [0m06:00:16  4 of 17 OK created sql view model GOLD.customer_type_distribution .............. [[32mSUCCESS 1[0m in 3.84s]
[2025-06-23T06:00:16.980+0000] {subprocess.py:93} INFO - [0m06:00:16  7 of 17 START sql view model GOLD.distance_traveled ............................ [RUN]
[2025-06-23T06:00:17.078+0000] {subprocess.py:93} INFO - [0m06:00:17  3 of 17 OK created sql view model GOLD.current_status_of_active_shipments ...... [[32mSUCCESS 1[0m in 3.93s]
[2025-06-23T06:00:17.183+0000] {subprocess.py:93} INFO - [0m06:00:17  6 of 17 OK created sql view model GOLD.delivery_attempts_per_shipment .......... [[32mSUCCESS 1[0m in 0.49s]
[2025-06-23T06:00:17.191+0000] {subprocess.py:93} INFO - [0m06:00:17  2 of 17 OK created sql view model GOLD.average_shipment_cost_by_priority ....... [[32mSUCCESS 1[0m in 4.05s]
[2025-06-23T06:00:17.202+0000] {subprocess.py:93} INFO - [0m06:00:17  8 of 17 START sql view model GOLD.insurance_vs_penalty_costs ................... [RUN]
[2025-06-23T06:00:17.268+0000] {subprocess.py:93} INFO - [0m06:00:17  9 of 17 START sql view model GOLD.ontime_delivery_rate ......................... [RUN]
[2025-06-23T06:00:17.273+0000] {subprocess.py:93} INFO - [0m06:00:17  10 of 17 START sql view model GOLD.reasons_for_delay ........................... [RUN]
[2025-06-23T06:00:17.876+0000] {subprocess.py:93} INFO - [0m06:00:17  7 of 17 OK created sql view model GOLD.distance_traveled ....................... [[32mSUCCESS 1[0m in 0.87s]
[2025-06-23T06:00:17.915+0000] {subprocess.py:93} INFO - [0m06:00:17  11 of 17 START sql view model GOLD.revenue_vs_cost_by_transport_mode ........... [RUN]
[2025-06-23T06:00:18.049+0000] {subprocess.py:93} INFO - [0m06:00:18  8 of 17 OK created sql view model GOLD.insurance_vs_penalty_costs .............. [[32mSUCCESS 1[0m in 0.80s]
[2025-06-23T06:00:18.059+0000] {subprocess.py:93} INFO - [0m06:00:18  10 of 17 OK created sql view model GOLD.reasons_for_delay ...................... [[32mSUCCESS 1[0m in 0.71s]
[2025-06-23T06:00:18.134+0000] {subprocess.py:93} INFO - [0m06:00:18  12 of 17 START sql view model GOLD.shipment_volume_over_time ................... [RUN]
[2025-06-23T06:00:18.177+0000] {subprocess.py:93} INFO - [0m06:00:18  9 of 17 OK created sql view model GOLD.ontime_delivery_rate .................... [[32mSUCCESS 1[0m in 0.77s]
[2025-06-23T06:00:18.241+0000] {subprocess.py:93} INFO - [0m06:00:18  13 of 17 START sql view model GOLD.shipments_by_priority_level ................. [RUN]
[2025-06-23T06:00:18.468+0000] {subprocess.py:93} INFO - [0m06:00:18  14 of 17 START sql view model GOLD.top_revenue_generating_customers ............ [RUN]
[2025-06-23T06:00:19.030+0000] {subprocess.py:93} INFO - [0m06:00:19  11 of 17 OK created sql view model GOLD.revenue_vs_cost_by_transport_mode ...... [[32mSUCCESS 1[0m in 1.09s]
[2025-06-23T06:00:19.044+0000] {subprocess.py:93} INFO - [0m06:00:19  15 of 17 START sql view model GOLD.total_shipments_by_shipment_type ............ [RUN]
[2025-06-23T06:00:19.172+0000] {subprocess.py:93} INFO - [0m06:00:19  13 of 17 OK created sql view model GOLD.shipments_by_priority_level ............ [[32mSUCCESS 1[0m in 0.73s]
[2025-06-23T06:00:19.291+0000] {subprocess.py:93} INFO - [0m06:00:19  14 of 17 OK created sql view model GOLD.top_revenue_generating_customers ....... [[32mSUCCESS 1[0m in 0.72s]
[2025-06-23T06:00:19.299+0000] {subprocess.py:93} INFO - [0m06:00:19  12 of 17 OK created sql view model GOLD.shipment_volume_over_time .............. [[32mSUCCESS 1[0m in 1.08s]
[2025-06-23T06:00:19.305+0000] {subprocess.py:93} INFO - [0m06:00:19  16 of 17 START sql view model GOLD.vehicle_utilization ......................... [RUN]
[2025-06-23T06:00:19.384+0000] {subprocess.py:93} INFO - [0m06:00:19  17 of 17 START sql view model GOLD.warehouse_utilization ....................... [RUN]
[2025-06-23T06:00:19.733+0000] {subprocess.py:93} INFO - [0m06:00:19  15 of 17 OK created sql view model GOLD.total_shipments_by_shipment_type ....... [[32mSUCCESS 1[0m in 0.67s]
[2025-06-23T06:00:20.136+0000] {subprocess.py:93} INFO - [0m06:00:20  16 of 17 OK created sql view model GOLD.vehicle_utilization .................... [[32mSUCCESS 1[0m in 0.79s]
[2025-06-23T06:00:20.221+0000] {subprocess.py:93} INFO - [0m06:00:20  17 of 17 OK created sql view model GOLD.warehouse_utilization .................. [[32mSUCCESS 1[0m in 0.77s]
[2025-06-23T06:00:21.402+0000] {subprocess.py:93} INFO - [0m06:00:21
[2025-06-23T06:00:21.405+0000] {subprocess.py:93} INFO - [0m06:00:21  Finished running 17 view models in 0 hours 0 minutes and 11.90 seconds (11.90s).
[2025-06-23T06:00:21.620+0000] {subprocess.py:93} INFO - [0m06:00:21
[2025-06-23T06:00:21.624+0000] {subprocess.py:93} INFO - [0m06:00:21  [32mCompleted successfully[0m
[2025-06-23T06:00:21.628+0000] {subprocess.py:93} INFO - [0m06:00:21
[2025-06-23T06:00:21.632+0000] {subprocess.py:93} INFO - [0m06:00:21  Done. PASS=17 WARN=0 ERROR=0 SKIP=0 NO-OP=0 TOTAL=17
[2025-06-23T06:00:25.907+0000] {subprocess.py:97} INFO - Command exited with return code 0
[2025-06-23T06:00:25.926+0000] {taskinstance.py:441} INFO - ::group::Post task execution logs
[2025-06-23T06:00:26.431+0000] {taskinstance.py:1206} INFO - Marking task as SUCCESS. dag_id=stream_dag, task_id=dbt_run, run_id=manual__2025-06-23T05:58:03.801718+00:00, execution_date=20250623T055803, start_date=20250623T055946, end_date=20250623T060026
[2025-06-23T06:00:26.664+0000] {local_task_job_runner.py:243} INFO - Task exited with return code 0
[2025-06-23T06:00:26.841+0000] {taskinstance.py:3503} INFO - 0 downstream tasks scheduled from follow-on schedule check
[2025-06-23T06:00:26.848+0000] {local_task_job_runner.py:222} INFO - ::endgroup::
