[2025-06-23T05:50:57.807+0000] {processor.py:161} INFO - Started process (PID=92) to work on /home/airflow/.local/lib/python3.12/site-packages/airflow/example_dags/example_branch_python_dop_operator_3.py
[2025-06-23T05:50:57.811+0000] {processor.py:830} INFO - Processing file /home/airflow/.local/lib/python3.12/site-packages/airflow/example_dags/example_branch_python_dop_operator_3.py for tasks to queue
[2025-06-23T05:50:57.817+0000] {logging_mixin.py:188} INFO - [2025-06-23T05:50:57.816+0000] {dagbag.py:545} INFO - Filling up the DagBag from /home/airflow/.local/lib/python3.12/site-packages/airflow/example_dags/example_branch_python_dop_operator_3.py
[2025-06-23T05:50:57.853+0000] {processor.py:840} INFO - DAG(s) 'example_branch_dop_operator_v3' retrieved from /home/airflow/.local/lib/python3.12/site-packages/airflow/example_dags/example_branch_python_dop_operator_3.py
[2025-06-23T05:50:58.167+0000] {logging_mixin.py:188} INFO - [2025-06-23T05:50:58.166+0000] {dag.py:3089} INFO - Sync 1 DAGs
[2025-06-23T05:50:58.238+0000] {logging_mixin.py:188} INFO - [2025-06-23T05:50:58.237+0000] {dag.py:3947} INFO - Setting next_dagrun for example_branch_dop_operator_v3 to 2025-06-23 05:49:00+00:00, run_after=2025-06-23 05:50:00+00:00
[2025-06-23T05:50:58.301+0000] {processor.py:183} INFO - Processing /home/airflow/.local/lib/python3.12/site-packages/airflow/example_dags/example_branch_python_dop_operator_3.py took 0.511 seconds
[2025-06-23T05:51:57.906+0000] {processor.py:161} INFO - Started process (PID=159) to work on /home/airflow/.local/lib/python3.12/site-packages/airflow/example_dags/example_branch_python_dop_operator_3.py
[2025-06-23T05:51:57.908+0000] {processor.py:830} INFO - Processing file /home/airflow/.local/lib/python3.12/site-packages/airflow/example_dags/example_branch_python_dop_operator_3.py for tasks to queue
[2025-06-23T05:51:57.911+0000] {logging_mixin.py:188} INFO - [2025-06-23T05:51:57.910+0000] {dagbag.py:545} INFO - Filling up the DagBag from /home/airflow/.local/lib/python3.12/site-packages/airflow/example_dags/example_branch_python_dop_operator_3.py
[2025-06-23T05:51:57.926+0000] {processor.py:840} INFO - DAG(s) 'example_branch_dop_operator_v3' retrieved from /home/airflow/.local/lib/python3.12/site-packages/airflow/example_dags/example_branch_python_dop_operator_3.py
[2025-06-23T05:51:57.960+0000] {logging_mixin.py:188} INFO - [2025-06-23T05:51:57.960+0000] {dag.py:3089} INFO - Sync 1 DAGs
[2025-06-23T05:51:57.999+0000] {logging_mixin.py:188} INFO - [2025-06-23T05:51:57.999+0000] {dag.py:3947} INFO - Setting next_dagrun for example_branch_dop_operator_v3 to 2025-06-23 05:50:00+00:00, run_after=2025-06-23 05:51:00+00:00
[2025-06-23T05:51:58.030+0000] {processor.py:183} INFO - Processing /home/airflow/.local/lib/python3.12/site-packages/airflow/example_dags/example_branch_python_dop_operator_3.py took 0.138 seconds
[2025-06-23T05:52:28.156+0000] {processor.py:161} INFO - Started process (PID=219) to work on /home/airflow/.local/lib/python3.12/site-packages/airflow/example_dags/example_branch_python_dop_operator_3.py
[2025-06-23T05:52:28.159+0000] {processor.py:830} INFO - Processing file /home/airflow/.local/lib/python3.12/site-packages/airflow/example_dags/example_branch_python_dop_operator_3.py for tasks to queue
[2025-06-23T05:52:28.165+0000] {logging_mixin.py:188} INFO - [2025-06-23T05:52:28.163+0000] {dagbag.py:545} INFO - Filling up the DagBag from /home/airflow/.local/lib/python3.12/site-packages/airflow/example_dags/example_branch_python_dop_operator_3.py
[2025-06-23T05:52:28.203+0000] {processor.py:840} INFO - DAG(s) 'example_branch_dop_operator_v3' retrieved from /home/airflow/.local/lib/python3.12/site-packages/airflow/example_dags/example_branch_python_dop_operator_3.py
[2025-06-23T05:52:28.323+0000] {logging_mixin.py:188} INFO - [2025-06-23T05:52:28.322+0000] {dag.py:3089} INFO - Sync 1 DAGs
[2025-06-23T05:52:28.511+0000] {logging_mixin.py:188} INFO - [2025-06-23T05:52:28.510+0000] {dag.py:3947} INFO - Setting next_dagrun for example_branch_dop_operator_v3 to 2025-06-23 05:51:00+00:00, run_after=2025-06-23 05:52:00+00:00
[2025-06-23T05:52:28.803+0000] {processor.py:183} INFO - Processing /home/airflow/.local/lib/python3.12/site-packages/airflow/example_dags/example_branch_python_dop_operator_3.py took 0.660 seconds
[2025-06-23T05:52:59.649+0000] {processor.py:161} INFO - Started process (PID=278) to work on /home/airflow/.local/lib/python3.12/site-packages/airflow/example_dags/example_branch_python_dop_operator_3.py
[2025-06-23T05:52:59.651+0000] {processor.py:830} INFO - Processing file /home/airflow/.local/lib/python3.12/site-packages/airflow/example_dags/example_branch_python_dop_operator_3.py for tasks to queue
[2025-06-23T05:52:59.655+0000] {logging_mixin.py:188} INFO - [2025-06-23T05:52:59.654+0000] {dagbag.py:545} INFO - Filling up the DagBag from /home/airflow/.local/lib/python3.12/site-packages/airflow/example_dags/example_branch_python_dop_operator_3.py
[2025-06-23T05:52:59.668+0000] {processor.py:840} INFO - DAG(s) 'example_branch_dop_operator_v3' retrieved from /home/airflow/.local/lib/python3.12/site-packages/airflow/example_dags/example_branch_python_dop_operator_3.py
[2025-06-23T05:52:59.708+0000] {logging_mixin.py:188} INFO - [2025-06-23T05:52:59.708+0000] {dag.py:3089} INFO - Sync 1 DAGs
[2025-06-23T05:52:59.753+0000] {logging_mixin.py:188} INFO - [2025-06-23T05:52:59.753+0000] {dag.py:3947} INFO - Setting next_dagrun for example_branch_dop_operator_v3 to 2025-06-23 05:51:00+00:00, run_after=2025-06-23 05:52:00+00:00
[2025-06-23T05:52:59.797+0000] {processor.py:183} INFO - Processing /home/airflow/.local/lib/python3.12/site-packages/airflow/example_dags/example_branch_python_dop_operator_3.py took 0.157 seconds
[2025-06-23T05:53:30.131+0000] {processor.py:161} INFO - Started process (PID=338) to work on /home/airflow/.local/lib/python3.12/site-packages/airflow/example_dags/example_branch_python_dop_operator_3.py
[2025-06-23T05:53:30.132+0000] {processor.py:830} INFO - Processing file /home/airflow/.local/lib/python3.12/site-packages/airflow/example_dags/example_branch_python_dop_operator_3.py for tasks to queue
[2025-06-23T05:53:30.137+0000] {logging_mixin.py:188} INFO - [2025-06-23T05:53:30.136+0000] {dagbag.py:545} INFO - Filling up the DagBag from /home/airflow/.local/lib/python3.12/site-packages/airflow/example_dags/example_branch_python_dop_operator_3.py
[2025-06-23T05:53:30.152+0000] {processor.py:840} INFO - DAG(s) 'example_branch_dop_operator_v3' retrieved from /home/airflow/.local/lib/python3.12/site-packages/airflow/example_dags/example_branch_python_dop_operator_3.py
[2025-06-23T05:53:30.188+0000] {logging_mixin.py:188} INFO - [2025-06-23T05:53:30.188+0000] {dag.py:3089} INFO - Sync 1 DAGs
[2025-06-23T05:53:30.227+0000] {logging_mixin.py:188} INFO - [2025-06-23T05:53:30.227+0000] {dag.py:3947} INFO - Setting next_dagrun for example_branch_dop_operator_v3 to 2025-06-23 05:52:00+00:00, run_after=2025-06-23 05:53:00+00:00
[2025-06-23T05:53:30.264+0000] {processor.py:183} INFO - Processing /home/airflow/.local/lib/python3.12/site-packages/airflow/example_dags/example_branch_python_dop_operator_3.py took 0.142 seconds
[2025-06-23T05:54:02.571+0000] {processor.py:161} INFO - Started process (PID=400) to work on /home/airflow/.local/lib/python3.12/site-packages/airflow/example_dags/example_branch_python_dop_operator_3.py
[2025-06-23T05:54:02.575+0000] {processor.py:830} INFO - Processing file /home/airflow/.local/lib/python3.12/site-packages/airflow/example_dags/example_branch_python_dop_operator_3.py for tasks to queue
[2025-06-23T05:54:02.580+0000] {logging_mixin.py:188} INFO - [2025-06-23T05:54:02.580+0000] {dagbag.py:545} INFO - Filling up the DagBag from /home/airflow/.local/lib/python3.12/site-packages/airflow/example_dags/example_branch_python_dop_operator_3.py
[2025-06-23T05:54:02.600+0000] {processor.py:840} INFO - DAG(s) 'example_branch_dop_operator_v3' retrieved from /home/airflow/.local/lib/python3.12/site-packages/airflow/example_dags/example_branch_python_dop_operator_3.py
[2025-06-23T05:54:02.648+0000] {logging_mixin.py:188} INFO - [2025-06-23T05:54:02.647+0000] {dag.py:3089} INFO - Sync 1 DAGs
[2025-06-23T05:54:02.802+0000] {logging_mixin.py:188} INFO - [2025-06-23T05:54:02.800+0000] {dag.py:3947} INFO - Setting next_dagrun for example_branch_dop_operator_v3 to 2025-06-23 05:53:00+00:00, run_after=2025-06-23 05:54:00+00:00
[2025-06-23T05:54:03.187+0000] {processor.py:183} INFO - Processing /home/airflow/.local/lib/python3.12/site-packages/airflow/example_dags/example_branch_python_dop_operator_3.py took 0.627 seconds
[2025-06-23T05:54:36.234+0000] {processor.py:161} INFO - Started process (PID=460) to work on /home/airflow/.local/lib/python3.12/site-packages/airflow/example_dags/example_branch_python_dop_operator_3.py
[2025-06-23T05:54:36.241+0000] {processor.py:830} INFO - Processing file /home/airflow/.local/lib/python3.12/site-packages/airflow/example_dags/example_branch_python_dop_operator_3.py for tasks to queue
[2025-06-23T05:54:36.251+0000] {logging_mixin.py:188} INFO - [2025-06-23T05:54:36.249+0000] {dagbag.py:545} INFO - Filling up the DagBag from /home/airflow/.local/lib/python3.12/site-packages/airflow/example_dags/example_branch_python_dop_operator_3.py
[2025-06-23T05:54:36.293+0000] {processor.py:840} INFO - DAG(s) 'example_branch_dop_operator_v3' retrieved from /home/airflow/.local/lib/python3.12/site-packages/airflow/example_dags/example_branch_python_dop_operator_3.py
[2025-06-23T05:54:36.380+0000] {logging_mixin.py:188} INFO - [2025-06-23T05:54:36.377+0000] {dag.py:3089} INFO - Sync 1 DAGs
[2025-06-23T05:54:36.502+0000] {logging_mixin.py:188} INFO - [2025-06-23T05:54:36.501+0000] {dag.py:3947} INFO - Setting next_dagrun for example_branch_dop_operator_v3 to 2025-06-23 05:53:00+00:00, run_after=2025-06-23 05:54:00+00:00
[2025-06-23T05:54:36.585+0000] {processor.py:183} INFO - Processing /home/airflow/.local/lib/python3.12/site-packages/airflow/example_dags/example_branch_python_dop_operator_3.py took 0.378 seconds
[2025-06-23T05:55:13.744+0000] {processor.py:161} INFO - Started process (PID=521) to work on /home/airflow/.local/lib/python3.12/site-packages/airflow/example_dags/example_branch_python_dop_operator_3.py
[2025-06-23T05:55:13.748+0000] {processor.py:830} INFO - Processing file /home/airflow/.local/lib/python3.12/site-packages/airflow/example_dags/example_branch_python_dop_operator_3.py for tasks to queue
[2025-06-23T05:55:13.754+0000] {logging_mixin.py:188} INFO - [2025-06-23T05:55:13.752+0000] {dagbag.py:545} INFO - Filling up the DagBag from /home/airflow/.local/lib/python3.12/site-packages/airflow/example_dags/example_branch_python_dop_operator_3.py
[2025-06-23T05:55:13.783+0000] {processor.py:840} INFO - DAG(s) 'example_branch_dop_operator_v3' retrieved from /home/airflow/.local/lib/python3.12/site-packages/airflow/example_dags/example_branch_python_dop_operator_3.py
[2025-06-23T05:55:13.851+0000] {logging_mixin.py:188} INFO - [2025-06-23T05:55:13.850+0000] {dag.py:3089} INFO - Sync 1 DAGs
[2025-06-23T05:55:13.933+0000] {logging_mixin.py:188} INFO - [2025-06-23T05:55:13.932+0000] {dag.py:3947} INFO - Setting next_dagrun for example_branch_dop_operator_v3 to 2025-06-23 05:54:00+00:00, run_after=2025-06-23 05:55:00+00:00
[2025-06-23T05:55:14.022+0000] {processor.py:183} INFO - Processing /home/airflow/.local/lib/python3.12/site-packages/airflow/example_dags/example_branch_python_dop_operator_3.py took 0.295 seconds
[2025-06-23T05:55:44.626+0000] {processor.py:161} INFO - Started process (PID=582) to work on /home/airflow/.local/lib/python3.12/site-packages/airflow/example_dags/example_branch_python_dop_operator_3.py
[2025-06-23T05:55:44.628+0000] {processor.py:830} INFO - Processing file /home/airflow/.local/lib/python3.12/site-packages/airflow/example_dags/example_branch_python_dop_operator_3.py for tasks to queue
[2025-06-23T05:55:44.633+0000] {logging_mixin.py:188} INFO - [2025-06-23T05:55:44.632+0000] {dagbag.py:545} INFO - Filling up the DagBag from /home/airflow/.local/lib/python3.12/site-packages/airflow/example_dags/example_branch_python_dop_operator_3.py
[2025-06-23T05:55:44.656+0000] {processor.py:840} INFO - DAG(s) 'example_branch_dop_operator_v3' retrieved from /home/airflow/.local/lib/python3.12/site-packages/airflow/example_dags/example_branch_python_dop_operator_3.py
[2025-06-23T05:55:44.693+0000] {logging_mixin.py:188} INFO - [2025-06-23T05:55:44.692+0000] {dag.py:3089} INFO - Sync 1 DAGs
[2025-06-23T05:55:44.819+0000] {logging_mixin.py:188} INFO - [2025-06-23T05:55:44.818+0000] {dag.py:3947} INFO - Setting next_dagrun for example_branch_dop_operator_v3 to 2025-06-23 05:54:00+00:00, run_after=2025-06-23 05:55:00+00:00
[2025-06-23T05:55:44.915+0000] {processor.py:183} INFO - Processing /home/airflow/.local/lib/python3.12/site-packages/airflow/example_dags/example_branch_python_dop_operator_3.py took 0.302 seconds
[2025-06-23T05:56:19.234+0000] {processor.py:161} INFO - Started process (PID=642) to work on /home/airflow/.local/lib/python3.12/site-packages/airflow/example_dags/example_branch_python_dop_operator_3.py
[2025-06-23T05:56:19.244+0000] {processor.py:830} INFO - Processing file /home/airflow/.local/lib/python3.12/site-packages/airflow/example_dags/example_branch_python_dop_operator_3.py for tasks to queue
[2025-06-23T05:56:19.254+0000] {logging_mixin.py:188} INFO - [2025-06-23T05:56:19.252+0000] {dagbag.py:545} INFO - Filling up the DagBag from /home/airflow/.local/lib/python3.12/site-packages/airflow/example_dags/example_branch_python_dop_operator_3.py
[2025-06-23T05:56:19.317+0000] {processor.py:840} INFO - DAG(s) 'example_branch_dop_operator_v3' retrieved from /home/airflow/.local/lib/python3.12/site-packages/airflow/example_dags/example_branch_python_dop_operator_3.py
[2025-06-23T05:56:19.445+0000] {logging_mixin.py:188} INFO - [2025-06-23T05:56:19.445+0000] {dag.py:3089} INFO - Sync 1 DAGs
[2025-06-23T05:56:19.540+0000] {logging_mixin.py:188} INFO - [2025-06-23T05:56:19.539+0000] {dag.py:3947} INFO - Setting next_dagrun for example_branch_dop_operator_v3 to 2025-06-23 05:55:00+00:00, run_after=2025-06-23 05:56:00+00:00
[2025-06-23T05:56:19.804+0000] {processor.py:183} INFO - Processing /home/airflow/.local/lib/python3.12/site-packages/airflow/example_dags/example_branch_python_dop_operator_3.py took 0.627 seconds
[2025-06-23T05:56:50.511+0000] {processor.py:161} INFO - Started process (PID=700) to work on /home/airflow/.local/lib/python3.12/site-packages/airflow/example_dags/example_branch_python_dop_operator_3.py
[2025-06-23T05:56:50.513+0000] {processor.py:830} INFO - Processing file /home/airflow/.local/lib/python3.12/site-packages/airflow/example_dags/example_branch_python_dop_operator_3.py for tasks to queue
[2025-06-23T05:56:50.518+0000] {logging_mixin.py:188} INFO - [2025-06-23T05:56:50.517+0000] {dagbag.py:545} INFO - Filling up the DagBag from /home/airflow/.local/lib/python3.12/site-packages/airflow/example_dags/example_branch_python_dop_operator_3.py
[2025-06-23T05:56:50.558+0000] {processor.py:840} INFO - DAG(s) 'example_branch_dop_operator_v3' retrieved from /home/airflow/.local/lib/python3.12/site-packages/airflow/example_dags/example_branch_python_dop_operator_3.py
[2025-06-23T05:56:50.616+0000] {logging_mixin.py:188} INFO - [2025-06-23T05:56:50.616+0000] {dag.py:3089} INFO - Sync 1 DAGs
[2025-06-23T05:56:50.682+0000] {logging_mixin.py:188} INFO - [2025-06-23T05:56:50.681+0000] {dag.py:3947} INFO - Setting next_dagrun for example_branch_dop_operator_v3 to 2025-06-23 05:55:00+00:00, run_after=2025-06-23 05:56:00+00:00
[2025-06-23T05:56:50.721+0000] {processor.py:183} INFO - Processing /home/airflow/.local/lib/python3.12/site-packages/airflow/example_dags/example_branch_python_dop_operator_3.py took 0.220 seconds
[2025-06-23T05:57:21.423+0000] {processor.py:161} INFO - Started process (PID=760) to work on /home/airflow/.local/lib/python3.12/site-packages/airflow/example_dags/example_branch_python_dop_operator_3.py
[2025-06-23T05:57:21.426+0000] {processor.py:830} INFO - Processing file /home/airflow/.local/lib/python3.12/site-packages/airflow/example_dags/example_branch_python_dop_operator_3.py for tasks to queue
[2025-06-23T05:57:21.433+0000] {logging_mixin.py:188} INFO - [2025-06-23T05:57:21.430+0000] {dagbag.py:545} INFO - Filling up the DagBag from /home/airflow/.local/lib/python3.12/site-packages/airflow/example_dags/example_branch_python_dop_operator_3.py
[2025-06-23T05:57:21.460+0000] {processor.py:840} INFO - DAG(s) 'example_branch_dop_operator_v3' retrieved from /home/airflow/.local/lib/python3.12/site-packages/airflow/example_dags/example_branch_python_dop_operator_3.py
[2025-06-23T05:57:21.510+0000] {logging_mixin.py:188} INFO - [2025-06-23T05:57:21.509+0000] {dag.py:3089} INFO - Sync 1 DAGs
[2025-06-23T05:57:21.585+0000] {logging_mixin.py:188} INFO - [2025-06-23T05:57:21.585+0000] {dag.py:3947} INFO - Setting next_dagrun for example_branch_dop_operator_v3 to 2025-06-23 05:56:00+00:00, run_after=2025-06-23 05:57:00+00:00
[2025-06-23T05:57:21.632+0000] {processor.py:183} INFO - Processing /home/airflow/.local/lib/python3.12/site-packages/airflow/example_dags/example_branch_python_dop_operator_3.py took 0.222 seconds
[2025-06-23T05:57:51.816+0000] {processor.py:161} INFO - Started process (PID=820) to work on /home/airflow/.local/lib/python3.12/site-packages/airflow/example_dags/example_branch_python_dop_operator_3.py
[2025-06-23T05:57:51.818+0000] {processor.py:830} INFO - Processing file /home/airflow/.local/lib/python3.12/site-packages/airflow/example_dags/example_branch_python_dop_operator_3.py for tasks to queue
[2025-06-23T05:57:51.821+0000] {logging_mixin.py:188} INFO - [2025-06-23T05:57:51.821+0000] {dagbag.py:545} INFO - Filling up the DagBag from /home/airflow/.local/lib/python3.12/site-packages/airflow/example_dags/example_branch_python_dop_operator_3.py
[2025-06-23T05:57:51.835+0000] {processor.py:840} INFO - DAG(s) 'example_branch_dop_operator_v3' retrieved from /home/airflow/.local/lib/python3.12/site-packages/airflow/example_dags/example_branch_python_dop_operator_3.py
[2025-06-23T05:57:51.865+0000] {logging_mixin.py:188} INFO - [2025-06-23T05:57:51.864+0000] {dag.py:3089} INFO - Sync 1 DAGs
[2025-06-23T05:57:51.925+0000] {logging_mixin.py:188} INFO - [2025-06-23T05:57:51.924+0000] {dag.py:3947} INFO - Setting next_dagrun for example_branch_dop_operator_v3 to 2025-06-23 05:56:00+00:00, run_after=2025-06-23 05:57:00+00:00
[2025-06-23T05:57:51.983+0000] {processor.py:183} INFO - Processing /home/airflow/.local/lib/python3.12/site-packages/airflow/example_dags/example_branch_python_dop_operator_3.py took 0.175 seconds
[2025-06-23T05:58:22.265+0000] {processor.py:161} INFO - Started process (PID=888) to work on /home/airflow/.local/lib/python3.12/site-packages/airflow/example_dags/example_branch_python_dop_operator_3.py
[2025-06-23T05:58:22.274+0000] {processor.py:830} INFO - Processing file /home/airflow/.local/lib/python3.12/site-packages/airflow/example_dags/example_branch_python_dop_operator_3.py for tasks to queue
[2025-06-23T05:58:22.288+0000] {logging_mixin.py:188} INFO - [2025-06-23T05:58:22.286+0000] {dagbag.py:545} INFO - Filling up the DagBag from /home/airflow/.local/lib/python3.12/site-packages/airflow/example_dags/example_branch_python_dop_operator_3.py
[2025-06-23T05:58:22.339+0000] {processor.py:840} INFO - DAG(s) 'example_branch_dop_operator_v3' retrieved from /home/airflow/.local/lib/python3.12/site-packages/airflow/example_dags/example_branch_python_dop_operator_3.py
[2025-06-23T05:58:22.444+0000] {logging_mixin.py:188} INFO - [2025-06-23T05:58:22.442+0000] {dag.py:3089} INFO - Sync 1 DAGs
[2025-06-23T05:58:22.492+0000] {logging_mixin.py:188} INFO - [2025-06-23T05:58:22.491+0000] {dag.py:3947} INFO - Setting next_dagrun for example_branch_dop_operator_v3 to 2025-06-23 05:57:00+00:00, run_after=2025-06-23 05:58:00+00:00
[2025-06-23T05:58:22.537+0000] {processor.py:183} INFO - Processing /home/airflow/.local/lib/python3.12/site-packages/airflow/example_dags/example_branch_python_dop_operator_3.py took 0.308 seconds
[2025-06-23T05:58:56.151+0000] {processor.py:161} INFO - Started process (PID=944) to work on /home/airflow/.local/lib/python3.12/site-packages/airflow/example_dags/example_branch_python_dop_operator_3.py
[2025-06-23T05:58:56.155+0000] {processor.py:830} INFO - Processing file /home/airflow/.local/lib/python3.12/site-packages/airflow/example_dags/example_branch_python_dop_operator_3.py for tasks to queue
[2025-06-23T05:58:56.165+0000] {logging_mixin.py:188} INFO - [2025-06-23T05:58:56.160+0000] {dagbag.py:545} INFO - Filling up the DagBag from /home/airflow/.local/lib/python3.12/site-packages/airflow/example_dags/example_branch_python_dop_operator_3.py
[2025-06-23T05:58:56.342+0000] {processor.py:840} INFO - DAG(s) 'example_branch_dop_operator_v3' retrieved from /home/airflow/.local/lib/python3.12/site-packages/airflow/example_dags/example_branch_python_dop_operator_3.py
[2025-06-23T05:58:57.209+0000] {logging_mixin.py:188} INFO - [2025-06-23T05:58:57.207+0000] {dag.py:3089} INFO - Sync 1 DAGs
[2025-06-23T05:58:57.628+0000] {logging_mixin.py:188} INFO - [2025-06-23T05:58:57.628+0000] {dag.py:3947} INFO - Setting next_dagrun for example_branch_dop_operator_v3 to 2025-06-23 05:57:00+00:00, run_after=2025-06-23 05:58:00+00:00
[2025-06-23T05:58:57.818+0000] {processor.py:183} INFO - Processing /home/airflow/.local/lib/python3.12/site-packages/airflow/example_dags/example_branch_python_dop_operator_3.py took 1.711 seconds
[2025-06-23T05:59:28.323+0000] {processor.py:161} INFO - Started process (PID=1003) to work on /home/airflow/.local/lib/python3.12/site-packages/airflow/example_dags/example_branch_python_dop_operator_3.py
[2025-06-23T05:59:28.340+0000] {processor.py:830} INFO - Processing file /home/airflow/.local/lib/python3.12/site-packages/airflow/example_dags/example_branch_python_dop_operator_3.py for tasks to queue
[2025-06-23T05:59:28.357+0000] {logging_mixin.py:188} INFO - [2025-06-23T05:59:28.355+0000] {dagbag.py:545} INFO - Filling up the DagBag from /home/airflow/.local/lib/python3.12/site-packages/airflow/example_dags/example_branch_python_dop_operator_3.py
[2025-06-23T05:59:28.433+0000] {processor.py:840} INFO - DAG(s) 'example_branch_dop_operator_v3' retrieved from /home/airflow/.local/lib/python3.12/site-packages/airflow/example_dags/example_branch_python_dop_operator_3.py
[2025-06-23T05:59:28.762+0000] {logging_mixin.py:188} INFO - [2025-06-23T05:59:28.762+0000] {dag.py:3089} INFO - Sync 1 DAGs
[2025-06-23T05:59:29.411+0000] {logging_mixin.py:188} INFO - [2025-06-23T05:59:29.409+0000] {dag.py:3947} INFO - Setting next_dagrun for example_branch_dop_operator_v3 to 2025-06-23 05:58:00+00:00, run_after=2025-06-23 05:59:00+00:00
[2025-06-23T05:59:29.595+0000] {processor.py:183} INFO - Processing /home/airflow/.local/lib/python3.12/site-packages/airflow/example_dags/example_branch_python_dop_operator_3.py took 1.344 seconds
[2025-06-23T06:00:00.706+0000] {processor.py:161} INFO - Started process (PID=1064) to work on /home/airflow/.local/lib/python3.12/site-packages/airflow/example_dags/example_branch_python_dop_operator_3.py
[2025-06-23T06:00:00.709+0000] {processor.py:830} INFO - Processing file /home/airflow/.local/lib/python3.12/site-packages/airflow/example_dags/example_branch_python_dop_operator_3.py for tasks to queue
[2025-06-23T06:00:00.719+0000] {logging_mixin.py:188} INFO - [2025-06-23T06:00:00.717+0000] {dagbag.py:545} INFO - Filling up the DagBag from /home/airflow/.local/lib/python3.12/site-packages/airflow/example_dags/example_branch_python_dop_operator_3.py
[2025-06-23T06:00:00.755+0000] {processor.py:840} INFO - DAG(s) 'example_branch_dop_operator_v3' retrieved from /home/airflow/.local/lib/python3.12/site-packages/airflow/example_dags/example_branch_python_dop_operator_3.py
[2025-06-23T06:00:01.114+0000] {logging_mixin.py:188} INFO - [2025-06-23T06:00:01.113+0000] {dag.py:3089} INFO - Sync 1 DAGs
[2025-06-23T06:00:01.453+0000] {logging_mixin.py:188} INFO - [2025-06-23T06:00:01.451+0000] {dag.py:3947} INFO - Setting next_dagrun for example_branch_dop_operator_v3 to 2025-06-23 05:59:00+00:00, run_after=2025-06-23 06:00:00+00:00
[2025-06-23T06:00:01.565+0000] {processor.py:183} INFO - Processing /home/airflow/.local/lib/python3.12/site-packages/airflow/example_dags/example_branch_python_dop_operator_3.py took 0.878 seconds
[2025-06-23T06:00:32.263+0000] {processor.py:161} INFO - Started process (PID=1124) to work on /home/airflow/.local/lib/python3.12/site-packages/airflow/example_dags/example_branch_python_dop_operator_3.py
[2025-06-23T06:00:32.274+0000] {processor.py:830} INFO - Processing file /home/airflow/.local/lib/python3.12/site-packages/airflow/example_dags/example_branch_python_dop_operator_3.py for tasks to queue
[2025-06-23T06:00:32.279+0000] {logging_mixin.py:188} INFO - [2025-06-23T06:00:32.278+0000] {dagbag.py:545} INFO - Filling up the DagBag from /home/airflow/.local/lib/python3.12/site-packages/airflow/example_dags/example_branch_python_dop_operator_3.py
[2025-06-23T06:00:32.360+0000] {processor.py:840} INFO - DAG(s) 'example_branch_dop_operator_v3' retrieved from /home/airflow/.local/lib/python3.12/site-packages/airflow/example_dags/example_branch_python_dop_operator_3.py
[2025-06-23T06:00:32.535+0000] {logging_mixin.py:188} INFO - [2025-06-23T06:00:32.534+0000] {dag.py:3089} INFO - Sync 1 DAGs
[2025-06-23T06:00:32.672+0000] {logging_mixin.py:188} INFO - [2025-06-23T06:00:32.672+0000] {dag.py:3947} INFO - Setting next_dagrun for example_branch_dop_operator_v3 to 2025-06-23 05:59:00+00:00, run_after=2025-06-23 06:00:00+00:00
[2025-06-23T06:00:32.727+0000] {processor.py:183} INFO - Processing /home/airflow/.local/lib/python3.12/site-packages/airflow/example_dags/example_branch_python_dop_operator_3.py took 0.479 seconds
[2025-06-23T06:01:02.857+0000] {processor.py:161} INFO - Started process (PID=1184) to work on /home/airflow/.local/lib/python3.12/site-packages/airflow/example_dags/example_branch_python_dop_operator_3.py
[2025-06-23T06:01:02.859+0000] {processor.py:830} INFO - Processing file /home/airflow/.local/lib/python3.12/site-packages/airflow/example_dags/example_branch_python_dop_operator_3.py for tasks to queue
[2025-06-23T06:01:02.864+0000] {logging_mixin.py:188} INFO - [2025-06-23T06:01:02.864+0000] {dagbag.py:545} INFO - Filling up the DagBag from /home/airflow/.local/lib/python3.12/site-packages/airflow/example_dags/example_branch_python_dop_operator_3.py
[2025-06-23T06:01:02.879+0000] {processor.py:840} INFO - DAG(s) 'example_branch_dop_operator_v3' retrieved from /home/airflow/.local/lib/python3.12/site-packages/airflow/example_dags/example_branch_python_dop_operator_3.py
[2025-06-23T06:01:02.916+0000] {logging_mixin.py:188} INFO - [2025-06-23T06:01:02.916+0000] {dag.py:3089} INFO - Sync 1 DAGs
[2025-06-23T06:01:02.980+0000] {logging_mixin.py:188} INFO - [2025-06-23T06:01:02.980+0000] {dag.py:3947} INFO - Setting next_dagrun for example_branch_dop_operator_v3 to 2025-06-23 06:00:00+00:00, run_after=2025-06-23 06:01:00+00:00
[2025-06-23T06:01:03.043+0000] {processor.py:183} INFO - Processing /home/airflow/.local/lib/python3.12/site-packages/airflow/example_dags/example_branch_python_dop_operator_3.py took 0.200 seconds
[2025-06-23T06:01:33.249+0000] {processor.py:161} INFO - Started process (PID=1244) to work on /home/airflow/.local/lib/python3.12/site-packages/airflow/example_dags/example_branch_python_dop_operator_3.py
[2025-06-23T06:01:33.255+0000] {processor.py:830} INFO - Processing file /home/airflow/.local/lib/python3.12/site-packages/airflow/example_dags/example_branch_python_dop_operator_3.py for tasks to queue
[2025-06-23T06:01:33.267+0000] {logging_mixin.py:188} INFO - [2025-06-23T06:01:33.266+0000] {dagbag.py:545} INFO - Filling up the DagBag from /home/airflow/.local/lib/python3.12/site-packages/airflow/example_dags/example_branch_python_dop_operator_3.py
[2025-06-23T06:01:33.317+0000] {processor.py:840} INFO - DAG(s) 'example_branch_dop_operator_v3' retrieved from /home/airflow/.local/lib/python3.12/site-packages/airflow/example_dags/example_branch_python_dop_operator_3.py
[2025-06-23T06:01:33.410+0000] {logging_mixin.py:188} INFO - [2025-06-23T06:01:33.409+0000] {dag.py:3089} INFO - Sync 1 DAGs
[2025-06-23T06:01:33.504+0000] {logging_mixin.py:188} INFO - [2025-06-23T06:01:33.503+0000] {dag.py:3947} INFO - Setting next_dagrun for example_branch_dop_operator_v3 to 2025-06-23 06:00:00+00:00, run_after=2025-06-23 06:01:00+00:00
[2025-06-23T06:01:33.580+0000] {processor.py:183} INFO - Processing /home/airflow/.local/lib/python3.12/site-packages/airflow/example_dags/example_branch_python_dop_operator_3.py took 0.348 seconds
[2025-06-23T06:02:04.135+0000] {processor.py:161} INFO - Started process (PID=1305) to work on /home/airflow/.local/lib/python3.12/site-packages/airflow/example_dags/example_branch_python_dop_operator_3.py
[2025-06-23T06:02:04.138+0000] {processor.py:830} INFO - Processing file /home/airflow/.local/lib/python3.12/site-packages/airflow/example_dags/example_branch_python_dop_operator_3.py for tasks to queue
[2025-06-23T06:02:04.144+0000] {logging_mixin.py:188} INFO - [2025-06-23T06:02:04.143+0000] {dagbag.py:545} INFO - Filling up the DagBag from /home/airflow/.local/lib/python3.12/site-packages/airflow/example_dags/example_branch_python_dop_operator_3.py
[2025-06-23T06:02:04.171+0000] {processor.py:840} INFO - DAG(s) 'example_branch_dop_operator_v3' retrieved from /home/airflow/.local/lib/python3.12/site-packages/airflow/example_dags/example_branch_python_dop_operator_3.py
[2025-06-23T06:02:04.213+0000] {logging_mixin.py:188} INFO - [2025-06-23T06:02:04.212+0000] {dag.py:3089} INFO - Sync 1 DAGs
[2025-06-23T06:02:04.269+0000] {logging_mixin.py:188} INFO - [2025-06-23T06:02:04.268+0000] {dag.py:3947} INFO - Setting next_dagrun for example_branch_dop_operator_v3 to 2025-06-23 06:01:00+00:00, run_after=2025-06-23 06:02:00+00:00
[2025-06-23T06:02:04.326+0000] {processor.py:183} INFO - Processing /home/airflow/.local/lib/python3.12/site-packages/airflow/example_dags/example_branch_python_dop_operator_3.py took 0.206 seconds
[2025-06-23T06:02:34.789+0000] {processor.py:161} INFO - Started process (PID=1365) to work on /home/airflow/.local/lib/python3.12/site-packages/airflow/example_dags/example_branch_python_dop_operator_3.py
[2025-06-23T06:02:34.795+0000] {processor.py:830} INFO - Processing file /home/airflow/.local/lib/python3.12/site-packages/airflow/example_dags/example_branch_python_dop_operator_3.py for tasks to queue
[2025-06-23T06:02:34.808+0000] {logging_mixin.py:188} INFO - [2025-06-23T06:02:34.806+0000] {dagbag.py:545} INFO - Filling up the DagBag from /home/airflow/.local/lib/python3.12/site-packages/airflow/example_dags/example_branch_python_dop_operator_3.py
[2025-06-23T06:02:34.855+0000] {processor.py:840} INFO - DAG(s) 'example_branch_dop_operator_v3' retrieved from /home/airflow/.local/lib/python3.12/site-packages/airflow/example_dags/example_branch_python_dop_operator_3.py
[2025-06-23T06:02:34.942+0000] {logging_mixin.py:188} INFO - [2025-06-23T06:02:34.941+0000] {dag.py:3089} INFO - Sync 1 DAGs
[2025-06-23T06:02:35.087+0000] {logging_mixin.py:188} INFO - [2025-06-23T06:02:35.087+0000] {dag.py:3947} INFO - Setting next_dagrun for example_branch_dop_operator_v3 to 2025-06-23 06:01:00+00:00, run_after=2025-06-23 06:02:00+00:00
[2025-06-23T06:02:35.208+0000] {processor.py:183} INFO - Processing /home/airflow/.local/lib/python3.12/site-packages/airflow/example_dags/example_branch_python_dop_operator_3.py took 0.436 seconds
[2025-06-23T06:03:06.008+0000] {processor.py:161} INFO - Started process (PID=1426) to work on /home/airflow/.local/lib/python3.12/site-packages/airflow/example_dags/example_branch_python_dop_operator_3.py
[2025-06-23T06:03:06.061+0000] {processor.py:830} INFO - Processing file /home/airflow/.local/lib/python3.12/site-packages/airflow/example_dags/example_branch_python_dop_operator_3.py for tasks to queue
[2025-06-23T06:03:06.178+0000] {logging_mixin.py:188} INFO - [2025-06-23T06:03:06.167+0000] {dagbag.py:545} INFO - Filling up the DagBag from /home/airflow/.local/lib/python3.12/site-packages/airflow/example_dags/example_branch_python_dop_operator_3.py
[2025-06-23T06:03:06.470+0000] {processor.py:840} INFO - DAG(s) 'example_branch_dop_operator_v3' retrieved from /home/airflow/.local/lib/python3.12/site-packages/airflow/example_dags/example_branch_python_dop_operator_3.py
[2025-06-23T06:03:06.614+0000] {logging_mixin.py:188} INFO - [2025-06-23T06:03:06.606+0000] {dag.py:3089} INFO - Sync 1 DAGs
[2025-06-23T06:03:06.726+0000] {logging_mixin.py:188} INFO - [2025-06-23T06:03:06.725+0000] {dag.py:3947} INFO - Setting next_dagrun for example_branch_dop_operator_v3 to 2025-06-23 06:02:00+00:00, run_after=2025-06-23 06:03:00+00:00
[2025-06-23T06:03:06.816+0000] {processor.py:183} INFO - Processing /home/airflow/.local/lib/python3.12/site-packages/airflow/example_dags/example_branch_python_dop_operator_3.py took 1.052 seconds
[2025-06-23T06:03:37.034+0000] {processor.py:161} INFO - Started process (PID=1486) to work on /home/airflow/.local/lib/python3.12/site-packages/airflow/example_dags/example_branch_python_dop_operator_3.py
[2025-06-23T06:03:37.038+0000] {processor.py:830} INFO - Processing file /home/airflow/.local/lib/python3.12/site-packages/airflow/example_dags/example_branch_python_dop_operator_3.py for tasks to queue
[2025-06-23T06:03:37.044+0000] {logging_mixin.py:188} INFO - [2025-06-23T06:03:37.043+0000] {dagbag.py:545} INFO - Filling up the DagBag from /home/airflow/.local/lib/python3.12/site-packages/airflow/example_dags/example_branch_python_dop_operator_3.py
[2025-06-23T06:03:37.075+0000] {processor.py:840} INFO - DAG(s) 'example_branch_dop_operator_v3' retrieved from /home/airflow/.local/lib/python3.12/site-packages/airflow/example_dags/example_branch_python_dop_operator_3.py
[2025-06-23T06:03:37.139+0000] {logging_mixin.py:188} INFO - [2025-06-23T06:03:37.138+0000] {dag.py:3089} INFO - Sync 1 DAGs
[2025-06-23T06:03:37.212+0000] {logging_mixin.py:188} INFO - [2025-06-23T06:03:37.212+0000] {dag.py:3947} INFO - Setting next_dagrun for example_branch_dop_operator_v3 to 2025-06-23 06:02:00+00:00, run_after=2025-06-23 06:03:00+00:00
[2025-06-23T06:03:37.283+0000] {processor.py:183} INFO - Processing /home/airflow/.local/lib/python3.12/site-packages/airflow/example_dags/example_branch_python_dop_operator_3.py took 0.264 seconds
[2025-06-23T06:04:08.306+0000] {processor.py:161} INFO - Started process (PID=1546) to work on /home/airflow/.local/lib/python3.12/site-packages/airflow/example_dags/example_branch_python_dop_operator_3.py
[2025-06-23T06:04:08.312+0000] {processor.py:830} INFO - Processing file /home/airflow/.local/lib/python3.12/site-packages/airflow/example_dags/example_branch_python_dop_operator_3.py for tasks to queue
[2025-06-23T06:04:08.318+0000] {logging_mixin.py:188} INFO - [2025-06-23T06:04:08.317+0000] {dagbag.py:545} INFO - Filling up the DagBag from /home/airflow/.local/lib/python3.12/site-packages/airflow/example_dags/example_branch_python_dop_operator_3.py
[2025-06-23T06:04:08.346+0000] {processor.py:840} INFO - DAG(s) 'example_branch_dop_operator_v3' retrieved from /home/airflow/.local/lib/python3.12/site-packages/airflow/example_dags/example_branch_python_dop_operator_3.py
[2025-06-23T06:04:08.447+0000] {logging_mixin.py:188} INFO - [2025-06-23T06:04:08.446+0000] {dag.py:3089} INFO - Sync 1 DAGs
[2025-06-23T06:04:08.550+0000] {logging_mixin.py:188} INFO - [2025-06-23T06:04:08.549+0000] {dag.py:3947} INFO - Setting next_dagrun for example_branch_dop_operator_v3 to 2025-06-23 06:03:00+00:00, run_after=2025-06-23 06:04:00+00:00
[2025-06-23T06:04:08.627+0000] {processor.py:183} INFO - Processing /home/airflow/.local/lib/python3.12/site-packages/airflow/example_dags/example_branch_python_dop_operator_3.py took 0.337 seconds
