[2025-06-23T05:50:50.923+0000] {processor.py:161} INFO - Started process (PID=73) to work on /home/airflow/.local/lib/python3.12/site-packages/airflow/example_dags/example_python_decorator.py
[2025-06-23T05:50:50.932+0000] {processor.py:830} INFO - Processing file /home/airflow/.local/lib/python3.12/site-packages/airflow/example_dags/example_python_decorator.py for tasks to queue
[2025-06-23T05:50:50.943+0000] {logging_mixin.py:188} INFO - [2025-06-23T05:50:50.942+0000] {dagbag.py:545} INFO - Filling up the DagBag from /home/airflow/.local/lib/python3.12/site-packages/airflow/example_dags/example_python_decorator.py
[2025-06-23T05:50:50.998+0000] {processor.py:840} INFO - DAG(s) 'example_python_decorator' retrieved from /home/airflow/.local/lib/python3.12/site-packages/airflow/example_dags/example_python_decorator.py
[2025-06-23T05:50:51.351+0000] {logging_mixin.py:188} INFO - [2025-06-23T05:50:51.350+0000] {dag.py:3089} INFO - Sync 1 DAGs
[2025-06-23T05:50:51.384+0000] {logging_mixin.py:188} INFO - [2025-06-23T05:50:51.383+0000] {dag.py:3947} INFO - Setting next_dagrun for example_python_decorator to None, run_after=None
[2025-06-23T05:50:51.468+0000] {processor.py:183} INFO - Processing /home/airflow/.local/lib/python3.12/site-packages/airflow/example_dags/example_python_decorator.py took 0.572 seconds
[2025-06-23T05:51:44.862+0000] {processor.py:161} INFO - Started process (PID=133) to work on /home/airflow/.local/lib/python3.12/site-packages/airflow/example_dags/example_python_decorator.py
[2025-06-23T05:51:44.864+0000] {processor.py:830} INFO - Processing file /home/airflow/.local/lib/python3.12/site-packages/airflow/example_dags/example_python_decorator.py for tasks to queue
[2025-06-23T05:51:44.869+0000] {logging_mixin.py:188} INFO - [2025-06-23T05:51:44.868+0000] {dagbag.py:545} INFO - Filling up the DagBag from /home/airflow/.local/lib/python3.12/site-packages/airflow/example_dags/example_python_decorator.py
[2025-06-23T05:51:44.901+0000] {processor.py:840} INFO - DAG(s) 'example_python_decorator' retrieved from /home/airflow/.local/lib/python3.12/site-packages/airflow/example_dags/example_python_decorator.py
[2025-06-23T05:51:44.979+0000] {logging_mixin.py:188} INFO - [2025-06-23T05:51:44.977+0000] {dag.py:3089} INFO - Sync 1 DAGs
[2025-06-23T05:51:45.033+0000] {logging_mixin.py:188} INFO - [2025-06-23T05:51:45.026+0000] {dag.py:3947} INFO - Setting next_dagrun for example_python_decorator to None, run_after=None
[2025-06-23T05:51:45.154+0000] {processor.py:183} INFO - Processing /home/airflow/.local/lib/python3.12/site-packages/airflow/example_dags/example_python_decorator.py took 0.304 seconds
[2025-06-23T05:52:16.007+0000] {processor.py:161} INFO - Started process (PID=192) to work on /home/airflow/.local/lib/python3.12/site-packages/airflow/example_dags/example_python_decorator.py
[2025-06-23T05:52:16.023+0000] {processor.py:830} INFO - Processing file /home/airflow/.local/lib/python3.12/site-packages/airflow/example_dags/example_python_decorator.py for tasks to queue
[2025-06-23T05:52:16.062+0000] {logging_mixin.py:188} INFO - [2025-06-23T05:52:16.039+0000] {dagbag.py:545} INFO - Filling up the DagBag from /home/airflow/.local/lib/python3.12/site-packages/airflow/example_dags/example_python_decorator.py
[2025-06-23T05:52:16.104+0000] {processor.py:840} INFO - DAG(s) 'example_python_decorator' retrieved from /home/airflow/.local/lib/python3.12/site-packages/airflow/example_dags/example_python_decorator.py
[2025-06-23T05:52:16.157+0000] {logging_mixin.py:188} INFO - [2025-06-23T05:52:16.157+0000] {dag.py:3089} INFO - Sync 1 DAGs
[2025-06-23T05:52:16.178+0000] {logging_mixin.py:188} INFO - [2025-06-23T05:52:16.178+0000] {dag.py:3947} INFO - Setting next_dagrun for example_python_decorator to None, run_after=None
[2025-06-23T05:52:16.334+0000] {processor.py:183} INFO - Processing /home/airflow/.local/lib/python3.12/site-packages/airflow/example_dags/example_python_decorator.py took 0.336 seconds
[2025-06-23T05:52:47.145+0000] {processor.py:161} INFO - Started process (PID=252) to work on /home/airflow/.local/lib/python3.12/site-packages/airflow/example_dags/example_python_decorator.py
[2025-06-23T05:52:47.149+0000] {processor.py:830} INFO - Processing file /home/airflow/.local/lib/python3.12/site-packages/airflow/example_dags/example_python_decorator.py for tasks to queue
[2025-06-23T05:52:47.161+0000] {logging_mixin.py:188} INFO - [2025-06-23T05:52:47.160+0000] {dagbag.py:545} INFO - Filling up the DagBag from /home/airflow/.local/lib/python3.12/site-packages/airflow/example_dags/example_python_decorator.py
[2025-06-23T05:52:47.202+0000] {processor.py:840} INFO - DAG(s) 'example_python_decorator' retrieved from /home/airflow/.local/lib/python3.12/site-packages/airflow/example_dags/example_python_decorator.py
[2025-06-23T05:52:47.258+0000] {logging_mixin.py:188} INFO - [2025-06-23T05:52:47.257+0000] {dag.py:3089} INFO - Sync 1 DAGs
[2025-06-23T05:52:47.290+0000] {logging_mixin.py:188} INFO - [2025-06-23T05:52:47.289+0000] {dag.py:3947} INFO - Setting next_dagrun for example_python_decorator to None, run_after=None
[2025-06-23T05:52:47.352+0000] {processor.py:183} INFO - Processing /home/airflow/.local/lib/python3.12/site-packages/airflow/example_dags/example_python_decorator.py took 0.231 seconds
[2025-06-23T05:53:17.579+0000] {processor.py:161} INFO - Started process (PID=312) to work on /home/airflow/.local/lib/python3.12/site-packages/airflow/example_dags/example_python_decorator.py
[2025-06-23T05:53:17.582+0000] {processor.py:830} INFO - Processing file /home/airflow/.local/lib/python3.12/site-packages/airflow/example_dags/example_python_decorator.py for tasks to queue
[2025-06-23T05:53:17.586+0000] {logging_mixin.py:188} INFO - [2025-06-23T05:53:17.585+0000] {dagbag.py:545} INFO - Filling up the DagBag from /home/airflow/.local/lib/python3.12/site-packages/airflow/example_dags/example_python_decorator.py
[2025-06-23T05:53:17.610+0000] {processor.py:840} INFO - DAG(s) 'example_python_decorator' retrieved from /home/airflow/.local/lib/python3.12/site-packages/airflow/example_dags/example_python_decorator.py
[2025-06-23T05:53:17.661+0000] {logging_mixin.py:188} INFO - [2025-06-23T05:53:17.660+0000] {dag.py:3089} INFO - Sync 1 DAGs
[2025-06-23T05:53:17.687+0000] {logging_mixin.py:188} INFO - [2025-06-23T05:53:17.686+0000] {dag.py:3947} INFO - Setting next_dagrun for example_python_decorator to None, run_after=None
[2025-06-23T05:53:17.724+0000] {processor.py:183} INFO - Processing /home/airflow/.local/lib/python3.12/site-packages/airflow/example_dags/example_python_decorator.py took 0.156 seconds
[2025-06-23T05:53:55.992+0000] {processor.py:161} INFO - Started process (PID=368) to work on /home/airflow/.local/lib/python3.12/site-packages/airflow/example_dags/example_python_decorator.py
[2025-06-23T05:53:55.994+0000] {processor.py:830} INFO - Processing file /home/airflow/.local/lib/python3.12/site-packages/airflow/example_dags/example_python_decorator.py for tasks to queue
[2025-06-23T05:53:55.999+0000] {logging_mixin.py:188} INFO - [2025-06-23T05:53:55.998+0000] {dagbag.py:545} INFO - Filling up the DagBag from /home/airflow/.local/lib/python3.12/site-packages/airflow/example_dags/example_python_decorator.py
[2025-06-23T05:53:56.028+0000] {processor.py:840} INFO - DAG(s) 'example_python_decorator' retrieved from /home/airflow/.local/lib/python3.12/site-packages/airflow/example_dags/example_python_decorator.py
[2025-06-23T05:53:56.220+0000] {logging_mixin.py:188} INFO - [2025-06-23T05:53:56.216+0000] {dag.py:3089} INFO - Sync 1 DAGs
[2025-06-23T05:53:56.447+0000] {logging_mixin.py:188} INFO - [2025-06-23T05:53:56.442+0000] {dag.py:3947} INFO - Setting next_dagrun for example_python_decorator to None, run_after=None
[2025-06-23T05:53:56.800+0000] {processor.py:183} INFO - Processing /home/airflow/.local/lib/python3.12/site-packages/airflow/example_dags/example_python_decorator.py took 0.824 seconds
[2025-06-23T05:54:27.220+0000] {processor.py:161} INFO - Started process (PID=429) to work on /home/airflow/.local/lib/python3.12/site-packages/airflow/example_dags/example_python_decorator.py
[2025-06-23T05:54:27.223+0000] {processor.py:830} INFO - Processing file /home/airflow/.local/lib/python3.12/site-packages/airflow/example_dags/example_python_decorator.py for tasks to queue
[2025-06-23T05:54:27.228+0000] {logging_mixin.py:188} INFO - [2025-06-23T05:54:27.226+0000] {dagbag.py:545} INFO - Filling up the DagBag from /home/airflow/.local/lib/python3.12/site-packages/airflow/example_dags/example_python_decorator.py
[2025-06-23T05:54:27.250+0000] {processor.py:840} INFO - DAG(s) 'example_python_decorator' retrieved from /home/airflow/.local/lib/python3.12/site-packages/airflow/example_dags/example_python_decorator.py
[2025-06-23T05:54:27.288+0000] {logging_mixin.py:188} INFO - [2025-06-23T05:54:27.288+0000] {dag.py:3089} INFO - Sync 1 DAGs
[2025-06-23T05:54:27.309+0000] {logging_mixin.py:188} INFO - [2025-06-23T05:54:27.309+0000] {dag.py:3947} INFO - Setting next_dagrun for example_python_decorator to None, run_after=None
[2025-06-23T05:54:27.343+0000] {processor.py:183} INFO - Processing /home/airflow/.local/lib/python3.12/site-packages/airflow/example_dags/example_python_decorator.py took 0.147 seconds
[2025-06-23T05:54:57.536+0000] {processor.py:161} INFO - Started process (PID=489) to work on /home/airflow/.local/lib/python3.12/site-packages/airflow/example_dags/example_python_decorator.py
[2025-06-23T05:54:57.541+0000] {processor.py:830} INFO - Processing file /home/airflow/.local/lib/python3.12/site-packages/airflow/example_dags/example_python_decorator.py for tasks to queue
[2025-06-23T05:54:57.551+0000] {logging_mixin.py:188} INFO - [2025-06-23T05:54:57.550+0000] {dagbag.py:545} INFO - Filling up the DagBag from /home/airflow/.local/lib/python3.12/site-packages/airflow/example_dags/example_python_decorator.py
[2025-06-23T05:54:57.645+0000] {processor.py:840} INFO - DAG(s) 'example_python_decorator' retrieved from /home/airflow/.local/lib/python3.12/site-packages/airflow/example_dags/example_python_decorator.py
[2025-06-23T05:54:57.793+0000] {logging_mixin.py:188} INFO - [2025-06-23T05:54:57.792+0000] {dag.py:3089} INFO - Sync 1 DAGs
[2025-06-23T05:54:57.988+0000] {logging_mixin.py:188} INFO - [2025-06-23T05:54:57.987+0000] {dag.py:3947} INFO - Setting next_dagrun for example_python_decorator to None, run_after=None
[2025-06-23T05:54:58.409+0000] {processor.py:183} INFO - Processing /home/airflow/.local/lib/python3.12/site-packages/airflow/example_dags/example_python_decorator.py took 0.941 seconds
[2025-06-23T05:55:30.392+0000] {processor.py:161} INFO - Started process (PID=547) to work on /home/airflow/.local/lib/python3.12/site-packages/airflow/example_dags/example_python_decorator.py
[2025-06-23T05:55:30.395+0000] {processor.py:830} INFO - Processing file /home/airflow/.local/lib/python3.12/site-packages/airflow/example_dags/example_python_decorator.py for tasks to queue
[2025-06-23T05:55:30.399+0000] {logging_mixin.py:188} INFO - [2025-06-23T05:55:30.399+0000] {dagbag.py:545} INFO - Filling up the DagBag from /home/airflow/.local/lib/python3.12/site-packages/airflow/example_dags/example_python_decorator.py
[2025-06-23T05:55:30.436+0000] {processor.py:840} INFO - DAG(s) 'example_python_decorator' retrieved from /home/airflow/.local/lib/python3.12/site-packages/airflow/example_dags/example_python_decorator.py
[2025-06-23T05:55:30.500+0000] {logging_mixin.py:188} INFO - [2025-06-23T05:55:30.498+0000] {dag.py:3089} INFO - Sync 1 DAGs
[2025-06-23T05:55:30.547+0000] {logging_mixin.py:188} INFO - [2025-06-23T05:55:30.546+0000] {dag.py:3947} INFO - Setting next_dagrun for example_python_decorator to None, run_after=None
[2025-06-23T05:55:30.608+0000] {processor.py:183} INFO - Processing /home/airflow/.local/lib/python3.12/site-packages/airflow/example_dags/example_python_decorator.py took 0.228 seconds
[2025-06-23T05:56:01.546+0000] {processor.py:161} INFO - Started process (PID=608) to work on /home/airflow/.local/lib/python3.12/site-packages/airflow/example_dags/example_python_decorator.py
[2025-06-23T05:56:01.548+0000] {processor.py:830} INFO - Processing file /home/airflow/.local/lib/python3.12/site-packages/airflow/example_dags/example_python_decorator.py for tasks to queue
[2025-06-23T05:56:01.551+0000] {logging_mixin.py:188} INFO - [2025-06-23T05:56:01.551+0000] {dagbag.py:545} INFO - Filling up the DagBag from /home/airflow/.local/lib/python3.12/site-packages/airflow/example_dags/example_python_decorator.py
[2025-06-23T05:56:01.575+0000] {processor.py:840} INFO - DAG(s) 'example_python_decorator' retrieved from /home/airflow/.local/lib/python3.12/site-packages/airflow/example_dags/example_python_decorator.py
[2025-06-23T05:56:01.614+0000] {logging_mixin.py:188} INFO - [2025-06-23T05:56:01.613+0000] {dag.py:3089} INFO - Sync 1 DAGs
[2025-06-23T05:56:01.638+0000] {logging_mixin.py:188} INFO - [2025-06-23T05:56:01.638+0000] {dag.py:3947} INFO - Setting next_dagrun for example_python_decorator to None, run_after=None
[2025-06-23T05:56:01.678+0000] {processor.py:183} INFO - Processing /home/airflow/.local/lib/python3.12/site-packages/airflow/example_dags/example_python_decorator.py took 0.142 seconds
[2025-06-23T05:56:32.492+0000] {processor.py:161} INFO - Started process (PID=668) to work on /home/airflow/.local/lib/python3.12/site-packages/airflow/example_dags/example_python_decorator.py
[2025-06-23T05:56:32.504+0000] {processor.py:830} INFO - Processing file /home/airflow/.local/lib/python3.12/site-packages/airflow/example_dags/example_python_decorator.py for tasks to queue
[2025-06-23T05:56:32.514+0000] {logging_mixin.py:188} INFO - [2025-06-23T05:56:32.511+0000] {dagbag.py:545} INFO - Filling up the DagBag from /home/airflow/.local/lib/python3.12/site-packages/airflow/example_dags/example_python_decorator.py
[2025-06-23T05:56:32.604+0000] {processor.py:840} INFO - DAG(s) 'example_python_decorator' retrieved from /home/airflow/.local/lib/python3.12/site-packages/airflow/example_dags/example_python_decorator.py
[2025-06-23T05:56:32.762+0000] {logging_mixin.py:188} INFO - [2025-06-23T05:56:32.761+0000] {dag.py:3089} INFO - Sync 1 DAGs
[2025-06-23T05:56:32.816+0000] {logging_mixin.py:188} INFO - [2025-06-23T05:56:32.814+0000] {dag.py:3947} INFO - Setting next_dagrun for example_python_decorator to None, run_after=None
[2025-06-23T05:56:32.892+0000] {processor.py:183} INFO - Processing /home/airflow/.local/lib/python3.12/site-packages/airflow/example_dags/example_python_decorator.py took 0.430 seconds
[2025-06-23T05:57:03.480+0000] {processor.py:161} INFO - Started process (PID=729) to work on /home/airflow/.local/lib/python3.12/site-packages/airflow/example_dags/example_python_decorator.py
[2025-06-23T05:57:03.499+0000] {processor.py:830} INFO - Processing file /home/airflow/.local/lib/python3.12/site-packages/airflow/example_dags/example_python_decorator.py for tasks to queue
[2025-06-23T05:57:03.530+0000] {logging_mixin.py:188} INFO - [2025-06-23T05:57:03.529+0000] {dagbag.py:545} INFO - Filling up the DagBag from /home/airflow/.local/lib/python3.12/site-packages/airflow/example_dags/example_python_decorator.py
[2025-06-23T05:57:03.724+0000] {processor.py:840} INFO - DAG(s) 'example_python_decorator' retrieved from /home/airflow/.local/lib/python3.12/site-packages/airflow/example_dags/example_python_decorator.py
[2025-06-23T05:57:04.112+0000] {logging_mixin.py:188} INFO - [2025-06-23T05:57:04.098+0000] {dag.py:3089} INFO - Sync 1 DAGs
[2025-06-23T05:57:04.411+0000] {logging_mixin.py:188} INFO - [2025-06-23T05:57:04.409+0000] {dag.py:3947} INFO - Setting next_dagrun for example_python_decorator to None, run_after=None
[2025-06-23T05:57:04.880+0000] {processor.py:183} INFO - Processing /home/airflow/.local/lib/python3.12/site-packages/airflow/example_dags/example_python_decorator.py took 1.498 seconds
[2025-06-23T05:57:35.225+0000] {processor.py:161} INFO - Started process (PID=795) to work on /home/airflow/.local/lib/python3.12/site-packages/airflow/example_dags/example_python_decorator.py
[2025-06-23T05:57:35.227+0000] {processor.py:830} INFO - Processing file /home/airflow/.local/lib/python3.12/site-packages/airflow/example_dags/example_python_decorator.py for tasks to queue
[2025-06-23T05:57:35.231+0000] {logging_mixin.py:188} INFO - [2025-06-23T05:57:35.230+0000] {dagbag.py:545} INFO - Filling up the DagBag from /home/airflow/.local/lib/python3.12/site-packages/airflow/example_dags/example_python_decorator.py
[2025-06-23T05:57:35.254+0000] {processor.py:840} INFO - DAG(s) 'example_python_decorator' retrieved from /home/airflow/.local/lib/python3.12/site-packages/airflow/example_dags/example_python_decorator.py
[2025-06-23T05:57:35.297+0000] {logging_mixin.py:188} INFO - [2025-06-23T05:57:35.297+0000] {dag.py:3089} INFO - Sync 1 DAGs
[2025-06-23T05:57:35.320+0000] {logging_mixin.py:188} INFO - [2025-06-23T05:57:35.320+0000] {dag.py:3947} INFO - Setting next_dagrun for example_python_decorator to None, run_after=None
[2025-06-23T05:57:35.353+0000] {processor.py:183} INFO - Processing /home/airflow/.local/lib/python3.12/site-packages/airflow/example_dags/example_python_decorator.py took 0.139 seconds
[2025-06-23T05:58:06.261+0000] {processor.py:161} INFO - Started process (PID=855) to work on /home/airflow/.local/lib/python3.12/site-packages/airflow/example_dags/example_python_decorator.py
[2025-06-23T05:58:06.271+0000] {processor.py:830} INFO - Processing file /home/airflow/.local/lib/python3.12/site-packages/airflow/example_dags/example_python_decorator.py for tasks to queue
[2025-06-23T05:58:06.288+0000] {logging_mixin.py:188} INFO - [2025-06-23T05:58:06.287+0000] {dagbag.py:545} INFO - Filling up the DagBag from /home/airflow/.local/lib/python3.12/site-packages/airflow/example_dags/example_python_decorator.py
[2025-06-23T05:58:06.359+0000] {processor.py:840} INFO - DAG(s) 'example_python_decorator' retrieved from /home/airflow/.local/lib/python3.12/site-packages/airflow/example_dags/example_python_decorator.py
[2025-06-23T05:58:06.464+0000] {logging_mixin.py:188} INFO - [2025-06-23T05:58:06.463+0000] {dag.py:3089} INFO - Sync 1 DAGs
[2025-06-23T05:58:06.525+0000] {logging_mixin.py:188} INFO - [2025-06-23T05:58:06.524+0000] {dag.py:3947} INFO - Setting next_dagrun for example_python_decorator to None, run_after=None
[2025-06-23T05:58:06.756+0000] {processor.py:183} INFO - Processing /home/airflow/.local/lib/python3.12/site-packages/airflow/example_dags/example_python_decorator.py took 0.514 seconds
[2025-06-23T05:58:37.634+0000] {processor.py:161} INFO - Started process (PID=923) to work on /home/airflow/.local/lib/python3.12/site-packages/airflow/example_dags/example_python_decorator.py
[2025-06-23T05:58:37.640+0000] {processor.py:830} INFO - Processing file /home/airflow/.local/lib/python3.12/site-packages/airflow/example_dags/example_python_decorator.py for tasks to queue
[2025-06-23T05:58:37.651+0000] {logging_mixin.py:188} INFO - [2025-06-23T05:58:37.651+0000] {dagbag.py:545} INFO - Filling up the DagBag from /home/airflow/.local/lib/python3.12/site-packages/airflow/example_dags/example_python_decorator.py
[2025-06-23T05:58:37.783+0000] {processor.py:840} INFO - DAG(s) 'example_python_decorator' retrieved from /home/airflow/.local/lib/python3.12/site-packages/airflow/example_dags/example_python_decorator.py
[2025-06-23T05:58:38.076+0000] {logging_mixin.py:188} INFO - [2025-06-23T05:58:38.075+0000] {dag.py:3089} INFO - Sync 1 DAGs
[2025-06-23T05:58:38.175+0000] {logging_mixin.py:188} INFO - [2025-06-23T05:58:38.174+0000] {dag.py:3947} INFO - Setting next_dagrun for example_python_decorator to None, run_after=None
[2025-06-23T05:58:38.224+0000] {processor.py:183} INFO - Processing /home/airflow/.local/lib/python3.12/site-packages/airflow/example_dags/example_python_decorator.py took 0.661 seconds
[2025-06-23T05:59:10.623+0000] {processor.py:161} INFO - Started process (PID=983) to work on /home/airflow/.local/lib/python3.12/site-packages/airflow/example_dags/example_python_decorator.py
[2025-06-23T05:59:10.629+0000] {processor.py:830} INFO - Processing file /home/airflow/.local/lib/python3.12/site-packages/airflow/example_dags/example_python_decorator.py for tasks to queue
[2025-06-23T05:59:10.636+0000] {logging_mixin.py:188} INFO - [2025-06-23T05:59:10.634+0000] {dagbag.py:545} INFO - Filling up the DagBag from /home/airflow/.local/lib/python3.12/site-packages/airflow/example_dags/example_python_decorator.py
[2025-06-23T05:59:10.696+0000] {processor.py:840} INFO - DAG(s) 'example_python_decorator' retrieved from /home/airflow/.local/lib/python3.12/site-packages/airflow/example_dags/example_python_decorator.py
[2025-06-23T05:59:10.774+0000] {logging_mixin.py:188} INFO - [2025-06-23T05:59:10.774+0000] {dag.py:3089} INFO - Sync 1 DAGs
[2025-06-23T05:59:10.818+0000] {logging_mixin.py:188} INFO - [2025-06-23T05:59:10.817+0000] {dag.py:3947} INFO - Setting next_dagrun for example_python_decorator to None, run_after=None
[2025-06-23T05:59:10.888+0000] {processor.py:183} INFO - Processing /home/airflow/.local/lib/python3.12/site-packages/airflow/example_dags/example_python_decorator.py took 0.290 seconds
[2025-06-23T05:59:42.525+0000] {processor.py:161} INFO - Started process (PID=1042) to work on /home/airflow/.local/lib/python3.12/site-packages/airflow/example_dags/example_python_decorator.py
[2025-06-23T05:59:42.529+0000] {processor.py:830} INFO - Processing file /home/airflow/.local/lib/python3.12/site-packages/airflow/example_dags/example_python_decorator.py for tasks to queue
[2025-06-23T05:59:42.536+0000] {logging_mixin.py:188} INFO - [2025-06-23T05:59:42.535+0000] {dagbag.py:545} INFO - Filling up the DagBag from /home/airflow/.local/lib/python3.12/site-packages/airflow/example_dags/example_python_decorator.py
[2025-06-23T05:59:42.579+0000] {processor.py:840} INFO - DAG(s) 'example_python_decorator' retrieved from /home/airflow/.local/lib/python3.12/site-packages/airflow/example_dags/example_python_decorator.py
[2025-06-23T05:59:42.655+0000] {logging_mixin.py:188} INFO - [2025-06-23T05:59:42.654+0000] {dag.py:3089} INFO - Sync 1 DAGs
[2025-06-23T05:59:42.691+0000] {logging_mixin.py:188} INFO - [2025-06-23T05:59:42.691+0000] {dag.py:3947} INFO - Setting next_dagrun for example_python_decorator to None, run_after=None
[2025-06-23T05:59:42.786+0000] {processor.py:183} INFO - Processing /home/airflow/.local/lib/python3.12/site-packages/airflow/example_dags/example_python_decorator.py took 0.278 seconds
[2025-06-23T06:00:19.057+0000] {processor.py:161} INFO - Started process (PID=1101) to work on /home/airflow/.local/lib/python3.12/site-packages/airflow/example_dags/example_python_decorator.py
[2025-06-23T06:00:19.062+0000] {processor.py:830} INFO - Processing file /home/airflow/.local/lib/python3.12/site-packages/airflow/example_dags/example_python_decorator.py for tasks to queue
[2025-06-23T06:00:19.069+0000] {logging_mixin.py:188} INFO - [2025-06-23T06:00:19.068+0000] {dagbag.py:545} INFO - Filling up the DagBag from /home/airflow/.local/lib/python3.12/site-packages/airflow/example_dags/example_python_decorator.py
[2025-06-23T06:00:19.315+0000] {processor.py:840} INFO - DAG(s) 'example_python_decorator' retrieved from /home/airflow/.local/lib/python3.12/site-packages/airflow/example_dags/example_python_decorator.py
[2025-06-23T06:00:19.595+0000] {logging_mixin.py:188} INFO - [2025-06-23T06:00:19.594+0000] {dag.py:3089} INFO - Sync 1 DAGs
[2025-06-23T06:00:19.672+0000] {logging_mixin.py:188} INFO - [2025-06-23T06:00:19.671+0000] {dag.py:3947} INFO - Setting next_dagrun for example_python_decorator to None, run_after=None
[2025-06-23T06:00:19.794+0000] {processor.py:183} INFO - Processing /home/airflow/.local/lib/python3.12/site-packages/airflow/example_dags/example_python_decorator.py took 0.757 seconds
[2025-06-23T06:00:50.536+0000] {processor.py:161} INFO - Started process (PID=1161) to work on /home/airflow/.local/lib/python3.12/site-packages/airflow/example_dags/example_python_decorator.py
[2025-06-23T06:00:50.538+0000] {processor.py:830} INFO - Processing file /home/airflow/.local/lib/python3.12/site-packages/airflow/example_dags/example_python_decorator.py for tasks to queue
[2025-06-23T06:00:50.542+0000] {logging_mixin.py:188} INFO - [2025-06-23T06:00:50.542+0000] {dagbag.py:545} INFO - Filling up the DagBag from /home/airflow/.local/lib/python3.12/site-packages/airflow/example_dags/example_python_decorator.py
[2025-06-23T06:00:50.574+0000] {processor.py:840} INFO - DAG(s) 'example_python_decorator' retrieved from /home/airflow/.local/lib/python3.12/site-packages/airflow/example_dags/example_python_decorator.py
[2025-06-23T06:00:50.634+0000] {logging_mixin.py:188} INFO - [2025-06-23T06:00:50.633+0000] {dag.py:3089} INFO - Sync 1 DAGs
[2025-06-23T06:00:50.687+0000] {logging_mixin.py:188} INFO - [2025-06-23T06:00:50.687+0000] {dag.py:3947} INFO - Setting next_dagrun for example_python_decorator to None, run_after=None
[2025-06-23T06:00:50.752+0000] {processor.py:183} INFO - Processing /home/airflow/.local/lib/python3.12/site-packages/airflow/example_dags/example_python_decorator.py took 0.228 seconds
[2025-06-23T06:01:21.694+0000] {processor.py:161} INFO - Started process (PID=1221) to work on /home/airflow/.local/lib/python3.12/site-packages/airflow/example_dags/example_python_decorator.py
[2025-06-23T06:01:21.696+0000] {processor.py:830} INFO - Processing file /home/airflow/.local/lib/python3.12/site-packages/airflow/example_dags/example_python_decorator.py for tasks to queue
[2025-06-23T06:01:21.701+0000] {logging_mixin.py:188} INFO - [2025-06-23T06:01:21.700+0000] {dagbag.py:545} INFO - Filling up the DagBag from /home/airflow/.local/lib/python3.12/site-packages/airflow/example_dags/example_python_decorator.py
[2025-06-23T06:01:21.727+0000] {processor.py:840} INFO - DAG(s) 'example_python_decorator' retrieved from /home/airflow/.local/lib/python3.12/site-packages/airflow/example_dags/example_python_decorator.py
[2025-06-23T06:01:21.785+0000] {logging_mixin.py:188} INFO - [2025-06-23T06:01:21.784+0000] {dag.py:3089} INFO - Sync 1 DAGs
[2025-06-23T06:01:21.819+0000] {logging_mixin.py:188} INFO - [2025-06-23T06:01:21.818+0000] {dag.py:3947} INFO - Setting next_dagrun for example_python_decorator to None, run_after=None
[2025-06-23T06:01:21.873+0000] {processor.py:183} INFO - Processing /home/airflow/.local/lib/python3.12/site-packages/airflow/example_dags/example_python_decorator.py took 0.189 seconds
[2025-06-23T06:01:52.095+0000] {processor.py:161} INFO - Started process (PID=1282) to work on /home/airflow/.local/lib/python3.12/site-packages/airflow/example_dags/example_python_decorator.py
[2025-06-23T06:01:52.097+0000] {processor.py:830} INFO - Processing file /home/airflow/.local/lib/python3.12/site-packages/airflow/example_dags/example_python_decorator.py for tasks to queue
[2025-06-23T06:01:52.102+0000] {logging_mixin.py:188} INFO - [2025-06-23T06:01:52.102+0000] {dagbag.py:545} INFO - Filling up the DagBag from /home/airflow/.local/lib/python3.12/site-packages/airflow/example_dags/example_python_decorator.py
[2025-06-23T06:01:52.129+0000] {processor.py:840} INFO - DAG(s) 'example_python_decorator' retrieved from /home/airflow/.local/lib/python3.12/site-packages/airflow/example_dags/example_python_decorator.py
[2025-06-23T06:01:52.179+0000] {logging_mixin.py:188} INFO - [2025-06-23T06:01:52.179+0000] {dag.py:3089} INFO - Sync 1 DAGs
[2025-06-23T06:01:52.213+0000] {logging_mixin.py:188} INFO - [2025-06-23T06:01:52.212+0000] {dag.py:3947} INFO - Setting next_dagrun for example_python_decorator to None, run_after=None
[2025-06-23T06:01:52.313+0000] {processor.py:183} INFO - Processing /home/airflow/.local/lib/python3.12/site-packages/airflow/example_dags/example_python_decorator.py took 0.229 seconds
[2025-06-23T06:02:23.053+0000] {processor.py:161} INFO - Started process (PID=1342) to work on /home/airflow/.local/lib/python3.12/site-packages/airflow/example_dags/example_python_decorator.py
[2025-06-23T06:02:23.066+0000] {processor.py:830} INFO - Processing file /home/airflow/.local/lib/python3.12/site-packages/airflow/example_dags/example_python_decorator.py for tasks to queue
[2025-06-23T06:02:23.078+0000] {logging_mixin.py:188} INFO - [2025-06-23T06:02:23.077+0000] {dagbag.py:545} INFO - Filling up the DagBag from /home/airflow/.local/lib/python3.12/site-packages/airflow/example_dags/example_python_decorator.py
[2025-06-23T06:02:23.142+0000] {processor.py:840} INFO - DAG(s) 'example_python_decorator' retrieved from /home/airflow/.local/lib/python3.12/site-packages/airflow/example_dags/example_python_decorator.py
[2025-06-23T06:02:23.210+0000] {logging_mixin.py:188} INFO - [2025-06-23T06:02:23.210+0000] {dag.py:3089} INFO - Sync 1 DAGs
[2025-06-23T06:02:23.247+0000] {logging_mixin.py:188} INFO - [2025-06-23T06:02:23.246+0000] {dag.py:3947} INFO - Setting next_dagrun for example_python_decorator to None, run_after=None
[2025-06-23T06:02:23.299+0000] {processor.py:183} INFO - Processing /home/airflow/.local/lib/python3.12/site-packages/airflow/example_dags/example_python_decorator.py took 0.284 seconds
[2025-06-23T06:02:53.728+0000] {processor.py:161} INFO - Started process (PID=1402) to work on /home/airflow/.local/lib/python3.12/site-packages/airflow/example_dags/example_python_decorator.py
[2025-06-23T06:02:53.732+0000] {processor.py:830} INFO - Processing file /home/airflow/.local/lib/python3.12/site-packages/airflow/example_dags/example_python_decorator.py for tasks to queue
[2025-06-23T06:02:53.741+0000] {logging_mixin.py:188} INFO - [2025-06-23T06:02:53.740+0000] {dagbag.py:545} INFO - Filling up the DagBag from /home/airflow/.local/lib/python3.12/site-packages/airflow/example_dags/example_python_decorator.py
[2025-06-23T06:02:53.781+0000] {processor.py:840} INFO - DAG(s) 'example_python_decorator' retrieved from /home/airflow/.local/lib/python3.12/site-packages/airflow/example_dags/example_python_decorator.py
[2025-06-23T06:02:53.881+0000] {logging_mixin.py:188} INFO - [2025-06-23T06:02:53.880+0000] {dag.py:3089} INFO - Sync 1 DAGs
[2025-06-23T06:02:53.987+0000] {logging_mixin.py:188} INFO - [2025-06-23T06:02:53.987+0000] {dag.py:3947} INFO - Setting next_dagrun for example_python_decorator to None, run_after=None
[2025-06-23T06:02:54.099+0000] {processor.py:183} INFO - Processing /home/airflow/.local/lib/python3.12/site-packages/airflow/example_dags/example_python_decorator.py took 0.392 seconds
[2025-06-23T06:03:24.349+0000] {processor.py:161} INFO - Started process (PID=1461) to work on /home/airflow/.local/lib/python3.12/site-packages/airflow/example_dags/example_python_decorator.py
[2025-06-23T06:03:24.359+0000] {processor.py:830} INFO - Processing file /home/airflow/.local/lib/python3.12/site-packages/airflow/example_dags/example_python_decorator.py for tasks to queue
[2025-06-23T06:03:24.367+0000] {logging_mixin.py:188} INFO - [2025-06-23T06:03:24.366+0000] {dagbag.py:545} INFO - Filling up the DagBag from /home/airflow/.local/lib/python3.12/site-packages/airflow/example_dags/example_python_decorator.py
[2025-06-23T06:03:24.441+0000] {processor.py:840} INFO - DAG(s) 'example_python_decorator' retrieved from /home/airflow/.local/lib/python3.12/site-packages/airflow/example_dags/example_python_decorator.py
[2025-06-23T06:03:24.571+0000] {logging_mixin.py:188} INFO - [2025-06-23T06:03:24.570+0000] {dag.py:3089} INFO - Sync 1 DAGs
[2025-06-23T06:03:24.621+0000] {logging_mixin.py:188} INFO - [2025-06-23T06:03:24.620+0000] {dag.py:3947} INFO - Setting next_dagrun for example_python_decorator to None, run_after=None
[2025-06-23T06:03:24.724+0000] {processor.py:183} INFO - Processing /home/airflow/.local/lib/python3.12/site-packages/airflow/example_dags/example_python_decorator.py took 0.400 seconds
[2025-06-23T06:03:56.815+0000] {processor.py:161} INFO - Started process (PID=1522) to work on /home/airflow/.local/lib/python3.12/site-packages/airflow/example_dags/example_python_decorator.py
[2025-06-23T06:03:56.819+0000] {processor.py:830} INFO - Processing file /home/airflow/.local/lib/python3.12/site-packages/airflow/example_dags/example_python_decorator.py for tasks to queue
[2025-06-23T06:03:56.833+0000] {logging_mixin.py:188} INFO - [2025-06-23T06:03:56.833+0000] {dagbag.py:545} INFO - Filling up the DagBag from /home/airflow/.local/lib/python3.12/site-packages/airflow/example_dags/example_python_decorator.py
[2025-06-23T06:03:56.907+0000] {processor.py:840} INFO - DAG(s) 'example_python_decorator' retrieved from /home/airflow/.local/lib/python3.12/site-packages/airflow/example_dags/example_python_decorator.py
[2025-06-23T06:03:57.061+0000] {logging_mixin.py:188} INFO - [2025-06-23T06:03:57.061+0000] {dag.py:3089} INFO - Sync 1 DAGs
[2025-06-23T06:03:57.141+0000] {logging_mixin.py:188} INFO - [2025-06-23T06:03:57.141+0000] {dag.py:3947} INFO - Setting next_dagrun for example_python_decorator to None, run_after=None
[2025-06-23T06:03:57.332+0000] {processor.py:183} INFO - Processing /home/airflow/.local/lib/python3.12/site-packages/airflow/example_dags/example_python_decorator.py took 0.540 seconds
[2025-06-23T06:04:28.348+0000] {processor.py:161} INFO - Started process (PID=1581) to work on /home/airflow/.local/lib/python3.12/site-packages/airflow/example_dags/example_python_decorator.py
[2025-06-23T06:04:28.361+0000] {processor.py:830} INFO - Processing file /home/airflow/.local/lib/python3.12/site-packages/airflow/example_dags/example_python_decorator.py for tasks to queue
[2025-06-23T06:04:28.377+0000] {logging_mixin.py:188} INFO - [2025-06-23T06:04:28.376+0000] {dagbag.py:545} INFO - Filling up the DagBag from /home/airflow/.local/lib/python3.12/site-packages/airflow/example_dags/example_python_decorator.py
[2025-06-23T06:04:28.855+0000] {processor.py:840} INFO - DAG(s) 'example_python_decorator' retrieved from /home/airflow/.local/lib/python3.12/site-packages/airflow/example_dags/example_python_decorator.py
[2025-06-23T06:04:29.799+0000] {logging_mixin.py:188} INFO - [2025-06-23T06:04:29.798+0000] {dag.py:3089} INFO - Sync 1 DAGs
[2025-06-23T06:04:30.064+0000] {logging_mixin.py:188} INFO - [2025-06-23T06:04:30.063+0000] {dag.py:3947} INFO - Setting next_dagrun for example_python_decorator to None, run_after=None
[2025-06-23T06:04:30.205+0000] {processor.py:183} INFO - Processing /home/airflow/.local/lib/python3.12/site-packages/airflow/example_dags/example_python_decorator.py took 1.912 seconds
