[2025-06-23T05:51:42.875+0000] {processor.py:161} INFO - Started process (PID=122) to work on /home/airflow/.local/lib/python3.12/site-packages/airflow/example_dags/example_display_name.py
[2025-06-23T05:51:42.877+0000] {processor.py:830} INFO - Processing file /home/airflow/.local/lib/python3.12/site-packages/airflow/example_dags/example_display_name.py for tasks to queue
[2025-06-23T05:51:42.882+0000] {logging_mixin.py:188} INFO - [2025-06-23T05:51:42.881+0000] {dagbag.py:545} INFO - Filling up the DagBag from /home/airflow/.local/lib/python3.12/site-packages/airflow/example_dags/example_display_name.py
[2025-06-23T05:51:42.895+0000] {processor.py:840} INFO - DAG(s) 'example_display_name' retrieved from /home/airflow/.local/lib/python3.12/site-packages/airflow/example_dags/example_display_name.py
[2025-06-23T05:51:43.179+0000] {logging_mixin.py:188} INFO - [2025-06-23T05:51:43.178+0000] {dag.py:3089} INFO - Sync 1 DAGs
[2025-06-23T05:51:43.220+0000] {logging_mixin.py:188} INFO - [2025-06-23T05:51:43.219+0000] {dag.py:3947} INFO - Setting next_dagrun for example_display_name to None, run_after=None
[2025-06-23T05:51:43.269+0000] {processor.py:183} INFO - Processing /home/airflow/.local/lib/python3.12/site-packages/airflow/example_dags/example_display_name.py took 0.408 seconds
[2025-06-23T05:52:13.835+0000] {processor.py:161} INFO - Started process (PID=182) to work on /home/airflow/.local/lib/python3.12/site-packages/airflow/example_dags/example_display_name.py
[2025-06-23T05:52:13.844+0000] {processor.py:830} INFO - Processing file /home/airflow/.local/lib/python3.12/site-packages/airflow/example_dags/example_display_name.py for tasks to queue
[2025-06-23T05:52:13.849+0000] {logging_mixin.py:188} INFO - [2025-06-23T05:52:13.848+0000] {dagbag.py:545} INFO - Filling up the DagBag from /home/airflow/.local/lib/python3.12/site-packages/airflow/example_dags/example_display_name.py
[2025-06-23T05:52:13.867+0000] {processor.py:840} INFO - DAG(s) 'example_display_name' retrieved from /home/airflow/.local/lib/python3.12/site-packages/airflow/example_dags/example_display_name.py
[2025-06-23T05:52:14.017+0000] {logging_mixin.py:188} INFO - [2025-06-23T05:52:14.016+0000] {dag.py:3089} INFO - Sync 1 DAGs
[2025-06-23T05:52:14.129+0000] {logging_mixin.py:188} INFO - [2025-06-23T05:52:14.128+0000] {dag.py:3947} INFO - Setting next_dagrun for example_display_name to None, run_after=None
[2025-06-23T05:52:14.269+0000] {processor.py:183} INFO - Processing /home/airflow/.local/lib/python3.12/site-packages/airflow/example_dags/example_display_name.py took 0.447 seconds
[2025-06-23T05:52:45.512+0000] {processor.py:161} INFO - Started process (PID=243) to work on /home/airflow/.local/lib/python3.12/site-packages/airflow/example_dags/example_display_name.py
[2025-06-23T05:52:45.516+0000] {processor.py:830} INFO - Processing file /home/airflow/.local/lib/python3.12/site-packages/airflow/example_dags/example_display_name.py for tasks to queue
[2025-06-23T05:52:45.524+0000] {logging_mixin.py:188} INFO - [2025-06-23T05:52:45.522+0000] {dagbag.py:545} INFO - Filling up the DagBag from /home/airflow/.local/lib/python3.12/site-packages/airflow/example_dags/example_display_name.py
[2025-06-23T05:52:45.556+0000] {processor.py:840} INFO - DAG(s) 'example_display_name' retrieved from /home/airflow/.local/lib/python3.12/site-packages/airflow/example_dags/example_display_name.py
[2025-06-23T05:52:45.645+0000] {logging_mixin.py:188} INFO - [2025-06-23T05:52:45.644+0000] {dag.py:3089} INFO - Sync 1 DAGs
[2025-06-23T05:52:45.737+0000] {logging_mixin.py:188} INFO - [2025-06-23T05:52:45.736+0000] {dag.py:3947} INFO - Setting next_dagrun for example_display_name to None, run_after=None
[2025-06-23T05:52:45.891+0000] {processor.py:183} INFO - Processing /home/airflow/.local/lib/python3.12/site-packages/airflow/example_dags/example_display_name.py took 0.411 seconds
[2025-06-23T05:53:16.380+0000] {processor.py:161} INFO - Started process (PID=303) to work on /home/airflow/.local/lib/python3.12/site-packages/airflow/example_dags/example_display_name.py
[2025-06-23T05:53:16.382+0000] {processor.py:830} INFO - Processing file /home/airflow/.local/lib/python3.12/site-packages/airflow/example_dags/example_display_name.py for tasks to queue
[2025-06-23T05:53:16.386+0000] {logging_mixin.py:188} INFO - [2025-06-23T05:53:16.385+0000] {dagbag.py:545} INFO - Filling up the DagBag from /home/airflow/.local/lib/python3.12/site-packages/airflow/example_dags/example_display_name.py
[2025-06-23T05:53:16.396+0000] {processor.py:840} INFO - DAG(s) 'example_display_name' retrieved from /home/airflow/.local/lib/python3.12/site-packages/airflow/example_dags/example_display_name.py
[2025-06-23T05:53:16.428+0000] {logging_mixin.py:188} INFO - [2025-06-23T05:53:16.427+0000] {dag.py:3089} INFO - Sync 1 DAGs
[2025-06-23T05:53:16.450+0000] {logging_mixin.py:188} INFO - [2025-06-23T05:53:16.450+0000] {dag.py:3947} INFO - Setting next_dagrun for example_display_name to None, run_after=None
[2025-06-23T05:53:16.493+0000] {processor.py:183} INFO - Processing /home/airflow/.local/lib/python3.12/site-packages/airflow/example_dags/example_display_name.py took 0.122 seconds
[2025-06-23T05:53:57.903+0000] {processor.py:161} INFO - Started process (PID=373) to work on /home/airflow/.local/lib/python3.12/site-packages/airflow/example_dags/example_display_name.py
[2025-06-23T05:53:57.907+0000] {processor.py:830} INFO - Processing file /home/airflow/.local/lib/python3.12/site-packages/airflow/example_dags/example_display_name.py for tasks to queue
[2025-06-23T05:53:57.912+0000] {logging_mixin.py:188} INFO - [2025-06-23T05:53:57.911+0000] {dagbag.py:545} INFO - Filling up the DagBag from /home/airflow/.local/lib/python3.12/site-packages/airflow/example_dags/example_display_name.py
[2025-06-23T05:53:57.924+0000] {processor.py:840} INFO - DAG(s) 'example_display_name' retrieved from /home/airflow/.local/lib/python3.12/site-packages/airflow/example_dags/example_display_name.py
[2025-06-23T05:53:57.977+0000] {logging_mixin.py:188} INFO - [2025-06-23T05:53:57.976+0000] {dag.py:3089} INFO - Sync 1 DAGs
[2025-06-23T05:53:58.007+0000] {logging_mixin.py:188} INFO - [2025-06-23T05:53:58.007+0000] {dag.py:3947} INFO - Setting next_dagrun for example_display_name to None, run_after=None
[2025-06-23T05:53:58.070+0000] {processor.py:183} INFO - Processing /home/airflow/.local/lib/python3.12/site-packages/airflow/example_dags/example_display_name.py took 0.183 seconds
[2025-06-23T05:54:29.207+0000] {processor.py:161} INFO - Started process (PID=440) to work on /home/airflow/.local/lib/python3.12/site-packages/airflow/example_dags/example_display_name.py
[2025-06-23T05:54:29.216+0000] {processor.py:830} INFO - Processing file /home/airflow/.local/lib/python3.12/site-packages/airflow/example_dags/example_display_name.py for tasks to queue
[2025-06-23T05:54:29.222+0000] {logging_mixin.py:188} INFO - [2025-06-23T05:54:29.221+0000] {dagbag.py:545} INFO - Filling up the DagBag from /home/airflow/.local/lib/python3.12/site-packages/airflow/example_dags/example_display_name.py
[2025-06-23T05:54:29.243+0000] {processor.py:840} INFO - DAG(s) 'example_display_name' retrieved from /home/airflow/.local/lib/python3.12/site-packages/airflow/example_dags/example_display_name.py
[2025-06-23T05:54:29.277+0000] {logging_mixin.py:188} INFO - [2025-06-23T05:54:29.276+0000] {dag.py:3089} INFO - Sync 1 DAGs
[2025-06-23T05:54:29.296+0000] {logging_mixin.py:188} INFO - [2025-06-23T05:54:29.296+0000] {dag.py:3947} INFO - Setting next_dagrun for example_display_name to None, run_after=None
[2025-06-23T05:54:29.521+0000] {processor.py:183} INFO - Processing /home/airflow/.local/lib/python3.12/site-packages/airflow/example_dags/example_display_name.py took 0.352 seconds
[2025-06-23T05:55:11.860+0000] {processor.py:161} INFO - Started process (PID=512) to work on /home/airflow/.local/lib/python3.12/site-packages/airflow/example_dags/example_display_name.py
[2025-06-23T05:55:11.865+0000] {processor.py:830} INFO - Processing file /home/airflow/.local/lib/python3.12/site-packages/airflow/example_dags/example_display_name.py for tasks to queue
[2025-06-23T05:55:11.871+0000] {logging_mixin.py:188} INFO - [2025-06-23T05:55:11.870+0000] {dagbag.py:545} INFO - Filling up the DagBag from /home/airflow/.local/lib/python3.12/site-packages/airflow/example_dags/example_display_name.py
[2025-06-23T05:55:11.888+0000] {processor.py:840} INFO - DAG(s) 'example_display_name' retrieved from /home/airflow/.local/lib/python3.12/site-packages/airflow/example_dags/example_display_name.py
[2025-06-23T05:55:11.940+0000] {logging_mixin.py:188} INFO - [2025-06-23T05:55:11.939+0000] {dag.py:3089} INFO - Sync 1 DAGs
[2025-06-23T05:55:11.988+0000] {logging_mixin.py:188} INFO - [2025-06-23T05:55:11.987+0000] {dag.py:3947} INFO - Setting next_dagrun for example_display_name to None, run_after=None
[2025-06-23T05:55:12.107+0000] {processor.py:183} INFO - Processing /home/airflow/.local/lib/python3.12/site-packages/airflow/example_dags/example_display_name.py took 0.263 seconds
[2025-06-23T05:55:42.872+0000] {processor.py:161} INFO - Started process (PID=573) to work on /home/airflow/.local/lib/python3.12/site-packages/airflow/example_dags/example_display_name.py
[2025-06-23T05:55:42.875+0000] {processor.py:830} INFO - Processing file /home/airflow/.local/lib/python3.12/site-packages/airflow/example_dags/example_display_name.py for tasks to queue
[2025-06-23T05:55:42.880+0000] {logging_mixin.py:188} INFO - [2025-06-23T05:55:42.879+0000] {dagbag.py:545} INFO - Filling up the DagBag from /home/airflow/.local/lib/python3.12/site-packages/airflow/example_dags/example_display_name.py
[2025-06-23T05:55:42.893+0000] {processor.py:840} INFO - DAG(s) 'example_display_name' retrieved from /home/airflow/.local/lib/python3.12/site-packages/airflow/example_dags/example_display_name.py
[2025-06-23T05:55:42.971+0000] {logging_mixin.py:188} INFO - [2025-06-23T05:55:42.970+0000] {dag.py:3089} INFO - Sync 1 DAGs
[2025-06-23T05:55:43.005+0000] {logging_mixin.py:188} INFO - [2025-06-23T05:55:43.004+0000] {dag.py:3947} INFO - Setting next_dagrun for example_display_name to None, run_after=None
[2025-06-23T05:55:43.089+0000] {processor.py:183} INFO - Processing /home/airflow/.local/lib/python3.12/site-packages/airflow/example_dags/example_display_name.py took 0.233 seconds
[2025-06-23T05:56:13.495+0000] {processor.py:161} INFO - Started process (PID=631) to work on /home/airflow/.local/lib/python3.12/site-packages/airflow/example_dags/example_display_name.py
[2025-06-23T05:56:13.501+0000] {processor.py:830} INFO - Processing file /home/airflow/.local/lib/python3.12/site-packages/airflow/example_dags/example_display_name.py for tasks to queue
[2025-06-23T05:56:13.516+0000] {logging_mixin.py:188} INFO - [2025-06-23T05:56:13.515+0000] {dagbag.py:545} INFO - Filling up the DagBag from /home/airflow/.local/lib/python3.12/site-packages/airflow/example_dags/example_display_name.py
[2025-06-23T05:56:13.536+0000] {processor.py:840} INFO - DAG(s) 'example_display_name' retrieved from /home/airflow/.local/lib/python3.12/site-packages/airflow/example_dags/example_display_name.py
[2025-06-23T05:56:13.625+0000] {logging_mixin.py:188} INFO - [2025-06-23T05:56:13.624+0000] {dag.py:3089} INFO - Sync 1 DAGs
[2025-06-23T05:56:13.696+0000] {logging_mixin.py:188} INFO - [2025-06-23T05:56:13.694+0000] {dag.py:3947} INFO - Setting next_dagrun for example_display_name to None, run_after=None
[2025-06-23T05:56:13.773+0000] {processor.py:183} INFO - Processing /home/airflow/.local/lib/python3.12/site-packages/airflow/example_dags/example_display_name.py took 0.306 seconds
[2025-06-23T05:56:44.170+0000] {processor.py:161} INFO - Started process (PID=691) to work on /home/airflow/.local/lib/python3.12/site-packages/airflow/example_dags/example_display_name.py
[2025-06-23T05:56:44.173+0000] {processor.py:830} INFO - Processing file /home/airflow/.local/lib/python3.12/site-packages/airflow/example_dags/example_display_name.py for tasks to queue
[2025-06-23T05:56:44.179+0000] {logging_mixin.py:188} INFO - [2025-06-23T05:56:44.178+0000] {dagbag.py:545} INFO - Filling up the DagBag from /home/airflow/.local/lib/python3.12/site-packages/airflow/example_dags/example_display_name.py
[2025-06-23T05:56:44.196+0000] {processor.py:840} INFO - DAG(s) 'example_display_name' retrieved from /home/airflow/.local/lib/python3.12/site-packages/airflow/example_dags/example_display_name.py
[2025-06-23T05:56:44.250+0000] {logging_mixin.py:188} INFO - [2025-06-23T05:56:44.249+0000] {dag.py:3089} INFO - Sync 1 DAGs
[2025-06-23T05:56:44.286+0000] {logging_mixin.py:188} INFO - [2025-06-23T05:56:44.285+0000] {dag.py:3947} INFO - Setting next_dagrun for example_display_name to None, run_after=None
[2025-06-23T05:56:44.354+0000] {processor.py:183} INFO - Processing /home/airflow/.local/lib/python3.12/site-packages/airflow/example_dags/example_display_name.py took 0.199 seconds
[2025-06-23T05:57:14.853+0000] {processor.py:161} INFO - Started process (PID=752) to work on /home/airflow/.local/lib/python3.12/site-packages/airflow/example_dags/example_display_name.py
[2025-06-23T05:57:14.854+0000] {processor.py:830} INFO - Processing file /home/airflow/.local/lib/python3.12/site-packages/airflow/example_dags/example_display_name.py for tasks to queue
[2025-06-23T05:57:14.857+0000] {logging_mixin.py:188} INFO - [2025-06-23T05:57:14.857+0000] {dagbag.py:545} INFO - Filling up the DagBag from /home/airflow/.local/lib/python3.12/site-packages/airflow/example_dags/example_display_name.py
[2025-06-23T05:57:14.866+0000] {processor.py:840} INFO - DAG(s) 'example_display_name' retrieved from /home/airflow/.local/lib/python3.12/site-packages/airflow/example_dags/example_display_name.py
[2025-06-23T05:57:14.893+0000] {logging_mixin.py:188} INFO - [2025-06-23T05:57:14.892+0000] {dag.py:3089} INFO - Sync 1 DAGs
[2025-06-23T05:57:14.911+0000] {logging_mixin.py:188} INFO - [2025-06-23T05:57:14.911+0000] {dag.py:3947} INFO - Setting next_dagrun for example_display_name to None, run_after=None
[2025-06-23T05:57:14.943+0000] {processor.py:183} INFO - Processing /home/airflow/.local/lib/python3.12/site-packages/airflow/example_dags/example_display_name.py took 0.098 seconds
[2025-06-23T05:57:45.203+0000] {processor.py:161} INFO - Started process (PID=813) to work on /home/airflow/.local/lib/python3.12/site-packages/airflow/example_dags/example_display_name.py
[2025-06-23T05:57:45.204+0000] {processor.py:830} INFO - Processing file /home/airflow/.local/lib/python3.12/site-packages/airflow/example_dags/example_display_name.py for tasks to queue
[2025-06-23T05:57:45.208+0000] {logging_mixin.py:188} INFO - [2025-06-23T05:57:45.207+0000] {dagbag.py:545} INFO - Filling up the DagBag from /home/airflow/.local/lib/python3.12/site-packages/airflow/example_dags/example_display_name.py
[2025-06-23T05:57:45.217+0000] {processor.py:840} INFO - DAG(s) 'example_display_name' retrieved from /home/airflow/.local/lib/python3.12/site-packages/airflow/example_dags/example_display_name.py
[2025-06-23T05:57:45.247+0000] {logging_mixin.py:188} INFO - [2025-06-23T05:57:45.246+0000] {dag.py:3089} INFO - Sync 1 DAGs
[2025-06-23T05:57:45.268+0000] {logging_mixin.py:188} INFO - [2025-06-23T05:57:45.268+0000] {dag.py:3947} INFO - Setting next_dagrun for example_display_name to None, run_after=None
[2025-06-23T05:57:45.300+0000] {processor.py:183} INFO - Processing /home/airflow/.local/lib/python3.12/site-packages/airflow/example_dags/example_display_name.py took 0.106 seconds
[2025-06-23T05:58:16.423+0000] {processor.py:161} INFO - Started process (PID=879) to work on /home/airflow/.local/lib/python3.12/site-packages/airflow/example_dags/example_display_name.py
[2025-06-23T05:58:16.426+0000] {processor.py:830} INFO - Processing file /home/airflow/.local/lib/python3.12/site-packages/airflow/example_dags/example_display_name.py for tasks to queue
[2025-06-23T05:58:16.432+0000] {logging_mixin.py:188} INFO - [2025-06-23T05:58:16.431+0000] {dagbag.py:545} INFO - Filling up the DagBag from /home/airflow/.local/lib/python3.12/site-packages/airflow/example_dags/example_display_name.py
[2025-06-23T05:58:16.449+0000] {processor.py:840} INFO - DAG(s) 'example_display_name' retrieved from /home/airflow/.local/lib/python3.12/site-packages/airflow/example_dags/example_display_name.py
[2025-06-23T05:58:16.502+0000] {logging_mixin.py:188} INFO - [2025-06-23T05:58:16.501+0000] {dag.py:3089} INFO - Sync 1 DAGs
[2025-06-23T05:58:16.528+0000] {logging_mixin.py:188} INFO - [2025-06-23T05:58:16.528+0000] {dag.py:3947} INFO - Setting next_dagrun for example_display_name to None, run_after=None
[2025-06-23T05:58:16.573+0000] {processor.py:183} INFO - Processing /home/airflow/.local/lib/python3.12/site-packages/airflow/example_dags/example_display_name.py took 0.171 seconds
[2025-06-23T05:58:52.847+0000] {processor.py:161} INFO - Started process (PID=939) to work on /home/airflow/.local/lib/python3.12/site-packages/airflow/example_dags/example_display_name.py
[2025-06-23T05:58:52.873+0000] {processor.py:830} INFO - Processing file /home/airflow/.local/lib/python3.12/site-packages/airflow/example_dags/example_display_name.py for tasks to queue
[2025-06-23T05:58:52.899+0000] {logging_mixin.py:188} INFO - [2025-06-23T05:58:52.896+0000] {dagbag.py:545} INFO - Filling up the DagBag from /home/airflow/.local/lib/python3.12/site-packages/airflow/example_dags/example_display_name.py
[2025-06-23T05:58:53.092+0000] {processor.py:840} INFO - DAG(s) 'example_display_name' retrieved from /home/airflow/.local/lib/python3.12/site-packages/airflow/example_dags/example_display_name.py
[2025-06-23T05:58:53.546+0000] {logging_mixin.py:188} INFO - [2025-06-23T05:58:53.545+0000] {dag.py:3089} INFO - Sync 1 DAGs
[2025-06-23T05:58:53.603+0000] {logging_mixin.py:188} INFO - [2025-06-23T05:58:53.603+0000] {dag.py:3947} INFO - Setting next_dagrun for example_display_name to None, run_after=None
[2025-06-23T05:58:53.693+0000] {processor.py:183} INFO - Processing /home/airflow/.local/lib/python3.12/site-packages/airflow/example_dags/example_display_name.py took 0.904 seconds
[2025-06-23T05:59:24.148+0000] {processor.py:161} INFO - Started process (PID=999) to work on /home/airflow/.local/lib/python3.12/site-packages/airflow/example_dags/example_display_name.py
[2025-06-23T05:59:24.153+0000] {processor.py:830} INFO - Processing file /home/airflow/.local/lib/python3.12/site-packages/airflow/example_dags/example_display_name.py for tasks to queue
[2025-06-23T05:59:24.162+0000] {logging_mixin.py:188} INFO - [2025-06-23T05:59:24.162+0000] {dagbag.py:545} INFO - Filling up the DagBag from /home/airflow/.local/lib/python3.12/site-packages/airflow/example_dags/example_display_name.py
[2025-06-23T05:59:24.183+0000] {processor.py:840} INFO - DAG(s) 'example_display_name' retrieved from /home/airflow/.local/lib/python3.12/site-packages/airflow/example_dags/example_display_name.py
[2025-06-23T05:59:24.392+0000] {logging_mixin.py:188} INFO - [2025-06-23T05:59:24.391+0000] {dag.py:3089} INFO - Sync 1 DAGs
[2025-06-23T05:59:24.559+0000] {logging_mixin.py:188} INFO - [2025-06-23T05:59:24.557+0000] {dag.py:3947} INFO - Setting next_dagrun for example_display_name to None, run_after=None
[2025-06-23T05:59:24.717+0000] {processor.py:183} INFO - Processing /home/airflow/.local/lib/python3.12/site-packages/airflow/example_dags/example_display_name.py took 0.593 seconds
[2025-06-23T05:59:56.940+0000] {processor.py:161} INFO - Started process (PID=1061) to work on /home/airflow/.local/lib/python3.12/site-packages/airflow/example_dags/example_display_name.py
[2025-06-23T05:59:56.943+0000] {processor.py:830} INFO - Processing file /home/airflow/.local/lib/python3.12/site-packages/airflow/example_dags/example_display_name.py for tasks to queue
[2025-06-23T05:59:56.946+0000] {logging_mixin.py:188} INFO - [2025-06-23T05:59:56.945+0000] {dagbag.py:545} INFO - Filling up the DagBag from /home/airflow/.local/lib/python3.12/site-packages/airflow/example_dags/example_display_name.py
[2025-06-23T05:59:56.959+0000] {processor.py:840} INFO - DAG(s) 'example_display_name' retrieved from /home/airflow/.local/lib/python3.12/site-packages/airflow/example_dags/example_display_name.py
[2025-06-23T05:59:57.348+0000] {logging_mixin.py:188} INFO - [2025-06-23T05:59:57.347+0000] {dag.py:3089} INFO - Sync 1 DAGs
[2025-06-23T05:59:58.733+0000] {logging_mixin.py:188} INFO - [2025-06-23T05:59:58.732+0000] {dag.py:3947} INFO - Setting next_dagrun for example_display_name to None, run_after=None
[2025-06-23T05:59:59.759+0000] {processor.py:183} INFO - Processing /home/airflow/.local/lib/python3.12/site-packages/airflow/example_dags/example_display_name.py took 2.828 seconds
[2025-06-23T06:00:30.794+0000] {processor.py:161} INFO - Started process (PID=1122) to work on /home/airflow/.local/lib/python3.12/site-packages/airflow/example_dags/example_display_name.py
[2025-06-23T06:00:30.804+0000] {processor.py:830} INFO - Processing file /home/airflow/.local/lib/python3.12/site-packages/airflow/example_dags/example_display_name.py for tasks to queue
[2025-06-23T06:00:30.834+0000] {logging_mixin.py:188} INFO - [2025-06-23T06:00:30.831+0000] {dagbag.py:545} INFO - Filling up the DagBag from /home/airflow/.local/lib/python3.12/site-packages/airflow/example_dags/example_display_name.py
[2025-06-23T06:00:30.983+0000] {processor.py:840} INFO - DAG(s) 'example_display_name' retrieved from /home/airflow/.local/lib/python3.12/site-packages/airflow/example_dags/example_display_name.py
[2025-06-23T06:00:31.096+0000] {logging_mixin.py:188} INFO - [2025-06-23T06:00:31.096+0000] {dag.py:3089} INFO - Sync 1 DAGs
[2025-06-23T06:00:31.138+0000] {logging_mixin.py:188} INFO - [2025-06-23T06:00:31.137+0000] {dag.py:3947} INFO - Setting next_dagrun for example_display_name to None, run_after=None
[2025-06-23T06:00:31.183+0000] {processor.py:183} INFO - Processing /home/airflow/.local/lib/python3.12/site-packages/airflow/example_dags/example_display_name.py took 0.485 seconds
[2025-06-23T06:01:01.436+0000] {processor.py:161} INFO - Started process (PID=1182) to work on /home/airflow/.local/lib/python3.12/site-packages/airflow/example_dags/example_display_name.py
[2025-06-23T06:01:01.440+0000] {processor.py:830} INFO - Processing file /home/airflow/.local/lib/python3.12/site-packages/airflow/example_dags/example_display_name.py for tasks to queue
[2025-06-23T06:01:01.446+0000] {logging_mixin.py:188} INFO - [2025-06-23T06:01:01.445+0000] {dagbag.py:545} INFO - Filling up the DagBag from /home/airflow/.local/lib/python3.12/site-packages/airflow/example_dags/example_display_name.py
[2025-06-23T06:01:01.461+0000] {processor.py:840} INFO - DAG(s) 'example_display_name' retrieved from /home/airflow/.local/lib/python3.12/site-packages/airflow/example_dags/example_display_name.py
[2025-06-23T06:01:01.509+0000] {logging_mixin.py:188} INFO - [2025-06-23T06:01:01.509+0000] {dag.py:3089} INFO - Sync 1 DAGs
[2025-06-23T06:01:01.548+0000] {logging_mixin.py:188} INFO - [2025-06-23T06:01:01.547+0000] {dag.py:3947} INFO - Setting next_dagrun for example_display_name to None, run_after=None
[2025-06-23T06:01:01.605+0000] {processor.py:183} INFO - Processing /home/airflow/.local/lib/python3.12/site-packages/airflow/example_dags/example_display_name.py took 0.190 seconds
[2025-06-23T06:01:31.836+0000] {processor.py:161} INFO - Started process (PID=1242) to work on /home/airflow/.local/lib/python3.12/site-packages/airflow/example_dags/example_display_name.py
[2025-06-23T06:01:31.839+0000] {processor.py:830} INFO - Processing file /home/airflow/.local/lib/python3.12/site-packages/airflow/example_dags/example_display_name.py for tasks to queue
[2025-06-23T06:01:31.843+0000] {logging_mixin.py:188} INFO - [2025-06-23T06:01:31.842+0000] {dagbag.py:545} INFO - Filling up the DagBag from /home/airflow/.local/lib/python3.12/site-packages/airflow/example_dags/example_display_name.py
[2025-06-23T06:01:31.857+0000] {processor.py:840} INFO - DAG(s) 'example_display_name' retrieved from /home/airflow/.local/lib/python3.12/site-packages/airflow/example_dags/example_display_name.py
[2025-06-23T06:01:31.971+0000] {logging_mixin.py:188} INFO - [2025-06-23T06:01:31.970+0000] {dag.py:3089} INFO - Sync 1 DAGs
[2025-06-23T06:01:32.012+0000] {logging_mixin.py:188} INFO - [2025-06-23T06:01:32.011+0000] {dag.py:3947} INFO - Setting next_dagrun for example_display_name to None, run_after=None
[2025-06-23T06:01:32.101+0000] {processor.py:183} INFO - Processing /home/airflow/.local/lib/python3.12/site-packages/airflow/example_dags/example_display_name.py took 0.212 seconds
[2025-06-23T06:02:02.751+0000] {processor.py:161} INFO - Started process (PID=1303) to work on /home/airflow/.local/lib/python3.12/site-packages/airflow/example_dags/example_display_name.py
[2025-06-23T06:02:02.758+0000] {processor.py:830} INFO - Processing file /home/airflow/.local/lib/python3.12/site-packages/airflow/example_dags/example_display_name.py for tasks to queue
[2025-06-23T06:02:02.770+0000] {logging_mixin.py:188} INFO - [2025-06-23T06:02:02.769+0000] {dagbag.py:545} INFO - Filling up the DagBag from /home/airflow/.local/lib/python3.12/site-packages/airflow/example_dags/example_display_name.py
[2025-06-23T06:02:02.794+0000] {processor.py:840} INFO - DAG(s) 'example_display_name' retrieved from /home/airflow/.local/lib/python3.12/site-packages/airflow/example_dags/example_display_name.py
[2025-06-23T06:02:02.868+0000] {logging_mixin.py:188} INFO - [2025-06-23T06:02:02.867+0000] {dag.py:3089} INFO - Sync 1 DAGs
[2025-06-23T06:02:02.904+0000] {logging_mixin.py:188} INFO - [2025-06-23T06:02:02.904+0000] {dag.py:3947} INFO - Setting next_dagrun for example_display_name to None, run_after=None
[2025-06-23T06:02:02.967+0000] {processor.py:183} INFO - Processing /home/airflow/.local/lib/python3.12/site-packages/airflow/example_dags/example_display_name.py took 0.237 seconds
[2025-06-23T06:02:33.376+0000] {processor.py:161} INFO - Started process (PID=1363) to work on /home/airflow/.local/lib/python3.12/site-packages/airflow/example_dags/example_display_name.py
[2025-06-23T06:02:33.379+0000] {processor.py:830} INFO - Processing file /home/airflow/.local/lib/python3.12/site-packages/airflow/example_dags/example_display_name.py for tasks to queue
[2025-06-23T06:02:33.387+0000] {logging_mixin.py:188} INFO - [2025-06-23T06:02:33.386+0000] {dagbag.py:545} INFO - Filling up the DagBag from /home/airflow/.local/lib/python3.12/site-packages/airflow/example_dags/example_display_name.py
[2025-06-23T06:02:33.406+0000] {processor.py:840} INFO - DAG(s) 'example_display_name' retrieved from /home/airflow/.local/lib/python3.12/site-packages/airflow/example_dags/example_display_name.py
[2025-06-23T06:02:33.490+0000] {logging_mixin.py:188} INFO - [2025-06-23T06:02:33.488+0000] {dag.py:3089} INFO - Sync 1 DAGs
[2025-06-23T06:02:33.549+0000] {logging_mixin.py:188} INFO - [2025-06-23T06:02:33.548+0000] {dag.py:3947} INFO - Setting next_dagrun for example_display_name to None, run_after=None
[2025-06-23T06:02:33.627+0000] {processor.py:183} INFO - Processing /home/airflow/.local/lib/python3.12/site-packages/airflow/example_dags/example_display_name.py took 0.273 seconds
[2025-06-23T06:03:04.201+0000] {processor.py:161} INFO - Started process (PID=1424) to work on /home/airflow/.local/lib/python3.12/site-packages/airflow/example_dags/example_display_name.py
[2025-06-23T06:03:04.204+0000] {processor.py:830} INFO - Processing file /home/airflow/.local/lib/python3.12/site-packages/airflow/example_dags/example_display_name.py for tasks to queue
[2025-06-23T06:03:04.217+0000] {logging_mixin.py:188} INFO - [2025-06-23T06:03:04.212+0000] {dagbag.py:545} INFO - Filling up the DagBag from /home/airflow/.local/lib/python3.12/site-packages/airflow/example_dags/example_display_name.py
[2025-06-23T06:03:04.246+0000] {processor.py:840} INFO - DAG(s) 'example_display_name' retrieved from /home/airflow/.local/lib/python3.12/site-packages/airflow/example_dags/example_display_name.py
[2025-06-23T06:03:04.330+0000] {logging_mixin.py:188} INFO - [2025-06-23T06:03:04.329+0000] {dag.py:3089} INFO - Sync 1 DAGs
[2025-06-23T06:03:04.381+0000] {logging_mixin.py:188} INFO - [2025-06-23T06:03:04.380+0000] {dag.py:3947} INFO - Setting next_dagrun for example_display_name to None, run_after=None
[2025-06-23T06:03:04.475+0000] {processor.py:183} INFO - Processing /home/airflow/.local/lib/python3.12/site-packages/airflow/example_dags/example_display_name.py took 0.297 seconds
[2025-06-23T06:03:34.774+0000] {processor.py:161} INFO - Started process (PID=1482) to work on /home/airflow/.local/lib/python3.12/site-packages/airflow/example_dags/example_display_name.py
[2025-06-23T06:03:34.780+0000] {processor.py:830} INFO - Processing file /home/airflow/.local/lib/python3.12/site-packages/airflow/example_dags/example_display_name.py for tasks to queue
[2025-06-23T06:03:34.788+0000] {logging_mixin.py:188} INFO - [2025-06-23T06:03:34.786+0000] {dagbag.py:545} INFO - Filling up the DagBag from /home/airflow/.local/lib/python3.12/site-packages/airflow/example_dags/example_display_name.py
[2025-06-23T06:03:34.821+0000] {processor.py:840} INFO - DAG(s) 'example_display_name' retrieved from /home/airflow/.local/lib/python3.12/site-packages/airflow/example_dags/example_display_name.py
[2025-06-23T06:03:34.930+0000] {logging_mixin.py:188} INFO - [2025-06-23T06:03:34.929+0000] {dag.py:3089} INFO - Sync 1 DAGs
[2025-06-23T06:03:34.996+0000] {logging_mixin.py:188} INFO - [2025-06-23T06:03:34.995+0000] {dag.py:3947} INFO - Setting next_dagrun for example_display_name to None, run_after=None
[2025-06-23T06:03:35.074+0000] {processor.py:183} INFO - Processing /home/airflow/.local/lib/python3.12/site-packages/airflow/example_dags/example_display_name.py took 0.338 seconds
[2025-06-23T06:04:07.044+0000] {processor.py:161} INFO - Started process (PID=1542) to work on /home/airflow/.local/lib/python3.12/site-packages/airflow/example_dags/example_display_name.py
[2025-06-23T06:04:07.047+0000] {processor.py:830} INFO - Processing file /home/airflow/.local/lib/python3.12/site-packages/airflow/example_dags/example_display_name.py for tasks to queue
[2025-06-23T06:04:07.053+0000] {logging_mixin.py:188} INFO - [2025-06-23T06:04:07.052+0000] {dagbag.py:545} INFO - Filling up the DagBag from /home/airflow/.local/lib/python3.12/site-packages/airflow/example_dags/example_display_name.py
[2025-06-23T06:04:07.073+0000] {processor.py:840} INFO - DAG(s) 'example_display_name' retrieved from /home/airflow/.local/lib/python3.12/site-packages/airflow/example_dags/example_display_name.py
[2025-06-23T06:04:07.124+0000] {logging_mixin.py:188} INFO - [2025-06-23T06:04:07.123+0000] {dag.py:3089} INFO - Sync 1 DAGs
[2025-06-23T06:04:07.151+0000] {logging_mixin.py:188} INFO - [2025-06-23T06:04:07.150+0000] {dag.py:3947} INFO - Setting next_dagrun for example_display_name to None, run_after=None
[2025-06-23T06:04:07.188+0000] {processor.py:183} INFO - Processing /home/airflow/.local/lib/python3.12/site-packages/airflow/example_dags/example_display_name.py took 0.155 seconds
