[2025-06-23T05:51:30.629+0000] {processor.py:161} INFO - Started process (PID=110) to work on /home/airflow/.local/lib/python3.12/site-packages/airflow/example_dags/example_complex.py
[2025-06-23T05:51:30.631+0000] {processor.py:830} INFO - Processing file /home/airflow/.local/lib/python3.12/site-packages/airflow/example_dags/example_complex.py for tasks to queue
[2025-06-23T05:51:30.637+0000] {logging_mixin.py:188} INFO - [2025-06-23T05:51:30.635+0000] {dagbag.py:545} INFO - Filling up the DagBag from /home/airflow/.local/lib/python3.12/site-packages/airflow/example_dags/example_complex.py
[2025-06-23T05:51:30.682+0000] {processor.py:840} INFO - DAG(s) 'example_complex' retrieved from /home/airflow/.local/lib/python3.12/site-packages/airflow/example_dags/example_complex.py
[2025-06-23T05:51:31.156+0000] {logging_mixin.py:188} INFO - [2025-06-23T05:51:31.154+0000] {dag.py:3089} INFO - Sync 1 DAGs
[2025-06-23T05:51:31.297+0000] {logging_mixin.py:188} INFO - [2025-06-23T05:51:31.296+0000] {dag.py:3947} INFO - Setting next_dagrun for example_complex to None, run_after=None
[2025-06-23T05:51:31.525+0000] {processor.py:183} INFO - Processing /home/airflow/.local/lib/python3.12/site-packages/airflow/example_dags/example_complex.py took 0.911 seconds
[2025-06-23T05:52:02.155+0000] {processor.py:161} INFO - Started process (PID=170) to work on /home/airflow/.local/lib/python3.12/site-packages/airflow/example_dags/example_complex.py
[2025-06-23T05:52:02.157+0000] {processor.py:830} INFO - Processing file /home/airflow/.local/lib/python3.12/site-packages/airflow/example_dags/example_complex.py for tasks to queue
[2025-06-23T05:52:02.160+0000] {logging_mixin.py:188} INFO - [2025-06-23T05:52:02.160+0000] {dagbag.py:545} INFO - Filling up the DagBag from /home/airflow/.local/lib/python3.12/site-packages/airflow/example_dags/example_complex.py
[2025-06-23T05:52:02.176+0000] {processor.py:840} INFO - DAG(s) 'example_complex' retrieved from /home/airflow/.local/lib/python3.12/site-packages/airflow/example_dags/example_complex.py
[2025-06-23T05:52:02.239+0000] {logging_mixin.py:188} INFO - [2025-06-23T05:52:02.238+0000] {dag.py:3089} INFO - Sync 1 DAGs
[2025-06-23T05:52:02.264+0000] {logging_mixin.py:188} INFO - [2025-06-23T05:52:02.263+0000] {dag.py:3947} INFO - Setting next_dagrun for example_complex to None, run_after=None
[2025-06-23T05:52:02.303+0000] {processor.py:183} INFO - Processing /home/airflow/.local/lib/python3.12/site-packages/airflow/example_dags/example_complex.py took 0.157 seconds
[2025-06-23T05:52:35.867+0000] {processor.py:161} INFO - Started process (PID=231) to work on /home/airflow/.local/lib/python3.12/site-packages/airflow/example_dags/example_complex.py
[2025-06-23T05:52:35.877+0000] {processor.py:830} INFO - Processing file /home/airflow/.local/lib/python3.12/site-packages/airflow/example_dags/example_complex.py for tasks to queue
[2025-06-23T05:52:35.890+0000] {logging_mixin.py:188} INFO - [2025-06-23T05:52:35.888+0000] {dagbag.py:545} INFO - Filling up the DagBag from /home/airflow/.local/lib/python3.12/site-packages/airflow/example_dags/example_complex.py
[2025-06-23T05:52:35.977+0000] {processor.py:840} INFO - DAG(s) 'example_complex' retrieved from /home/airflow/.local/lib/python3.12/site-packages/airflow/example_dags/example_complex.py
[2025-06-23T05:52:36.072+0000] {logging_mixin.py:188} INFO - [2025-06-23T05:52:36.071+0000] {dag.py:3089} INFO - Sync 1 DAGs
[2025-06-23T05:52:36.133+0000] {logging_mixin.py:188} INFO - [2025-06-23T05:52:36.132+0000] {dag.py:3947} INFO - Setting next_dagrun for example_complex to None, run_after=None
[2025-06-23T05:52:36.268+0000] {processor.py:183} INFO - Processing /home/airflow/.local/lib/python3.12/site-packages/airflow/example_dags/example_complex.py took 0.427 seconds
[2025-06-23T05:53:07.083+0000] {processor.py:161} INFO - Started process (PID=289) to work on /home/airflow/.local/lib/python3.12/site-packages/airflow/example_dags/example_complex.py
[2025-06-23T05:53:07.086+0000] {processor.py:830} INFO - Processing file /home/airflow/.local/lib/python3.12/site-packages/airflow/example_dags/example_complex.py for tasks to queue
[2025-06-23T05:53:07.090+0000] {logging_mixin.py:188} INFO - [2025-06-23T05:53:07.089+0000] {dagbag.py:545} INFO - Filling up the DagBag from /home/airflow/.local/lib/python3.12/site-packages/airflow/example_dags/example_complex.py
[2025-06-23T05:53:07.109+0000] {processor.py:840} INFO - DAG(s) 'example_complex' retrieved from /home/airflow/.local/lib/python3.12/site-packages/airflow/example_dags/example_complex.py
[2025-06-23T05:53:07.175+0000] {logging_mixin.py:188} INFO - [2025-06-23T05:53:07.174+0000] {dag.py:3089} INFO - Sync 1 DAGs
[2025-06-23T05:53:07.201+0000] {logging_mixin.py:188} INFO - [2025-06-23T05:53:07.200+0000] {dag.py:3947} INFO - Setting next_dagrun for example_complex to None, run_after=None
[2025-06-23T05:53:07.253+0000] {processor.py:183} INFO - Processing /home/airflow/.local/lib/python3.12/site-packages/airflow/example_dags/example_complex.py took 0.184 seconds
[2025-06-23T05:53:37.528+0000] {processor.py:161} INFO - Started process (PID=349) to work on /home/airflow/.local/lib/python3.12/site-packages/airflow/example_dags/example_complex.py
[2025-06-23T05:53:37.530+0000] {processor.py:830} INFO - Processing file /home/airflow/.local/lib/python3.12/site-packages/airflow/example_dags/example_complex.py for tasks to queue
[2025-06-23T05:53:37.533+0000] {logging_mixin.py:188} INFO - [2025-06-23T05:53:37.533+0000] {dagbag.py:545} INFO - Filling up the DagBag from /home/airflow/.local/lib/python3.12/site-packages/airflow/example_dags/example_complex.py
[2025-06-23T05:53:37.552+0000] {processor.py:840} INFO - DAG(s) 'example_complex' retrieved from /home/airflow/.local/lib/python3.12/site-packages/airflow/example_dags/example_complex.py
[2025-06-23T05:53:37.625+0000] {logging_mixin.py:188} INFO - [2025-06-23T05:53:37.625+0000] {dag.py:3089} INFO - Sync 1 DAGs
[2025-06-23T05:53:37.662+0000] {logging_mixin.py:188} INFO - [2025-06-23T05:53:37.661+0000] {dag.py:3947} INFO - Setting next_dagrun for example_complex to None, run_after=None
[2025-06-23T05:53:37.727+0000] {processor.py:183} INFO - Processing /home/airflow/.local/lib/python3.12/site-packages/airflow/example_dags/example_complex.py took 0.214 seconds
[2025-06-23T05:54:11.905+0000] {processor.py:161} INFO - Started process (PID=412) to work on /home/airflow/.local/lib/python3.12/site-packages/airflow/example_dags/example_complex.py
[2025-06-23T05:54:11.913+0000] {processor.py:830} INFO - Processing file /home/airflow/.local/lib/python3.12/site-packages/airflow/example_dags/example_complex.py for tasks to queue
[2025-06-23T05:54:11.922+0000] {logging_mixin.py:188} INFO - [2025-06-23T05:54:11.921+0000] {dagbag.py:545} INFO - Filling up the DagBag from /home/airflow/.local/lib/python3.12/site-packages/airflow/example_dags/example_complex.py
[2025-06-23T05:54:11.964+0000] {processor.py:840} INFO - DAG(s) 'example_complex' retrieved from /home/airflow/.local/lib/python3.12/site-packages/airflow/example_dags/example_complex.py
[2025-06-23T05:54:12.093+0000] {logging_mixin.py:188} INFO - [2025-06-23T05:54:12.092+0000] {dag.py:3089} INFO - Sync 1 DAGs
[2025-06-23T05:54:12.157+0000] {logging_mixin.py:188} INFO - [2025-06-23T05:54:12.156+0000] {dag.py:3947} INFO - Setting next_dagrun for example_complex to None, run_after=None
[2025-06-23T05:54:12.246+0000] {processor.py:183} INFO - Processing /home/airflow/.local/lib/python3.12/site-packages/airflow/example_dags/example_complex.py took 0.364 seconds
[2025-06-23T05:54:43.872+0000] {processor.py:161} INFO - Started process (PID=472) to work on /home/airflow/.local/lib/python3.12/site-packages/airflow/example_dags/example_complex.py
[2025-06-23T05:54:43.876+0000] {processor.py:830} INFO - Processing file /home/airflow/.local/lib/python3.12/site-packages/airflow/example_dags/example_complex.py for tasks to queue
[2025-06-23T05:54:43.882+0000] {logging_mixin.py:188} INFO - [2025-06-23T05:54:43.881+0000] {dagbag.py:545} INFO - Filling up the DagBag from /home/airflow/.local/lib/python3.12/site-packages/airflow/example_dags/example_complex.py
[2025-06-23T05:54:43.943+0000] {processor.py:840} INFO - DAG(s) 'example_complex' retrieved from /home/airflow/.local/lib/python3.12/site-packages/airflow/example_dags/example_complex.py
[2025-06-23T05:54:44.131+0000] {logging_mixin.py:188} INFO - [2025-06-23T05:54:44.130+0000] {dag.py:3089} INFO - Sync 1 DAGs
[2025-06-23T05:54:44.201+0000] {logging_mixin.py:188} INFO - [2025-06-23T05:54:44.199+0000] {dag.py:3947} INFO - Setting next_dagrun for example_complex to None, run_after=None
[2025-06-23T05:54:44.528+0000] {processor.py:183} INFO - Processing /home/airflow/.local/lib/python3.12/site-packages/airflow/example_dags/example_complex.py took 0.691 seconds
[2025-06-23T05:55:16.413+0000] {processor.py:161} INFO - Started process (PID=532) to work on /home/airflow/.local/lib/python3.12/site-packages/airflow/example_dags/example_complex.py
[2025-06-23T05:55:16.419+0000] {processor.py:830} INFO - Processing file /home/airflow/.local/lib/python3.12/site-packages/airflow/example_dags/example_complex.py for tasks to queue
[2025-06-23T05:55:16.425+0000] {logging_mixin.py:188} INFO - [2025-06-23T05:55:16.424+0000] {dagbag.py:545} INFO - Filling up the DagBag from /home/airflow/.local/lib/python3.12/site-packages/airflow/example_dags/example_complex.py
[2025-06-23T05:55:16.451+0000] {processor.py:840} INFO - DAG(s) 'example_complex' retrieved from /home/airflow/.local/lib/python3.12/site-packages/airflow/example_dags/example_complex.py
[2025-06-23T05:55:16.536+0000] {logging_mixin.py:188} INFO - [2025-06-23T05:55:16.535+0000] {dag.py:3089} INFO - Sync 1 DAGs
[2025-06-23T05:55:16.570+0000] {logging_mixin.py:188} INFO - [2025-06-23T05:55:16.569+0000] {dag.py:3947} INFO - Setting next_dagrun for example_complex to None, run_after=None
[2025-06-23T05:55:16.642+0000] {processor.py:183} INFO - Processing /home/airflow/.local/lib/python3.12/site-packages/airflow/example_dags/example_complex.py took 0.252 seconds
[2025-06-23T05:55:47.120+0000] {processor.py:161} INFO - Started process (PID=593) to work on /home/airflow/.local/lib/python3.12/site-packages/airflow/example_dags/example_complex.py
[2025-06-23T05:55:47.124+0000] {processor.py:830} INFO - Processing file /home/airflow/.local/lib/python3.12/site-packages/airflow/example_dags/example_complex.py for tasks to queue
[2025-06-23T05:55:47.132+0000] {logging_mixin.py:188} INFO - [2025-06-23T05:55:47.130+0000] {dagbag.py:545} INFO - Filling up the DagBag from /home/airflow/.local/lib/python3.12/site-packages/airflow/example_dags/example_complex.py
[2025-06-23T05:55:47.170+0000] {processor.py:840} INFO - DAG(s) 'example_complex' retrieved from /home/airflow/.local/lib/python3.12/site-packages/airflow/example_dags/example_complex.py
[2025-06-23T05:55:47.323+0000] {logging_mixin.py:188} INFO - [2025-06-23T05:55:47.322+0000] {dag.py:3089} INFO - Sync 1 DAGs
[2025-06-23T05:55:47.392+0000] {logging_mixin.py:188} INFO - [2025-06-23T05:55:47.391+0000] {dag.py:3947} INFO - Setting next_dagrun for example_complex to None, run_after=None
[2025-06-23T05:55:47.497+0000] {processor.py:183} INFO - Processing /home/airflow/.local/lib/python3.12/site-packages/airflow/example_dags/example_complex.py took 0.397 seconds
[2025-06-23T05:56:21.790+0000] {processor.py:161} INFO - Started process (PID=653) to work on /home/airflow/.local/lib/python3.12/site-packages/airflow/example_dags/example_complex.py
[2025-06-23T05:56:21.793+0000] {processor.py:830} INFO - Processing file /home/airflow/.local/lib/python3.12/site-packages/airflow/example_dags/example_complex.py for tasks to queue
[2025-06-23T05:56:21.797+0000] {logging_mixin.py:188} INFO - [2025-06-23T05:56:21.796+0000] {dagbag.py:545} INFO - Filling up the DagBag from /home/airflow/.local/lib/python3.12/site-packages/airflow/example_dags/example_complex.py
[2025-06-23T05:56:21.816+0000] {processor.py:840} INFO - DAG(s) 'example_complex' retrieved from /home/airflow/.local/lib/python3.12/site-packages/airflow/example_dags/example_complex.py
[2025-06-23T05:56:21.868+0000] {logging_mixin.py:188} INFO - [2025-06-23T05:56:21.868+0000] {dag.py:3089} INFO - Sync 1 DAGs
[2025-06-23T05:56:21.892+0000] {logging_mixin.py:188} INFO - [2025-06-23T05:56:21.892+0000] {dag.py:3947} INFO - Setting next_dagrun for example_complex to None, run_after=None
[2025-06-23T05:56:21.940+0000] {processor.py:183} INFO - Processing /home/airflow/.local/lib/python3.12/site-packages/airflow/example_dags/example_complex.py took 0.158 seconds
[2025-06-23T05:56:52.831+0000] {processor.py:161} INFO - Started process (PID=713) to work on /home/airflow/.local/lib/python3.12/site-packages/airflow/example_dags/example_complex.py
[2025-06-23T05:56:52.833+0000] {processor.py:830} INFO - Processing file /home/airflow/.local/lib/python3.12/site-packages/airflow/example_dags/example_complex.py for tasks to queue
[2025-06-23T05:56:52.836+0000] {logging_mixin.py:188} INFO - [2025-06-23T05:56:52.836+0000] {dagbag.py:545} INFO - Filling up the DagBag from /home/airflow/.local/lib/python3.12/site-packages/airflow/example_dags/example_complex.py
[2025-06-23T05:56:52.854+0000] {processor.py:840} INFO - DAG(s) 'example_complex' retrieved from /home/airflow/.local/lib/python3.12/site-packages/airflow/example_dags/example_complex.py
[2025-06-23T05:56:52.920+0000] {logging_mixin.py:188} INFO - [2025-06-23T05:56:52.919+0000] {dag.py:3089} INFO - Sync 1 DAGs
[2025-06-23T05:56:52.965+0000] {logging_mixin.py:188} INFO - [2025-06-23T05:56:52.964+0000] {dag.py:3947} INFO - Setting next_dagrun for example_complex to None, run_after=None
[2025-06-23T05:56:53.025+0000] {processor.py:183} INFO - Processing /home/airflow/.local/lib/python3.12/site-packages/airflow/example_dags/example_complex.py took 0.203 seconds
[2025-06-23T05:57:25.125+0000] {processor.py:161} INFO - Started process (PID=773) to work on /home/airflow/.local/lib/python3.12/site-packages/airflow/example_dags/example_complex.py
[2025-06-23T05:57:25.127+0000] {processor.py:830} INFO - Processing file /home/airflow/.local/lib/python3.12/site-packages/airflow/example_dags/example_complex.py for tasks to queue
[2025-06-23T05:57:25.132+0000] {logging_mixin.py:188} INFO - [2025-06-23T05:57:25.131+0000] {dagbag.py:545} INFO - Filling up the DagBag from /home/airflow/.local/lib/python3.12/site-packages/airflow/example_dags/example_complex.py
[2025-06-23T05:57:25.157+0000] {processor.py:840} INFO - DAG(s) 'example_complex' retrieved from /home/airflow/.local/lib/python3.12/site-packages/airflow/example_dags/example_complex.py
[2025-06-23T05:57:25.235+0000] {logging_mixin.py:188} INFO - [2025-06-23T05:57:25.235+0000] {dag.py:3089} INFO - Sync 1 DAGs
[2025-06-23T05:57:25.270+0000] {logging_mixin.py:188} INFO - [2025-06-23T05:57:25.269+0000] {dag.py:3947} INFO - Setting next_dagrun for example_complex to None, run_after=None
[2025-06-23T05:57:25.326+0000] {processor.py:183} INFO - Processing /home/airflow/.local/lib/python3.12/site-packages/airflow/example_dags/example_complex.py took 0.219 seconds
[2025-06-23T05:57:55.903+0000] {processor.py:161} INFO - Started process (PID=831) to work on /home/airflow/.local/lib/python3.12/site-packages/airflow/example_dags/example_complex.py
[2025-06-23T05:57:55.907+0000] {processor.py:830} INFO - Processing file /home/airflow/.local/lib/python3.12/site-packages/airflow/example_dags/example_complex.py for tasks to queue
[2025-06-23T05:57:55.911+0000] {logging_mixin.py:188} INFO - [2025-06-23T05:57:55.910+0000] {dagbag.py:545} INFO - Filling up the DagBag from /home/airflow/.local/lib/python3.12/site-packages/airflow/example_dags/example_complex.py
[2025-06-23T05:57:55.937+0000] {processor.py:840} INFO - DAG(s) 'example_complex' retrieved from /home/airflow/.local/lib/python3.12/site-packages/airflow/example_dags/example_complex.py
[2025-06-23T05:57:56.014+0000] {logging_mixin.py:188} INFO - [2025-06-23T05:57:56.013+0000] {dag.py:3089} INFO - Sync 1 DAGs
[2025-06-23T05:57:56.037+0000] {logging_mixin.py:188} INFO - [2025-06-23T05:57:56.036+0000] {dag.py:3947} INFO - Setting next_dagrun for example_complex to None, run_after=None
[2025-06-23T05:57:56.104+0000] {processor.py:183} INFO - Processing /home/airflow/.local/lib/python3.12/site-packages/airflow/example_dags/example_complex.py took 0.220 seconds
[2025-06-23T05:58:26.424+0000] {processor.py:161} INFO - Started process (PID=899) to work on /home/airflow/.local/lib/python3.12/site-packages/airflow/example_dags/example_complex.py
[2025-06-23T05:58:26.427+0000] {processor.py:830} INFO - Processing file /home/airflow/.local/lib/python3.12/site-packages/airflow/example_dags/example_complex.py for tasks to queue
[2025-06-23T05:58:26.433+0000] {logging_mixin.py:188} INFO - [2025-06-23T05:58:26.432+0000] {dagbag.py:545} INFO - Filling up the DagBag from /home/airflow/.local/lib/python3.12/site-packages/airflow/example_dags/example_complex.py
[2025-06-23T05:58:26.452+0000] {processor.py:840} INFO - DAG(s) 'example_complex' retrieved from /home/airflow/.local/lib/python3.12/site-packages/airflow/example_dags/example_complex.py
[2025-06-23T05:58:26.507+0000] {logging_mixin.py:188} INFO - [2025-06-23T05:58:26.507+0000] {dag.py:3089} INFO - Sync 1 DAGs
[2025-06-23T05:58:26.533+0000] {logging_mixin.py:188} INFO - [2025-06-23T05:58:26.533+0000] {dag.py:3947} INFO - Setting next_dagrun for example_complex to None, run_after=None
[2025-06-23T05:58:26.591+0000] {processor.py:183} INFO - Processing /home/airflow/.local/lib/python3.12/site-packages/airflow/example_dags/example_complex.py took 0.180 seconds
[2025-06-23T05:59:05.100+0000] {processor.py:161} INFO - Started process (PID=959) to work on /home/airflow/.local/lib/python3.12/site-packages/airflow/example_dags/example_complex.py
[2025-06-23T05:59:05.104+0000] {processor.py:830} INFO - Processing file /home/airflow/.local/lib/python3.12/site-packages/airflow/example_dags/example_complex.py for tasks to queue
[2025-06-23T05:59:05.112+0000] {logging_mixin.py:188} INFO - [2025-06-23T05:59:05.110+0000] {dagbag.py:545} INFO - Filling up the DagBag from /home/airflow/.local/lib/python3.12/site-packages/airflow/example_dags/example_complex.py
[2025-06-23T05:59:05.147+0000] {processor.py:840} INFO - DAG(s) 'example_complex' retrieved from /home/airflow/.local/lib/python3.12/site-packages/airflow/example_dags/example_complex.py
[2025-06-23T05:59:05.230+0000] {logging_mixin.py:188} INFO - [2025-06-23T05:59:05.230+0000] {dag.py:3089} INFO - Sync 1 DAGs
[2025-06-23T05:59:05.295+0000] {logging_mixin.py:188} INFO - [2025-06-23T05:59:05.293+0000] {dag.py:3947} INFO - Setting next_dagrun for example_complex to None, run_after=None
[2025-06-23T05:59:05.394+0000] {processor.py:183} INFO - Processing /home/airflow/.local/lib/python3.12/site-packages/airflow/example_dags/example_complex.py took 0.327 seconds
[2025-06-23T05:59:38.703+0000] {processor.py:161} INFO - Started process (PID=1026) to work on /home/airflow/.local/lib/python3.12/site-packages/airflow/example_dags/example_complex.py
[2025-06-23T05:59:38.711+0000] {processor.py:830} INFO - Processing file /home/airflow/.local/lib/python3.12/site-packages/airflow/example_dags/example_complex.py for tasks to queue
[2025-06-23T05:59:38.714+0000] {logging_mixin.py:188} INFO - [2025-06-23T05:59:38.714+0000] {dagbag.py:545} INFO - Filling up the DagBag from /home/airflow/.local/lib/python3.12/site-packages/airflow/example_dags/example_complex.py
[2025-06-23T05:59:38.747+0000] {processor.py:840} INFO - DAG(s) 'example_complex' retrieved from /home/airflow/.local/lib/python3.12/site-packages/airflow/example_dags/example_complex.py
[2025-06-23T05:59:38.861+0000] {logging_mixin.py:188} INFO - [2025-06-23T05:59:38.860+0000] {dag.py:3089} INFO - Sync 1 DAGs
[2025-06-23T05:59:38.900+0000] {logging_mixin.py:188} INFO - [2025-06-23T05:59:38.899+0000] {dag.py:3947} INFO - Setting next_dagrun for example_complex to None, run_after=None
[2025-06-23T05:59:38.963+0000] {processor.py:183} INFO - Processing /home/airflow/.local/lib/python3.12/site-packages/airflow/example_dags/example_complex.py took 0.278 seconds
[2025-06-23T06:00:12.789+0000] {processor.py:161} INFO - Started process (PID=1087) to work on /home/airflow/.local/lib/python3.12/site-packages/airflow/example_dags/example_complex.py
[2025-06-23T06:00:12.792+0000] {processor.py:830} INFO - Processing file /home/airflow/.local/lib/python3.12/site-packages/airflow/example_dags/example_complex.py for tasks to queue
[2025-06-23T06:00:12.797+0000] {logging_mixin.py:188} INFO - [2025-06-23T06:00:12.796+0000] {dagbag.py:545} INFO - Filling up the DagBag from /home/airflow/.local/lib/python3.12/site-packages/airflow/example_dags/example_complex.py
[2025-06-23T06:00:12.836+0000] {processor.py:840} INFO - DAG(s) 'example_complex' retrieved from /home/airflow/.local/lib/python3.12/site-packages/airflow/example_dags/example_complex.py
[2025-06-23T06:00:12.941+0000] {logging_mixin.py:188} INFO - [2025-06-23T06:00:12.940+0000] {dag.py:3089} INFO - Sync 1 DAGs
[2025-06-23T06:00:13.043+0000] {logging_mixin.py:188} INFO - [2025-06-23T06:00:13.042+0000] {dag.py:3947} INFO - Setting next_dagrun for example_complex to None, run_after=None
[2025-06-23T06:00:13.184+0000] {processor.py:183} INFO - Processing /home/airflow/.local/lib/python3.12/site-packages/airflow/example_dags/example_complex.py took 0.412 seconds
[2025-06-23T06:00:43.579+0000] {processor.py:161} INFO - Started process (PID=1146) to work on /home/airflow/.local/lib/python3.12/site-packages/airflow/example_dags/example_complex.py
[2025-06-23T06:00:43.581+0000] {processor.py:830} INFO - Processing file /home/airflow/.local/lib/python3.12/site-packages/airflow/example_dags/example_complex.py for tasks to queue
[2025-06-23T06:00:43.586+0000] {logging_mixin.py:188} INFO - [2025-06-23T06:00:43.586+0000] {dagbag.py:545} INFO - Filling up the DagBag from /home/airflow/.local/lib/python3.12/site-packages/airflow/example_dags/example_complex.py
[2025-06-23T06:00:43.616+0000] {processor.py:840} INFO - DAG(s) 'example_complex' retrieved from /home/airflow/.local/lib/python3.12/site-packages/airflow/example_dags/example_complex.py
[2025-06-23T06:00:43.730+0000] {logging_mixin.py:188} INFO - [2025-06-23T06:00:43.730+0000] {dag.py:3089} INFO - Sync 1 DAGs
[2025-06-23T06:00:43.830+0000] {logging_mixin.py:188} INFO - [2025-06-23T06:00:43.829+0000] {dag.py:3947} INFO - Setting next_dagrun for example_complex to None, run_after=None
[2025-06-23T06:00:43.878+0000] {processor.py:183} INFO - Processing /home/airflow/.local/lib/python3.12/site-packages/airflow/example_dags/example_complex.py took 0.312 seconds
[2025-06-23T06:01:13.992+0000] {processor.py:161} INFO - Started process (PID=1206) to work on /home/airflow/.local/lib/python3.12/site-packages/airflow/example_dags/example_complex.py
[2025-06-23T06:01:13.994+0000] {processor.py:830} INFO - Processing file /home/airflow/.local/lib/python3.12/site-packages/airflow/example_dags/example_complex.py for tasks to queue
[2025-06-23T06:01:13.998+0000] {logging_mixin.py:188} INFO - [2025-06-23T06:01:13.997+0000] {dagbag.py:545} INFO - Filling up the DagBag from /home/airflow/.local/lib/python3.12/site-packages/airflow/example_dags/example_complex.py
[2025-06-23T06:01:14.019+0000] {processor.py:840} INFO - DAG(s) 'example_complex' retrieved from /home/airflow/.local/lib/python3.12/site-packages/airflow/example_dags/example_complex.py
[2025-06-23T06:01:14.085+0000] {logging_mixin.py:188} INFO - [2025-06-23T06:01:14.085+0000] {dag.py:3089} INFO - Sync 1 DAGs
[2025-06-23T06:01:14.114+0000] {logging_mixin.py:188} INFO - [2025-06-23T06:01:14.113+0000] {dag.py:3947} INFO - Setting next_dagrun for example_complex to None, run_after=None
[2025-06-23T06:01:14.165+0000] {processor.py:183} INFO - Processing /home/airflow/.local/lib/python3.12/site-packages/airflow/example_dags/example_complex.py took 0.187 seconds
[2025-06-23T06:01:44.435+0000] {processor.py:161} INFO - Started process (PID=1267) to work on /home/airflow/.local/lib/python3.12/site-packages/airflow/example_dags/example_complex.py
[2025-06-23T06:01:44.439+0000] {processor.py:830} INFO - Processing file /home/airflow/.local/lib/python3.12/site-packages/airflow/example_dags/example_complex.py for tasks to queue
[2025-06-23T06:01:44.446+0000] {logging_mixin.py:188} INFO - [2025-06-23T06:01:44.444+0000] {dagbag.py:545} INFO - Filling up the DagBag from /home/airflow/.local/lib/python3.12/site-packages/airflow/example_dags/example_complex.py
[2025-06-23T06:01:44.470+0000] {processor.py:840} INFO - DAG(s) 'example_complex' retrieved from /home/airflow/.local/lib/python3.12/site-packages/airflow/example_dags/example_complex.py
[2025-06-23T06:01:44.540+0000] {logging_mixin.py:188} INFO - [2025-06-23T06:01:44.539+0000] {dag.py:3089} INFO - Sync 1 DAGs
[2025-06-23T06:01:44.568+0000] {logging_mixin.py:188} INFO - [2025-06-23T06:01:44.568+0000] {dag.py:3947} INFO - Setting next_dagrun for example_complex to None, run_after=None
[2025-06-23T06:01:44.626+0000] {processor.py:183} INFO - Processing /home/airflow/.local/lib/python3.12/site-packages/airflow/example_dags/example_complex.py took 0.210 seconds
[2025-06-23T06:02:15.408+0000] {processor.py:161} INFO - Started process (PID=1327) to work on /home/airflow/.local/lib/python3.12/site-packages/airflow/example_dags/example_complex.py
[2025-06-23T06:02:15.415+0000] {processor.py:830} INFO - Processing file /home/airflow/.local/lib/python3.12/site-packages/airflow/example_dags/example_complex.py for tasks to queue
[2025-06-23T06:02:15.420+0000] {logging_mixin.py:188} INFO - [2025-06-23T06:02:15.419+0000] {dagbag.py:545} INFO - Filling up the DagBag from /home/airflow/.local/lib/python3.12/site-packages/airflow/example_dags/example_complex.py
[2025-06-23T06:02:15.456+0000] {processor.py:840} INFO - DAG(s) 'example_complex' retrieved from /home/airflow/.local/lib/python3.12/site-packages/airflow/example_dags/example_complex.py
[2025-06-23T06:02:15.586+0000] {logging_mixin.py:188} INFO - [2025-06-23T06:02:15.586+0000] {dag.py:3089} INFO - Sync 1 DAGs
[2025-06-23T06:02:15.655+0000] {logging_mixin.py:188} INFO - [2025-06-23T06:02:15.654+0000] {dag.py:3947} INFO - Setting next_dagrun for example_complex to None, run_after=None
[2025-06-23T06:02:15.741+0000] {processor.py:183} INFO - Processing /home/airflow/.local/lib/python3.12/site-packages/airflow/example_dags/example_complex.py took 0.382 seconds
[2025-06-23T06:02:46.232+0000] {processor.py:161} INFO - Started process (PID=1388) to work on /home/airflow/.local/lib/python3.12/site-packages/airflow/example_dags/example_complex.py
[2025-06-23T06:02:46.236+0000] {processor.py:830} INFO - Processing file /home/airflow/.local/lib/python3.12/site-packages/airflow/example_dags/example_complex.py for tasks to queue
[2025-06-23T06:02:46.243+0000] {logging_mixin.py:188} INFO - [2025-06-23T06:02:46.240+0000] {dagbag.py:545} INFO - Filling up the DagBag from /home/airflow/.local/lib/python3.12/site-packages/airflow/example_dags/example_complex.py
[2025-06-23T06:02:46.273+0000] {processor.py:840} INFO - DAG(s) 'example_complex' retrieved from /home/airflow/.local/lib/python3.12/site-packages/airflow/example_dags/example_complex.py
[2025-06-23T06:02:46.370+0000] {logging_mixin.py:188} INFO - [2025-06-23T06:02:46.369+0000] {dag.py:3089} INFO - Sync 1 DAGs
[2025-06-23T06:02:46.404+0000] {logging_mixin.py:188} INFO - [2025-06-23T06:02:46.404+0000] {dag.py:3947} INFO - Setting next_dagrun for example_complex to None, run_after=None
[2025-06-23T06:02:46.458+0000] {processor.py:183} INFO - Processing /home/airflow/.local/lib/python3.12/site-packages/airflow/example_dags/example_complex.py took 0.242 seconds
[2025-06-23T06:03:16.963+0000] {processor.py:161} INFO - Started process (PID=1448) to work on /home/airflow/.local/lib/python3.12/site-packages/airflow/example_dags/example_complex.py
[2025-06-23T06:03:16.965+0000] {processor.py:830} INFO - Processing file /home/airflow/.local/lib/python3.12/site-packages/airflow/example_dags/example_complex.py for tasks to queue
[2025-06-23T06:03:16.968+0000] {logging_mixin.py:188} INFO - [2025-06-23T06:03:16.967+0000] {dagbag.py:545} INFO - Filling up the DagBag from /home/airflow/.local/lib/python3.12/site-packages/airflow/example_dags/example_complex.py
[2025-06-23T06:03:16.987+0000] {processor.py:840} INFO - DAG(s) 'example_complex' retrieved from /home/airflow/.local/lib/python3.12/site-packages/airflow/example_dags/example_complex.py
[2025-06-23T06:03:17.057+0000] {logging_mixin.py:188} INFO - [2025-06-23T06:03:17.056+0000] {dag.py:3089} INFO - Sync 1 DAGs
[2025-06-23T06:03:17.144+0000] {logging_mixin.py:188} INFO - [2025-06-23T06:03:17.142+0000] {dag.py:3947} INFO - Setting next_dagrun for example_complex to None, run_after=None
[2025-06-23T06:03:17.195+0000] {processor.py:183} INFO - Processing /home/airflow/.local/lib/python3.12/site-packages/airflow/example_dags/example_complex.py took 0.242 seconds
[2025-06-23T06:03:48.301+0000] {processor.py:161} INFO - Started process (PID=1508) to work on /home/airflow/.local/lib/python3.12/site-packages/airflow/example_dags/example_complex.py
[2025-06-23T06:03:48.304+0000] {processor.py:830} INFO - Processing file /home/airflow/.local/lib/python3.12/site-packages/airflow/example_dags/example_complex.py for tasks to queue
[2025-06-23T06:03:48.309+0000] {logging_mixin.py:188} INFO - [2025-06-23T06:03:48.308+0000] {dagbag.py:545} INFO - Filling up the DagBag from /home/airflow/.local/lib/python3.12/site-packages/airflow/example_dags/example_complex.py
[2025-06-23T06:03:48.352+0000] {processor.py:840} INFO - DAG(s) 'example_complex' retrieved from /home/airflow/.local/lib/python3.12/site-packages/airflow/example_dags/example_complex.py
[2025-06-23T06:03:48.457+0000] {logging_mixin.py:188} INFO - [2025-06-23T06:03:48.456+0000] {dag.py:3089} INFO - Sync 1 DAGs
[2025-06-23T06:03:48.501+0000] {logging_mixin.py:188} INFO - [2025-06-23T06:03:48.500+0000] {dag.py:3947} INFO - Setting next_dagrun for example_complex to None, run_after=None
[2025-06-23T06:03:48.581+0000] {processor.py:183} INFO - Processing /home/airflow/.local/lib/python3.12/site-packages/airflow/example_dags/example_complex.py took 0.300 seconds
[2025-06-23T06:04:18.724+0000] {processor.py:161} INFO - Started process (PID=1568) to work on /home/airflow/.local/lib/python3.12/site-packages/airflow/example_dags/example_complex.py
[2025-06-23T06:04:18.728+0000] {processor.py:830} INFO - Processing file /home/airflow/.local/lib/python3.12/site-packages/airflow/example_dags/example_complex.py for tasks to queue
[2025-06-23T06:04:18.731+0000] {logging_mixin.py:188} INFO - [2025-06-23T06:04:18.731+0000] {dagbag.py:545} INFO - Filling up the DagBag from /home/airflow/.local/lib/python3.12/site-packages/airflow/example_dags/example_complex.py
[2025-06-23T06:04:18.750+0000] {processor.py:840} INFO - DAG(s) 'example_complex' retrieved from /home/airflow/.local/lib/python3.12/site-packages/airflow/example_dags/example_complex.py
[2025-06-23T06:04:18.799+0000] {logging_mixin.py:188} INFO - [2025-06-23T06:04:18.798+0000] {dag.py:3089} INFO - Sync 1 DAGs
[2025-06-23T06:04:18.818+0000] {logging_mixin.py:188} INFO - [2025-06-23T06:04:18.818+0000] {dag.py:3947} INFO - Setting next_dagrun for example_complex to None, run_after=None
[2025-06-23T06:04:18.860+0000] {processor.py:183} INFO - Processing /home/airflow/.local/lib/python3.12/site-packages/airflow/example_dags/example_complex.py took 0.145 seconds
