[2025-06-23T05:50:52.690+0000] {processor.py:161} INFO - Started process (PID=78) to work on /home/airflow/.local/lib/python3.12/site-packages/airflow/example_dags/example_datasets.py
[2025-06-23T05:50:52.697+0000] {processor.py:830} INFO - Processing file /home/airflow/.local/lib/python3.12/site-packages/airflow/example_dags/example_datasets.py for tasks to queue
[2025-06-23T05:50:52.709+0000] {logging_mixin.py:188} INFO - [2025-06-23T05:50:52.708+0000] {dagbag.py:545} INFO - Filling up the DagBag from /home/airflow/.local/lib/python3.12/site-packages/airflow/example_dags/example_datasets.py
[2025-06-23T05:50:52.791+0000] {processor.py:840} INFO - DAG(s) 'dataset_produces_2', 'dataset_consumes_1_and_2', 'dataset_consumes_1', 'dataset_consumes_unknown_never_scheduled', 'conditional_dataset_and_time_based_timetable', 'consume_1_or_both_2_and_3_with_dataset_expressions', 'dataset_produces_1', 'consume_1_and_2_with_dataset_expressions', 'consume_1_or_2_with_dataset_expressions', 'dataset_consumes_1_never_scheduled' retrieved from /home/airflow/.local/lib/python3.12/site-packages/airflow/example_dags/example_datasets.py
[2025-06-23T05:50:53.291+0000] {logging_mixin.py:188} INFO - [2025-06-23T05:50:53.291+0000] {dag.py:3089} INFO - Sync 10 DAGs
[2025-06-23T05:50:53.356+0000] {logging_mixin.py:188} INFO - [2025-06-23T05:50:53.355+0000] {dag.py:3947} INFO - Setting next_dagrun for conditional_dataset_and_time_based_timetable to 2025-06-18 01:00:00+00:00, run_after=2025-06-18 01:00:00+00:00
[2025-06-23T05:50:53.365+0000] {logging_mixin.py:188} INFO - [2025-06-23T05:50:53.364+0000] {dag.py:3947} INFO - Setting next_dagrun for consume_1_and_2_with_dataset_expressions to None, run_after=None
[2025-06-23T05:50:53.368+0000] {logging_mixin.py:188} INFO - [2025-06-23T05:50:53.368+0000] {dag.py:3947} INFO - Setting next_dagrun for consume_1_or_2_with_dataset_expressions to None, run_after=None
[2025-06-23T05:50:53.371+0000] {logging_mixin.py:188} INFO - [2025-06-23T05:50:53.371+0000] {dag.py:3947} INFO - Setting next_dagrun for consume_1_or_both_2_and_3_with_dataset_expressions to None, run_after=None
[2025-06-23T05:50:53.374+0000] {logging_mixin.py:188} INFO - [2025-06-23T05:50:53.374+0000] {dag.py:3947} INFO - Setting next_dagrun for dataset_consumes_1 to None, run_after=None
[2025-06-23T05:50:53.378+0000] {logging_mixin.py:188} INFO - [2025-06-23T05:50:53.378+0000] {dag.py:3947} INFO - Setting next_dagrun for dataset_consumes_1_and_2 to None, run_after=None
[2025-06-23T05:50:53.382+0000] {logging_mixin.py:188} INFO - [2025-06-23T05:50:53.382+0000] {dag.py:3947} INFO - Setting next_dagrun for dataset_consumes_1_never_scheduled to None, run_after=None
[2025-06-23T05:50:53.385+0000] {logging_mixin.py:188} INFO - [2025-06-23T05:50:53.384+0000] {dag.py:3947} INFO - Setting next_dagrun for dataset_consumes_unknown_never_scheduled to None, run_after=None
[2025-06-23T05:50:53.389+0000] {logging_mixin.py:188} INFO - [2025-06-23T05:50:53.389+0000] {dag.py:3947} INFO - Setting next_dagrun for dataset_produces_1 to 2025-06-22 00:00:00+00:00, run_after=2025-06-23 00:00:00+00:00
[2025-06-23T05:50:53.393+0000] {logging_mixin.py:188} INFO - [2025-06-23T05:50:53.392+0000] {dag.py:3947} INFO - Setting next_dagrun for dataset_produces_2 to None, run_after=None
[2025-06-23T05:50:53.502+0000] {processor.py:183} INFO - Processing /home/airflow/.local/lib/python3.12/site-packages/airflow/example_dags/example_datasets.py took 0.839 seconds
[2025-06-23T05:51:47.288+0000] {processor.py:161} INFO - Started process (PID=139) to work on /home/airflow/.local/lib/python3.12/site-packages/airflow/example_dags/example_datasets.py
[2025-06-23T05:51:47.295+0000] {processor.py:830} INFO - Processing file /home/airflow/.local/lib/python3.12/site-packages/airflow/example_dags/example_datasets.py for tasks to queue
[2025-06-23T05:51:47.301+0000] {logging_mixin.py:188} INFO - [2025-06-23T05:51:47.300+0000] {dagbag.py:545} INFO - Filling up the DagBag from /home/airflow/.local/lib/python3.12/site-packages/airflow/example_dags/example_datasets.py
[2025-06-23T05:51:47.513+0000] {processor.py:840} INFO - DAG(s) 'dataset_consumes_unknown_never_scheduled', 'dataset_consumes_1_and_2', 'consume_1_and_2_with_dataset_expressions', 'dataset_produces_2', 'conditional_dataset_and_time_based_timetable', 'dataset_produces_1', 'consume_1_or_2_with_dataset_expressions', 'consume_1_or_both_2_and_3_with_dataset_expressions', 'dataset_consumes_1_never_scheduled', 'dataset_consumes_1' retrieved from /home/airflow/.local/lib/python3.12/site-packages/airflow/example_dags/example_datasets.py
[2025-06-23T05:51:47.746+0000] {logging_mixin.py:188} INFO - [2025-06-23T05:51:47.745+0000] {dag.py:3089} INFO - Sync 10 DAGs
[2025-06-23T05:51:48.840+0000] {logging_mixin.py:188} INFO - [2025-06-23T05:51:48.836+0000] {dag.py:3947} INFO - Setting next_dagrun for conditional_dataset_and_time_based_timetable to 2025-06-18 01:00:00+00:00, run_after=2025-06-18 01:00:00+00:00
[2025-06-23T05:51:49.253+0000] {logging_mixin.py:188} INFO - [2025-06-23T05:51:49.253+0000] {dag.py:3947} INFO - Setting next_dagrun for consume_1_and_2_with_dataset_expressions to None, run_after=None
[2025-06-23T05:51:49.262+0000] {logging_mixin.py:188} INFO - [2025-06-23T05:51:49.261+0000] {dag.py:3947} INFO - Setting next_dagrun for consume_1_or_2_with_dataset_expressions to None, run_after=None
[2025-06-23T05:51:49.291+0000] {logging_mixin.py:188} INFO - [2025-06-23T05:51:49.288+0000] {dag.py:3947} INFO - Setting next_dagrun for consume_1_or_both_2_and_3_with_dataset_expressions to None, run_after=None
[2025-06-23T05:51:49.295+0000] {logging_mixin.py:188} INFO - [2025-06-23T05:51:49.295+0000] {dag.py:3947} INFO - Setting next_dagrun for dataset_consumes_1 to None, run_after=None
[2025-06-23T05:51:49.306+0000] {logging_mixin.py:188} INFO - [2025-06-23T05:51:49.306+0000] {dag.py:3947} INFO - Setting next_dagrun for dataset_consumes_1_and_2 to None, run_after=None
[2025-06-23T05:51:49.312+0000] {logging_mixin.py:188} INFO - [2025-06-23T05:51:49.312+0000] {dag.py:3947} INFO - Setting next_dagrun for dataset_consumes_1_never_scheduled to None, run_after=None
[2025-06-23T05:51:49.317+0000] {logging_mixin.py:188} INFO - [2025-06-23T05:51:49.317+0000] {dag.py:3947} INFO - Setting next_dagrun for dataset_consumes_unknown_never_scheduled to None, run_after=None
[2025-06-23T05:51:49.332+0000] {logging_mixin.py:188} INFO - [2025-06-23T05:51:49.327+0000] {dag.py:3947} INFO - Setting next_dagrun for dataset_produces_1 to 2025-06-22 00:00:00+00:00, run_after=2025-06-23 00:00:00+00:00
[2025-06-23T05:51:49.337+0000] {logging_mixin.py:188} INFO - [2025-06-23T05:51:49.336+0000] {dag.py:3947} INFO - Setting next_dagrun for dataset_produces_2 to None, run_after=None
[2025-06-23T05:51:50.993+0000] {processor.py:183} INFO - Processing /home/airflow/.local/lib/python3.12/site-packages/airflow/example_dags/example_datasets.py took 4.010 seconds
[2025-06-23T05:52:21.949+0000] {processor.py:161} INFO - Started process (PID=197) to work on /home/airflow/.local/lib/python3.12/site-packages/airflow/example_dags/example_datasets.py
[2025-06-23T05:52:21.952+0000] {processor.py:830} INFO - Processing file /home/airflow/.local/lib/python3.12/site-packages/airflow/example_dags/example_datasets.py for tasks to queue
[2025-06-23T05:52:21.955+0000] {logging_mixin.py:188} INFO - [2025-06-23T05:52:21.954+0000] {dagbag.py:545} INFO - Filling up the DagBag from /home/airflow/.local/lib/python3.12/site-packages/airflow/example_dags/example_datasets.py
[2025-06-23T05:52:21.983+0000] {processor.py:840} INFO - DAG(s) 'dataset_consumes_1_and_2', 'consume_1_or_2_with_dataset_expressions', 'conditional_dataset_and_time_based_timetable', 'consume_1_and_2_with_dataset_expressions', 'dataset_consumes_1', 'dataset_produces_2', 'dataset_consumes_unknown_never_scheduled', 'dataset_consumes_1_never_scheduled', 'dataset_produces_1', 'consume_1_or_both_2_and_3_with_dataset_expressions' retrieved from /home/airflow/.local/lib/python3.12/site-packages/airflow/example_dags/example_datasets.py
[2025-06-23T05:52:22.082+0000] {logging_mixin.py:188} INFO - [2025-06-23T05:52:22.081+0000] {dag.py:3089} INFO - Sync 10 DAGs
[2025-06-23T05:52:22.126+0000] {logging_mixin.py:188} INFO - [2025-06-23T05:52:22.125+0000] {dag.py:3947} INFO - Setting next_dagrun for conditional_dataset_and_time_based_timetable to 2025-06-18 01:00:00+00:00, run_after=2025-06-18 01:00:00+00:00
[2025-06-23T05:52:22.133+0000] {logging_mixin.py:188} INFO - [2025-06-23T05:52:22.132+0000] {dag.py:3947} INFO - Setting next_dagrun for consume_1_and_2_with_dataset_expressions to None, run_after=None
[2025-06-23T05:52:22.136+0000] {logging_mixin.py:188} INFO - [2025-06-23T05:52:22.135+0000] {dag.py:3947} INFO - Setting next_dagrun for consume_1_or_2_with_dataset_expressions to None, run_after=None
[2025-06-23T05:52:22.138+0000] {logging_mixin.py:188} INFO - [2025-06-23T05:52:22.138+0000] {dag.py:3947} INFO - Setting next_dagrun for consume_1_or_both_2_and_3_with_dataset_expressions to None, run_after=None
[2025-06-23T05:52:22.141+0000] {logging_mixin.py:188} INFO - [2025-06-23T05:52:22.140+0000] {dag.py:3947} INFO - Setting next_dagrun for dataset_consumes_1 to None, run_after=None
[2025-06-23T05:52:22.143+0000] {logging_mixin.py:188} INFO - [2025-06-23T05:52:22.143+0000] {dag.py:3947} INFO - Setting next_dagrun for dataset_consumes_1_and_2 to None, run_after=None
[2025-06-23T05:52:22.146+0000] {logging_mixin.py:188} INFO - [2025-06-23T05:52:22.146+0000] {dag.py:3947} INFO - Setting next_dagrun for dataset_consumes_1_never_scheduled to None, run_after=None
[2025-06-23T05:52:22.148+0000] {logging_mixin.py:188} INFO - [2025-06-23T05:52:22.148+0000] {dag.py:3947} INFO - Setting next_dagrun for dataset_consumes_unknown_never_scheduled to None, run_after=None
[2025-06-23T05:52:22.152+0000] {logging_mixin.py:188} INFO - [2025-06-23T05:52:22.152+0000] {dag.py:3947} INFO - Setting next_dagrun for dataset_produces_1 to 2025-06-22 00:00:00+00:00, run_after=2025-06-23 00:00:00+00:00
[2025-06-23T05:52:22.155+0000] {logging_mixin.py:188} INFO - [2025-06-23T05:52:22.155+0000] {dag.py:3947} INFO - Setting next_dagrun for dataset_produces_2 to None, run_after=None
[2025-06-23T05:52:22.226+0000] {processor.py:183} INFO - Processing /home/airflow/.local/lib/python3.12/site-packages/airflow/example_dags/example_datasets.py took 0.285 seconds
[2025-06-23T05:52:52.688+0000] {processor.py:161} INFO - Started process (PID=258) to work on /home/airflow/.local/lib/python3.12/site-packages/airflow/example_dags/example_datasets.py
[2025-06-23T05:52:52.701+0000] {processor.py:830} INFO - Processing file /home/airflow/.local/lib/python3.12/site-packages/airflow/example_dags/example_datasets.py for tasks to queue
[2025-06-23T05:52:52.707+0000] {logging_mixin.py:188} INFO - [2025-06-23T05:52:52.706+0000] {dagbag.py:545} INFO - Filling up the DagBag from /home/airflow/.local/lib/python3.12/site-packages/airflow/example_dags/example_datasets.py
[2025-06-23T05:52:52.813+0000] {processor.py:840} INFO - DAG(s) 'dataset_produces_1', 'consume_1_or_both_2_and_3_with_dataset_expressions', 'dataset_consumes_unknown_never_scheduled', 'consume_1_or_2_with_dataset_expressions', 'dataset_consumes_1', 'dataset_produces_2', 'conditional_dataset_and_time_based_timetable', 'consume_1_and_2_with_dataset_expressions', 'dataset_consumes_1_never_scheduled', 'dataset_consumes_1_and_2' retrieved from /home/airflow/.local/lib/python3.12/site-packages/airflow/example_dags/example_datasets.py
[2025-06-23T05:52:53.078+0000] {logging_mixin.py:188} INFO - [2025-06-23T05:52:53.077+0000] {dag.py:3089} INFO - Sync 10 DAGs
[2025-06-23T05:52:53.154+0000] {logging_mixin.py:188} INFO - [2025-06-23T05:52:53.153+0000] {dag.py:3947} INFO - Setting next_dagrun for conditional_dataset_and_time_based_timetable to 2025-06-18 01:00:00+00:00, run_after=2025-06-18 01:00:00+00:00
[2025-06-23T05:52:53.175+0000] {logging_mixin.py:188} INFO - [2025-06-23T05:52:53.174+0000] {dag.py:3947} INFO - Setting next_dagrun for consume_1_and_2_with_dataset_expressions to None, run_after=None
[2025-06-23T05:52:53.179+0000] {logging_mixin.py:188} INFO - [2025-06-23T05:52:53.178+0000] {dag.py:3947} INFO - Setting next_dagrun for consume_1_or_2_with_dataset_expressions to None, run_after=None
[2025-06-23T05:52:53.182+0000] {logging_mixin.py:188} INFO - [2025-06-23T05:52:53.182+0000] {dag.py:3947} INFO - Setting next_dagrun for consume_1_or_both_2_and_3_with_dataset_expressions to None, run_after=None
[2025-06-23T05:52:53.185+0000] {logging_mixin.py:188} INFO - [2025-06-23T05:52:53.184+0000] {dag.py:3947} INFO - Setting next_dagrun for dataset_consumes_1 to None, run_after=None
[2025-06-23T05:52:53.189+0000] {logging_mixin.py:188} INFO - [2025-06-23T05:52:53.188+0000] {dag.py:3947} INFO - Setting next_dagrun for dataset_consumes_1_and_2 to None, run_after=None
[2025-06-23T05:52:53.192+0000] {logging_mixin.py:188} INFO - [2025-06-23T05:52:53.191+0000] {dag.py:3947} INFO - Setting next_dagrun for dataset_consumes_1_never_scheduled to None, run_after=None
[2025-06-23T05:52:53.195+0000] {logging_mixin.py:188} INFO - [2025-06-23T05:52:53.195+0000] {dag.py:3947} INFO - Setting next_dagrun for dataset_consumes_unknown_never_scheduled to None, run_after=None
[2025-06-23T05:52:53.200+0000] {logging_mixin.py:188} INFO - [2025-06-23T05:52:53.200+0000] {dag.py:3947} INFO - Setting next_dagrun for dataset_produces_1 to 2025-06-22 00:00:00+00:00, run_after=2025-06-23 00:00:00+00:00
[2025-06-23T05:52:53.206+0000] {logging_mixin.py:188} INFO - [2025-06-23T05:52:53.205+0000] {dag.py:3947} INFO - Setting next_dagrun for dataset_produces_2 to None, run_after=None
[2025-06-23T05:52:53.416+0000] {processor.py:183} INFO - Processing /home/airflow/.local/lib/python3.12/site-packages/airflow/example_dags/example_datasets.py took 0.879 seconds
[2025-06-23T05:53:23.991+0000] {processor.py:161} INFO - Started process (PID=318) to work on /home/airflow/.local/lib/python3.12/site-packages/airflow/example_dags/example_datasets.py
[2025-06-23T05:53:23.993+0000] {processor.py:830} INFO - Processing file /home/airflow/.local/lib/python3.12/site-packages/airflow/example_dags/example_datasets.py for tasks to queue
[2025-06-23T05:53:23.998+0000] {logging_mixin.py:188} INFO - [2025-06-23T05:53:23.997+0000] {dagbag.py:545} INFO - Filling up the DagBag from /home/airflow/.local/lib/python3.12/site-packages/airflow/example_dags/example_datasets.py
[2025-06-23T05:53:24.032+0000] {processor.py:840} INFO - DAG(s) 'dataset_consumes_1', 'consume_1_or_both_2_and_3_with_dataset_expressions', 'dataset_consumes_1_never_scheduled', 'consume_1_and_2_with_dataset_expressions', 'conditional_dataset_and_time_based_timetable', 'dataset_produces_1', 'dataset_consumes_unknown_never_scheduled', 'dataset_consumes_1_and_2', 'consume_1_or_2_with_dataset_expressions', 'dataset_produces_2' retrieved from /home/airflow/.local/lib/python3.12/site-packages/airflow/example_dags/example_datasets.py
[2025-06-23T05:53:24.130+0000] {logging_mixin.py:188} INFO - [2025-06-23T05:53:24.129+0000] {dag.py:3089} INFO - Sync 10 DAGs
[2025-06-23T05:53:24.178+0000] {logging_mixin.py:188} INFO - [2025-06-23T05:53:24.177+0000] {dag.py:3947} INFO - Setting next_dagrun for conditional_dataset_and_time_based_timetable to 2025-06-18 01:00:00+00:00, run_after=2025-06-18 01:00:00+00:00
[2025-06-23T05:53:24.184+0000] {logging_mixin.py:188} INFO - [2025-06-23T05:53:24.184+0000] {dag.py:3947} INFO - Setting next_dagrun for consume_1_and_2_with_dataset_expressions to None, run_after=None
[2025-06-23T05:53:24.187+0000] {logging_mixin.py:188} INFO - [2025-06-23T05:53:24.186+0000] {dag.py:3947} INFO - Setting next_dagrun for consume_1_or_2_with_dataset_expressions to None, run_after=None
[2025-06-23T05:53:24.189+0000] {logging_mixin.py:188} INFO - [2025-06-23T05:53:24.188+0000] {dag.py:3947} INFO - Setting next_dagrun for consume_1_or_both_2_and_3_with_dataset_expressions to None, run_after=None
[2025-06-23T05:53:24.191+0000] {logging_mixin.py:188} INFO - [2025-06-23T05:53:24.190+0000] {dag.py:3947} INFO - Setting next_dagrun for dataset_consumes_1 to None, run_after=None
[2025-06-23T05:53:24.193+0000] {logging_mixin.py:188} INFO - [2025-06-23T05:53:24.192+0000] {dag.py:3947} INFO - Setting next_dagrun for dataset_consumes_1_and_2 to None, run_after=None
[2025-06-23T05:53:24.196+0000] {logging_mixin.py:188} INFO - [2025-06-23T05:53:24.195+0000] {dag.py:3947} INFO - Setting next_dagrun for dataset_consumes_1_never_scheduled to None, run_after=None
[2025-06-23T05:53:24.198+0000] {logging_mixin.py:188} INFO - [2025-06-23T05:53:24.197+0000] {dag.py:3947} INFO - Setting next_dagrun for dataset_consumes_unknown_never_scheduled to None, run_after=None
[2025-06-23T05:53:24.201+0000] {logging_mixin.py:188} INFO - [2025-06-23T05:53:24.201+0000] {dag.py:3947} INFO - Setting next_dagrun for dataset_produces_1 to 2025-06-22 00:00:00+00:00, run_after=2025-06-23 00:00:00+00:00
[2025-06-23T05:53:24.204+0000] {logging_mixin.py:188} INFO - [2025-06-23T05:53:24.204+0000] {dag.py:3947} INFO - Setting next_dagrun for dataset_produces_2 to None, run_after=None
[2025-06-23T05:53:24.259+0000] {processor.py:183} INFO - Processing /home/airflow/.local/lib/python3.12/site-packages/airflow/example_dags/example_datasets.py took 0.280 seconds
[2025-06-23T05:53:58.630+0000] {processor.py:161} INFO - Started process (PID=386) to work on /home/airflow/.local/lib/python3.12/site-packages/airflow/example_dags/example_datasets.py
[2025-06-23T05:53:58.637+0000] {processor.py:830} INFO - Processing file /home/airflow/.local/lib/python3.12/site-packages/airflow/example_dags/example_datasets.py for tasks to queue
[2025-06-23T05:53:58.642+0000] {logging_mixin.py:188} INFO - [2025-06-23T05:53:58.641+0000] {dagbag.py:545} INFO - Filling up the DagBag from /home/airflow/.local/lib/python3.12/site-packages/airflow/example_dags/example_datasets.py
[2025-06-23T05:53:58.678+0000] {processor.py:840} INFO - DAG(s) 'consume_1_or_2_with_dataset_expressions', 'dataset_produces_1', 'consume_1_and_2_with_dataset_expressions', 'dataset_produces_2', 'dataset_consumes_1', 'consume_1_or_both_2_and_3_with_dataset_expressions', 'conditional_dataset_and_time_based_timetable', 'dataset_consumes_1_and_2', 'dataset_consumes_1_never_scheduled', 'dataset_consumes_unknown_never_scheduled' retrieved from /home/airflow/.local/lib/python3.12/site-packages/airflow/example_dags/example_datasets.py
[2025-06-23T05:53:58.876+0000] {logging_mixin.py:188} INFO - [2025-06-23T05:53:58.875+0000] {dag.py:3089} INFO - Sync 10 DAGs
[2025-06-23T05:53:58.951+0000] {logging_mixin.py:188} INFO - [2025-06-23T05:53:58.949+0000] {dag.py:3947} INFO - Setting next_dagrun for conditional_dataset_and_time_based_timetable to 2025-06-18 01:00:00+00:00, run_after=2025-06-18 01:00:00+00:00
[2025-06-23T05:53:58.976+0000] {logging_mixin.py:188} INFO - [2025-06-23T05:53:58.976+0000] {dag.py:3947} INFO - Setting next_dagrun for consume_1_and_2_with_dataset_expressions to None, run_after=None
[2025-06-23T05:53:58.986+0000] {logging_mixin.py:188} INFO - [2025-06-23T05:53:58.985+0000] {dag.py:3947} INFO - Setting next_dagrun for consume_1_or_2_with_dataset_expressions to None, run_after=None
[2025-06-23T05:53:58.990+0000] {logging_mixin.py:188} INFO - [2025-06-23T05:53:58.990+0000] {dag.py:3947} INFO - Setting next_dagrun for consume_1_or_both_2_and_3_with_dataset_expressions to None, run_after=None
[2025-06-23T05:53:58.996+0000] {logging_mixin.py:188} INFO - [2025-06-23T05:53:58.995+0000] {dag.py:3947} INFO - Setting next_dagrun for dataset_consumes_1 to None, run_after=None
[2025-06-23T05:53:59.004+0000] {logging_mixin.py:188} INFO - [2025-06-23T05:53:59.004+0000] {dag.py:3947} INFO - Setting next_dagrun for dataset_consumes_1_and_2 to None, run_after=None
[2025-06-23T05:53:59.008+0000] {logging_mixin.py:188} INFO - [2025-06-23T05:53:59.008+0000] {dag.py:3947} INFO - Setting next_dagrun for dataset_consumes_1_never_scheduled to None, run_after=None
[2025-06-23T05:53:59.014+0000] {logging_mixin.py:188} INFO - [2025-06-23T05:53:59.013+0000] {dag.py:3947} INFO - Setting next_dagrun for dataset_consumes_unknown_never_scheduled to None, run_after=None
[2025-06-23T05:53:59.021+0000] {logging_mixin.py:188} INFO - [2025-06-23T05:53:59.021+0000] {dag.py:3947} INFO - Setting next_dagrun for dataset_produces_1 to 2025-06-22 00:00:00+00:00, run_after=2025-06-23 00:00:00+00:00
[2025-06-23T05:53:59.029+0000] {logging_mixin.py:188} INFO - [2025-06-23T05:53:59.028+0000] {dag.py:3947} INFO - Setting next_dagrun for dataset_produces_2 to None, run_after=None
[2025-06-23T05:53:59.145+0000] {processor.py:183} INFO - Processing /home/airflow/.local/lib/python3.12/site-packages/airflow/example_dags/example_datasets.py took 0.526 seconds
[2025-06-23T05:54:29.570+0000] {processor.py:161} INFO - Started process (PID=441) to work on /home/airflow/.local/lib/python3.12/site-packages/airflow/example_dags/example_datasets.py
[2025-06-23T05:54:29.573+0000] {processor.py:830} INFO - Processing file /home/airflow/.local/lib/python3.12/site-packages/airflow/example_dags/example_datasets.py for tasks to queue
[2025-06-23T05:54:29.580+0000] {logging_mixin.py:188} INFO - [2025-06-23T05:54:29.579+0000] {dagbag.py:545} INFO - Filling up the DagBag from /home/airflow/.local/lib/python3.12/site-packages/airflow/example_dags/example_datasets.py
[2025-06-23T05:54:29.627+0000] {processor.py:840} INFO - DAG(s) 'dataset_consumes_1_and_2', 'consume_1_or_both_2_and_3_with_dataset_expressions', 'dataset_produces_1', 'dataset_consumes_unknown_never_scheduled', 'conditional_dataset_and_time_based_timetable', 'dataset_produces_2', 'consume_1_and_2_with_dataset_expressions', 'dataset_consumes_1', 'dataset_consumes_1_never_scheduled', 'consume_1_or_2_with_dataset_expressions' retrieved from /home/airflow/.local/lib/python3.12/site-packages/airflow/example_dags/example_datasets.py
[2025-06-23T05:54:29.758+0000] {logging_mixin.py:188} INFO - [2025-06-23T05:54:29.757+0000] {dag.py:3089} INFO - Sync 10 DAGs
[2025-06-23T05:54:29.805+0000] {logging_mixin.py:188} INFO - [2025-06-23T05:54:29.804+0000] {dag.py:3947} INFO - Setting next_dagrun for conditional_dataset_and_time_based_timetable to 2025-06-18 01:00:00+00:00, run_after=2025-06-18 01:00:00+00:00
[2025-06-23T05:54:29.812+0000] {logging_mixin.py:188} INFO - [2025-06-23T05:54:29.811+0000] {dag.py:3947} INFO - Setting next_dagrun for consume_1_and_2_with_dataset_expressions to None, run_after=None
[2025-06-23T05:54:29.815+0000] {logging_mixin.py:188} INFO - [2025-06-23T05:54:29.814+0000] {dag.py:3947} INFO - Setting next_dagrun for consume_1_or_2_with_dataset_expressions to None, run_after=None
[2025-06-23T05:54:29.817+0000] {logging_mixin.py:188} INFO - [2025-06-23T05:54:29.817+0000] {dag.py:3947} INFO - Setting next_dagrun for consume_1_or_both_2_and_3_with_dataset_expressions to None, run_after=None
[2025-06-23T05:54:29.820+0000] {logging_mixin.py:188} INFO - [2025-06-23T05:54:29.820+0000] {dag.py:3947} INFO - Setting next_dagrun for dataset_consumes_1 to None, run_after=None
[2025-06-23T05:54:29.823+0000] {logging_mixin.py:188} INFO - [2025-06-23T05:54:29.823+0000] {dag.py:3947} INFO - Setting next_dagrun for dataset_consumes_1_and_2 to None, run_after=None
[2025-06-23T05:54:29.826+0000] {logging_mixin.py:188} INFO - [2025-06-23T05:54:29.826+0000] {dag.py:3947} INFO - Setting next_dagrun for dataset_consumes_1_never_scheduled to None, run_after=None
[2025-06-23T05:54:29.829+0000] {logging_mixin.py:188} INFO - [2025-06-23T05:54:29.828+0000] {dag.py:3947} INFO - Setting next_dagrun for dataset_consumes_unknown_never_scheduled to None, run_after=None
[2025-06-23T05:54:29.833+0000] {logging_mixin.py:188} INFO - [2025-06-23T05:54:29.832+0000] {dag.py:3947} INFO - Setting next_dagrun for dataset_produces_1 to 2025-06-22 00:00:00+00:00, run_after=2025-06-23 00:00:00+00:00
[2025-06-23T05:54:29.835+0000] {logging_mixin.py:188} INFO - [2025-06-23T05:54:29.835+0000] {dag.py:3947} INFO - Setting next_dagrun for dataset_produces_2 to None, run_after=None
[2025-06-23T05:54:29.898+0000] {processor.py:183} INFO - Processing /home/airflow/.local/lib/python3.12/site-packages/airflow/example_dags/example_datasets.py took 0.347 seconds
[2025-06-23T05:55:06.779+0000] {processor.py:161} INFO - Started process (PID=500) to work on /home/airflow/.local/lib/python3.12/site-packages/airflow/example_dags/example_datasets.py
[2025-06-23T05:55:06.784+0000] {processor.py:830} INFO - Processing file /home/airflow/.local/lib/python3.12/site-packages/airflow/example_dags/example_datasets.py for tasks to queue
[2025-06-23T05:55:06.790+0000] {logging_mixin.py:188} INFO - [2025-06-23T05:55:06.789+0000] {dagbag.py:545} INFO - Filling up the DagBag from /home/airflow/.local/lib/python3.12/site-packages/airflow/example_dags/example_datasets.py
[2025-06-23T05:55:06.865+0000] {processor.py:840} INFO - DAG(s) 'dataset_consumes_unknown_never_scheduled', 'consume_1_and_2_with_dataset_expressions', 'dataset_consumes_1_and_2', 'consume_1_or_both_2_and_3_with_dataset_expressions', 'dataset_produces_1', 'dataset_consumes_1', 'dataset_produces_2', 'conditional_dataset_and_time_based_timetable', 'consume_1_or_2_with_dataset_expressions', 'dataset_consumes_1_never_scheduled' retrieved from /home/airflow/.local/lib/python3.12/site-packages/airflow/example_dags/example_datasets.py
[2025-06-23T05:55:06.962+0000] {logging_mixin.py:188} INFO - [2025-06-23T05:55:06.962+0000] {dag.py:3089} INFO - Sync 10 DAGs
[2025-06-23T05:55:07.022+0000] {logging_mixin.py:188} INFO - [2025-06-23T05:55:07.021+0000] {dag.py:3947} INFO - Setting next_dagrun for conditional_dataset_and_time_based_timetable to 2025-06-18 01:00:00+00:00, run_after=2025-06-18 01:00:00+00:00
[2025-06-23T05:55:07.029+0000] {logging_mixin.py:188} INFO - [2025-06-23T05:55:07.029+0000] {dag.py:3947} INFO - Setting next_dagrun for consume_1_and_2_with_dataset_expressions to None, run_after=None
[2025-06-23T05:55:07.032+0000] {logging_mixin.py:188} INFO - [2025-06-23T05:55:07.032+0000] {dag.py:3947} INFO - Setting next_dagrun for consume_1_or_2_with_dataset_expressions to None, run_after=None
[2025-06-23T05:55:07.035+0000] {logging_mixin.py:188} INFO - [2025-06-23T05:55:07.034+0000] {dag.py:3947} INFO - Setting next_dagrun for consume_1_or_both_2_and_3_with_dataset_expressions to None, run_after=None
[2025-06-23T05:55:07.038+0000] {logging_mixin.py:188} INFO - [2025-06-23T05:55:07.037+0000] {dag.py:3947} INFO - Setting next_dagrun for dataset_consumes_1 to None, run_after=None
[2025-06-23T05:55:07.041+0000] {logging_mixin.py:188} INFO - [2025-06-23T05:55:07.041+0000] {dag.py:3947} INFO - Setting next_dagrun for dataset_consumes_1_and_2 to None, run_after=None
[2025-06-23T05:55:07.045+0000] {logging_mixin.py:188} INFO - [2025-06-23T05:55:07.044+0000] {dag.py:3947} INFO - Setting next_dagrun for dataset_consumes_1_never_scheduled to None, run_after=None
[2025-06-23T05:55:07.048+0000] {logging_mixin.py:188} INFO - [2025-06-23T05:55:07.047+0000] {dag.py:3947} INFO - Setting next_dagrun for dataset_consumes_unknown_never_scheduled to None, run_after=None
[2025-06-23T05:55:07.053+0000] {logging_mixin.py:188} INFO - [2025-06-23T05:55:07.052+0000] {dag.py:3947} INFO - Setting next_dagrun for dataset_produces_1 to 2025-06-22 00:00:00+00:00, run_after=2025-06-23 00:00:00+00:00
[2025-06-23T05:55:07.056+0000] {logging_mixin.py:188} INFO - [2025-06-23T05:55:07.056+0000] {dag.py:3947} INFO - Setting next_dagrun for dataset_produces_2 to None, run_after=None
[2025-06-23T05:55:07.141+0000] {processor.py:183} INFO - Processing /home/airflow/.local/lib/python3.12/site-packages/airflow/example_dags/example_datasets.py took 0.377 seconds
[2025-06-23T05:55:37.612+0000] {processor.py:161} INFO - Started process (PID=559) to work on /home/airflow/.local/lib/python3.12/site-packages/airflow/example_dags/example_datasets.py
[2025-06-23T05:55:37.622+0000] {processor.py:830} INFO - Processing file /home/airflow/.local/lib/python3.12/site-packages/airflow/example_dags/example_datasets.py for tasks to queue
[2025-06-23T05:55:37.636+0000] {logging_mixin.py:188} INFO - [2025-06-23T05:55:37.630+0000] {dagbag.py:545} INFO - Filling up the DagBag from /home/airflow/.local/lib/python3.12/site-packages/airflow/example_dags/example_datasets.py
[2025-06-23T05:55:37.702+0000] {processor.py:840} INFO - DAG(s) 'dataset_consumes_unknown_never_scheduled', 'consume_1_or_both_2_and_3_with_dataset_expressions', 'dataset_produces_1', 'dataset_consumes_1', 'conditional_dataset_and_time_based_timetable', 'dataset_consumes_1_never_scheduled', 'dataset_produces_2', 'dataset_consumes_1_and_2', 'consume_1_or_2_with_dataset_expressions', 'consume_1_and_2_with_dataset_expressions' retrieved from /home/airflow/.local/lib/python3.12/site-packages/airflow/example_dags/example_datasets.py
[2025-06-23T05:55:37.833+0000] {logging_mixin.py:188} INFO - [2025-06-23T05:55:37.832+0000] {dag.py:3089} INFO - Sync 10 DAGs
[2025-06-23T05:55:37.875+0000] {logging_mixin.py:188} INFO - [2025-06-23T05:55:37.875+0000] {dag.py:3947} INFO - Setting next_dagrun for conditional_dataset_and_time_based_timetable to 2025-06-18 01:00:00+00:00, run_after=2025-06-18 01:00:00+00:00
[2025-06-23T05:55:37.883+0000] {logging_mixin.py:188} INFO - [2025-06-23T05:55:37.882+0000] {dag.py:3947} INFO - Setting next_dagrun for consume_1_and_2_with_dataset_expressions to None, run_after=None
[2025-06-23T05:55:37.886+0000] {logging_mixin.py:188} INFO - [2025-06-23T05:55:37.885+0000] {dag.py:3947} INFO - Setting next_dagrun for consume_1_or_2_with_dataset_expressions to None, run_after=None
[2025-06-23T05:55:37.889+0000] {logging_mixin.py:188} INFO - [2025-06-23T05:55:37.888+0000] {dag.py:3947} INFO - Setting next_dagrun for consume_1_or_both_2_and_3_with_dataset_expressions to None, run_after=None
[2025-06-23T05:55:37.891+0000] {logging_mixin.py:188} INFO - [2025-06-23T05:55:37.891+0000] {dag.py:3947} INFO - Setting next_dagrun for dataset_consumes_1 to None, run_after=None
[2025-06-23T05:55:37.894+0000] {logging_mixin.py:188} INFO - [2025-06-23T05:55:37.894+0000] {dag.py:3947} INFO - Setting next_dagrun for dataset_consumes_1_and_2 to None, run_after=None
[2025-06-23T05:55:37.897+0000] {logging_mixin.py:188} INFO - [2025-06-23T05:55:37.897+0000] {dag.py:3947} INFO - Setting next_dagrun for dataset_consumes_1_never_scheduled to None, run_after=None
[2025-06-23T05:55:37.904+0000] {logging_mixin.py:188} INFO - [2025-06-23T05:55:37.903+0000] {dag.py:3947} INFO - Setting next_dagrun for dataset_consumes_unknown_never_scheduled to None, run_after=None
[2025-06-23T05:55:37.912+0000] {logging_mixin.py:188} INFO - [2025-06-23T05:55:37.912+0000] {dag.py:3947} INFO - Setting next_dagrun for dataset_produces_1 to 2025-06-22 00:00:00+00:00, run_after=2025-06-23 00:00:00+00:00
[2025-06-23T05:55:37.921+0000] {logging_mixin.py:188} INFO - [2025-06-23T05:55:37.919+0000] {dag.py:3947} INFO - Setting next_dagrun for dataset_produces_2 to None, run_after=None
[2025-06-23T05:55:37.996+0000] {processor.py:183} INFO - Processing /home/airflow/.local/lib/python3.12/site-packages/airflow/example_dags/example_datasets.py took 0.410 seconds
[2025-06-23T05:56:08.661+0000] {processor.py:161} INFO - Started process (PID=619) to work on /home/airflow/.local/lib/python3.12/site-packages/airflow/example_dags/example_datasets.py
[2025-06-23T05:56:08.664+0000] {processor.py:830} INFO - Processing file /home/airflow/.local/lib/python3.12/site-packages/airflow/example_dags/example_datasets.py for tasks to queue
[2025-06-23T05:56:08.669+0000] {logging_mixin.py:188} INFO - [2025-06-23T05:56:08.668+0000] {dagbag.py:545} INFO - Filling up the DagBag from /home/airflow/.local/lib/python3.12/site-packages/airflow/example_dags/example_datasets.py
[2025-06-23T05:56:08.700+0000] {processor.py:840} INFO - DAG(s) 'consume_1_and_2_with_dataset_expressions', 'dataset_consumes_unknown_never_scheduled', 'dataset_consumes_1_never_scheduled', 'dataset_produces_1', 'dataset_consumes_1_and_2', 'consume_1_or_both_2_and_3_with_dataset_expressions', 'dataset_produces_2', 'consume_1_or_2_with_dataset_expressions', 'dataset_consumes_1', 'conditional_dataset_and_time_based_timetable' retrieved from /home/airflow/.local/lib/python3.12/site-packages/airflow/example_dags/example_datasets.py
[2025-06-23T05:56:08.781+0000] {logging_mixin.py:188} INFO - [2025-06-23T05:56:08.781+0000] {dag.py:3089} INFO - Sync 10 DAGs
[2025-06-23T05:56:08.819+0000] {logging_mixin.py:188} INFO - [2025-06-23T05:56:08.819+0000] {dag.py:3947} INFO - Setting next_dagrun for conditional_dataset_and_time_based_timetable to 2025-06-18 01:00:00+00:00, run_after=2025-06-18 01:00:00+00:00
[2025-06-23T05:56:08.830+0000] {logging_mixin.py:188} INFO - [2025-06-23T05:56:08.829+0000] {dag.py:3947} INFO - Setting next_dagrun for consume_1_and_2_with_dataset_expressions to None, run_after=None
[2025-06-23T05:56:08.833+0000] {logging_mixin.py:188} INFO - [2025-06-23T05:56:08.833+0000] {dag.py:3947} INFO - Setting next_dagrun for consume_1_or_2_with_dataset_expressions to None, run_after=None
[2025-06-23T05:56:08.836+0000] {logging_mixin.py:188} INFO - [2025-06-23T05:56:08.836+0000] {dag.py:3947} INFO - Setting next_dagrun for consume_1_or_both_2_and_3_with_dataset_expressions to None, run_after=None
[2025-06-23T05:56:08.839+0000] {logging_mixin.py:188} INFO - [2025-06-23T05:56:08.839+0000] {dag.py:3947} INFO - Setting next_dagrun for dataset_consumes_1 to None, run_after=None
[2025-06-23T05:56:08.842+0000] {logging_mixin.py:188} INFO - [2025-06-23T05:56:08.842+0000] {dag.py:3947} INFO - Setting next_dagrun for dataset_consumes_1_and_2 to None, run_after=None
[2025-06-23T05:56:08.845+0000] {logging_mixin.py:188} INFO - [2025-06-23T05:56:08.845+0000] {dag.py:3947} INFO - Setting next_dagrun for dataset_consumes_1_never_scheduled to None, run_after=None
[2025-06-23T05:56:08.848+0000] {logging_mixin.py:188} INFO - [2025-06-23T05:56:08.847+0000] {dag.py:3947} INFO - Setting next_dagrun for dataset_consumes_unknown_never_scheduled to None, run_after=None
[2025-06-23T05:56:08.852+0000] {logging_mixin.py:188} INFO - [2025-06-23T05:56:08.851+0000] {dag.py:3947} INFO - Setting next_dagrun for dataset_produces_1 to 2025-06-22 00:00:00+00:00, run_after=2025-06-23 00:00:00+00:00
[2025-06-23T05:56:08.854+0000] {logging_mixin.py:188} INFO - [2025-06-23T05:56:08.853+0000] {dag.py:3947} INFO - Setting next_dagrun for dataset_produces_2 to None, run_after=None
[2025-06-23T05:56:08.908+0000] {processor.py:183} INFO - Processing /home/airflow/.local/lib/python3.12/site-packages/airflow/example_dags/example_datasets.py took 0.261 seconds
[2025-06-23T05:56:39.811+0000] {processor.py:161} INFO - Started process (PID=679) to work on /home/airflow/.local/lib/python3.12/site-packages/airflow/example_dags/example_datasets.py
[2025-06-23T05:56:39.815+0000] {processor.py:830} INFO - Processing file /home/airflow/.local/lib/python3.12/site-packages/airflow/example_dags/example_datasets.py for tasks to queue
[2025-06-23T05:56:39.820+0000] {logging_mixin.py:188} INFO - [2025-06-23T05:56:39.819+0000] {dagbag.py:545} INFO - Filling up the DagBag from /home/airflow/.local/lib/python3.12/site-packages/airflow/example_dags/example_datasets.py
[2025-06-23T05:56:39.869+0000] {processor.py:840} INFO - DAG(s) 'dataset_produces_1', 'dataset_consumes_1', 'consume_1_or_both_2_and_3_with_dataset_expressions', 'dataset_consumes_1_and_2', 'dataset_produces_2', 'dataset_consumes_1_never_scheduled', 'conditional_dataset_and_time_based_timetable', 'dataset_consumes_unknown_never_scheduled', 'consume_1_or_2_with_dataset_expressions', 'consume_1_and_2_with_dataset_expressions' retrieved from /home/airflow/.local/lib/python3.12/site-packages/airflow/example_dags/example_datasets.py
[2025-06-23T05:56:40.080+0000] {logging_mixin.py:188} INFO - [2025-06-23T05:56:40.079+0000] {dag.py:3089} INFO - Sync 10 DAGs
[2025-06-23T05:56:40.198+0000] {logging_mixin.py:188} INFO - [2025-06-23T05:56:40.198+0000] {dag.py:3947} INFO - Setting next_dagrun for conditional_dataset_and_time_based_timetable to 2025-06-18 01:00:00+00:00, run_after=2025-06-18 01:00:00+00:00
[2025-06-23T05:56:40.217+0000] {logging_mixin.py:188} INFO - [2025-06-23T05:56:40.216+0000] {dag.py:3947} INFO - Setting next_dagrun for consume_1_and_2_with_dataset_expressions to None, run_after=None
[2025-06-23T05:56:40.224+0000] {logging_mixin.py:188} INFO - [2025-06-23T05:56:40.222+0000] {dag.py:3947} INFO - Setting next_dagrun for consume_1_or_2_with_dataset_expressions to None, run_after=None
[2025-06-23T05:56:40.235+0000] {logging_mixin.py:188} INFO - [2025-06-23T05:56:40.234+0000] {dag.py:3947} INFO - Setting next_dagrun for consume_1_or_both_2_and_3_with_dataset_expressions to None, run_after=None
[2025-06-23T05:56:40.243+0000] {logging_mixin.py:188} INFO - [2025-06-23T05:56:40.242+0000] {dag.py:3947} INFO - Setting next_dagrun for dataset_consumes_1 to None, run_after=None
[2025-06-23T05:56:40.250+0000] {logging_mixin.py:188} INFO - [2025-06-23T05:56:40.249+0000] {dag.py:3947} INFO - Setting next_dagrun for dataset_consumes_1_and_2 to None, run_after=None
[2025-06-23T05:56:40.257+0000] {logging_mixin.py:188} INFO - [2025-06-23T05:56:40.255+0000] {dag.py:3947} INFO - Setting next_dagrun for dataset_consumes_1_never_scheduled to None, run_after=None
[2025-06-23T05:56:40.267+0000] {logging_mixin.py:188} INFO - [2025-06-23T05:56:40.263+0000] {dag.py:3947} INFO - Setting next_dagrun for dataset_consumes_unknown_never_scheduled to None, run_after=None
[2025-06-23T05:56:40.276+0000] {logging_mixin.py:188} INFO - [2025-06-23T05:56:40.275+0000] {dag.py:3947} INFO - Setting next_dagrun for dataset_produces_1 to 2025-06-22 00:00:00+00:00, run_after=2025-06-23 00:00:00+00:00
[2025-06-23T05:56:40.282+0000] {logging_mixin.py:188} INFO - [2025-06-23T05:56:40.281+0000] {dag.py:3947} INFO - Setting next_dagrun for dataset_produces_2 to None, run_after=None
[2025-06-23T05:56:40.513+0000] {processor.py:183} INFO - Processing /home/airflow/.local/lib/python3.12/site-packages/airflow/example_dags/example_datasets.py took 0.723 seconds
[2025-06-23T05:57:11.354+0000] {processor.py:161} INFO - Started process (PID=740) to work on /home/airflow/.local/lib/python3.12/site-packages/airflow/example_dags/example_datasets.py
[2025-06-23T05:57:11.357+0000] {processor.py:830} INFO - Processing file /home/airflow/.local/lib/python3.12/site-packages/airflow/example_dags/example_datasets.py for tasks to queue
[2025-06-23T05:57:11.366+0000] {logging_mixin.py:188} INFO - [2025-06-23T05:57:11.365+0000] {dagbag.py:545} INFO - Filling up the DagBag from /home/airflow/.local/lib/python3.12/site-packages/airflow/example_dags/example_datasets.py
[2025-06-23T05:57:11.389+0000] {processor.py:840} INFO - DAG(s) 'dataset_produces_2', 'conditional_dataset_and_time_based_timetable', 'dataset_consumes_unknown_never_scheduled', 'consume_1_or_both_2_and_3_with_dataset_expressions', 'dataset_produces_1', 'dataset_consumes_1_and_2', 'dataset_consumes_1_never_scheduled', 'consume_1_or_2_with_dataset_expressions', 'consume_1_and_2_with_dataset_expressions', 'dataset_consumes_1' retrieved from /home/airflow/.local/lib/python3.12/site-packages/airflow/example_dags/example_datasets.py
[2025-06-23T05:57:11.477+0000] {logging_mixin.py:188} INFO - [2025-06-23T05:57:11.476+0000] {dag.py:3089} INFO - Sync 10 DAGs
[2025-06-23T05:57:11.523+0000] {logging_mixin.py:188} INFO - [2025-06-23T05:57:11.523+0000] {dag.py:3947} INFO - Setting next_dagrun for conditional_dataset_and_time_based_timetable to 2025-06-18 01:00:00+00:00, run_after=2025-06-18 01:00:00+00:00
[2025-06-23T05:57:11.530+0000] {logging_mixin.py:188} INFO - [2025-06-23T05:57:11.530+0000] {dag.py:3947} INFO - Setting next_dagrun for consume_1_and_2_with_dataset_expressions to None, run_after=None
[2025-06-23T05:57:11.532+0000] {logging_mixin.py:188} INFO - [2025-06-23T05:57:11.532+0000] {dag.py:3947} INFO - Setting next_dagrun for consume_1_or_2_with_dataset_expressions to None, run_after=None
[2025-06-23T05:57:11.535+0000] {logging_mixin.py:188} INFO - [2025-06-23T05:57:11.535+0000] {dag.py:3947} INFO - Setting next_dagrun for consume_1_or_both_2_and_3_with_dataset_expressions to None, run_after=None
[2025-06-23T05:57:11.538+0000] {logging_mixin.py:188} INFO - [2025-06-23T05:57:11.538+0000] {dag.py:3947} INFO - Setting next_dagrun for dataset_consumes_1 to None, run_after=None
[2025-06-23T05:57:11.540+0000] {logging_mixin.py:188} INFO - [2025-06-23T05:57:11.540+0000] {dag.py:3947} INFO - Setting next_dagrun for dataset_consumes_1_and_2 to None, run_after=None
[2025-06-23T05:57:11.542+0000] {logging_mixin.py:188} INFO - [2025-06-23T05:57:11.542+0000] {dag.py:3947} INFO - Setting next_dagrun for dataset_consumes_1_never_scheduled to None, run_after=None
[2025-06-23T05:57:11.545+0000] {logging_mixin.py:188} INFO - [2025-06-23T05:57:11.545+0000] {dag.py:3947} INFO - Setting next_dagrun for dataset_consumes_unknown_never_scheduled to None, run_after=None
[2025-06-23T05:57:11.549+0000] {logging_mixin.py:188} INFO - [2025-06-23T05:57:11.549+0000] {dag.py:3947} INFO - Setting next_dagrun for dataset_produces_1 to 2025-06-22 00:00:00+00:00, run_after=2025-06-23 00:00:00+00:00
[2025-06-23T05:57:11.552+0000] {logging_mixin.py:188} INFO - [2025-06-23T05:57:11.552+0000] {dag.py:3947} INFO - Setting next_dagrun for dataset_produces_2 to None, run_after=None
[2025-06-23T05:57:11.615+0000] {processor.py:183} INFO - Processing /home/airflow/.local/lib/python3.12/site-packages/airflow/example_dags/example_datasets.py took 0.288 seconds
[2025-06-23T05:57:41.859+0000] {processor.py:161} INFO - Started process (PID=800) to work on /home/airflow/.local/lib/python3.12/site-packages/airflow/example_dags/example_datasets.py
[2025-06-23T05:57:41.860+0000] {processor.py:830} INFO - Processing file /home/airflow/.local/lib/python3.12/site-packages/airflow/example_dags/example_datasets.py for tasks to queue
[2025-06-23T05:57:41.863+0000] {logging_mixin.py:188} INFO - [2025-06-23T05:57:41.863+0000] {dagbag.py:545} INFO - Filling up the DagBag from /home/airflow/.local/lib/python3.12/site-packages/airflow/example_dags/example_datasets.py
[2025-06-23T05:57:41.888+0000] {processor.py:840} INFO - DAG(s) 'consume_1_or_2_with_dataset_expressions', 'dataset_consumes_1_and_2', 'consume_1_or_both_2_and_3_with_dataset_expressions', 'dataset_consumes_1_never_scheduled', 'dataset_produces_1', 'consume_1_and_2_with_dataset_expressions', 'dataset_consumes_1', 'dataset_produces_2', 'conditional_dataset_and_time_based_timetable', 'dataset_consumes_unknown_never_scheduled' retrieved from /home/airflow/.local/lib/python3.12/site-packages/airflow/example_dags/example_datasets.py
[2025-06-23T05:57:41.960+0000] {logging_mixin.py:188} INFO - [2025-06-23T05:57:41.959+0000] {dag.py:3089} INFO - Sync 10 DAGs
[2025-06-23T05:57:42.008+0000] {logging_mixin.py:188} INFO - [2025-06-23T05:57:42.007+0000] {dag.py:3947} INFO - Setting next_dagrun for conditional_dataset_and_time_based_timetable to 2025-06-18 01:00:00+00:00, run_after=2025-06-18 01:00:00+00:00
[2025-06-23T05:57:42.015+0000] {logging_mixin.py:188} INFO - [2025-06-23T05:57:42.015+0000] {dag.py:3947} INFO - Setting next_dagrun for consume_1_and_2_with_dataset_expressions to None, run_after=None
[2025-06-23T05:57:42.018+0000] {logging_mixin.py:188} INFO - [2025-06-23T05:57:42.018+0000] {dag.py:3947} INFO - Setting next_dagrun for consume_1_or_2_with_dataset_expressions to None, run_after=None
[2025-06-23T05:57:42.020+0000] {logging_mixin.py:188} INFO - [2025-06-23T05:57:42.020+0000] {dag.py:3947} INFO - Setting next_dagrun for consume_1_or_both_2_and_3_with_dataset_expressions to None, run_after=None
[2025-06-23T05:57:42.023+0000] {logging_mixin.py:188} INFO - [2025-06-23T05:57:42.023+0000] {dag.py:3947} INFO - Setting next_dagrun for dataset_consumes_1 to None, run_after=None
[2025-06-23T05:57:42.026+0000] {logging_mixin.py:188} INFO - [2025-06-23T05:57:42.025+0000] {dag.py:3947} INFO - Setting next_dagrun for dataset_consumes_1_and_2 to None, run_after=None
[2025-06-23T05:57:42.028+0000] {logging_mixin.py:188} INFO - [2025-06-23T05:57:42.028+0000] {dag.py:3947} INFO - Setting next_dagrun for dataset_consumes_1_never_scheduled to None, run_after=None
[2025-06-23T05:57:42.031+0000] {logging_mixin.py:188} INFO - [2025-06-23T05:57:42.030+0000] {dag.py:3947} INFO - Setting next_dagrun for dataset_consumes_unknown_never_scheduled to None, run_after=None
[2025-06-23T05:57:42.035+0000] {logging_mixin.py:188} INFO - [2025-06-23T05:57:42.035+0000] {dag.py:3947} INFO - Setting next_dagrun for dataset_produces_1 to 2025-06-22 00:00:00+00:00, run_after=2025-06-23 00:00:00+00:00
[2025-06-23T05:57:42.038+0000] {logging_mixin.py:188} INFO - [2025-06-23T05:57:42.037+0000] {dag.py:3947} INFO - Setting next_dagrun for dataset_produces_2 to None, run_after=None
[2025-06-23T05:57:42.104+0000] {processor.py:183} INFO - Processing /home/airflow/.local/lib/python3.12/site-packages/airflow/example_dags/example_datasets.py took 0.253 seconds
[2025-06-23T05:58:12.751+0000] {processor.py:161} INFO - Started process (PID=868) to work on /home/airflow/.local/lib/python3.12/site-packages/airflow/example_dags/example_datasets.py
[2025-06-23T05:58:12.754+0000] {processor.py:830} INFO - Processing file /home/airflow/.local/lib/python3.12/site-packages/airflow/example_dags/example_datasets.py for tasks to queue
[2025-06-23T05:58:12.759+0000] {logging_mixin.py:188} INFO - [2025-06-23T05:58:12.759+0000] {dagbag.py:545} INFO - Filling up the DagBag from /home/airflow/.local/lib/python3.12/site-packages/airflow/example_dags/example_datasets.py
[2025-06-23T05:58:12.794+0000] {processor.py:840} INFO - DAG(s) 'dataset_consumes_1_never_scheduled', 'consume_1_or_both_2_and_3_with_dataset_expressions', 'dataset_consumes_1', 'consume_1_and_2_with_dataset_expressions', 'dataset_produces_1', 'conditional_dataset_and_time_based_timetable', 'dataset_produces_2', 'dataset_consumes_unknown_never_scheduled', 'consume_1_or_2_with_dataset_expressions', 'dataset_consumes_1_and_2' retrieved from /home/airflow/.local/lib/python3.12/site-packages/airflow/example_dags/example_datasets.py
[2025-06-23T05:58:12.936+0000] {logging_mixin.py:188} INFO - [2025-06-23T05:58:12.935+0000] {dag.py:3089} INFO - Sync 10 DAGs
[2025-06-23T05:58:12.981+0000] {logging_mixin.py:188} INFO - [2025-06-23T05:58:12.980+0000] {dag.py:3947} INFO - Setting next_dagrun for conditional_dataset_and_time_based_timetable to 2025-06-18 01:00:00+00:00, run_after=2025-06-18 01:00:00+00:00
[2025-06-23T05:58:12.990+0000] {logging_mixin.py:188} INFO - [2025-06-23T05:58:12.989+0000] {dag.py:3947} INFO - Setting next_dagrun for consume_1_and_2_with_dataset_expressions to None, run_after=None
[2025-06-23T05:58:12.993+0000] {logging_mixin.py:188} INFO - [2025-06-23T05:58:12.993+0000] {dag.py:3947} INFO - Setting next_dagrun for consume_1_or_2_with_dataset_expressions to None, run_after=None
[2025-06-23T05:58:12.996+0000] {logging_mixin.py:188} INFO - [2025-06-23T05:58:12.996+0000] {dag.py:3947} INFO - Setting next_dagrun for consume_1_or_both_2_and_3_with_dataset_expressions to None, run_after=None
[2025-06-23T05:58:12.999+0000] {logging_mixin.py:188} INFO - [2025-06-23T05:58:12.999+0000] {dag.py:3947} INFO - Setting next_dagrun for dataset_consumes_1 to None, run_after=None
[2025-06-23T05:58:13.001+0000] {logging_mixin.py:188} INFO - [2025-06-23T05:58:13.001+0000] {dag.py:3947} INFO - Setting next_dagrun for dataset_consumes_1_and_2 to None, run_after=None
[2025-06-23T05:58:13.004+0000] {logging_mixin.py:188} INFO - [2025-06-23T05:58:13.003+0000] {dag.py:3947} INFO - Setting next_dagrun for dataset_consumes_1_never_scheduled to None, run_after=None
[2025-06-23T05:58:13.007+0000] {logging_mixin.py:188} INFO - [2025-06-23T05:58:13.006+0000] {dag.py:3947} INFO - Setting next_dagrun for dataset_consumes_unknown_never_scheduled to None, run_after=None
[2025-06-23T05:58:13.012+0000] {logging_mixin.py:188} INFO - [2025-06-23T05:58:13.012+0000] {dag.py:3947} INFO - Setting next_dagrun for dataset_produces_1 to 2025-06-22 00:00:00+00:00, run_after=2025-06-23 00:00:00+00:00
[2025-06-23T05:58:13.017+0000] {logging_mixin.py:188} INFO - [2025-06-23T05:58:13.016+0000] {dag.py:3947} INFO - Setting next_dagrun for dataset_produces_2 to None, run_after=None
[2025-06-23T05:58:13.091+0000] {processor.py:183} INFO - Processing /home/airflow/.local/lib/python3.12/site-packages/airflow/example_dags/example_datasets.py took 0.355 seconds
[2025-06-23T05:58:47.035+0000] {processor.py:161} INFO - Started process (PID=928) to work on /home/airflow/.local/lib/python3.12/site-packages/airflow/example_dags/example_datasets.py
[2025-06-23T05:58:47.047+0000] {processor.py:830} INFO - Processing file /home/airflow/.local/lib/python3.12/site-packages/airflow/example_dags/example_datasets.py for tasks to queue
[2025-06-23T05:58:47.110+0000] {logging_mixin.py:188} INFO - [2025-06-23T05:58:47.055+0000] {dagbag.py:545} INFO - Filling up the DagBag from /home/airflow/.local/lib/python3.12/site-packages/airflow/example_dags/example_datasets.py
[2025-06-23T05:58:47.254+0000] {processor.py:840} INFO - DAG(s) 'dataset_consumes_1_never_scheduled', 'consume_1_and_2_with_dataset_expressions', 'consume_1_or_both_2_and_3_with_dataset_expressions', 'dataset_consumes_1', 'conditional_dataset_and_time_based_timetable', 'consume_1_or_2_with_dataset_expressions', 'dataset_consumes_unknown_never_scheduled', 'dataset_produces_2', 'dataset_consumes_1_and_2', 'dataset_produces_1' retrieved from /home/airflow/.local/lib/python3.12/site-packages/airflow/example_dags/example_datasets.py
[2025-06-23T05:58:47.560+0000] {logging_mixin.py:188} INFO - [2025-06-23T05:58:47.558+0000] {dag.py:3089} INFO - Sync 10 DAGs
[2025-06-23T05:58:48.049+0000] {logging_mixin.py:188} INFO - [2025-06-23T05:58:48.048+0000] {dag.py:3947} INFO - Setting next_dagrun for conditional_dataset_and_time_based_timetable to 2025-06-18 01:00:00+00:00, run_after=2025-06-18 01:00:00+00:00
[2025-06-23T05:58:48.086+0000] {logging_mixin.py:188} INFO - [2025-06-23T05:58:48.085+0000] {dag.py:3947} INFO - Setting next_dagrun for consume_1_and_2_with_dataset_expressions to None, run_after=None
[2025-06-23T05:58:48.091+0000] {logging_mixin.py:188} INFO - [2025-06-23T05:58:48.090+0000] {dag.py:3947} INFO - Setting next_dagrun for consume_1_or_2_with_dataset_expressions to None, run_after=None
[2025-06-23T05:58:48.095+0000] {logging_mixin.py:188} INFO - [2025-06-23T05:58:48.094+0000] {dag.py:3947} INFO - Setting next_dagrun for consume_1_or_both_2_and_3_with_dataset_expressions to None, run_after=None
[2025-06-23T05:58:48.100+0000] {logging_mixin.py:188} INFO - [2025-06-23T05:58:48.099+0000] {dag.py:3947} INFO - Setting next_dagrun for dataset_consumes_1 to None, run_after=None
[2025-06-23T05:58:48.107+0000] {logging_mixin.py:188} INFO - [2025-06-23T05:58:48.106+0000] {dag.py:3947} INFO - Setting next_dagrun for dataset_consumes_1_and_2 to None, run_after=None
[2025-06-23T05:58:48.113+0000] {logging_mixin.py:188} INFO - [2025-06-23T05:58:48.112+0000] {dag.py:3947} INFO - Setting next_dagrun for dataset_consumes_1_never_scheduled to None, run_after=None
[2025-06-23T05:58:48.118+0000] {logging_mixin.py:188} INFO - [2025-06-23T05:58:48.117+0000] {dag.py:3947} INFO - Setting next_dagrun for dataset_consumes_unknown_never_scheduled to None, run_after=None
[2025-06-23T05:58:48.128+0000] {logging_mixin.py:188} INFO - [2025-06-23T05:58:48.128+0000] {dag.py:3947} INFO - Setting next_dagrun for dataset_produces_1 to 2025-06-22 00:00:00+00:00, run_after=2025-06-23 00:00:00+00:00
[2025-06-23T05:58:48.135+0000] {logging_mixin.py:188} INFO - [2025-06-23T05:58:48.134+0000] {dag.py:3947} INFO - Setting next_dagrun for dataset_produces_2 to None, run_after=None
[2025-06-23T05:58:48.373+0000] {processor.py:183} INFO - Processing /home/airflow/.local/lib/python3.12/site-packages/airflow/example_dags/example_datasets.py took 1.462 seconds
[2025-06-23T05:59:18.992+0000] {processor.py:161} INFO - Started process (PID=988) to work on /home/airflow/.local/lib/python3.12/site-packages/airflow/example_dags/example_datasets.py
[2025-06-23T05:59:18.996+0000] {processor.py:830} INFO - Processing file /home/airflow/.local/lib/python3.12/site-packages/airflow/example_dags/example_datasets.py for tasks to queue
[2025-06-23T05:59:19.002+0000] {logging_mixin.py:188} INFO - [2025-06-23T05:59:19.001+0000] {dagbag.py:545} INFO - Filling up the DagBag from /home/airflow/.local/lib/python3.12/site-packages/airflow/example_dags/example_datasets.py
[2025-06-23T05:59:19.112+0000] {processor.py:840} INFO - DAG(s) 'consume_1_or_2_with_dataset_expressions', 'dataset_consumes_1_never_scheduled', 'dataset_consumes_unknown_never_scheduled', 'consume_1_and_2_with_dataset_expressions', 'dataset_consumes_1', 'dataset_consumes_1_and_2', 'dataset_produces_1', 'consume_1_or_both_2_and_3_with_dataset_expressions', 'conditional_dataset_and_time_based_timetable', 'dataset_produces_2' retrieved from /home/airflow/.local/lib/python3.12/site-packages/airflow/example_dags/example_datasets.py
[2025-06-23T05:59:19.424+0000] {logging_mixin.py:188} INFO - [2025-06-23T05:59:19.418+0000] {dag.py:3089} INFO - Sync 10 DAGs
[2025-06-23T05:59:19.551+0000] {logging_mixin.py:188} INFO - [2025-06-23T05:59:19.550+0000] {dag.py:3947} INFO - Setting next_dagrun for conditional_dataset_and_time_based_timetable to 2025-06-18 01:00:00+00:00, run_after=2025-06-18 01:00:00+00:00
[2025-06-23T05:59:19.579+0000] {logging_mixin.py:188} INFO - [2025-06-23T05:59:19.578+0000] {dag.py:3947} INFO - Setting next_dagrun for consume_1_and_2_with_dataset_expressions to None, run_after=None
[2025-06-23T05:59:19.588+0000] {logging_mixin.py:188} INFO - [2025-06-23T05:59:19.586+0000] {dag.py:3947} INFO - Setting next_dagrun for consume_1_or_2_with_dataset_expressions to None, run_after=None
[2025-06-23T05:59:19.596+0000] {logging_mixin.py:188} INFO - [2025-06-23T05:59:19.595+0000] {dag.py:3947} INFO - Setting next_dagrun for consume_1_or_both_2_and_3_with_dataset_expressions to None, run_after=None
[2025-06-23T05:59:19.602+0000] {logging_mixin.py:188} INFO - [2025-06-23T05:59:19.601+0000] {dag.py:3947} INFO - Setting next_dagrun for dataset_consumes_1 to None, run_after=None
[2025-06-23T05:59:19.610+0000] {logging_mixin.py:188} INFO - [2025-06-23T05:59:19.609+0000] {dag.py:3947} INFO - Setting next_dagrun for dataset_consumes_1_and_2 to None, run_after=None
[2025-06-23T05:59:19.620+0000] {logging_mixin.py:188} INFO - [2025-06-23T05:59:19.619+0000] {dag.py:3947} INFO - Setting next_dagrun for dataset_consumes_1_never_scheduled to None, run_after=None
[2025-06-23T05:59:19.626+0000] {logging_mixin.py:188} INFO - [2025-06-23T05:59:19.625+0000] {dag.py:3947} INFO - Setting next_dagrun for dataset_consumes_unknown_never_scheduled to None, run_after=None
[2025-06-23T05:59:19.636+0000] {logging_mixin.py:188} INFO - [2025-06-23T05:59:19.636+0000] {dag.py:3947} INFO - Setting next_dagrun for dataset_produces_1 to 2025-06-22 00:00:00+00:00, run_after=2025-06-23 00:00:00+00:00
[2025-06-23T05:59:19.641+0000] {logging_mixin.py:188} INFO - [2025-06-23T05:59:19.641+0000] {dag.py:3947} INFO - Setting next_dagrun for dataset_produces_2 to None, run_after=None
[2025-06-23T05:59:19.833+0000] {processor.py:183} INFO - Processing /home/airflow/.local/lib/python3.12/site-packages/airflow/example_dags/example_datasets.py took 0.859 seconds
[2025-06-23T05:59:50.712+0000] {processor.py:161} INFO - Started process (PID=1050) to work on /home/airflow/.local/lib/python3.12/site-packages/airflow/example_dags/example_datasets.py
[2025-06-23T05:59:50.715+0000] {processor.py:830} INFO - Processing file /home/airflow/.local/lib/python3.12/site-packages/airflow/example_dags/example_datasets.py for tasks to queue
[2025-06-23T05:59:50.721+0000] {logging_mixin.py:188} INFO - [2025-06-23T05:59:50.720+0000] {dagbag.py:545} INFO - Filling up the DagBag from /home/airflow/.local/lib/python3.12/site-packages/airflow/example_dags/example_datasets.py
[2025-06-23T05:59:50.804+0000] {processor.py:840} INFO - DAG(s) 'dataset_produces_1', 'consume_1_and_2_with_dataset_expressions', 'consume_1_or_both_2_and_3_with_dataset_expressions', 'dataset_consumes_unknown_never_scheduled', 'consume_1_or_2_with_dataset_expressions', 'dataset_produces_2', 'dataset_consumes_1_and_2', 'conditional_dataset_and_time_based_timetable', 'dataset_consumes_1_never_scheduled', 'dataset_consumes_1' retrieved from /home/airflow/.local/lib/python3.12/site-packages/airflow/example_dags/example_datasets.py
[2025-06-23T05:59:50.992+0000] {logging_mixin.py:188} INFO - [2025-06-23T05:59:50.992+0000] {dag.py:3089} INFO - Sync 10 DAGs
[2025-06-23T05:59:51.130+0000] {logging_mixin.py:188} INFO - [2025-06-23T05:59:51.130+0000] {dag.py:3947} INFO - Setting next_dagrun for conditional_dataset_and_time_based_timetable to 2025-06-18 01:00:00+00:00, run_after=2025-06-18 01:00:00+00:00
[2025-06-23T05:59:51.150+0000] {logging_mixin.py:188} INFO - [2025-06-23T05:59:51.149+0000] {dag.py:3947} INFO - Setting next_dagrun for consume_1_and_2_with_dataset_expressions to None, run_after=None
[2025-06-23T05:59:51.155+0000] {logging_mixin.py:188} INFO - [2025-06-23T05:59:51.155+0000] {dag.py:3947} INFO - Setting next_dagrun for consume_1_or_2_with_dataset_expressions to None, run_after=None
[2025-06-23T05:59:51.173+0000] {logging_mixin.py:188} INFO - [2025-06-23T05:59:51.172+0000] {dag.py:3947} INFO - Setting next_dagrun for consume_1_or_both_2_and_3_with_dataset_expressions to None, run_after=None
[2025-06-23T05:59:51.178+0000] {logging_mixin.py:188} INFO - [2025-06-23T05:59:51.177+0000] {dag.py:3947} INFO - Setting next_dagrun for dataset_consumes_1 to None, run_after=None
[2025-06-23T05:59:51.182+0000] {logging_mixin.py:188} INFO - [2025-06-23T05:59:51.182+0000] {dag.py:3947} INFO - Setting next_dagrun for dataset_consumes_1_and_2 to None, run_after=None
[2025-06-23T05:59:51.192+0000] {logging_mixin.py:188} INFO - [2025-06-23T05:59:51.191+0000] {dag.py:3947} INFO - Setting next_dagrun for dataset_consumes_1_never_scheduled to None, run_after=None
[2025-06-23T05:59:51.196+0000] {logging_mixin.py:188} INFO - [2025-06-23T05:59:51.196+0000] {dag.py:3947} INFO - Setting next_dagrun for dataset_consumes_unknown_never_scheduled to None, run_after=None
[2025-06-23T05:59:51.204+0000] {logging_mixin.py:188} INFO - [2025-06-23T05:59:51.204+0000] {dag.py:3947} INFO - Setting next_dagrun for dataset_produces_1 to 2025-06-22 00:00:00+00:00, run_after=2025-06-23 00:00:00+00:00
[2025-06-23T05:59:51.209+0000] {logging_mixin.py:188} INFO - [2025-06-23T05:59:51.208+0000] {dag.py:3947} INFO - Setting next_dagrun for dataset_produces_2 to None, run_after=None
[2025-06-23T05:59:51.310+0000] {processor.py:183} INFO - Processing /home/airflow/.local/lib/python3.12/site-packages/airflow/example_dags/example_datasets.py took 0.615 seconds
[2025-06-23T06:00:22.011+0000] {processor.py:161} INFO - Started process (PID=1110) to work on /home/airflow/.local/lib/python3.12/site-packages/airflow/example_dags/example_datasets.py
[2025-06-23T06:00:22.014+0000] {processor.py:830} INFO - Processing file /home/airflow/.local/lib/python3.12/site-packages/airflow/example_dags/example_datasets.py for tasks to queue
[2025-06-23T06:00:22.018+0000] {logging_mixin.py:188} INFO - [2025-06-23T06:00:22.017+0000] {dagbag.py:545} INFO - Filling up the DagBag from /home/airflow/.local/lib/python3.12/site-packages/airflow/example_dags/example_datasets.py
[2025-06-23T06:00:22.083+0000] {processor.py:840} INFO - DAG(s) 'dataset_produces_2', 'consume_1_or_2_with_dataset_expressions', 'dataset_consumes_unknown_never_scheduled', 'dataset_consumes_1_never_scheduled', 'dataset_consumes_1_and_2', 'dataset_consumes_1', 'conditional_dataset_and_time_based_timetable', 'dataset_produces_1', 'consume_1_and_2_with_dataset_expressions', 'consume_1_or_both_2_and_3_with_dataset_expressions' retrieved from /home/airflow/.local/lib/python3.12/site-packages/airflow/example_dags/example_datasets.py
[2025-06-23T06:00:22.230+0000] {logging_mixin.py:188} INFO - [2025-06-23T06:00:22.230+0000] {dag.py:3089} INFO - Sync 10 DAGs
[2025-06-23T06:00:22.380+0000] {logging_mixin.py:188} INFO - [2025-06-23T06:00:22.378+0000] {dag.py:3947} INFO - Setting next_dagrun for conditional_dataset_and_time_based_timetable to 2025-06-18 01:00:00+00:00, run_after=2025-06-18 01:00:00+00:00
[2025-06-23T06:00:22.392+0000] {logging_mixin.py:188} INFO - [2025-06-23T06:00:22.392+0000] {dag.py:3947} INFO - Setting next_dagrun for consume_1_and_2_with_dataset_expressions to None, run_after=None
[2025-06-23T06:00:22.398+0000] {logging_mixin.py:188} INFO - [2025-06-23T06:00:22.397+0000] {dag.py:3947} INFO - Setting next_dagrun for consume_1_or_2_with_dataset_expressions to None, run_after=None
[2025-06-23T06:00:22.402+0000] {logging_mixin.py:188} INFO - [2025-06-23T06:00:22.401+0000] {dag.py:3947} INFO - Setting next_dagrun for consume_1_or_both_2_and_3_with_dataset_expressions to None, run_after=None
[2025-06-23T06:00:22.406+0000] {logging_mixin.py:188} INFO - [2025-06-23T06:00:22.405+0000] {dag.py:3947} INFO - Setting next_dagrun for dataset_consumes_1 to None, run_after=None
[2025-06-23T06:00:22.410+0000] {logging_mixin.py:188} INFO - [2025-06-23T06:00:22.409+0000] {dag.py:3947} INFO - Setting next_dagrun for dataset_consumes_1_and_2 to None, run_after=None
[2025-06-23T06:00:22.414+0000] {logging_mixin.py:188} INFO - [2025-06-23T06:00:22.413+0000] {dag.py:3947} INFO - Setting next_dagrun for dataset_consumes_1_never_scheduled to None, run_after=None
[2025-06-23T06:00:22.418+0000] {logging_mixin.py:188} INFO - [2025-06-23T06:00:22.417+0000] {dag.py:3947} INFO - Setting next_dagrun for dataset_consumes_unknown_never_scheduled to None, run_after=None
[2025-06-23T06:00:22.426+0000] {logging_mixin.py:188} INFO - [2025-06-23T06:00:22.426+0000] {dag.py:3947} INFO - Setting next_dagrun for dataset_produces_1 to 2025-06-22 00:00:00+00:00, run_after=2025-06-23 00:00:00+00:00
[2025-06-23T06:00:22.432+0000] {logging_mixin.py:188} INFO - [2025-06-23T06:00:22.431+0000] {dag.py:3947} INFO - Setting next_dagrun for dataset_produces_2 to None, run_after=None
[2025-06-23T06:00:22.535+0000] {processor.py:183} INFO - Processing /home/airflow/.local/lib/python3.12/site-packages/airflow/example_dags/example_datasets.py took 0.553 seconds
[2025-06-23T06:00:52.778+0000] {processor.py:161} INFO - Started process (PID=1167) to work on /home/airflow/.local/lib/python3.12/site-packages/airflow/example_dags/example_datasets.py
[2025-06-23T06:00:52.780+0000] {processor.py:830} INFO - Processing file /home/airflow/.local/lib/python3.12/site-packages/airflow/example_dags/example_datasets.py for tasks to queue
[2025-06-23T06:00:52.783+0000] {logging_mixin.py:188} INFO - [2025-06-23T06:00:52.782+0000] {dagbag.py:545} INFO - Filling up the DagBag from /home/airflow/.local/lib/python3.12/site-packages/airflow/example_dags/example_datasets.py
[2025-06-23T06:00:52.806+0000] {processor.py:840} INFO - DAG(s) 'dataset_consumes_1_and_2', 'consume_1_or_both_2_and_3_with_dataset_expressions', 'dataset_consumes_1_never_scheduled', 'dataset_consumes_unknown_never_scheduled', 'dataset_produces_2', 'consume_1_and_2_with_dataset_expressions', 'consume_1_or_2_with_dataset_expressions', 'conditional_dataset_and_time_based_timetable', 'dataset_produces_1', 'dataset_consumes_1' retrieved from /home/airflow/.local/lib/python3.12/site-packages/airflow/example_dags/example_datasets.py
[2025-06-23T06:00:52.893+0000] {logging_mixin.py:188} INFO - [2025-06-23T06:00:52.893+0000] {dag.py:3089} INFO - Sync 10 DAGs
[2025-06-23T06:00:52.944+0000] {logging_mixin.py:188} INFO - [2025-06-23T06:00:52.943+0000] {dag.py:3947} INFO - Setting next_dagrun for conditional_dataset_and_time_based_timetable to 2025-06-18 01:00:00+00:00, run_after=2025-06-18 01:00:00+00:00
[2025-06-23T06:00:52.959+0000] {logging_mixin.py:188} INFO - [2025-06-23T06:00:52.958+0000] {dag.py:3947} INFO - Setting next_dagrun for consume_1_and_2_with_dataset_expressions to None, run_after=None
[2025-06-23T06:00:52.962+0000] {logging_mixin.py:188} INFO - [2025-06-23T06:00:52.962+0000] {dag.py:3947} INFO - Setting next_dagrun for consume_1_or_2_with_dataset_expressions to None, run_after=None
[2025-06-23T06:00:52.966+0000] {logging_mixin.py:188} INFO - [2025-06-23T06:00:52.966+0000] {dag.py:3947} INFO - Setting next_dagrun for consume_1_or_both_2_and_3_with_dataset_expressions to None, run_after=None
[2025-06-23T06:00:52.970+0000] {logging_mixin.py:188} INFO - [2025-06-23T06:00:52.969+0000] {dag.py:3947} INFO - Setting next_dagrun for dataset_consumes_1 to None, run_after=None
[2025-06-23T06:00:52.974+0000] {logging_mixin.py:188} INFO - [2025-06-23T06:00:52.973+0000] {dag.py:3947} INFO - Setting next_dagrun for dataset_consumes_1_and_2 to None, run_after=None
[2025-06-23T06:00:52.977+0000] {logging_mixin.py:188} INFO - [2025-06-23T06:00:52.977+0000] {dag.py:3947} INFO - Setting next_dagrun for dataset_consumes_1_never_scheduled to None, run_after=None
[2025-06-23T06:00:52.981+0000] {logging_mixin.py:188} INFO - [2025-06-23T06:00:52.980+0000] {dag.py:3947} INFO - Setting next_dagrun for dataset_consumes_unknown_never_scheduled to None, run_after=None
[2025-06-23T06:00:52.985+0000] {logging_mixin.py:188} INFO - [2025-06-23T06:00:52.985+0000] {dag.py:3947} INFO - Setting next_dagrun for dataset_produces_1 to 2025-06-22 00:00:00+00:00, run_after=2025-06-23 00:00:00+00:00
[2025-06-23T06:00:52.988+0000] {logging_mixin.py:188} INFO - [2025-06-23T06:00:52.988+0000] {dag.py:3947} INFO - Setting next_dagrun for dataset_produces_2 to None, run_after=None
[2025-06-23T06:00:53.065+0000] {processor.py:183} INFO - Processing /home/airflow/.local/lib/python3.12/site-packages/airflow/example_dags/example_datasets.py took 0.296 seconds
[2025-06-23T06:01:23.641+0000] {processor.py:161} INFO - Started process (PID=1227) to work on /home/airflow/.local/lib/python3.12/site-packages/airflow/example_dags/example_datasets.py
[2025-06-23T06:01:23.642+0000] {processor.py:830} INFO - Processing file /home/airflow/.local/lib/python3.12/site-packages/airflow/example_dags/example_datasets.py for tasks to queue
[2025-06-23T06:01:23.647+0000] {logging_mixin.py:188} INFO - [2025-06-23T06:01:23.647+0000] {dagbag.py:545} INFO - Filling up the DagBag from /home/airflow/.local/lib/python3.12/site-packages/airflow/example_dags/example_datasets.py
[2025-06-23T06:01:23.671+0000] {processor.py:840} INFO - DAG(s) 'consume_1_or_both_2_and_3_with_dataset_expressions', 'consume_1_and_2_with_dataset_expressions', 'dataset_produces_2', 'dataset_consumes_1_never_scheduled', 'dataset_consumes_1', 'conditional_dataset_and_time_based_timetable', 'dataset_produces_1', 'dataset_consumes_1_and_2', 'dataset_consumes_unknown_never_scheduled', 'consume_1_or_2_with_dataset_expressions' retrieved from /home/airflow/.local/lib/python3.12/site-packages/airflow/example_dags/example_datasets.py
[2025-06-23T06:01:23.772+0000] {logging_mixin.py:188} INFO - [2025-06-23T06:01:23.772+0000] {dag.py:3089} INFO - Sync 10 DAGs
[2025-06-23T06:01:23.820+0000] {logging_mixin.py:188} INFO - [2025-06-23T06:01:23.819+0000] {dag.py:3947} INFO - Setting next_dagrun for conditional_dataset_and_time_based_timetable to 2025-06-18 01:00:00+00:00, run_after=2025-06-18 01:00:00+00:00
[2025-06-23T06:01:23.830+0000] {logging_mixin.py:188} INFO - [2025-06-23T06:01:23.829+0000] {dag.py:3947} INFO - Setting next_dagrun for consume_1_and_2_with_dataset_expressions to None, run_after=None
[2025-06-23T06:01:23.835+0000] {logging_mixin.py:188} INFO - [2025-06-23T06:01:23.834+0000] {dag.py:3947} INFO - Setting next_dagrun for consume_1_or_2_with_dataset_expressions to None, run_after=None
[2025-06-23T06:01:23.839+0000] {logging_mixin.py:188} INFO - [2025-06-23T06:01:23.838+0000] {dag.py:3947} INFO - Setting next_dagrun for consume_1_or_both_2_and_3_with_dataset_expressions to None, run_after=None
[2025-06-23T06:01:23.844+0000] {logging_mixin.py:188} INFO - [2025-06-23T06:01:23.843+0000] {dag.py:3947} INFO - Setting next_dagrun for dataset_consumes_1 to None, run_after=None
[2025-06-23T06:01:23.847+0000] {logging_mixin.py:188} INFO - [2025-06-23T06:01:23.847+0000] {dag.py:3947} INFO - Setting next_dagrun for dataset_consumes_1_and_2 to None, run_after=None
[2025-06-23T06:01:23.850+0000] {logging_mixin.py:188} INFO - [2025-06-23T06:01:23.850+0000] {dag.py:3947} INFO - Setting next_dagrun for dataset_consumes_1_never_scheduled to None, run_after=None
[2025-06-23T06:01:23.855+0000] {logging_mixin.py:188} INFO - [2025-06-23T06:01:23.855+0000] {dag.py:3947} INFO - Setting next_dagrun for dataset_consumes_unknown_never_scheduled to None, run_after=None
[2025-06-23T06:01:23.863+0000] {logging_mixin.py:188} INFO - [2025-06-23T06:01:23.862+0000] {dag.py:3947} INFO - Setting next_dagrun for dataset_produces_1 to 2025-06-22 00:00:00+00:00, run_after=2025-06-23 00:00:00+00:00
[2025-06-23T06:01:23.867+0000] {logging_mixin.py:188} INFO - [2025-06-23T06:01:23.866+0000] {dag.py:3947} INFO - Setting next_dagrun for dataset_produces_2 to None, run_after=None
[2025-06-23T06:01:23.943+0000] {processor.py:183} INFO - Processing /home/airflow/.local/lib/python3.12/site-packages/airflow/example_dags/example_datasets.py took 0.310 seconds
[2025-06-23T06:01:54.414+0000] {processor.py:161} INFO - Started process (PID=1288) to work on /home/airflow/.local/lib/python3.12/site-packages/airflow/example_dags/example_datasets.py
[2025-06-23T06:01:54.417+0000] {processor.py:830} INFO - Processing file /home/airflow/.local/lib/python3.12/site-packages/airflow/example_dags/example_datasets.py for tasks to queue
[2025-06-23T06:01:54.421+0000] {logging_mixin.py:188} INFO - [2025-06-23T06:01:54.420+0000] {dagbag.py:545} INFO - Filling up the DagBag from /home/airflow/.local/lib/python3.12/site-packages/airflow/example_dags/example_datasets.py
[2025-06-23T06:01:54.449+0000] {processor.py:840} INFO - DAG(s) 'dataset_consumes_1_and_2', 'dataset_consumes_1_never_scheduled', 'dataset_consumes_1', 'dataset_produces_1', 'consume_1_and_2_with_dataset_expressions', 'dataset_produces_2', 'conditional_dataset_and_time_based_timetable', 'consume_1_or_both_2_and_3_with_dataset_expressions', 'dataset_consumes_unknown_never_scheduled', 'consume_1_or_2_with_dataset_expressions' retrieved from /home/airflow/.local/lib/python3.12/site-packages/airflow/example_dags/example_datasets.py
[2025-06-23T06:01:54.549+0000] {logging_mixin.py:188} INFO - [2025-06-23T06:01:54.548+0000] {dag.py:3089} INFO - Sync 10 DAGs
[2025-06-23T06:01:54.603+0000] {logging_mixin.py:188} INFO - [2025-06-23T06:01:54.602+0000] {dag.py:3947} INFO - Setting next_dagrun for conditional_dataset_and_time_based_timetable to 2025-06-18 01:00:00+00:00, run_after=2025-06-18 01:00:00+00:00
[2025-06-23T06:01:54.612+0000] {logging_mixin.py:188} INFO - [2025-06-23T06:01:54.612+0000] {dag.py:3947} INFO - Setting next_dagrun for consume_1_and_2_with_dataset_expressions to None, run_after=None
[2025-06-23T06:01:54.615+0000] {logging_mixin.py:188} INFO - [2025-06-23T06:01:54.614+0000] {dag.py:3947} INFO - Setting next_dagrun for consume_1_or_2_with_dataset_expressions to None, run_after=None
[2025-06-23T06:01:54.618+0000] {logging_mixin.py:188} INFO - [2025-06-23T06:01:54.618+0000] {dag.py:3947} INFO - Setting next_dagrun for consume_1_or_both_2_and_3_with_dataset_expressions to None, run_after=None
[2025-06-23T06:01:54.621+0000] {logging_mixin.py:188} INFO - [2025-06-23T06:01:54.620+0000] {dag.py:3947} INFO - Setting next_dagrun for dataset_consumes_1 to None, run_after=None
[2025-06-23T06:01:54.623+0000] {logging_mixin.py:188} INFO - [2025-06-23T06:01:54.623+0000] {dag.py:3947} INFO - Setting next_dagrun for dataset_consumes_1_and_2 to None, run_after=None
[2025-06-23T06:01:54.627+0000] {logging_mixin.py:188} INFO - [2025-06-23T06:01:54.627+0000] {dag.py:3947} INFO - Setting next_dagrun for dataset_consumes_1_never_scheduled to None, run_after=None
[2025-06-23T06:01:54.629+0000] {logging_mixin.py:188} INFO - [2025-06-23T06:01:54.629+0000] {dag.py:3947} INFO - Setting next_dagrun for dataset_consumes_unknown_never_scheduled to None, run_after=None
[2025-06-23T06:01:54.634+0000] {logging_mixin.py:188} INFO - [2025-06-23T06:01:54.634+0000] {dag.py:3947} INFO - Setting next_dagrun for dataset_produces_1 to 2025-06-22 00:00:00+00:00, run_after=2025-06-23 00:00:00+00:00
[2025-06-23T06:01:54.637+0000] {logging_mixin.py:188} INFO - [2025-06-23T06:01:54.637+0000] {dag.py:3947} INFO - Setting next_dagrun for dataset_produces_2 to None, run_after=None
[2025-06-23T06:01:54.733+0000] {processor.py:183} INFO - Processing /home/airflow/.local/lib/python3.12/site-packages/airflow/example_dags/example_datasets.py took 0.330 seconds
[2025-06-23T06:02:25.079+0000] {processor.py:161} INFO - Started process (PID=1349) to work on /home/airflow/.local/lib/python3.12/site-packages/airflow/example_dags/example_datasets.py
[2025-06-23T06:02:25.083+0000] {processor.py:830} INFO - Processing file /home/airflow/.local/lib/python3.12/site-packages/airflow/example_dags/example_datasets.py for tasks to queue
[2025-06-23T06:02:25.088+0000] {logging_mixin.py:188} INFO - [2025-06-23T06:02:25.088+0000] {dagbag.py:545} INFO - Filling up the DagBag from /home/airflow/.local/lib/python3.12/site-packages/airflow/example_dags/example_datasets.py
[2025-06-23T06:02:25.129+0000] {processor.py:840} INFO - DAG(s) 'dataset_produces_2', 'dataset_produces_1', 'dataset_consumes_1_never_scheduled', 'dataset_consumes_1_and_2', 'consume_1_or_both_2_and_3_with_dataset_expressions', 'dataset_consumes_1', 'dataset_consumes_unknown_never_scheduled', 'consume_1_or_2_with_dataset_expressions', 'consume_1_and_2_with_dataset_expressions', 'conditional_dataset_and_time_based_timetable' retrieved from /home/airflow/.local/lib/python3.12/site-packages/airflow/example_dags/example_datasets.py
[2025-06-23T06:02:25.259+0000] {logging_mixin.py:188} INFO - [2025-06-23T06:02:25.258+0000] {dag.py:3089} INFO - Sync 10 DAGs
[2025-06-23T06:02:25.333+0000] {logging_mixin.py:188} INFO - [2025-06-23T06:02:25.332+0000] {dag.py:3947} INFO - Setting next_dagrun for conditional_dataset_and_time_based_timetable to 2025-06-18 01:00:00+00:00, run_after=2025-06-18 01:00:00+00:00
[2025-06-23T06:02:25.346+0000] {logging_mixin.py:188} INFO - [2025-06-23T06:02:25.345+0000] {dag.py:3947} INFO - Setting next_dagrun for consume_1_and_2_with_dataset_expressions to None, run_after=None
[2025-06-23T06:02:25.353+0000] {logging_mixin.py:188} INFO - [2025-06-23T06:02:25.352+0000] {dag.py:3947} INFO - Setting next_dagrun for consume_1_or_2_with_dataset_expressions to None, run_after=None
[2025-06-23T06:02:25.358+0000] {logging_mixin.py:188} INFO - [2025-06-23T06:02:25.357+0000] {dag.py:3947} INFO - Setting next_dagrun for consume_1_or_both_2_and_3_with_dataset_expressions to None, run_after=None
[2025-06-23T06:02:25.364+0000] {logging_mixin.py:188} INFO - [2025-06-23T06:02:25.363+0000] {dag.py:3947} INFO - Setting next_dagrun for dataset_consumes_1 to None, run_after=None
[2025-06-23T06:02:25.369+0000] {logging_mixin.py:188} INFO - [2025-06-23T06:02:25.369+0000] {dag.py:3947} INFO - Setting next_dagrun for dataset_consumes_1_and_2 to None, run_after=None
[2025-06-23T06:02:25.374+0000] {logging_mixin.py:188} INFO - [2025-06-23T06:02:25.373+0000] {dag.py:3947} INFO - Setting next_dagrun for dataset_consumes_1_never_scheduled to None, run_after=None
[2025-06-23T06:02:25.379+0000] {logging_mixin.py:188} INFO - [2025-06-23T06:02:25.378+0000] {dag.py:3947} INFO - Setting next_dagrun for dataset_consumes_unknown_never_scheduled to None, run_after=None
[2025-06-23T06:02:25.386+0000] {logging_mixin.py:188} INFO - [2025-06-23T06:02:25.385+0000] {dag.py:3947} INFO - Setting next_dagrun for dataset_produces_1 to 2025-06-22 00:00:00+00:00, run_after=2025-06-23 00:00:00+00:00
[2025-06-23T06:02:25.391+0000] {logging_mixin.py:188} INFO - [2025-06-23T06:02:25.390+0000] {dag.py:3947} INFO - Setting next_dagrun for dataset_produces_2 to None, run_after=None
[2025-06-23T06:02:25.505+0000] {processor.py:183} INFO - Processing /home/airflow/.local/lib/python3.12/site-packages/airflow/example_dags/example_datasets.py took 0.442 seconds
[2025-06-23T06:02:56.927+0000] {processor.py:161} INFO - Started process (PID=1408) to work on /home/airflow/.local/lib/python3.12/site-packages/airflow/example_dags/example_datasets.py
[2025-06-23T06:02:56.930+0000] {processor.py:830} INFO - Processing file /home/airflow/.local/lib/python3.12/site-packages/airflow/example_dags/example_datasets.py for tasks to queue
[2025-06-23T06:02:56.936+0000] {logging_mixin.py:188} INFO - [2025-06-23T06:02:56.934+0000] {dagbag.py:545} INFO - Filling up the DagBag from /home/airflow/.local/lib/python3.12/site-packages/airflow/example_dags/example_datasets.py
[2025-06-23T06:02:56.995+0000] {processor.py:840} INFO - DAG(s) 'consume_1_and_2_with_dataset_expressions', 'consume_1_or_both_2_and_3_with_dataset_expressions', 'dataset_consumes_1_and_2', 'dataset_produces_2', 'consume_1_or_2_with_dataset_expressions', 'dataset_consumes_1', 'dataset_consumes_1_never_scheduled', 'conditional_dataset_and_time_based_timetable', 'dataset_consumes_unknown_never_scheduled', 'dataset_produces_1' retrieved from /home/airflow/.local/lib/python3.12/site-packages/airflow/example_dags/example_datasets.py
[2025-06-23T06:02:57.185+0000] {logging_mixin.py:188} INFO - [2025-06-23T06:02:57.183+0000] {dag.py:3089} INFO - Sync 10 DAGs
[2025-06-23T06:02:57.345+0000] {logging_mixin.py:188} INFO - [2025-06-23T06:02:57.342+0000] {dag.py:3947} INFO - Setting next_dagrun for conditional_dataset_and_time_based_timetable to 2025-06-18 01:00:00+00:00, run_after=2025-06-18 01:00:00+00:00
[2025-06-23T06:02:57.372+0000] {logging_mixin.py:188} INFO - [2025-06-23T06:02:57.371+0000] {dag.py:3947} INFO - Setting next_dagrun for consume_1_and_2_with_dataset_expressions to None, run_after=None
[2025-06-23T06:02:57.387+0000] {logging_mixin.py:188} INFO - [2025-06-23T06:02:57.383+0000] {dag.py:3947} INFO - Setting next_dagrun for consume_1_or_2_with_dataset_expressions to None, run_after=None
[2025-06-23T06:02:57.394+0000] {logging_mixin.py:188} INFO - [2025-06-23T06:02:57.393+0000] {dag.py:3947} INFO - Setting next_dagrun for consume_1_or_both_2_and_3_with_dataset_expressions to None, run_after=None
[2025-06-23T06:02:57.408+0000] {logging_mixin.py:188} INFO - [2025-06-23T06:02:57.405+0000] {dag.py:3947} INFO - Setting next_dagrun for dataset_consumes_1 to None, run_after=None
[2025-06-23T06:02:57.417+0000] {logging_mixin.py:188} INFO - [2025-06-23T06:02:57.416+0000] {dag.py:3947} INFO - Setting next_dagrun for dataset_consumes_1_and_2 to None, run_after=None
[2025-06-23T06:02:57.430+0000] {logging_mixin.py:188} INFO - [2025-06-23T06:02:57.429+0000] {dag.py:3947} INFO - Setting next_dagrun for dataset_consumes_1_never_scheduled to None, run_after=None
[2025-06-23T06:02:57.439+0000] {logging_mixin.py:188} INFO - [2025-06-23T06:02:57.437+0000] {dag.py:3947} INFO - Setting next_dagrun for dataset_consumes_unknown_never_scheduled to None, run_after=None
[2025-06-23T06:02:57.462+0000] {logging_mixin.py:188} INFO - [2025-06-23T06:02:57.461+0000] {dag.py:3947} INFO - Setting next_dagrun for dataset_produces_1 to 2025-06-22 00:00:00+00:00, run_after=2025-06-23 00:00:00+00:00
[2025-06-23T06:02:57.478+0000] {logging_mixin.py:188} INFO - [2025-06-23T06:02:57.477+0000] {dag.py:3947} INFO - Setting next_dagrun for dataset_produces_2 to None, run_after=None
[2025-06-23T06:02:57.697+0000] {processor.py:183} INFO - Processing /home/airflow/.local/lib/python3.12/site-packages/airflow/example_dags/example_datasets.py took 0.788 seconds
[2025-06-23T06:03:28.554+0000] {processor.py:161} INFO - Started process (PID=1467) to work on /home/airflow/.local/lib/python3.12/site-packages/airflow/example_dags/example_datasets.py
[2025-06-23T06:03:28.558+0000] {processor.py:830} INFO - Processing file /home/airflow/.local/lib/python3.12/site-packages/airflow/example_dags/example_datasets.py for tasks to queue
[2025-06-23T06:03:28.564+0000] {logging_mixin.py:188} INFO - [2025-06-23T06:03:28.563+0000] {dagbag.py:545} INFO - Filling up the DagBag from /home/airflow/.local/lib/python3.12/site-packages/airflow/example_dags/example_datasets.py
[2025-06-23T06:03:28.610+0000] {processor.py:840} INFO - DAG(s) 'consume_1_and_2_with_dataset_expressions', 'dataset_produces_1', 'consume_1_or_both_2_and_3_with_dataset_expressions', 'conditional_dataset_and_time_based_timetable', 'consume_1_or_2_with_dataset_expressions', 'dataset_consumes_1_and_2', 'dataset_consumes_unknown_never_scheduled', 'dataset_consumes_1_never_scheduled', 'dataset_consumes_1', 'dataset_produces_2' retrieved from /home/airflow/.local/lib/python3.12/site-packages/airflow/example_dags/example_datasets.py
[2025-06-23T06:03:28.836+0000] {logging_mixin.py:188} INFO - [2025-06-23T06:03:28.835+0000] {dag.py:3089} INFO - Sync 10 DAGs
[2025-06-23T06:03:28.910+0000] {logging_mixin.py:188} INFO - [2025-06-23T06:03:28.909+0000] {dag.py:3947} INFO - Setting next_dagrun for conditional_dataset_and_time_based_timetable to 2025-06-18 01:00:00+00:00, run_after=2025-06-18 01:00:00+00:00
[2025-06-23T06:03:28.918+0000] {logging_mixin.py:188} INFO - [2025-06-23T06:03:28.917+0000] {dag.py:3947} INFO - Setting next_dagrun for consume_1_and_2_with_dataset_expressions to None, run_after=None
[2025-06-23T06:03:28.924+0000] {logging_mixin.py:188} INFO - [2025-06-23T06:03:28.923+0000] {dag.py:3947} INFO - Setting next_dagrun for consume_1_or_2_with_dataset_expressions to None, run_after=None
[2025-06-23T06:03:28.928+0000] {logging_mixin.py:188} INFO - [2025-06-23T06:03:28.928+0000] {dag.py:3947} INFO - Setting next_dagrun for consume_1_or_both_2_and_3_with_dataset_expressions to None, run_after=None
[2025-06-23T06:03:28.934+0000] {logging_mixin.py:188} INFO - [2025-06-23T06:03:28.933+0000] {dag.py:3947} INFO - Setting next_dagrun for dataset_consumes_1 to None, run_after=None
[2025-06-23T06:03:28.938+0000] {logging_mixin.py:188} INFO - [2025-06-23T06:03:28.938+0000] {dag.py:3947} INFO - Setting next_dagrun for dataset_consumes_1_and_2 to None, run_after=None
[2025-06-23T06:03:28.941+0000] {logging_mixin.py:188} INFO - [2025-06-23T06:03:28.941+0000] {dag.py:3947} INFO - Setting next_dagrun for dataset_consumes_1_never_scheduled to None, run_after=None
[2025-06-23T06:03:28.944+0000] {logging_mixin.py:188} INFO - [2025-06-23T06:03:28.944+0000] {dag.py:3947} INFO - Setting next_dagrun for dataset_consumes_unknown_never_scheduled to None, run_after=None
[2025-06-23T06:03:28.949+0000] {logging_mixin.py:188} INFO - [2025-06-23T06:03:28.949+0000] {dag.py:3947} INFO - Setting next_dagrun for dataset_produces_1 to 2025-06-22 00:00:00+00:00, run_after=2025-06-23 00:00:00+00:00
[2025-06-23T06:03:28.954+0000] {logging_mixin.py:188} INFO - [2025-06-23T06:03:28.954+0000] {dag.py:3947} INFO - Setting next_dagrun for dataset_produces_2 to None, run_after=None
[2025-06-23T06:03:29.061+0000] {processor.py:183} INFO - Processing /home/airflow/.local/lib/python3.12/site-packages/airflow/example_dags/example_datasets.py took 0.524 seconds
[2025-06-23T06:03:59.577+0000] {processor.py:161} INFO - Started process (PID=1527) to work on /home/airflow/.local/lib/python3.12/site-packages/airflow/example_dags/example_datasets.py
[2025-06-23T06:03:59.606+0000] {processor.py:830} INFO - Processing file /home/airflow/.local/lib/python3.12/site-packages/airflow/example_dags/example_datasets.py for tasks to queue
[2025-06-23T06:03:59.663+0000] {logging_mixin.py:188} INFO - [2025-06-23T06:03:59.647+0000] {dagbag.py:545} INFO - Filling up the DagBag from /home/airflow/.local/lib/python3.12/site-packages/airflow/example_dags/example_datasets.py
[2025-06-23T06:03:59.833+0000] {processor.py:840} INFO - DAG(s) 'dataset_consumes_1_and_2', 'dataset_produces_2', 'dataset_produces_1', 'dataset_consumes_unknown_never_scheduled', 'consume_1_and_2_with_dataset_expressions', 'dataset_consumes_1', 'consume_1_or_both_2_and_3_with_dataset_expressions', 'dataset_consumes_1_never_scheduled', 'conditional_dataset_and_time_based_timetable', 'consume_1_or_2_with_dataset_expressions' retrieved from /home/airflow/.local/lib/python3.12/site-packages/airflow/example_dags/example_datasets.py
[2025-06-23T06:04:00.014+0000] {logging_mixin.py:188} INFO - [2025-06-23T06:04:00.013+0000] {dag.py:3089} INFO - Sync 10 DAGs
[2025-06-23T06:04:00.152+0000] {logging_mixin.py:188} INFO - [2025-06-23T06:04:00.152+0000] {dag.py:3947} INFO - Setting next_dagrun for conditional_dataset_and_time_based_timetable to 2025-06-18 01:00:00+00:00, run_after=2025-06-18 01:00:00+00:00
[2025-06-23T06:04:00.169+0000] {logging_mixin.py:188} INFO - [2025-06-23T06:04:00.169+0000] {dag.py:3947} INFO - Setting next_dagrun for consume_1_and_2_with_dataset_expressions to None, run_after=None
[2025-06-23T06:04:00.173+0000] {logging_mixin.py:188} INFO - [2025-06-23T06:04:00.173+0000] {dag.py:3947} INFO - Setting next_dagrun for consume_1_or_2_with_dataset_expressions to None, run_after=None
[2025-06-23T06:04:00.177+0000] {logging_mixin.py:188} INFO - [2025-06-23T06:04:00.176+0000] {dag.py:3947} INFO - Setting next_dagrun for consume_1_or_both_2_and_3_with_dataset_expressions to None, run_after=None
[2025-06-23T06:04:00.180+0000] {logging_mixin.py:188} INFO - [2025-06-23T06:04:00.179+0000] {dag.py:3947} INFO - Setting next_dagrun for dataset_consumes_1 to None, run_after=None
[2025-06-23T06:04:00.192+0000] {logging_mixin.py:188} INFO - [2025-06-23T06:04:00.191+0000] {dag.py:3947} INFO - Setting next_dagrun for dataset_consumes_1_and_2 to None, run_after=None
[2025-06-23T06:04:00.198+0000] {logging_mixin.py:188} INFO - [2025-06-23T06:04:00.197+0000] {dag.py:3947} INFO - Setting next_dagrun for dataset_consumes_1_never_scheduled to None, run_after=None
[2025-06-23T06:04:00.200+0000] {logging_mixin.py:188} INFO - [2025-06-23T06:04:00.200+0000] {dag.py:3947} INFO - Setting next_dagrun for dataset_consumes_unknown_never_scheduled to None, run_after=None
[2025-06-23T06:04:00.207+0000] {logging_mixin.py:188} INFO - [2025-06-23T06:04:00.207+0000] {dag.py:3947} INFO - Setting next_dagrun for dataset_produces_1 to 2025-06-22 00:00:00+00:00, run_after=2025-06-23 00:00:00+00:00
[2025-06-23T06:04:00.211+0000] {logging_mixin.py:188} INFO - [2025-06-23T06:04:00.210+0000] {dag.py:3947} INFO - Setting next_dagrun for dataset_produces_2 to None, run_after=None
[2025-06-23T06:04:05.935+0000] {processor.py:183} INFO - Processing /home/airflow/.local/lib/python3.12/site-packages/airflow/example_dags/example_datasets.py took 6.509 seconds
