[2025-06-23T05:51:27.250+0000] {processor.py:161} INFO - Started process (PID=104) to work on /home/airflow/.local/lib/python3.12/site-packages/airflow/example_dags/example_subdag_operator.py
[2025-06-23T05:51:27.259+0000] {processor.py:830} INFO - Processing file /home/airflow/.local/lib/python3.12/site-packages/airflow/example_dags/example_subdag_operator.py for tasks to queue
[2025-06-23T05:51:27.267+0000] {logging_mixin.py:188} INFO - [2025-06-23T05:51:27.266+0000] {dagbag.py:545} INFO - Filling up the DagBag from /home/airflow/.local/lib/python3.12/site-packages/airflow/example_dags/example_subdag_operator.py
[2025-06-23T05:51:27.440+0000] {processor.py:840} INFO - DAG(s) 'example_subdag_operator.section-1', 'example_subdag_operator.section-2', 'example_subdag_operator' retrieved from /home/airflow/.local/lib/python3.12/site-packages/airflow/example_dags/example_subdag_operator.py
[2025-06-23T05:51:28.029+0000] {logging_mixin.py:188} INFO - [2025-06-23T05:51:28.028+0000] {dag.py:3089} INFO - Sync 3 DAGs
[2025-06-23T05:51:28.131+0000] {logging_mixin.py:188} INFO - [2025-06-23T05:51:28.131+0000] {dag.py:3947} INFO - Setting next_dagrun for example_subdag_operator to 2022-01-01 00:00:00+00:00, run_after=2022-01-01 00:00:00+00:00
[2025-06-23T05:51:28.139+0000] {logging_mixin.py:188} INFO - [2025-06-23T05:51:28.138+0000] {dag.py:3947} INFO - Setting next_dagrun for example_subdag_operator.section-1 to None, run_after=None
[2025-06-23T05:51:28.141+0000] {logging_mixin.py:188} INFO - [2025-06-23T05:51:28.141+0000] {dag.py:3947} INFO - Setting next_dagrun for example_subdag_operator.section-2 to None, run_after=None
[2025-06-23T05:51:28.186+0000] {logging_mixin.py:188} INFO - [2025-06-23T05:51:28.185+0000] {dag.py:3089} INFO - Sync 2 DAGs
[2025-06-23T05:51:28.197+0000] {logging_mixin.py:188} INFO - [2025-06-23T05:51:28.197+0000] {dag.py:3947} INFO - Setting next_dagrun for example_subdag_operator.section-1 to None, run_after=None
[2025-06-23T05:51:28.199+0000] {logging_mixin.py:188} INFO - [2025-06-23T05:51:28.198+0000] {dag.py:3947} INFO - Setting next_dagrun for example_subdag_operator.section-2 to None, run_after=None
[2025-06-23T05:51:28.300+0000] {processor.py:183} INFO - Processing /home/airflow/.local/lib/python3.12/site-packages/airflow/example_dags/example_subdag_operator.py took 1.093 seconds
[2025-06-23T05:51:58.456+0000] {processor.py:161} INFO - Started process (PID=164) to work on /home/airflow/.local/lib/python3.12/site-packages/airflow/example_dags/example_subdag_operator.py
[2025-06-23T05:51:58.457+0000] {processor.py:830} INFO - Processing file /home/airflow/.local/lib/python3.12/site-packages/airflow/example_dags/example_subdag_operator.py for tasks to queue
[2025-06-23T05:51:58.460+0000] {logging_mixin.py:188} INFO - [2025-06-23T05:51:58.460+0000] {dagbag.py:545} INFO - Filling up the DagBag from /home/airflow/.local/lib/python3.12/site-packages/airflow/example_dags/example_subdag_operator.py
[2025-06-23T05:51:58.497+0000] {processor.py:840} INFO - DAG(s) 'example_subdag_operator.section-1', 'example_subdag_operator.section-2', 'example_subdag_operator' retrieved from /home/airflow/.local/lib/python3.12/site-packages/airflow/example_dags/example_subdag_operator.py
[2025-06-23T05:51:58.520+0000] {logging_mixin.py:188} INFO - [2025-06-23T05:51:58.520+0000] {dag.py:3089} INFO - Sync 3 DAGs
[2025-06-23T05:51:58.554+0000] {logging_mixin.py:188} INFO - [2025-06-23T05:51:58.553+0000] {dag.py:3947} INFO - Setting next_dagrun for example_subdag_operator to 2022-01-01 00:00:00+00:00, run_after=2022-01-01 00:00:00+00:00
[2025-06-23T05:51:58.561+0000] {logging_mixin.py:188} INFO - [2025-06-23T05:51:58.560+0000] {dag.py:3947} INFO - Setting next_dagrun for example_subdag_operator.section-1 to None, run_after=None
[2025-06-23T05:51:58.563+0000] {logging_mixin.py:188} INFO - [2025-06-23T05:51:58.563+0000] {dag.py:3947} INFO - Setting next_dagrun for example_subdag_operator.section-2 to None, run_after=None
[2025-06-23T05:51:58.575+0000] {logging_mixin.py:188} INFO - [2025-06-23T05:51:58.575+0000] {dag.py:3089} INFO - Sync 2 DAGs
[2025-06-23T05:51:58.583+0000] {logging_mixin.py:188} INFO - [2025-06-23T05:51:58.583+0000] {dag.py:3947} INFO - Setting next_dagrun for example_subdag_operator.section-1 to None, run_after=None
[2025-06-23T05:51:58.584+0000] {logging_mixin.py:188} INFO - [2025-06-23T05:51:58.584+0000] {dag.py:3947} INFO - Setting next_dagrun for example_subdag_operator.section-2 to None, run_after=None
[2025-06-23T05:51:58.603+0000] {processor.py:183} INFO - Processing /home/airflow/.local/lib/python3.12/site-packages/airflow/example_dags/example_subdag_operator.py took 0.155 seconds
[2025-06-23T05:52:30.367+0000] {processor.py:161} INFO - Started process (PID=225) to work on /home/airflow/.local/lib/python3.12/site-packages/airflow/example_dags/example_subdag_operator.py
[2025-06-23T05:52:30.372+0000] {processor.py:830} INFO - Processing file /home/airflow/.local/lib/python3.12/site-packages/airflow/example_dags/example_subdag_operator.py for tasks to queue
[2025-06-23T05:52:30.377+0000] {logging_mixin.py:188} INFO - [2025-06-23T05:52:30.376+0000] {dagbag.py:545} INFO - Filling up the DagBag from /home/airflow/.local/lib/python3.12/site-packages/airflow/example_dags/example_subdag_operator.py
[2025-06-23T05:52:30.489+0000] {processor.py:840} INFO - DAG(s) 'example_subdag_operator.section-1', 'example_subdag_operator.section-2', 'example_subdag_operator' retrieved from /home/airflow/.local/lib/python3.12/site-packages/airflow/example_dags/example_subdag_operator.py
[2025-06-23T05:52:30.516+0000] {logging_mixin.py:188} INFO - [2025-06-23T05:52:30.515+0000] {dag.py:3089} INFO - Sync 3 DAGs
[2025-06-23T05:52:30.554+0000] {logging_mixin.py:188} INFO - [2025-06-23T05:52:30.554+0000] {dag.py:3947} INFO - Setting next_dagrun for example_subdag_operator to 2022-01-01 00:00:00+00:00, run_after=2022-01-01 00:00:00+00:00
[2025-06-23T05:52:30.561+0000] {logging_mixin.py:188} INFO - [2025-06-23T05:52:30.561+0000] {dag.py:3947} INFO - Setting next_dagrun for example_subdag_operator.section-1 to None, run_after=None
[2025-06-23T05:52:30.564+0000] {logging_mixin.py:188} INFO - [2025-06-23T05:52:30.564+0000] {dag.py:3947} INFO - Setting next_dagrun for example_subdag_operator.section-2 to None, run_after=None
[2025-06-23T05:52:30.577+0000] {logging_mixin.py:188} INFO - [2025-06-23T05:52:30.577+0000] {dag.py:3089} INFO - Sync 2 DAGs
[2025-06-23T05:52:30.586+0000] {logging_mixin.py:188} INFO - [2025-06-23T05:52:30.586+0000] {dag.py:3947} INFO - Setting next_dagrun for example_subdag_operator.section-1 to None, run_after=None
[2025-06-23T05:52:30.588+0000] {logging_mixin.py:188} INFO - [2025-06-23T05:52:30.588+0000] {dag.py:3947} INFO - Setting next_dagrun for example_subdag_operator.section-2 to None, run_after=None
[2025-06-23T05:52:30.613+0000] {processor.py:183} INFO - Processing /home/airflow/.local/lib/python3.12/site-packages/airflow/example_dags/example_subdag_operator.py took 0.256 seconds
[2025-06-23T05:53:01.171+0000] {processor.py:161} INFO - Started process (PID=283) to work on /home/airflow/.local/lib/python3.12/site-packages/airflow/example_dags/example_subdag_operator.py
[2025-06-23T05:53:01.173+0000] {processor.py:830} INFO - Processing file /home/airflow/.local/lib/python3.12/site-packages/airflow/example_dags/example_subdag_operator.py for tasks to queue
[2025-06-23T05:53:01.177+0000] {logging_mixin.py:188} INFO - [2025-06-23T05:53:01.176+0000] {dagbag.py:545} INFO - Filling up the DagBag from /home/airflow/.local/lib/python3.12/site-packages/airflow/example_dags/example_subdag_operator.py
[2025-06-23T05:53:01.217+0000] {processor.py:840} INFO - DAG(s) 'example_subdag_operator.section-1', 'example_subdag_operator.section-2', 'example_subdag_operator' retrieved from /home/airflow/.local/lib/python3.12/site-packages/airflow/example_dags/example_subdag_operator.py
[2025-06-23T05:53:01.245+0000] {logging_mixin.py:188} INFO - [2025-06-23T05:53:01.244+0000] {dag.py:3089} INFO - Sync 3 DAGs
[2025-06-23T05:53:01.284+0000] {logging_mixin.py:188} INFO - [2025-06-23T05:53:01.284+0000] {dag.py:3947} INFO - Setting next_dagrun for example_subdag_operator to 2022-01-01 00:00:00+00:00, run_after=2022-01-01 00:00:00+00:00
[2025-06-23T05:53:01.292+0000] {logging_mixin.py:188} INFO - [2025-06-23T05:53:01.291+0000] {dag.py:3947} INFO - Setting next_dagrun for example_subdag_operator.section-1 to None, run_after=None
[2025-06-23T05:53:01.295+0000] {logging_mixin.py:188} INFO - [2025-06-23T05:53:01.295+0000] {dag.py:3947} INFO - Setting next_dagrun for example_subdag_operator.section-2 to None, run_after=None
[2025-06-23T05:53:01.309+0000] {logging_mixin.py:188} INFO - [2025-06-23T05:53:01.309+0000] {dag.py:3089} INFO - Sync 2 DAGs
[2025-06-23T05:53:01.317+0000] {logging_mixin.py:188} INFO - [2025-06-23T05:53:01.317+0000] {dag.py:3947} INFO - Setting next_dagrun for example_subdag_operator.section-1 to None, run_after=None
[2025-06-23T05:53:01.319+0000] {logging_mixin.py:188} INFO - [2025-06-23T05:53:01.319+0000] {dag.py:3947} INFO - Setting next_dagrun for example_subdag_operator.section-2 to None, run_after=None
[2025-06-23T05:53:01.339+0000] {processor.py:183} INFO - Processing /home/airflow/.local/lib/python3.12/site-packages/airflow/example_dags/example_subdag_operator.py took 0.179 seconds
[2025-06-23T05:53:31.575+0000] {processor.py:161} INFO - Started process (PID=343) to work on /home/airflow/.local/lib/python3.12/site-packages/airflow/example_dags/example_subdag_operator.py
[2025-06-23T05:53:31.578+0000] {processor.py:830} INFO - Processing file /home/airflow/.local/lib/python3.12/site-packages/airflow/example_dags/example_subdag_operator.py for tasks to queue
[2025-06-23T05:53:31.584+0000] {logging_mixin.py:188} INFO - [2025-06-23T05:53:31.583+0000] {dagbag.py:545} INFO - Filling up the DagBag from /home/airflow/.local/lib/python3.12/site-packages/airflow/example_dags/example_subdag_operator.py
[2025-06-23T05:53:31.671+0000] {processor.py:840} INFO - DAG(s) 'example_subdag_operator.section-1', 'example_subdag_operator.section-2', 'example_subdag_operator' retrieved from /home/airflow/.local/lib/python3.12/site-packages/airflow/example_dags/example_subdag_operator.py
[2025-06-23T05:53:31.754+0000] {logging_mixin.py:188} INFO - [2025-06-23T05:53:31.754+0000] {dag.py:3089} INFO - Sync 3 DAGs
[2025-06-23T05:53:31.905+0000] {logging_mixin.py:188} INFO - [2025-06-23T05:53:31.905+0000] {dag.py:3947} INFO - Setting next_dagrun for example_subdag_operator to 2022-01-01 00:00:00+00:00, run_after=2022-01-01 00:00:00+00:00
[2025-06-23T05:53:31.915+0000] {logging_mixin.py:188} INFO - [2025-06-23T05:53:31.915+0000] {dag.py:3947} INFO - Setting next_dagrun for example_subdag_operator.section-1 to None, run_after=None
[2025-06-23T05:53:31.918+0000] {logging_mixin.py:188} INFO - [2025-06-23T05:53:31.917+0000] {dag.py:3947} INFO - Setting next_dagrun for example_subdag_operator.section-2 to None, run_after=None
[2025-06-23T05:53:31.934+0000] {logging_mixin.py:188} INFO - [2025-06-23T05:53:31.934+0000] {dag.py:3089} INFO - Sync 2 DAGs
[2025-06-23T05:53:31.945+0000] {logging_mixin.py:188} INFO - [2025-06-23T05:53:31.945+0000] {dag.py:3947} INFO - Setting next_dagrun for example_subdag_operator.section-1 to None, run_after=None
[2025-06-23T05:53:31.946+0000] {logging_mixin.py:188} INFO - [2025-06-23T05:53:31.946+0000] {dag.py:3947} INFO - Setting next_dagrun for example_subdag_operator.section-2 to None, run_after=None
[2025-06-23T05:53:31.968+0000] {processor.py:183} INFO - Processing /home/airflow/.local/lib/python3.12/site-packages/airflow/example_dags/example_subdag_operator.py took 0.410 seconds
[2025-06-23T05:54:08.044+0000] {processor.py:161} INFO - Started process (PID=406) to work on /home/airflow/.local/lib/python3.12/site-packages/airflow/example_dags/example_subdag_operator.py
[2025-06-23T05:54:08.072+0000] {processor.py:830} INFO - Processing file /home/airflow/.local/lib/python3.12/site-packages/airflow/example_dags/example_subdag_operator.py for tasks to queue
[2025-06-23T05:54:08.127+0000] {logging_mixin.py:188} INFO - [2025-06-23T05:54:08.119+0000] {dagbag.py:545} INFO - Filling up the DagBag from /home/airflow/.local/lib/python3.12/site-packages/airflow/example_dags/example_subdag_operator.py
[2025-06-23T05:54:08.557+0000] {processor.py:840} INFO - DAG(s) 'example_subdag_operator.section-1', 'example_subdag_operator.section-2', 'example_subdag_operator' retrieved from /home/airflow/.local/lib/python3.12/site-packages/airflow/example_dags/example_subdag_operator.py
[2025-06-23T05:54:08.822+0000] {logging_mixin.py:188} INFO - [2025-06-23T05:54:08.821+0000] {dag.py:3089} INFO - Sync 3 DAGs
[2025-06-23T05:54:09.324+0000] {logging_mixin.py:188} INFO - [2025-06-23T05:54:09.322+0000] {dag.py:3947} INFO - Setting next_dagrun for example_subdag_operator to 2022-01-01 00:00:00+00:00, run_after=2022-01-01 00:00:00+00:00
[2025-06-23T05:54:09.482+0000] {logging_mixin.py:188} INFO - [2025-06-23T05:54:09.480+0000] {dag.py:3947} INFO - Setting next_dagrun for example_subdag_operator.section-1 to None, run_after=None
[2025-06-23T05:54:09.539+0000] {logging_mixin.py:188} INFO - [2025-06-23T05:54:09.537+0000] {dag.py:3947} INFO - Setting next_dagrun for example_subdag_operator.section-2 to None, run_after=None
[2025-06-23T05:54:10.202+0000] {logging_mixin.py:188} INFO - [2025-06-23T05:54:10.201+0000] {dag.py:3089} INFO - Sync 2 DAGs
[2025-06-23T05:54:10.308+0000] {logging_mixin.py:188} INFO - [2025-06-23T05:54:10.296+0000] {dag.py:3947} INFO - Setting next_dagrun for example_subdag_operator.section-1 to None, run_after=None
[2025-06-23T05:54:10.323+0000] {logging_mixin.py:188} INFO - [2025-06-23T05:54:10.319+0000] {dag.py:3947} INFO - Setting next_dagrun for example_subdag_operator.section-2 to None, run_after=None
[2025-06-23T05:54:10.880+0000] {processor.py:183} INFO - Processing /home/airflow/.local/lib/python3.12/site-packages/airflow/example_dags/example_subdag_operator.py took 2.956 seconds
[2025-06-23T05:54:41.338+0000] {processor.py:161} INFO - Started process (PID=467) to work on /home/airflow/.local/lib/python3.12/site-packages/airflow/example_dags/example_subdag_operator.py
[2025-06-23T05:54:41.341+0000] {processor.py:830} INFO - Processing file /home/airflow/.local/lib/python3.12/site-packages/airflow/example_dags/example_subdag_operator.py for tasks to queue
[2025-06-23T05:54:41.346+0000] {logging_mixin.py:188} INFO - [2025-06-23T05:54:41.345+0000] {dagbag.py:545} INFO - Filling up the DagBag from /home/airflow/.local/lib/python3.12/site-packages/airflow/example_dags/example_subdag_operator.py
[2025-06-23T05:54:41.416+0000] {processor.py:840} INFO - DAG(s) 'example_subdag_operator.section-1', 'example_subdag_operator.section-2', 'example_subdag_operator' retrieved from /home/airflow/.local/lib/python3.12/site-packages/airflow/example_dags/example_subdag_operator.py
[2025-06-23T05:54:41.459+0000] {logging_mixin.py:188} INFO - [2025-06-23T05:54:41.458+0000] {dag.py:3089} INFO - Sync 3 DAGs
[2025-06-23T05:54:41.526+0000] {logging_mixin.py:188} INFO - [2025-06-23T05:54:41.524+0000] {dag.py:3947} INFO - Setting next_dagrun for example_subdag_operator to 2022-01-01 00:00:00+00:00, run_after=2022-01-01 00:00:00+00:00
[2025-06-23T05:54:41.539+0000] {logging_mixin.py:188} INFO - [2025-06-23T05:54:41.538+0000] {dag.py:3947} INFO - Setting next_dagrun for example_subdag_operator.section-1 to None, run_after=None
[2025-06-23T05:54:41.543+0000] {logging_mixin.py:188} INFO - [2025-06-23T05:54:41.543+0000] {dag.py:3947} INFO - Setting next_dagrun for example_subdag_operator.section-2 to None, run_after=None
[2025-06-23T05:54:41.569+0000] {logging_mixin.py:188} INFO - [2025-06-23T05:54:41.567+0000] {dag.py:3089} INFO - Sync 2 DAGs
[2025-06-23T05:54:41.590+0000] {logging_mixin.py:188} INFO - [2025-06-23T05:54:41.589+0000] {dag.py:3947} INFO - Setting next_dagrun for example_subdag_operator.section-1 to None, run_after=None
[2025-06-23T05:54:41.592+0000] {logging_mixin.py:188} INFO - [2025-06-23T05:54:41.591+0000] {dag.py:3947} INFO - Setting next_dagrun for example_subdag_operator.section-2 to None, run_after=None
[2025-06-23T05:54:41.633+0000] {processor.py:183} INFO - Processing /home/airflow/.local/lib/python3.12/site-packages/airflow/example_dags/example_subdag_operator.py took 0.311 seconds
[2025-06-23T05:55:15.066+0000] {processor.py:161} INFO - Started process (PID=526) to work on /home/airflow/.local/lib/python3.12/site-packages/airflow/example_dags/example_subdag_operator.py
[2025-06-23T05:55:15.069+0000] {processor.py:830} INFO - Processing file /home/airflow/.local/lib/python3.12/site-packages/airflow/example_dags/example_subdag_operator.py for tasks to queue
[2025-06-23T05:55:15.078+0000] {logging_mixin.py:188} INFO - [2025-06-23T05:55:15.077+0000] {dagbag.py:545} INFO - Filling up the DagBag from /home/airflow/.local/lib/python3.12/site-packages/airflow/example_dags/example_subdag_operator.py
[2025-06-23T05:55:15.175+0000] {processor.py:840} INFO - DAG(s) 'example_subdag_operator.section-1', 'example_subdag_operator.section-2', 'example_subdag_operator' retrieved from /home/airflow/.local/lib/python3.12/site-packages/airflow/example_dags/example_subdag_operator.py
[2025-06-23T05:55:15.235+0000] {logging_mixin.py:188} INFO - [2025-06-23T05:55:15.234+0000] {dag.py:3089} INFO - Sync 3 DAGs
[2025-06-23T05:55:15.338+0000] {logging_mixin.py:188} INFO - [2025-06-23T05:55:15.337+0000] {dag.py:3947} INFO - Setting next_dagrun for example_subdag_operator to 2022-01-01 00:00:00+00:00, run_after=2022-01-01 00:00:00+00:00
[2025-06-23T05:55:15.371+0000] {logging_mixin.py:188} INFO - [2025-06-23T05:55:15.370+0000] {dag.py:3947} INFO - Setting next_dagrun for example_subdag_operator.section-1 to None, run_after=None
[2025-06-23T05:55:15.379+0000] {logging_mixin.py:188} INFO - [2025-06-23T05:55:15.378+0000] {dag.py:3947} INFO - Setting next_dagrun for example_subdag_operator.section-2 to None, run_after=None
[2025-06-23T05:55:15.432+0000] {logging_mixin.py:188} INFO - [2025-06-23T05:55:15.426+0000] {dag.py:3089} INFO - Sync 2 DAGs
[2025-06-23T05:55:15.473+0000] {logging_mixin.py:188} INFO - [2025-06-23T05:55:15.465+0000] {dag.py:3947} INFO - Setting next_dagrun for example_subdag_operator.section-1 to None, run_after=None
[2025-06-23T05:55:15.479+0000] {logging_mixin.py:188} INFO - [2025-06-23T05:55:15.478+0000] {dag.py:3947} INFO - Setting next_dagrun for example_subdag_operator.section-2 to None, run_after=None
[2025-06-23T05:55:15.560+0000] {processor.py:183} INFO - Processing /home/airflow/.local/lib/python3.12/site-packages/airflow/example_dags/example_subdag_operator.py took 0.517 seconds
[2025-06-23T05:55:45.736+0000] {processor.py:161} INFO - Started process (PID=587) to work on /home/airflow/.local/lib/python3.12/site-packages/airflow/example_dags/example_subdag_operator.py
[2025-06-23T05:55:45.740+0000] {processor.py:830} INFO - Processing file /home/airflow/.local/lib/python3.12/site-packages/airflow/example_dags/example_subdag_operator.py for tasks to queue
[2025-06-23T05:55:45.748+0000] {logging_mixin.py:188} INFO - [2025-06-23T05:55:45.747+0000] {dagbag.py:545} INFO - Filling up the DagBag from /home/airflow/.local/lib/python3.12/site-packages/airflow/example_dags/example_subdag_operator.py
[2025-06-23T05:55:45.853+0000] {processor.py:840} INFO - DAG(s) 'example_subdag_operator.section-1', 'example_subdag_operator.section-2', 'example_subdag_operator' retrieved from /home/airflow/.local/lib/python3.12/site-packages/airflow/example_dags/example_subdag_operator.py
[2025-06-23T05:55:45.913+0000] {logging_mixin.py:188} INFO - [2025-06-23T05:55:45.912+0000] {dag.py:3089} INFO - Sync 3 DAGs
[2025-06-23T05:55:46.013+0000] {logging_mixin.py:188} INFO - [2025-06-23T05:55:46.012+0000] {dag.py:3947} INFO - Setting next_dagrun for example_subdag_operator to 2022-01-01 00:00:00+00:00, run_after=2022-01-01 00:00:00+00:00
[2025-06-23T05:55:46.043+0000] {logging_mixin.py:188} INFO - [2025-06-23T05:55:46.042+0000] {dag.py:3947} INFO - Setting next_dagrun for example_subdag_operator.section-1 to None, run_after=None
[2025-06-23T05:55:46.050+0000] {logging_mixin.py:188} INFO - [2025-06-23T05:55:46.049+0000] {dag.py:3947} INFO - Setting next_dagrun for example_subdag_operator.section-2 to None, run_after=None
[2025-06-23T05:55:46.072+0000] {logging_mixin.py:188} INFO - [2025-06-23T05:55:46.071+0000] {dag.py:3089} INFO - Sync 2 DAGs
[2025-06-23T05:55:46.087+0000] {logging_mixin.py:188} INFO - [2025-06-23T05:55:46.086+0000] {dag.py:3947} INFO - Setting next_dagrun for example_subdag_operator.section-1 to None, run_after=None
[2025-06-23T05:55:46.088+0000] {logging_mixin.py:188} INFO - [2025-06-23T05:55:46.088+0000] {dag.py:3947} INFO - Setting next_dagrun for example_subdag_operator.section-2 to None, run_after=None
[2025-06-23T05:55:46.120+0000] {processor.py:183} INFO - Processing /home/airflow/.local/lib/python3.12/site-packages/airflow/example_dags/example_subdag_operator.py took 0.403 seconds
[2025-06-23T05:56:20.929+0000] {processor.py:161} INFO - Started process (PID=647) to work on /home/airflow/.local/lib/python3.12/site-packages/airflow/example_dags/example_subdag_operator.py
[2025-06-23T05:56:20.932+0000] {processor.py:830} INFO - Processing file /home/airflow/.local/lib/python3.12/site-packages/airflow/example_dags/example_subdag_operator.py for tasks to queue
[2025-06-23T05:56:20.936+0000] {logging_mixin.py:188} INFO - [2025-06-23T05:56:20.935+0000] {dagbag.py:545} INFO - Filling up the DagBag from /home/airflow/.local/lib/python3.12/site-packages/airflow/example_dags/example_subdag_operator.py
[2025-06-23T05:56:20.975+0000] {processor.py:840} INFO - DAG(s) 'example_subdag_operator.section-1', 'example_subdag_operator.section-2', 'example_subdag_operator' retrieved from /home/airflow/.local/lib/python3.12/site-packages/airflow/example_dags/example_subdag_operator.py
[2025-06-23T05:56:21.001+0000] {logging_mixin.py:188} INFO - [2025-06-23T05:56:21.000+0000] {dag.py:3089} INFO - Sync 3 DAGs
[2025-06-23T05:56:21.055+0000] {logging_mixin.py:188} INFO - [2025-06-23T05:56:21.054+0000] {dag.py:3947} INFO - Setting next_dagrun for example_subdag_operator to 2022-01-01 00:00:00+00:00, run_after=2022-01-01 00:00:00+00:00
[2025-06-23T05:56:21.064+0000] {logging_mixin.py:188} INFO - [2025-06-23T05:56:21.063+0000] {dag.py:3947} INFO - Setting next_dagrun for example_subdag_operator.section-1 to None, run_after=None
[2025-06-23T05:56:21.067+0000] {logging_mixin.py:188} INFO - [2025-06-23T05:56:21.067+0000] {dag.py:3947} INFO - Setting next_dagrun for example_subdag_operator.section-2 to None, run_after=None
[2025-06-23T05:56:21.080+0000] {logging_mixin.py:188} INFO - [2025-06-23T05:56:21.079+0000] {dag.py:3089} INFO - Sync 2 DAGs
[2025-06-23T05:56:21.095+0000] {logging_mixin.py:188} INFO - [2025-06-23T05:56:21.094+0000] {dag.py:3947} INFO - Setting next_dagrun for example_subdag_operator.section-1 to None, run_after=None
[2025-06-23T05:56:21.097+0000] {logging_mixin.py:188} INFO - [2025-06-23T05:56:21.096+0000] {dag.py:3947} INFO - Setting next_dagrun for example_subdag_operator.section-2 to None, run_after=None
[2025-06-23T05:56:21.132+0000] {processor.py:183} INFO - Processing /home/airflow/.local/lib/python3.12/site-packages/airflow/example_dags/example_subdag_operator.py took 0.213 seconds
[2025-06-23T05:56:52.133+0000] {processor.py:161} INFO - Started process (PID=707) to work on /home/airflow/.local/lib/python3.12/site-packages/airflow/example_dags/example_subdag_operator.py
[2025-06-23T05:56:52.136+0000] {processor.py:830} INFO - Processing file /home/airflow/.local/lib/python3.12/site-packages/airflow/example_dags/example_subdag_operator.py for tasks to queue
[2025-06-23T05:56:52.140+0000] {logging_mixin.py:188} INFO - [2025-06-23T05:56:52.140+0000] {dagbag.py:545} INFO - Filling up the DagBag from /home/airflow/.local/lib/python3.12/site-packages/airflow/example_dags/example_subdag_operator.py
[2025-06-23T05:56:52.195+0000] {processor.py:840} INFO - DAG(s) 'example_subdag_operator.section-1', 'example_subdag_operator.section-2', 'example_subdag_operator' retrieved from /home/airflow/.local/lib/python3.12/site-packages/airflow/example_dags/example_subdag_operator.py
[2025-06-23T05:56:52.237+0000] {logging_mixin.py:188} INFO - [2025-06-23T05:56:52.236+0000] {dag.py:3089} INFO - Sync 3 DAGs
[2025-06-23T05:56:52.295+0000] {logging_mixin.py:188} INFO - [2025-06-23T05:56:52.294+0000] {dag.py:3947} INFO - Setting next_dagrun for example_subdag_operator to 2022-01-01 00:00:00+00:00, run_after=2022-01-01 00:00:00+00:00
[2025-06-23T05:56:52.308+0000] {logging_mixin.py:188} INFO - [2025-06-23T05:56:52.307+0000] {dag.py:3947} INFO - Setting next_dagrun for example_subdag_operator.section-1 to None, run_after=None
[2025-06-23T05:56:52.313+0000] {logging_mixin.py:188} INFO - [2025-06-23T05:56:52.312+0000] {dag.py:3947} INFO - Setting next_dagrun for example_subdag_operator.section-2 to None, run_after=None
[2025-06-23T05:56:52.332+0000] {logging_mixin.py:188} INFO - [2025-06-23T05:56:52.332+0000] {dag.py:3089} INFO - Sync 2 DAGs
[2025-06-23T05:56:52.344+0000] {logging_mixin.py:188} INFO - [2025-06-23T05:56:52.344+0000] {dag.py:3947} INFO - Setting next_dagrun for example_subdag_operator.section-1 to None, run_after=None
[2025-06-23T05:56:52.346+0000] {logging_mixin.py:188} INFO - [2025-06-23T05:56:52.345+0000] {dag.py:3947} INFO - Setting next_dagrun for example_subdag_operator.section-2 to None, run_after=None
[2025-06-23T05:56:52.378+0000] {processor.py:183} INFO - Processing /home/airflow/.local/lib/python3.12/site-packages/airflow/example_dags/example_subdag_operator.py took 0.259 seconds
[2025-06-23T05:57:22.942+0000] {processor.py:161} INFO - Started process (PID=765) to work on /home/airflow/.local/lib/python3.12/site-packages/airflow/example_dags/example_subdag_operator.py
[2025-06-23T05:57:22.944+0000] {processor.py:830} INFO - Processing file /home/airflow/.local/lib/python3.12/site-packages/airflow/example_dags/example_subdag_operator.py for tasks to queue
[2025-06-23T05:57:22.950+0000] {logging_mixin.py:188} INFO - [2025-06-23T05:57:22.949+0000] {dagbag.py:545} INFO - Filling up the DagBag from /home/airflow/.local/lib/python3.12/site-packages/airflow/example_dags/example_subdag_operator.py
[2025-06-23T05:57:23.015+0000] {processor.py:840} INFO - DAG(s) 'example_subdag_operator.section-1', 'example_subdag_operator.section-2', 'example_subdag_operator' retrieved from /home/airflow/.local/lib/python3.12/site-packages/airflow/example_dags/example_subdag_operator.py
[2025-06-23T05:57:23.069+0000] {logging_mixin.py:188} INFO - [2025-06-23T05:57:23.068+0000] {dag.py:3089} INFO - Sync 3 DAGs
[2025-06-23T05:57:23.126+0000] {logging_mixin.py:188} INFO - [2025-06-23T05:57:23.125+0000] {dag.py:3947} INFO - Setting next_dagrun for example_subdag_operator to 2022-01-01 00:00:00+00:00, run_after=2022-01-01 00:00:00+00:00
[2025-06-23T05:57:23.138+0000] {logging_mixin.py:188} INFO - [2025-06-23T05:57:23.136+0000] {dag.py:3947} INFO - Setting next_dagrun for example_subdag_operator.section-1 to None, run_after=None
[2025-06-23T05:57:23.142+0000] {logging_mixin.py:188} INFO - [2025-06-23T05:57:23.141+0000] {dag.py:3947} INFO - Setting next_dagrun for example_subdag_operator.section-2 to None, run_after=None
[2025-06-23T05:57:23.164+0000] {logging_mixin.py:188} INFO - [2025-06-23T05:57:23.163+0000] {dag.py:3089} INFO - Sync 2 DAGs
[2025-06-23T05:57:23.174+0000] {logging_mixin.py:188} INFO - [2025-06-23T05:57:23.173+0000] {dag.py:3947} INFO - Setting next_dagrun for example_subdag_operator.section-1 to None, run_after=None
[2025-06-23T05:57:23.175+0000] {logging_mixin.py:188} INFO - [2025-06-23T05:57:23.175+0000] {dag.py:3947} INFO - Setting next_dagrun for example_subdag_operator.section-2 to None, run_after=None
[2025-06-23T05:57:23.199+0000] {processor.py:183} INFO - Processing /home/airflow/.local/lib/python3.12/site-packages/airflow/example_dags/example_subdag_operator.py took 0.275 seconds
[2025-06-23T05:57:53.355+0000] {processor.py:161} INFO - Started process (PID=825) to work on /home/airflow/.local/lib/python3.12/site-packages/airflow/example_dags/example_subdag_operator.py
[2025-06-23T05:57:53.357+0000] {processor.py:830} INFO - Processing file /home/airflow/.local/lib/python3.12/site-packages/airflow/example_dags/example_subdag_operator.py for tasks to queue
[2025-06-23T05:57:53.360+0000] {logging_mixin.py:188} INFO - [2025-06-23T05:57:53.360+0000] {dagbag.py:545} INFO - Filling up the DagBag from /home/airflow/.local/lib/python3.12/site-packages/airflow/example_dags/example_subdag_operator.py
[2025-06-23T05:57:53.404+0000] {processor.py:840} INFO - DAG(s) 'example_subdag_operator.section-1', 'example_subdag_operator.section-2', 'example_subdag_operator' retrieved from /home/airflow/.local/lib/python3.12/site-packages/airflow/example_dags/example_subdag_operator.py
[2025-06-23T05:57:53.432+0000] {logging_mixin.py:188} INFO - [2025-06-23T05:57:53.431+0000] {dag.py:3089} INFO - Sync 3 DAGs
[2025-06-23T05:57:53.468+0000] {logging_mixin.py:188} INFO - [2025-06-23T05:57:53.468+0000] {dag.py:3947} INFO - Setting next_dagrun for example_subdag_operator to 2022-01-01 00:00:00+00:00, run_after=2022-01-01 00:00:00+00:00
[2025-06-23T05:57:53.474+0000] {logging_mixin.py:188} INFO - [2025-06-23T05:57:53.474+0000] {dag.py:3947} INFO - Setting next_dagrun for example_subdag_operator.section-1 to None, run_after=None
[2025-06-23T05:57:53.477+0000] {logging_mixin.py:188} INFO - [2025-06-23T05:57:53.477+0000] {dag.py:3947} INFO - Setting next_dagrun for example_subdag_operator.section-2 to None, run_after=None
[2025-06-23T05:57:53.488+0000] {logging_mixin.py:188} INFO - [2025-06-23T05:57:53.488+0000] {dag.py:3089} INFO - Sync 2 DAGs
[2025-06-23T05:57:53.497+0000] {logging_mixin.py:188} INFO - [2025-06-23T05:57:53.497+0000] {dag.py:3947} INFO - Setting next_dagrun for example_subdag_operator.section-1 to None, run_after=None
[2025-06-23T05:57:53.498+0000] {logging_mixin.py:188} INFO - [2025-06-23T05:57:53.498+0000] {dag.py:3947} INFO - Setting next_dagrun for example_subdag_operator.section-2 to None, run_after=None
[2025-06-23T05:57:53.519+0000] {processor.py:183} INFO - Processing /home/airflow/.local/lib/python3.12/site-packages/airflow/example_dags/example_subdag_operator.py took 0.173 seconds
[2025-06-23T05:58:23.806+0000] {processor.py:161} INFO - Started process (PID=893) to work on /home/airflow/.local/lib/python3.12/site-packages/airflow/example_dags/example_subdag_operator.py
[2025-06-23T05:58:23.808+0000] {processor.py:830} INFO - Processing file /home/airflow/.local/lib/python3.12/site-packages/airflow/example_dags/example_subdag_operator.py for tasks to queue
[2025-06-23T05:58:23.811+0000] {logging_mixin.py:188} INFO - [2025-06-23T05:58:23.811+0000] {dagbag.py:545} INFO - Filling up the DagBag from /home/airflow/.local/lib/python3.12/site-packages/airflow/example_dags/example_subdag_operator.py
[2025-06-23T05:58:23.850+0000] {processor.py:840} INFO - DAG(s) 'example_subdag_operator.section-1', 'example_subdag_operator.section-2', 'example_subdag_operator' retrieved from /home/airflow/.local/lib/python3.12/site-packages/airflow/example_dags/example_subdag_operator.py
[2025-06-23T05:58:23.874+0000] {logging_mixin.py:188} INFO - [2025-06-23T05:58:23.874+0000] {dag.py:3089} INFO - Sync 3 DAGs
[2025-06-23T05:58:23.910+0000] {logging_mixin.py:188} INFO - [2025-06-23T05:58:23.909+0000] {dag.py:3947} INFO - Setting next_dagrun for example_subdag_operator to 2022-01-01 00:00:00+00:00, run_after=2022-01-01 00:00:00+00:00
[2025-06-23T05:58:23.919+0000] {logging_mixin.py:188} INFO - [2025-06-23T05:58:23.918+0000] {dag.py:3947} INFO - Setting next_dagrun for example_subdag_operator.section-1 to None, run_after=None
[2025-06-23T05:58:23.922+0000] {logging_mixin.py:188} INFO - [2025-06-23T05:58:23.922+0000] {dag.py:3947} INFO - Setting next_dagrun for example_subdag_operator.section-2 to None, run_after=None
[2025-06-23T05:58:23.935+0000] {logging_mixin.py:188} INFO - [2025-06-23T05:58:23.935+0000] {dag.py:3089} INFO - Sync 2 DAGs
[2025-06-23T05:58:23.950+0000] {logging_mixin.py:188} INFO - [2025-06-23T05:58:23.949+0000] {dag.py:3947} INFO - Setting next_dagrun for example_subdag_operator.section-1 to None, run_after=None
[2025-06-23T05:58:23.951+0000] {logging_mixin.py:188} INFO - [2025-06-23T05:58:23.951+0000] {dag.py:3947} INFO - Setting next_dagrun for example_subdag_operator.section-2 to None, run_after=None
[2025-06-23T05:58:23.980+0000] {processor.py:183} INFO - Processing /home/airflow/.local/lib/python3.12/site-packages/airflow/example_dags/example_subdag_operator.py took 0.183 seconds
[2025-06-23T05:59:03.891+0000] {processor.py:161} INFO - Started process (PID=953) to work on /home/airflow/.local/lib/python3.12/site-packages/airflow/example_dags/example_subdag_operator.py
[2025-06-23T05:59:03.894+0000] {processor.py:830} INFO - Processing file /home/airflow/.local/lib/python3.12/site-packages/airflow/example_dags/example_subdag_operator.py for tasks to queue
[2025-06-23T05:59:03.899+0000] {logging_mixin.py:188} INFO - [2025-06-23T05:59:03.898+0000] {dagbag.py:545} INFO - Filling up the DagBag from /home/airflow/.local/lib/python3.12/site-packages/airflow/example_dags/example_subdag_operator.py
[2025-06-23T05:59:03.952+0000] {processor.py:840} INFO - DAG(s) 'example_subdag_operator.section-1', 'example_subdag_operator.section-2', 'example_subdag_operator' retrieved from /home/airflow/.local/lib/python3.12/site-packages/airflow/example_dags/example_subdag_operator.py
[2025-06-23T05:59:03.994+0000] {logging_mixin.py:188} INFO - [2025-06-23T05:59:03.994+0000] {dag.py:3089} INFO - Sync 3 DAGs
[2025-06-23T05:59:04.053+0000] {logging_mixin.py:188} INFO - [2025-06-23T05:59:04.053+0000] {dag.py:3947} INFO - Setting next_dagrun for example_subdag_operator to 2022-01-01 00:00:00+00:00, run_after=2022-01-01 00:00:00+00:00
[2025-06-23T05:59:04.066+0000] {logging_mixin.py:188} INFO - [2025-06-23T05:59:04.065+0000] {dag.py:3947} INFO - Setting next_dagrun for example_subdag_operator.section-1 to None, run_after=None
[2025-06-23T05:59:04.071+0000] {logging_mixin.py:188} INFO - [2025-06-23T05:59:04.071+0000] {dag.py:3947} INFO - Setting next_dagrun for example_subdag_operator.section-2 to None, run_after=None
[2025-06-23T05:59:04.093+0000] {logging_mixin.py:188} INFO - [2025-06-23T05:59:04.092+0000] {dag.py:3089} INFO - Sync 2 DAGs
[2025-06-23T05:59:04.104+0000] {logging_mixin.py:188} INFO - [2025-06-23T05:59:04.103+0000] {dag.py:3947} INFO - Setting next_dagrun for example_subdag_operator.section-1 to None, run_after=None
[2025-06-23T05:59:04.105+0000] {logging_mixin.py:188} INFO - [2025-06-23T05:59:04.105+0000] {dag.py:3947} INFO - Setting next_dagrun for example_subdag_operator.section-2 to None, run_after=None
[2025-06-23T05:59:04.133+0000] {processor.py:183} INFO - Processing /home/airflow/.local/lib/python3.12/site-packages/airflow/example_dags/example_subdag_operator.py took 0.256 seconds
[2025-06-23T05:59:36.059+0000] {processor.py:161} INFO - Started process (PID=1020) to work on /home/airflow/.local/lib/python3.12/site-packages/airflow/example_dags/example_subdag_operator.py
[2025-06-23T05:59:36.064+0000] {processor.py:830} INFO - Processing file /home/airflow/.local/lib/python3.12/site-packages/airflow/example_dags/example_subdag_operator.py for tasks to queue
[2025-06-23T05:59:36.072+0000] {logging_mixin.py:188} INFO - [2025-06-23T05:59:36.069+0000] {dagbag.py:545} INFO - Filling up the DagBag from /home/airflow/.local/lib/python3.12/site-packages/airflow/example_dags/example_subdag_operator.py
[2025-06-23T05:59:36.296+0000] {processor.py:840} INFO - DAG(s) 'example_subdag_operator.section-1', 'example_subdag_operator.section-2', 'example_subdag_operator' retrieved from /home/airflow/.local/lib/python3.12/site-packages/airflow/example_dags/example_subdag_operator.py
[2025-06-23T05:59:36.417+0000] {logging_mixin.py:188} INFO - [2025-06-23T05:59:36.416+0000] {dag.py:3089} INFO - Sync 3 DAGs
[2025-06-23T05:59:36.490+0000] {logging_mixin.py:188} INFO - [2025-06-23T05:59:36.487+0000] {dag.py:3947} INFO - Setting next_dagrun for example_subdag_operator to 2022-01-01 00:00:00+00:00, run_after=2022-01-01 00:00:00+00:00
[2025-06-23T05:59:36.503+0000] {logging_mixin.py:188} INFO - [2025-06-23T05:59:36.502+0000] {dag.py:3947} INFO - Setting next_dagrun for example_subdag_operator.section-1 to None, run_after=None
[2025-06-23T05:59:36.507+0000] {logging_mixin.py:188} INFO - [2025-06-23T05:59:36.507+0000] {dag.py:3947} INFO - Setting next_dagrun for example_subdag_operator.section-2 to None, run_after=None
[2025-06-23T05:59:36.535+0000] {logging_mixin.py:188} INFO - [2025-06-23T05:59:36.534+0000] {dag.py:3089} INFO - Sync 2 DAGs
[2025-06-23T05:59:36.571+0000] {logging_mixin.py:188} INFO - [2025-06-23T05:59:36.571+0000] {dag.py:3947} INFO - Setting next_dagrun for example_subdag_operator.section-1 to None, run_after=None
[2025-06-23T05:59:36.572+0000] {logging_mixin.py:188} INFO - [2025-06-23T05:59:36.572+0000] {dag.py:3947} INFO - Setting next_dagrun for example_subdag_operator.section-2 to None, run_after=None
[2025-06-23T05:59:36.606+0000] {processor.py:183} INFO - Processing /home/airflow/.local/lib/python3.12/site-packages/airflow/example_dags/example_subdag_operator.py took 0.564 seconds
[2025-06-23T06:00:08.441+0000] {processor.py:161} INFO - Started process (PID=1079) to work on /home/airflow/.local/lib/python3.12/site-packages/airflow/example_dags/example_subdag_operator.py
[2025-06-23T06:00:08.447+0000] {processor.py:830} INFO - Processing file /home/airflow/.local/lib/python3.12/site-packages/airflow/example_dags/example_subdag_operator.py for tasks to queue
[2025-06-23T06:00:08.454+0000] {logging_mixin.py:188} INFO - [2025-06-23T06:00:08.453+0000] {dagbag.py:545} INFO - Filling up the DagBag from /home/airflow/.local/lib/python3.12/site-packages/airflow/example_dags/example_subdag_operator.py
[2025-06-23T06:00:08.555+0000] {processor.py:840} INFO - DAG(s) 'example_subdag_operator.section-1', 'example_subdag_operator.section-2', 'example_subdag_operator' retrieved from /home/airflow/.local/lib/python3.12/site-packages/airflow/example_dags/example_subdag_operator.py
[2025-06-23T06:00:08.708+0000] {logging_mixin.py:188} INFO - [2025-06-23T06:00:08.707+0000] {dag.py:3089} INFO - Sync 3 DAGs
[2025-06-23T06:00:08.766+0000] {logging_mixin.py:188} INFO - [2025-06-23T06:00:08.766+0000] {dag.py:3947} INFO - Setting next_dagrun for example_subdag_operator to 2022-01-01 00:00:00+00:00, run_after=2022-01-01 00:00:00+00:00
[2025-06-23T06:00:08.775+0000] {logging_mixin.py:188} INFO - [2025-06-23T06:00:08.774+0000] {dag.py:3947} INFO - Setting next_dagrun for example_subdag_operator.section-1 to None, run_after=None
[2025-06-23T06:00:08.779+0000] {logging_mixin.py:188} INFO - [2025-06-23T06:00:08.778+0000] {dag.py:3947} INFO - Setting next_dagrun for example_subdag_operator.section-2 to None, run_after=None
[2025-06-23T06:00:08.801+0000] {logging_mixin.py:188} INFO - [2025-06-23T06:00:08.801+0000] {dag.py:3089} INFO - Sync 2 DAGs
[2025-06-23T06:00:08.812+0000] {logging_mixin.py:188} INFO - [2025-06-23T06:00:08.812+0000] {dag.py:3947} INFO - Setting next_dagrun for example_subdag_operator.section-1 to None, run_after=None
[2025-06-23T06:00:08.814+0000] {logging_mixin.py:188} INFO - [2025-06-23T06:00:08.813+0000] {dag.py:3947} INFO - Setting next_dagrun for example_subdag_operator.section-2 to None, run_after=None
[2025-06-23T06:00:08.839+0000] {processor.py:183} INFO - Processing /home/airflow/.local/lib/python3.12/site-packages/airflow/example_dags/example_subdag_operator.py took 0.421 seconds
[2025-06-23T06:00:39.708+0000] {processor.py:161} INFO - Started process (PID=1139) to work on /home/airflow/.local/lib/python3.12/site-packages/airflow/example_dags/example_subdag_operator.py
[2025-06-23T06:00:39.710+0000] {processor.py:830} INFO - Processing file /home/airflow/.local/lib/python3.12/site-packages/airflow/example_dags/example_subdag_operator.py for tasks to queue
[2025-06-23T06:00:39.717+0000] {logging_mixin.py:188} INFO - [2025-06-23T06:00:39.715+0000] {dagbag.py:545} INFO - Filling up the DagBag from /home/airflow/.local/lib/python3.12/site-packages/airflow/example_dags/example_subdag_operator.py
[2025-06-23T06:00:39.761+0000] {processor.py:840} INFO - DAG(s) 'example_subdag_operator.section-1', 'example_subdag_operator.section-2', 'example_subdag_operator' retrieved from /home/airflow/.local/lib/python3.12/site-packages/airflow/example_dags/example_subdag_operator.py
[2025-06-23T06:00:39.789+0000] {logging_mixin.py:188} INFO - [2025-06-23T06:00:39.788+0000] {dag.py:3089} INFO - Sync 3 DAGs
[2025-06-23T06:00:39.829+0000] {logging_mixin.py:188} INFO - [2025-06-23T06:00:39.829+0000] {dag.py:3947} INFO - Setting next_dagrun for example_subdag_operator to 2022-01-01 00:00:00+00:00, run_after=2022-01-01 00:00:00+00:00
[2025-06-23T06:00:39.835+0000] {logging_mixin.py:188} INFO - [2025-06-23T06:00:39.835+0000] {dag.py:3947} INFO - Setting next_dagrun for example_subdag_operator.section-1 to None, run_after=None
[2025-06-23T06:00:39.840+0000] {logging_mixin.py:188} INFO - [2025-06-23T06:00:39.840+0000] {dag.py:3947} INFO - Setting next_dagrun for example_subdag_operator.section-2 to None, run_after=None
[2025-06-23T06:00:39.854+0000] {logging_mixin.py:188} INFO - [2025-06-23T06:00:39.853+0000] {dag.py:3089} INFO - Sync 2 DAGs
[2025-06-23T06:00:39.865+0000] {logging_mixin.py:188} INFO - [2025-06-23T06:00:39.864+0000] {dag.py:3947} INFO - Setting next_dagrun for example_subdag_operator.section-1 to None, run_after=None
[2025-06-23T06:00:39.866+0000] {logging_mixin.py:188} INFO - [2025-06-23T06:00:39.866+0000] {dag.py:3947} INFO - Setting next_dagrun for example_subdag_operator.section-2 to None, run_after=None
[2025-06-23T06:00:39.892+0000] {processor.py:183} INFO - Processing /home/airflow/.local/lib/python3.12/site-packages/airflow/example_dags/example_subdag_operator.py took 0.196 seconds
[2025-06-23T06:01:10.856+0000] {processor.py:161} INFO - Started process (PID=1199) to work on /home/airflow/.local/lib/python3.12/site-packages/airflow/example_dags/example_subdag_operator.py
[2025-06-23T06:01:10.860+0000] {processor.py:830} INFO - Processing file /home/airflow/.local/lib/python3.12/site-packages/airflow/example_dags/example_subdag_operator.py for tasks to queue
[2025-06-23T06:01:10.868+0000] {logging_mixin.py:188} INFO - [2025-06-23T06:01:10.866+0000] {dagbag.py:545} INFO - Filling up the DagBag from /home/airflow/.local/lib/python3.12/site-packages/airflow/example_dags/example_subdag_operator.py
[2025-06-23T06:01:10.947+0000] {processor.py:840} INFO - DAG(s) 'example_subdag_operator.section-1', 'example_subdag_operator.section-2', 'example_subdag_operator' retrieved from /home/airflow/.local/lib/python3.12/site-packages/airflow/example_dags/example_subdag_operator.py
[2025-06-23T06:01:11.002+0000] {logging_mixin.py:188} INFO - [2025-06-23T06:01:11.000+0000] {dag.py:3089} INFO - Sync 3 DAGs
[2025-06-23T06:01:11.085+0000] {logging_mixin.py:188} INFO - [2025-06-23T06:01:11.084+0000] {dag.py:3947} INFO - Setting next_dagrun for example_subdag_operator to 2022-01-01 00:00:00+00:00, run_after=2022-01-01 00:00:00+00:00
[2025-06-23T06:01:11.097+0000] {logging_mixin.py:188} INFO - [2025-06-23T06:01:11.096+0000] {dag.py:3947} INFO - Setting next_dagrun for example_subdag_operator.section-1 to None, run_after=None
[2025-06-23T06:01:11.101+0000] {logging_mixin.py:188} INFO - [2025-06-23T06:01:11.101+0000] {dag.py:3947} INFO - Setting next_dagrun for example_subdag_operator.section-2 to None, run_after=None
[2025-06-23T06:01:11.121+0000] {logging_mixin.py:188} INFO - [2025-06-23T06:01:11.120+0000] {dag.py:3089} INFO - Sync 2 DAGs
[2025-06-23T06:01:11.132+0000] {logging_mixin.py:188} INFO - [2025-06-23T06:01:11.132+0000] {dag.py:3947} INFO - Setting next_dagrun for example_subdag_operator.section-1 to None, run_after=None
[2025-06-23T06:01:11.133+0000] {logging_mixin.py:188} INFO - [2025-06-23T06:01:11.133+0000] {dag.py:3947} INFO - Setting next_dagrun for example_subdag_operator.section-2 to None, run_after=None
[2025-06-23T06:01:11.169+0000] {processor.py:183} INFO - Processing /home/airflow/.local/lib/python3.12/site-packages/airflow/example_dags/example_subdag_operator.py took 0.330 seconds
[2025-06-23T06:01:41.529+0000] {processor.py:161} INFO - Started process (PID=1260) to work on /home/airflow/.local/lib/python3.12/site-packages/airflow/example_dags/example_subdag_operator.py
[2025-06-23T06:01:41.531+0000] {processor.py:830} INFO - Processing file /home/airflow/.local/lib/python3.12/site-packages/airflow/example_dags/example_subdag_operator.py for tasks to queue
[2025-06-23T06:01:41.535+0000] {logging_mixin.py:188} INFO - [2025-06-23T06:01:41.534+0000] {dagbag.py:545} INFO - Filling up the DagBag from /home/airflow/.local/lib/python3.12/site-packages/airflow/example_dags/example_subdag_operator.py
[2025-06-23T06:01:41.573+0000] {processor.py:840} INFO - DAG(s) 'example_subdag_operator.section-1', 'example_subdag_operator.section-2', 'example_subdag_operator' retrieved from /home/airflow/.local/lib/python3.12/site-packages/airflow/example_dags/example_subdag_operator.py
[2025-06-23T06:01:41.601+0000] {logging_mixin.py:188} INFO - [2025-06-23T06:01:41.600+0000] {dag.py:3089} INFO - Sync 3 DAGs
[2025-06-23T06:01:41.654+0000] {logging_mixin.py:188} INFO - [2025-06-23T06:01:41.653+0000] {dag.py:3947} INFO - Setting next_dagrun for example_subdag_operator to 2022-01-01 00:00:00+00:00, run_after=2022-01-01 00:00:00+00:00
[2025-06-23T06:01:41.661+0000] {logging_mixin.py:188} INFO - [2025-06-23T06:01:41.661+0000] {dag.py:3947} INFO - Setting next_dagrun for example_subdag_operator.section-1 to None, run_after=None
[2025-06-23T06:01:41.664+0000] {logging_mixin.py:188} INFO - [2025-06-23T06:01:41.663+0000] {dag.py:3947} INFO - Setting next_dagrun for example_subdag_operator.section-2 to None, run_after=None
[2025-06-23T06:01:41.676+0000] {logging_mixin.py:188} INFO - [2025-06-23T06:01:41.676+0000] {dag.py:3089} INFO - Sync 2 DAGs
[2025-06-23T06:01:41.685+0000] {logging_mixin.py:188} INFO - [2025-06-23T06:01:41.685+0000] {dag.py:3947} INFO - Setting next_dagrun for example_subdag_operator.section-1 to None, run_after=None
[2025-06-23T06:01:41.686+0000] {logging_mixin.py:188} INFO - [2025-06-23T06:01:41.686+0000] {dag.py:3947} INFO - Setting next_dagrun for example_subdag_operator.section-2 to None, run_after=None
[2025-06-23T06:01:41.714+0000] {processor.py:183} INFO - Processing /home/airflow/.local/lib/python3.12/site-packages/airflow/example_dags/example_subdag_operator.py took 0.194 seconds
[2025-06-23T06:02:12.324+0000] {processor.py:161} INFO - Started process (PID=1320) to work on /home/airflow/.local/lib/python3.12/site-packages/airflow/example_dags/example_subdag_operator.py
[2025-06-23T06:02:12.328+0000] {processor.py:830} INFO - Processing file /home/airflow/.local/lib/python3.12/site-packages/airflow/example_dags/example_subdag_operator.py for tasks to queue
[2025-06-23T06:02:12.332+0000] {logging_mixin.py:188} INFO - [2025-06-23T06:02:12.331+0000] {dagbag.py:545} INFO - Filling up the DagBag from /home/airflow/.local/lib/python3.12/site-packages/airflow/example_dags/example_subdag_operator.py
[2025-06-23T06:02:12.389+0000] {processor.py:840} INFO - DAG(s) 'example_subdag_operator.section-1', 'example_subdag_operator.section-2', 'example_subdag_operator' retrieved from /home/airflow/.local/lib/python3.12/site-packages/airflow/example_dags/example_subdag_operator.py
[2025-06-23T06:02:12.424+0000] {logging_mixin.py:188} INFO - [2025-06-23T06:02:12.424+0000] {dag.py:3089} INFO - Sync 3 DAGs
[2025-06-23T06:02:12.476+0000] {logging_mixin.py:188} INFO - [2025-06-23T06:02:12.475+0000] {dag.py:3947} INFO - Setting next_dagrun for example_subdag_operator to 2022-01-01 00:00:00+00:00, run_after=2022-01-01 00:00:00+00:00
[2025-06-23T06:02:12.484+0000] {logging_mixin.py:188} INFO - [2025-06-23T06:02:12.484+0000] {dag.py:3947} INFO - Setting next_dagrun for example_subdag_operator.section-1 to None, run_after=None
[2025-06-23T06:02:12.488+0000] {logging_mixin.py:188} INFO - [2025-06-23T06:02:12.488+0000] {dag.py:3947} INFO - Setting next_dagrun for example_subdag_operator.section-2 to None, run_after=None
[2025-06-23T06:02:12.505+0000] {logging_mixin.py:188} INFO - [2025-06-23T06:02:12.505+0000] {dag.py:3089} INFO - Sync 2 DAGs
[2025-06-23T06:02:12.517+0000] {logging_mixin.py:188} INFO - [2025-06-23T06:02:12.516+0000] {dag.py:3947} INFO - Setting next_dagrun for example_subdag_operator.section-1 to None, run_after=None
[2025-06-23T06:02:12.519+0000] {logging_mixin.py:188} INFO - [2025-06-23T06:02:12.519+0000] {dag.py:3947} INFO - Setting next_dagrun for example_subdag_operator.section-2 to None, run_after=None
[2025-06-23T06:02:12.547+0000] {processor.py:183} INFO - Processing /home/airflow/.local/lib/python3.12/site-packages/airflow/example_dags/example_subdag_operator.py took 0.233 seconds
[2025-06-23T06:02:43.579+0000] {processor.py:161} INFO - Started process (PID=1374) to work on /home/airflow/.local/lib/python3.12/site-packages/airflow/example_dags/example_subdag_operator.py
[2025-06-23T06:02:43.585+0000] {processor.py:830} INFO - Processing file /home/airflow/.local/lib/python3.12/site-packages/airflow/example_dags/example_subdag_operator.py for tasks to queue
[2025-06-23T06:02:43.593+0000] {logging_mixin.py:188} INFO - [2025-06-23T06:02:43.591+0000] {dagbag.py:545} INFO - Filling up the DagBag from /home/airflow/.local/lib/python3.12/site-packages/airflow/example_dags/example_subdag_operator.py
[2025-06-23T06:02:43.761+0000] {processor.py:840} INFO - DAG(s) 'example_subdag_operator.section-1', 'example_subdag_operator.section-2', 'example_subdag_operator' retrieved from /home/airflow/.local/lib/python3.12/site-packages/airflow/example_dags/example_subdag_operator.py
[2025-06-23T06:02:43.819+0000] {logging_mixin.py:188} INFO - [2025-06-23T06:02:43.816+0000] {dag.py:3089} INFO - Sync 3 DAGs
[2025-06-23T06:02:43.901+0000] {logging_mixin.py:188} INFO - [2025-06-23T06:02:43.900+0000] {dag.py:3947} INFO - Setting next_dagrun for example_subdag_operator to 2022-01-01 00:00:00+00:00, run_after=2022-01-01 00:00:00+00:00
[2025-06-23T06:02:43.912+0000] {logging_mixin.py:188} INFO - [2025-06-23T06:02:43.912+0000] {dag.py:3947} INFO - Setting next_dagrun for example_subdag_operator.section-1 to None, run_after=None
[2025-06-23T06:02:43.919+0000] {logging_mixin.py:188} INFO - [2025-06-23T06:02:43.918+0000] {dag.py:3947} INFO - Setting next_dagrun for example_subdag_operator.section-2 to None, run_after=None
[2025-06-23T06:02:43.939+0000] {logging_mixin.py:188} INFO - [2025-06-23T06:02:43.938+0000] {dag.py:3089} INFO - Sync 2 DAGs
[2025-06-23T06:02:43.955+0000] {logging_mixin.py:188} INFO - [2025-06-23T06:02:43.955+0000] {dag.py:3947} INFO - Setting next_dagrun for example_subdag_operator.section-1 to None, run_after=None
[2025-06-23T06:02:43.957+0000] {logging_mixin.py:188} INFO - [2025-06-23T06:02:43.957+0000] {dag.py:3947} INFO - Setting next_dagrun for example_subdag_operator.section-2 to None, run_after=None
[2025-06-23T06:02:44.005+0000] {processor.py:183} INFO - Processing /home/airflow/.local/lib/python3.12/site-packages/airflow/example_dags/example_subdag_operator.py took 0.448 seconds
[2025-06-23T06:03:14.447+0000] {processor.py:161} INFO - Started process (PID=1435) to work on /home/airflow/.local/lib/python3.12/site-packages/airflow/example_dags/example_subdag_operator.py
[2025-06-23T06:03:14.457+0000] {processor.py:830} INFO - Processing file /home/airflow/.local/lib/python3.12/site-packages/airflow/example_dags/example_subdag_operator.py for tasks to queue
[2025-06-23T06:03:14.465+0000] {logging_mixin.py:188} INFO - [2025-06-23T06:03:14.463+0000] {dagbag.py:545} INFO - Filling up the DagBag from /home/airflow/.local/lib/python3.12/site-packages/airflow/example_dags/example_subdag_operator.py
[2025-06-23T06:03:14.545+0000] {processor.py:840} INFO - DAG(s) 'example_subdag_operator.section-1', 'example_subdag_operator.section-2', 'example_subdag_operator' retrieved from /home/airflow/.local/lib/python3.12/site-packages/airflow/example_dags/example_subdag_operator.py
[2025-06-23T06:03:14.596+0000] {logging_mixin.py:188} INFO - [2025-06-23T06:03:14.596+0000] {dag.py:3089} INFO - Sync 3 DAGs
[2025-06-23T06:03:14.646+0000] {logging_mixin.py:188} INFO - [2025-06-23T06:03:14.645+0000] {dag.py:3947} INFO - Setting next_dagrun for example_subdag_operator to 2022-01-01 00:00:00+00:00, run_after=2022-01-01 00:00:00+00:00
[2025-06-23T06:03:14.661+0000] {logging_mixin.py:188} INFO - [2025-06-23T06:03:14.660+0000] {dag.py:3947} INFO - Setting next_dagrun for example_subdag_operator.section-1 to None, run_after=None
[2025-06-23T06:03:14.666+0000] {logging_mixin.py:188} INFO - [2025-06-23T06:03:14.665+0000] {dag.py:3947} INFO - Setting next_dagrun for example_subdag_operator.section-2 to None, run_after=None
[2025-06-23T06:03:14.697+0000] {logging_mixin.py:188} INFO - [2025-06-23T06:03:14.696+0000] {dag.py:3089} INFO - Sync 2 DAGs
[2025-06-23T06:03:14.727+0000] {logging_mixin.py:188} INFO - [2025-06-23T06:03:14.726+0000] {dag.py:3947} INFO - Setting next_dagrun for example_subdag_operator.section-1 to None, run_after=None
[2025-06-23T06:03:14.740+0000] {logging_mixin.py:188} INFO - [2025-06-23T06:03:14.739+0000] {dag.py:3947} INFO - Setting next_dagrun for example_subdag_operator.section-2 to None, run_after=None
[2025-06-23T06:03:14.817+0000] {processor.py:183} INFO - Processing /home/airflow/.local/lib/python3.12/site-packages/airflow/example_dags/example_subdag_operator.py took 0.397 seconds
[2025-06-23T06:03:45.727+0000] {processor.py:161} INFO - Started process (PID=1501) to work on /home/airflow/.local/lib/python3.12/site-packages/airflow/example_dags/example_subdag_operator.py
[2025-06-23T06:03:45.732+0000] {processor.py:830} INFO - Processing file /home/airflow/.local/lib/python3.12/site-packages/airflow/example_dags/example_subdag_operator.py for tasks to queue
[2025-06-23T06:03:45.751+0000] {logging_mixin.py:188} INFO - [2025-06-23T06:03:45.750+0000] {dagbag.py:545} INFO - Filling up the DagBag from /home/airflow/.local/lib/python3.12/site-packages/airflow/example_dags/example_subdag_operator.py
[2025-06-23T06:03:45.928+0000] {processor.py:840} INFO - DAG(s) 'example_subdag_operator.section-1', 'example_subdag_operator.section-2', 'example_subdag_operator' retrieved from /home/airflow/.local/lib/python3.12/site-packages/airflow/example_dags/example_subdag_operator.py
[2025-06-23T06:03:46.028+0000] {logging_mixin.py:188} INFO - [2025-06-23T06:03:46.027+0000] {dag.py:3089} INFO - Sync 3 DAGs
[2025-06-23T06:03:46.436+0000] {logging_mixin.py:188} INFO - [2025-06-23T06:03:46.431+0000] {dag.py:3947} INFO - Setting next_dagrun for example_subdag_operator to 2022-01-01 00:00:00+00:00, run_after=2022-01-01 00:00:00+00:00
[2025-06-23T06:03:46.459+0000] {logging_mixin.py:188} INFO - [2025-06-23T06:03:46.458+0000] {dag.py:3947} INFO - Setting next_dagrun for example_subdag_operator.section-1 to None, run_after=None
[2025-06-23T06:03:46.468+0000] {logging_mixin.py:188} INFO - [2025-06-23T06:03:46.466+0000] {dag.py:3947} INFO - Setting next_dagrun for example_subdag_operator.section-2 to None, run_after=None
[2025-06-23T06:03:46.490+0000] {logging_mixin.py:188} INFO - [2025-06-23T06:03:46.490+0000] {dag.py:3089} INFO - Sync 2 DAGs
[2025-06-23T06:03:46.503+0000] {logging_mixin.py:188} INFO - [2025-06-23T06:03:46.502+0000] {dag.py:3947} INFO - Setting next_dagrun for example_subdag_operator.section-1 to None, run_after=None
[2025-06-23T06:03:46.505+0000] {logging_mixin.py:188} INFO - [2025-06-23T06:03:46.504+0000] {dag.py:3947} INFO - Setting next_dagrun for example_subdag_operator.section-2 to None, run_after=None
[2025-06-23T06:03:46.579+0000] {processor.py:183} INFO - Processing /home/airflow/.local/lib/python3.12/site-packages/airflow/example_dags/example_subdag_operator.py took 0.892 seconds
[2025-06-23T06:04:16.777+0000] {processor.py:161} INFO - Started process (PID=1555) to work on /home/airflow/.local/lib/python3.12/site-packages/airflow/example_dags/example_subdag_operator.py
[2025-06-23T06:04:16.779+0000] {processor.py:830} INFO - Processing file /home/airflow/.local/lib/python3.12/site-packages/airflow/example_dags/example_subdag_operator.py for tasks to queue
[2025-06-23T06:04:16.782+0000] {logging_mixin.py:188} INFO - [2025-06-23T06:04:16.782+0000] {dagbag.py:545} INFO - Filling up the DagBag from /home/airflow/.local/lib/python3.12/site-packages/airflow/example_dags/example_subdag_operator.py
[2025-06-23T06:04:16.821+0000] {processor.py:840} INFO - DAG(s) 'example_subdag_operator.section-1', 'example_subdag_operator.section-2', 'example_subdag_operator' retrieved from /home/airflow/.local/lib/python3.12/site-packages/airflow/example_dags/example_subdag_operator.py
[2025-06-23T06:04:16.845+0000] {logging_mixin.py:188} INFO - [2025-06-23T06:04:16.844+0000] {dag.py:3089} INFO - Sync 3 DAGs
[2025-06-23T06:04:16.879+0000] {logging_mixin.py:188} INFO - [2025-06-23T06:04:16.879+0000] {dag.py:3947} INFO - Setting next_dagrun for example_subdag_operator to 2022-01-01 00:00:00+00:00, run_after=2022-01-01 00:00:00+00:00
[2025-06-23T06:04:16.886+0000] {logging_mixin.py:188} INFO - [2025-06-23T06:04:16.886+0000] {dag.py:3947} INFO - Setting next_dagrun for example_subdag_operator.section-1 to None, run_after=None
[2025-06-23T06:04:16.889+0000] {logging_mixin.py:188} INFO - [2025-06-23T06:04:16.889+0000] {dag.py:3947} INFO - Setting next_dagrun for example_subdag_operator.section-2 to None, run_after=None
[2025-06-23T06:04:16.902+0000] {logging_mixin.py:188} INFO - [2025-06-23T06:04:16.902+0000] {dag.py:3089} INFO - Sync 2 DAGs
[2025-06-23T06:04:16.911+0000] {logging_mixin.py:188} INFO - [2025-06-23T06:04:16.910+0000] {dag.py:3947} INFO - Setting next_dagrun for example_subdag_operator.section-1 to None, run_after=None
[2025-06-23T06:04:16.912+0000] {logging_mixin.py:188} INFO - [2025-06-23T06:04:16.911+0000] {dag.py:3947} INFO - Setting next_dagrun for example_subdag_operator.section-2 to None, run_after=None
[2025-06-23T06:04:16.933+0000] {processor.py:183} INFO - Processing /home/airflow/.local/lib/python3.12/site-packages/airflow/example_dags/example_subdag_operator.py took 0.165 seconds
