[2025-06-23T05:51:24.125+0000] {processor.py:161} INFO - Started process (PID=96) to work on /home/airflow/.local/lib/python3.12/site-packages/airflow/example_dags/example_latest_only_with_trigger.py
[2025-06-23T05:51:24.158+0000] {processor.py:830} INFO - Processing file /home/airflow/.local/lib/python3.12/site-packages/airflow/example_dags/example_latest_only_with_trigger.py for tasks to queue
[2025-06-23T05:51:24.309+0000] {logging_mixin.py:188} INFO - [2025-06-23T05:51:24.297+0000] {dagbag.py:545} INFO - Filling up the DagBag from /home/airflow/.local/lib/python3.12/site-packages/airflow/example_dags/example_latest_only_with_trigger.py
[2025-06-23T05:51:24.979+0000] {processor.py:840} INFO - DAG(s) 'latest_only_with_trigger' retrieved from /home/airflow/.local/lib/python3.12/site-packages/airflow/example_dags/example_latest_only_with_trigger.py
[2025-06-23T05:51:26.095+0000] {logging_mixin.py:188} INFO - [2025-06-23T05:51:26.094+0000] {dag.py:3089} INFO - Sync 1 DAGs
[2025-06-23T05:51:26.252+0000] {logging_mixin.py:188} INFO - [2025-06-23T05:51:26.251+0000] {dag.py:3947} INFO - Setting next_dagrun for latest_only_with_trigger to 2025-06-23 00:00:00+00:00, run_after=2025-06-23 04:00:00+00:00
[2025-06-23T05:51:26.373+0000] {processor.py:183} INFO - Processing /home/airflow/.local/lib/python3.12/site-packages/airflow/example_dags/example_latest_only_with_trigger.py took 2.611 seconds
[2025-06-23T05:51:58.266+0000] {processor.py:161} INFO - Started process (PID=163) to work on /home/airflow/.local/lib/python3.12/site-packages/airflow/example_dags/example_latest_only_with_trigger.py
[2025-06-23T05:51:58.269+0000] {processor.py:830} INFO - Processing file /home/airflow/.local/lib/python3.12/site-packages/airflow/example_dags/example_latest_only_with_trigger.py for tasks to queue
[2025-06-23T05:51:58.276+0000] {logging_mixin.py:188} INFO - [2025-06-23T05:51:58.275+0000] {dagbag.py:545} INFO - Filling up the DagBag from /home/airflow/.local/lib/python3.12/site-packages/airflow/example_dags/example_latest_only_with_trigger.py
[2025-06-23T05:51:58.292+0000] {processor.py:840} INFO - DAG(s) 'latest_only_with_trigger' retrieved from /home/airflow/.local/lib/python3.12/site-packages/airflow/example_dags/example_latest_only_with_trigger.py
[2025-06-23T05:51:58.328+0000] {logging_mixin.py:188} INFO - [2025-06-23T05:51:58.327+0000] {dag.py:3089} INFO - Sync 1 DAGs
[2025-06-23T05:51:58.364+0000] {logging_mixin.py:188} INFO - [2025-06-23T05:51:58.364+0000] {dag.py:3947} INFO - Setting next_dagrun for latest_only_with_trigger to 2025-06-23 00:00:00+00:00, run_after=2025-06-23 04:00:00+00:00
[2025-06-23T05:51:58.396+0000] {processor.py:183} INFO - Processing /home/airflow/.local/lib/python3.12/site-packages/airflow/example_dags/example_latest_only_with_trigger.py took 0.141 seconds
[2025-06-23T05:52:30.085+0000] {processor.py:161} INFO - Started process (PID=224) to work on /home/airflow/.local/lib/python3.12/site-packages/airflow/example_dags/example_latest_only_with_trigger.py
[2025-06-23T05:52:30.089+0000] {processor.py:830} INFO - Processing file /home/airflow/.local/lib/python3.12/site-packages/airflow/example_dags/example_latest_only_with_trigger.py for tasks to queue
[2025-06-23T05:52:30.098+0000] {logging_mixin.py:188} INFO - [2025-06-23T05:52:30.097+0000] {dagbag.py:545} INFO - Filling up the DagBag from /home/airflow/.local/lib/python3.12/site-packages/airflow/example_dags/example_latest_only_with_trigger.py
[2025-06-23T05:52:30.121+0000] {processor.py:840} INFO - DAG(s) 'latest_only_with_trigger' retrieved from /home/airflow/.local/lib/python3.12/site-packages/airflow/example_dags/example_latest_only_with_trigger.py
[2025-06-23T05:52:30.193+0000] {logging_mixin.py:188} INFO - [2025-06-23T05:52:30.192+0000] {dag.py:3089} INFO - Sync 1 DAGs
[2025-06-23T05:52:30.243+0000] {logging_mixin.py:188} INFO - [2025-06-23T05:52:30.243+0000] {dag.py:3947} INFO - Setting next_dagrun for latest_only_with_trigger to 2025-06-23 00:00:00+00:00, run_after=2025-06-23 04:00:00+00:00
[2025-06-23T05:52:30.303+0000] {processor.py:183} INFO - Processing /home/airflow/.local/lib/python3.12/site-packages/airflow/example_dags/example_latest_only_with_trigger.py took 0.238 seconds
[2025-06-23T05:53:01.168+0000] {processor.py:161} INFO - Started process (PID=282) to work on /home/airflow/.local/lib/python3.12/site-packages/airflow/example_dags/example_latest_only_with_trigger.py
[2025-06-23T05:53:01.170+0000] {processor.py:830} INFO - Processing file /home/airflow/.local/lib/python3.12/site-packages/airflow/example_dags/example_latest_only_with_trigger.py for tasks to queue
[2025-06-23T05:53:01.174+0000] {logging_mixin.py:188} INFO - [2025-06-23T05:53:01.173+0000] {dagbag.py:545} INFO - Filling up the DagBag from /home/airflow/.local/lib/python3.12/site-packages/airflow/example_dags/example_latest_only_with_trigger.py
[2025-06-23T05:53:01.183+0000] {processor.py:840} INFO - DAG(s) 'latest_only_with_trigger' retrieved from /home/airflow/.local/lib/python3.12/site-packages/airflow/example_dags/example_latest_only_with_trigger.py
[2025-06-23T05:53:01.217+0000] {logging_mixin.py:188} INFO - [2025-06-23T05:53:01.217+0000] {dag.py:3089} INFO - Sync 1 DAGs
[2025-06-23T05:53:01.257+0000] {logging_mixin.py:188} INFO - [2025-06-23T05:53:01.257+0000] {dag.py:3947} INFO - Setting next_dagrun for latest_only_with_trigger to 2025-06-23 00:00:00+00:00, run_after=2025-06-23 04:00:00+00:00
[2025-06-23T05:53:01.293+0000] {processor.py:183} INFO - Processing /home/airflow/.local/lib/python3.12/site-packages/airflow/example_dags/example_latest_only_with_trigger.py took 0.136 seconds
[2025-06-23T05:53:31.571+0000] {processor.py:161} INFO - Started process (PID=342) to work on /home/airflow/.local/lib/python3.12/site-packages/airflow/example_dags/example_latest_only_with_trigger.py
[2025-06-23T05:53:31.575+0000] {processor.py:830} INFO - Processing file /home/airflow/.local/lib/python3.12/site-packages/airflow/example_dags/example_latest_only_with_trigger.py for tasks to queue
[2025-06-23T05:53:31.582+0000] {logging_mixin.py:188} INFO - [2025-06-23T05:53:31.580+0000] {dagbag.py:545} INFO - Filling up the DagBag from /home/airflow/.local/lib/python3.12/site-packages/airflow/example_dags/example_latest_only_with_trigger.py
[2025-06-23T05:53:31.601+0000] {processor.py:840} INFO - DAG(s) 'latest_only_with_trigger' retrieved from /home/airflow/.local/lib/python3.12/site-packages/airflow/example_dags/example_latest_only_with_trigger.py
[2025-06-23T05:53:31.704+0000] {logging_mixin.py:188} INFO - [2025-06-23T05:53:31.703+0000] {dag.py:3089} INFO - Sync 1 DAGs
[2025-06-23T05:53:31.850+0000] {logging_mixin.py:188} INFO - [2025-06-23T05:53:31.849+0000] {dag.py:3947} INFO - Setting next_dagrun for latest_only_with_trigger to 2025-06-23 00:00:00+00:00, run_after=2025-06-23 04:00:00+00:00
[2025-06-23T05:53:31.926+0000] {processor.py:183} INFO - Processing /home/airflow/.local/lib/python3.12/site-packages/airflow/example_dags/example_latest_only_with_trigger.py took 0.370 seconds
[2025-06-23T05:54:06.352+0000] {processor.py:161} INFO - Started process (PID=405) to work on /home/airflow/.local/lib/python3.12/site-packages/airflow/example_dags/example_latest_only_with_trigger.py
[2025-06-23T05:54:06.368+0000] {processor.py:830} INFO - Processing file /home/airflow/.local/lib/python3.12/site-packages/airflow/example_dags/example_latest_only_with_trigger.py for tasks to queue
[2025-06-23T05:54:06.407+0000] {logging_mixin.py:188} INFO - [2025-06-23T05:54:06.405+0000] {dagbag.py:545} INFO - Filling up the DagBag from /home/airflow/.local/lib/python3.12/site-packages/airflow/example_dags/example_latest_only_with_trigger.py
[2025-06-23T05:54:06.488+0000] {processor.py:840} INFO - DAG(s) 'latest_only_with_trigger' retrieved from /home/airflow/.local/lib/python3.12/site-packages/airflow/example_dags/example_latest_only_with_trigger.py
[2025-06-23T05:54:06.722+0000] {logging_mixin.py:188} INFO - [2025-06-23T05:54:06.722+0000] {dag.py:3089} INFO - Sync 1 DAGs
[2025-06-23T05:54:07.231+0000] {logging_mixin.py:188} INFO - [2025-06-23T05:54:07.229+0000] {dag.py:3947} INFO - Setting next_dagrun for latest_only_with_trigger to 2025-06-23 00:00:00+00:00, run_after=2025-06-23 04:00:00+00:00
[2025-06-23T05:54:07.644+0000] {processor.py:183} INFO - Processing /home/airflow/.local/lib/python3.12/site-packages/airflow/example_dags/example_latest_only_with_trigger.py took 1.350 seconds
[2025-06-23T05:54:38.367+0000] {processor.py:161} INFO - Started process (PID=465) to work on /home/airflow/.local/lib/python3.12/site-packages/airflow/example_dags/example_latest_only_with_trigger.py
[2025-06-23T05:54:38.374+0000] {processor.py:830} INFO - Processing file /home/airflow/.local/lib/python3.12/site-packages/airflow/example_dags/example_latest_only_with_trigger.py for tasks to queue
[2025-06-23T05:54:38.382+0000] {logging_mixin.py:188} INFO - [2025-06-23T05:54:38.381+0000] {dagbag.py:545} INFO - Filling up the DagBag from /home/airflow/.local/lib/python3.12/site-packages/airflow/example_dags/example_latest_only_with_trigger.py
[2025-06-23T05:54:38.417+0000] {processor.py:840} INFO - DAG(s) 'latest_only_with_trigger' retrieved from /home/airflow/.local/lib/python3.12/site-packages/airflow/example_dags/example_latest_only_with_trigger.py
[2025-06-23T05:54:38.495+0000] {logging_mixin.py:188} INFO - [2025-06-23T05:54:38.494+0000] {dag.py:3089} INFO - Sync 1 DAGs
[2025-06-23T05:54:38.568+0000] {logging_mixin.py:188} INFO - [2025-06-23T05:54:38.568+0000] {dag.py:3947} INFO - Setting next_dagrun for latest_only_with_trigger to 2025-06-23 00:00:00+00:00, run_after=2025-06-23 04:00:00+00:00
[2025-06-23T05:54:38.630+0000] {processor.py:183} INFO - Processing /home/airflow/.local/lib/python3.12/site-packages/airflow/example_dags/example_latest_only_with_trigger.py took 0.299 seconds
[2025-06-23T05:55:14.621+0000] {processor.py:161} INFO - Started process (PID=525) to work on /home/airflow/.local/lib/python3.12/site-packages/airflow/example_dags/example_latest_only_with_trigger.py
[2025-06-23T05:55:14.634+0000] {processor.py:830} INFO - Processing file /home/airflow/.local/lib/python3.12/site-packages/airflow/example_dags/example_latest_only_with_trigger.py for tasks to queue
[2025-06-23T05:55:14.642+0000] {logging_mixin.py:188} INFO - [2025-06-23T05:55:14.641+0000] {dagbag.py:545} INFO - Filling up the DagBag from /home/airflow/.local/lib/python3.12/site-packages/airflow/example_dags/example_latest_only_with_trigger.py
[2025-06-23T05:55:14.668+0000] {processor.py:840} INFO - DAG(s) 'latest_only_with_trigger' retrieved from /home/airflow/.local/lib/python3.12/site-packages/airflow/example_dags/example_latest_only_with_trigger.py
[2025-06-23T05:55:14.772+0000] {logging_mixin.py:188} INFO - [2025-06-23T05:55:14.772+0000] {dag.py:3089} INFO - Sync 1 DAGs
[2025-06-23T05:55:14.908+0000] {logging_mixin.py:188} INFO - [2025-06-23T05:55:14.907+0000] {dag.py:3947} INFO - Setting next_dagrun for latest_only_with_trigger to 2025-06-23 00:00:00+00:00, run_after=2025-06-23 04:00:00+00:00
[2025-06-23T05:55:14.994+0000] {processor.py:183} INFO - Processing /home/airflow/.local/lib/python3.12/site-packages/airflow/example_dags/example_latest_only_with_trigger.py took 0.396 seconds
[2025-06-23T05:55:45.453+0000] {processor.py:161} INFO - Started process (PID=586) to work on /home/airflow/.local/lib/python3.12/site-packages/airflow/example_dags/example_latest_only_with_trigger.py
[2025-06-23T05:55:45.457+0000] {processor.py:830} INFO - Processing file /home/airflow/.local/lib/python3.12/site-packages/airflow/example_dags/example_latest_only_with_trigger.py for tasks to queue
[2025-06-23T05:55:45.463+0000] {logging_mixin.py:188} INFO - [2025-06-23T05:55:45.461+0000] {dagbag.py:545} INFO - Filling up the DagBag from /home/airflow/.local/lib/python3.12/site-packages/airflow/example_dags/example_latest_only_with_trigger.py
[2025-06-23T05:55:45.484+0000] {processor.py:840} INFO - DAG(s) 'latest_only_with_trigger' retrieved from /home/airflow/.local/lib/python3.12/site-packages/airflow/example_dags/example_latest_only_with_trigger.py
[2025-06-23T05:55:45.566+0000] {logging_mixin.py:188} INFO - [2025-06-23T05:55:45.564+0000] {dag.py:3089} INFO - Sync 1 DAGs
[2025-06-23T05:55:45.682+0000] {logging_mixin.py:188} INFO - [2025-06-23T05:55:45.681+0000] {dag.py:3947} INFO - Setting next_dagrun for latest_only_with_trigger to 2025-06-23 00:00:00+00:00, run_after=2025-06-23 04:00:00+00:00
[2025-06-23T05:55:45.776+0000] {processor.py:183} INFO - Processing /home/airflow/.local/lib/python3.12/site-packages/airflow/example_dags/example_latest_only_with_trigger.py took 0.341 seconds
[2025-06-23T05:56:20.847+0000] {processor.py:161} INFO - Started process (PID=646) to work on /home/airflow/.local/lib/python3.12/site-packages/airflow/example_dags/example_latest_only_with_trigger.py
[2025-06-23T05:56:20.849+0000] {processor.py:830} INFO - Processing file /home/airflow/.local/lib/python3.12/site-packages/airflow/example_dags/example_latest_only_with_trigger.py for tasks to queue
[2025-06-23T05:56:20.856+0000] {logging_mixin.py:188} INFO - [2025-06-23T05:56:20.855+0000] {dagbag.py:545} INFO - Filling up the DagBag from /home/airflow/.local/lib/python3.12/site-packages/airflow/example_dags/example_latest_only_with_trigger.py
[2025-06-23T05:56:20.871+0000] {processor.py:840} INFO - DAG(s) 'latest_only_with_trigger' retrieved from /home/airflow/.local/lib/python3.12/site-packages/airflow/example_dags/example_latest_only_with_trigger.py
[2025-06-23T05:56:20.917+0000] {logging_mixin.py:188} INFO - [2025-06-23T05:56:20.917+0000] {dag.py:3089} INFO - Sync 1 DAGs
[2025-06-23T05:56:20.959+0000] {logging_mixin.py:188} INFO - [2025-06-23T05:56:20.959+0000] {dag.py:3947} INFO - Setting next_dagrun for latest_only_with_trigger to 2025-06-23 00:00:00+00:00, run_after=2025-06-23 04:00:00+00:00
[2025-06-23T05:56:20.998+0000] {processor.py:183} INFO - Processing /home/airflow/.local/lib/python3.12/site-packages/airflow/example_dags/example_latest_only_with_trigger.py took 0.165 seconds
[2025-06-23T05:56:52.033+0000] {processor.py:161} INFO - Started process (PID=706) to work on /home/airflow/.local/lib/python3.12/site-packages/airflow/example_dags/example_latest_only_with_trigger.py
[2025-06-23T05:56:52.036+0000] {processor.py:830} INFO - Processing file /home/airflow/.local/lib/python3.12/site-packages/airflow/example_dags/example_latest_only_with_trigger.py for tasks to queue
[2025-06-23T05:56:52.042+0000] {logging_mixin.py:188} INFO - [2025-06-23T05:56:52.041+0000] {dagbag.py:545} INFO - Filling up the DagBag from /home/airflow/.local/lib/python3.12/site-packages/airflow/example_dags/example_latest_only_with_trigger.py
[2025-06-23T05:56:52.053+0000] {processor.py:840} INFO - DAG(s) 'latest_only_with_trigger' retrieved from /home/airflow/.local/lib/python3.12/site-packages/airflow/example_dags/example_latest_only_with_trigger.py
[2025-06-23T05:56:52.097+0000] {logging_mixin.py:188} INFO - [2025-06-23T05:56:52.096+0000] {dag.py:3089} INFO - Sync 1 DAGs
[2025-06-23T05:56:52.148+0000] {logging_mixin.py:188} INFO - [2025-06-23T05:56:52.147+0000] {dag.py:3947} INFO - Setting next_dagrun for latest_only_with_trigger to 2025-06-23 00:00:00+00:00, run_after=2025-06-23 04:00:00+00:00
[2025-06-23T05:56:52.197+0000] {processor.py:183} INFO - Processing /home/airflow/.local/lib/python3.12/site-packages/airflow/example_dags/example_latest_only_with_trigger.py took 0.178 seconds
[2025-06-23T05:57:22.898+0000] {processor.py:161} INFO - Started process (PID=764) to work on /home/airflow/.local/lib/python3.12/site-packages/airflow/example_dags/example_latest_only_with_trigger.py
[2025-06-23T05:57:22.900+0000] {processor.py:830} INFO - Processing file /home/airflow/.local/lib/python3.12/site-packages/airflow/example_dags/example_latest_only_with_trigger.py for tasks to queue
[2025-06-23T05:57:22.904+0000] {logging_mixin.py:188} INFO - [2025-06-23T05:57:22.903+0000] {dagbag.py:545} INFO - Filling up the DagBag from /home/airflow/.local/lib/python3.12/site-packages/airflow/example_dags/example_latest_only_with_trigger.py
[2025-06-23T05:57:22.915+0000] {processor.py:840} INFO - DAG(s) 'latest_only_with_trigger' retrieved from /home/airflow/.local/lib/python3.12/site-packages/airflow/example_dags/example_latest_only_with_trigger.py
[2025-06-23T05:57:22.976+0000] {logging_mixin.py:188} INFO - [2025-06-23T05:57:22.976+0000] {dag.py:3089} INFO - Sync 1 DAGs
[2025-06-23T05:57:23.050+0000] {logging_mixin.py:188} INFO - [2025-06-23T05:57:23.049+0000] {dag.py:3947} INFO - Setting next_dagrun for latest_only_with_trigger to 2025-06-23 00:00:00+00:00, run_after=2025-06-23 04:00:00+00:00
[2025-06-23T05:57:23.102+0000] {processor.py:183} INFO - Processing /home/airflow/.local/lib/python3.12/site-packages/airflow/example_dags/example_latest_only_with_trigger.py took 0.216 seconds
[2025-06-23T05:57:53.177+0000] {processor.py:161} INFO - Started process (PID=824) to work on /home/airflow/.local/lib/python3.12/site-packages/airflow/example_dags/example_latest_only_with_trigger.py
[2025-06-23T05:57:53.179+0000] {processor.py:830} INFO - Processing file /home/airflow/.local/lib/python3.12/site-packages/airflow/example_dags/example_latest_only_with_trigger.py for tasks to queue
[2025-06-23T05:57:53.182+0000] {logging_mixin.py:188} INFO - [2025-06-23T05:57:53.181+0000] {dagbag.py:545} INFO - Filling up the DagBag from /home/airflow/.local/lib/python3.12/site-packages/airflow/example_dags/example_latest_only_with_trigger.py
[2025-06-23T05:57:53.190+0000] {processor.py:840} INFO - DAG(s) 'latest_only_with_trigger' retrieved from /home/airflow/.local/lib/python3.12/site-packages/airflow/example_dags/example_latest_only_with_trigger.py
[2025-06-23T05:57:53.221+0000] {logging_mixin.py:188} INFO - [2025-06-23T05:57:53.221+0000] {dag.py:3089} INFO - Sync 1 DAGs
[2025-06-23T05:57:53.255+0000] {logging_mixin.py:188} INFO - [2025-06-23T05:57:53.255+0000] {dag.py:3947} INFO - Setting next_dagrun for latest_only_with_trigger to 2025-06-23 00:00:00+00:00, run_after=2025-06-23 04:00:00+00:00
[2025-06-23T05:57:53.293+0000] {processor.py:183} INFO - Processing /home/airflow/.local/lib/python3.12/site-packages/airflow/example_dags/example_latest_only_with_trigger.py took 0.124 seconds
[2025-06-23T05:58:23.794+0000] {processor.py:161} INFO - Started process (PID=892) to work on /home/airflow/.local/lib/python3.12/site-packages/airflow/example_dags/example_latest_only_with_trigger.py
[2025-06-23T05:58:23.796+0000] {processor.py:830} INFO - Processing file /home/airflow/.local/lib/python3.12/site-packages/airflow/example_dags/example_latest_only_with_trigger.py for tasks to queue
[2025-06-23T05:58:23.799+0000] {logging_mixin.py:188} INFO - [2025-06-23T05:58:23.799+0000] {dagbag.py:545} INFO - Filling up the DagBag from /home/airflow/.local/lib/python3.12/site-packages/airflow/example_dags/example_latest_only_with_trigger.py
[2025-06-23T05:58:23.807+0000] {processor.py:840} INFO - DAG(s) 'latest_only_with_trigger' retrieved from /home/airflow/.local/lib/python3.12/site-packages/airflow/example_dags/example_latest_only_with_trigger.py
[2025-06-23T05:58:23.837+0000] {logging_mixin.py:188} INFO - [2025-06-23T05:58:23.837+0000] {dag.py:3089} INFO - Sync 1 DAGs
[2025-06-23T05:58:23.872+0000] {logging_mixin.py:188} INFO - [2025-06-23T05:58:23.872+0000] {dag.py:3947} INFO - Setting next_dagrun for latest_only_with_trigger to 2025-06-23 00:00:00+00:00, run_after=2025-06-23 04:00:00+00:00
[2025-06-23T05:58:23.908+0000] {processor.py:183} INFO - Processing /home/airflow/.local/lib/python3.12/site-packages/airflow/example_dags/example_latest_only_with_trigger.py took 0.122 seconds
[2025-06-23T05:59:03.567+0000] {processor.py:161} INFO - Started process (PID=952) to work on /home/airflow/.local/lib/python3.12/site-packages/airflow/example_dags/example_latest_only_with_trigger.py
[2025-06-23T05:59:03.572+0000] {processor.py:830} INFO - Processing file /home/airflow/.local/lib/python3.12/site-packages/airflow/example_dags/example_latest_only_with_trigger.py for tasks to queue
[2025-06-23T05:59:03.578+0000] {logging_mixin.py:188} INFO - [2025-06-23T05:59:03.577+0000] {dagbag.py:545} INFO - Filling up the DagBag from /home/airflow/.local/lib/python3.12/site-packages/airflow/example_dags/example_latest_only_with_trigger.py
[2025-06-23T05:59:03.603+0000] {processor.py:840} INFO - DAG(s) 'latest_only_with_trigger' retrieved from /home/airflow/.local/lib/python3.12/site-packages/airflow/example_dags/example_latest_only_with_trigger.py
[2025-06-23T05:59:03.666+0000] {logging_mixin.py:188} INFO - [2025-06-23T05:59:03.665+0000] {dag.py:3089} INFO - Sync 1 DAGs
[2025-06-23T05:59:03.733+0000] {logging_mixin.py:188} INFO - [2025-06-23T05:59:03.732+0000] {dag.py:3947} INFO - Setting next_dagrun for latest_only_with_trigger to 2025-06-23 00:00:00+00:00, run_after=2025-06-23 04:00:00+00:00
[2025-06-23T05:59:03.804+0000] {processor.py:183} INFO - Processing /home/airflow/.local/lib/python3.12/site-packages/airflow/example_dags/example_latest_only_with_trigger.py took 0.259 seconds
[2025-06-23T05:59:35.510+0000] {processor.py:161} INFO - Started process (PID=1012) to work on /home/airflow/.local/lib/python3.12/site-packages/airflow/example_dags/example_latest_only_with_trigger.py
[2025-06-23T05:59:35.514+0000] {processor.py:830} INFO - Processing file /home/airflow/.local/lib/python3.12/site-packages/airflow/example_dags/example_latest_only_with_trigger.py for tasks to queue
[2025-06-23T05:59:35.520+0000] {logging_mixin.py:188} INFO - [2025-06-23T05:59:35.519+0000] {dagbag.py:545} INFO - Filling up the DagBag from /home/airflow/.local/lib/python3.12/site-packages/airflow/example_dags/example_latest_only_with_trigger.py
[2025-06-23T05:59:35.540+0000] {processor.py:840} INFO - DAG(s) 'latest_only_with_trigger' retrieved from /home/airflow/.local/lib/python3.12/site-packages/airflow/example_dags/example_latest_only_with_trigger.py
[2025-06-23T05:59:35.660+0000] {logging_mixin.py:188} INFO - [2025-06-23T05:59:35.659+0000] {dag.py:3089} INFO - Sync 1 DAGs
[2025-06-23T05:59:35.892+0000] {logging_mixin.py:188} INFO - [2025-06-23T05:59:35.891+0000] {dag.py:3947} INFO - Setting next_dagrun for latest_only_with_trigger to 2025-06-23 00:00:00+00:00, run_after=2025-06-23 04:00:00+00:00
[2025-06-23T05:59:35.971+0000] {processor.py:183} INFO - Processing /home/airflow/.local/lib/python3.12/site-packages/airflow/example_dags/example_latest_only_with_trigger.py took 0.481 seconds
[2025-06-23T06:00:08.295+0000] {processor.py:161} INFO - Started process (PID=1078) to work on /home/airflow/.local/lib/python3.12/site-packages/airflow/example_dags/example_latest_only_with_trigger.py
[2025-06-23T06:00:08.299+0000] {processor.py:830} INFO - Processing file /home/airflow/.local/lib/python3.12/site-packages/airflow/example_dags/example_latest_only_with_trigger.py for tasks to queue
[2025-06-23T06:00:08.308+0000] {logging_mixin.py:188} INFO - [2025-06-23T06:00:08.306+0000] {dagbag.py:545} INFO - Filling up the DagBag from /home/airflow/.local/lib/python3.12/site-packages/airflow/example_dags/example_latest_only_with_trigger.py
[2025-06-23T06:00:08.334+0000] {processor.py:840} INFO - DAG(s) 'latest_only_with_trigger' retrieved from /home/airflow/.local/lib/python3.12/site-packages/airflow/example_dags/example_latest_only_with_trigger.py
[2025-06-23T06:00:08.432+0000] {logging_mixin.py:188} INFO - [2025-06-23T06:00:08.431+0000] {dag.py:3089} INFO - Sync 1 DAGs
[2025-06-23T06:00:08.540+0000] {logging_mixin.py:188} INFO - [2025-06-23T06:00:08.539+0000] {dag.py:3947} INFO - Setting next_dagrun for latest_only_with_trigger to 2025-06-23 00:00:00+00:00, run_after=2025-06-23 04:00:00+00:00
[2025-06-23T06:00:08.692+0000] {processor.py:183} INFO - Processing /home/airflow/.local/lib/python3.12/site-packages/airflow/example_dags/example_latest_only_with_trigger.py took 0.417 seconds
[2025-06-23T06:00:39.668+0000] {processor.py:161} INFO - Started process (PID=1138) to work on /home/airflow/.local/lib/python3.12/site-packages/airflow/example_dags/example_latest_only_with_trigger.py
[2025-06-23T06:00:39.670+0000] {processor.py:830} INFO - Processing file /home/airflow/.local/lib/python3.12/site-packages/airflow/example_dags/example_latest_only_with_trigger.py for tasks to queue
[2025-06-23T06:00:39.674+0000] {logging_mixin.py:188} INFO - [2025-06-23T06:00:39.674+0000] {dagbag.py:545} INFO - Filling up the DagBag from /home/airflow/.local/lib/python3.12/site-packages/airflow/example_dags/example_latest_only_with_trigger.py
[2025-06-23T06:00:39.687+0000] {processor.py:840} INFO - DAG(s) 'latest_only_with_trigger' retrieved from /home/airflow/.local/lib/python3.12/site-packages/airflow/example_dags/example_latest_only_with_trigger.py
[2025-06-23T06:00:39.731+0000] {logging_mixin.py:188} INFO - [2025-06-23T06:00:39.730+0000] {dag.py:3089} INFO - Sync 1 DAGs
[2025-06-23T06:00:39.770+0000] {logging_mixin.py:188} INFO - [2025-06-23T06:00:39.769+0000] {dag.py:3947} INFO - Setting next_dagrun for latest_only_with_trigger to 2025-06-23 00:00:00+00:00, run_after=2025-06-23 04:00:00+00:00
[2025-06-23T06:00:39.807+0000] {processor.py:183} INFO - Processing /home/airflow/.local/lib/python3.12/site-packages/airflow/example_dags/example_latest_only_with_trigger.py took 0.153 seconds
[2025-06-23T06:01:10.817+0000] {processor.py:161} INFO - Started process (PID=1198) to work on /home/airflow/.local/lib/python3.12/site-packages/airflow/example_dags/example_latest_only_with_trigger.py
[2025-06-23T06:01:10.821+0000] {processor.py:830} INFO - Processing file /home/airflow/.local/lib/python3.12/site-packages/airflow/example_dags/example_latest_only_with_trigger.py for tasks to queue
[2025-06-23T06:01:10.827+0000] {logging_mixin.py:188} INFO - [2025-06-23T06:01:10.826+0000] {dagbag.py:545} INFO - Filling up the DagBag from /home/airflow/.local/lib/python3.12/site-packages/airflow/example_dags/example_latest_only_with_trigger.py
[2025-06-23T06:01:10.848+0000] {processor.py:840} INFO - DAG(s) 'latest_only_with_trigger' retrieved from /home/airflow/.local/lib/python3.12/site-packages/airflow/example_dags/example_latest_only_with_trigger.py
[2025-06-23T06:01:10.912+0000] {logging_mixin.py:188} INFO - [2025-06-23T06:01:10.911+0000] {dag.py:3089} INFO - Sync 1 DAGs
[2025-06-23T06:01:11.006+0000] {logging_mixin.py:188} INFO - [2025-06-23T06:01:11.005+0000] {dag.py:3947} INFO - Setting next_dagrun for latest_only_with_trigger to 2025-06-23 00:00:00+00:00, run_after=2025-06-23 04:00:00+00:00
[2025-06-23T06:01:11.078+0000] {processor.py:183} INFO - Processing /home/airflow/.local/lib/python3.12/site-packages/airflow/example_dags/example_latest_only_with_trigger.py took 0.286 seconds
[2025-06-23T06:01:41.506+0000] {processor.py:161} INFO - Started process (PID=1259) to work on /home/airflow/.local/lib/python3.12/site-packages/airflow/example_dags/example_latest_only_with_trigger.py
[2025-06-23T06:01:41.509+0000] {processor.py:830} INFO - Processing file /home/airflow/.local/lib/python3.12/site-packages/airflow/example_dags/example_latest_only_with_trigger.py for tasks to queue
[2025-06-23T06:01:41.513+0000] {logging_mixin.py:188} INFO - [2025-06-23T06:01:41.512+0000] {dagbag.py:545} INFO - Filling up the DagBag from /home/airflow/.local/lib/python3.12/site-packages/airflow/example_dags/example_latest_only_with_trigger.py
[2025-06-23T06:01:41.522+0000] {processor.py:840} INFO - DAG(s) 'latest_only_with_trigger' retrieved from /home/airflow/.local/lib/python3.12/site-packages/airflow/example_dags/example_latest_only_with_trigger.py
[2025-06-23T06:01:41.555+0000] {logging_mixin.py:188} INFO - [2025-06-23T06:01:41.555+0000] {dag.py:3089} INFO - Sync 1 DAGs
[2025-06-23T06:01:41.595+0000] {logging_mixin.py:188} INFO - [2025-06-23T06:01:41.594+0000] {dag.py:3947} INFO - Setting next_dagrun for latest_only_with_trigger to 2025-06-23 00:00:00+00:00, run_after=2025-06-23 04:00:00+00:00
[2025-06-23T06:01:41.645+0000] {processor.py:183} INFO - Processing /home/airflow/.local/lib/python3.12/site-packages/airflow/example_dags/example_latest_only_with_trigger.py took 0.149 seconds
[2025-06-23T06:02:12.253+0000] {processor.py:161} INFO - Started process (PID=1319) to work on /home/airflow/.local/lib/python3.12/site-packages/airflow/example_dags/example_latest_only_with_trigger.py
[2025-06-23T06:02:12.256+0000] {processor.py:830} INFO - Processing file /home/airflow/.local/lib/python3.12/site-packages/airflow/example_dags/example_latest_only_with_trigger.py for tasks to queue
[2025-06-23T06:02:12.262+0000] {logging_mixin.py:188} INFO - [2025-06-23T06:02:12.261+0000] {dagbag.py:545} INFO - Filling up the DagBag from /home/airflow/.local/lib/python3.12/site-packages/airflow/example_dags/example_latest_only_with_trigger.py
[2025-06-23T06:02:12.277+0000] {processor.py:840} INFO - DAG(s) 'latest_only_with_trigger' retrieved from /home/airflow/.local/lib/python3.12/site-packages/airflow/example_dags/example_latest_only_with_trigger.py
[2025-06-23T06:02:12.325+0000] {logging_mixin.py:188} INFO - [2025-06-23T06:02:12.324+0000] {dag.py:3089} INFO - Sync 1 DAGs
[2025-06-23T06:02:12.375+0000] {logging_mixin.py:188} INFO - [2025-06-23T06:02:12.374+0000] {dag.py:3947} INFO - Setting next_dagrun for latest_only_with_trigger to 2025-06-23 00:00:00+00:00, run_after=2025-06-23 04:00:00+00:00
[2025-06-23T06:02:12.423+0000] {processor.py:183} INFO - Processing /home/airflow/.local/lib/python3.12/site-packages/airflow/example_dags/example_latest_only_with_trigger.py took 0.185 seconds
[2025-06-23T06:02:43.045+0000] {processor.py:161} INFO - Started process (PID=1373) to work on /home/airflow/.local/lib/python3.12/site-packages/airflow/example_dags/example_latest_only_with_trigger.py
[2025-06-23T06:02:43.056+0000] {processor.py:830} INFO - Processing file /home/airflow/.local/lib/python3.12/site-packages/airflow/example_dags/example_latest_only_with_trigger.py for tasks to queue
[2025-06-23T06:02:43.064+0000] {logging_mixin.py:188} INFO - [2025-06-23T06:02:43.063+0000] {dagbag.py:545} INFO - Filling up the DagBag from /home/airflow/.local/lib/python3.12/site-packages/airflow/example_dags/example_latest_only_with_trigger.py
[2025-06-23T06:02:43.116+0000] {processor.py:840} INFO - DAG(s) 'latest_only_with_trigger' retrieved from /home/airflow/.local/lib/python3.12/site-packages/airflow/example_dags/example_latest_only_with_trigger.py
[2025-06-23T06:02:43.332+0000] {logging_mixin.py:188} INFO - [2025-06-23T06:02:43.331+0000] {dag.py:3089} INFO - Sync 1 DAGs
[2025-06-23T06:02:43.487+0000] {logging_mixin.py:188} INFO - [2025-06-23T06:02:43.486+0000] {dag.py:3947} INFO - Setting next_dagrun for latest_only_with_trigger to 2025-06-23 00:00:00+00:00, run_after=2025-06-23 04:00:00+00:00
[2025-06-23T06:02:43.597+0000] {processor.py:183} INFO - Processing /home/airflow/.local/lib/python3.12/site-packages/airflow/example_dags/example_latest_only_with_trigger.py took 0.578 seconds
[2025-06-23T06:03:14.159+0000] {processor.py:161} INFO - Started process (PID=1434) to work on /home/airflow/.local/lib/python3.12/site-packages/airflow/example_dags/example_latest_only_with_trigger.py
[2025-06-23T06:03:14.162+0000] {processor.py:830} INFO - Processing file /home/airflow/.local/lib/python3.12/site-packages/airflow/example_dags/example_latest_only_with_trigger.py for tasks to queue
[2025-06-23T06:03:14.165+0000] {logging_mixin.py:188} INFO - [2025-06-23T06:03:14.164+0000] {dagbag.py:545} INFO - Filling up the DagBag from /home/airflow/.local/lib/python3.12/site-packages/airflow/example_dags/example_latest_only_with_trigger.py
[2025-06-23T06:03:14.179+0000] {processor.py:840} INFO - DAG(s) 'latest_only_with_trigger' retrieved from /home/airflow/.local/lib/python3.12/site-packages/airflow/example_dags/example_latest_only_with_trigger.py
[2025-06-23T06:03:14.226+0000] {logging_mixin.py:188} INFO - [2025-06-23T06:03:14.224+0000] {dag.py:3089} INFO - Sync 1 DAGs
[2025-06-23T06:03:14.278+0000] {logging_mixin.py:188} INFO - [2025-06-23T06:03:14.277+0000] {dag.py:3947} INFO - Setting next_dagrun for latest_only_with_trigger to 2025-06-23 00:00:00+00:00, run_after=2025-06-23 04:00:00+00:00
[2025-06-23T06:03:14.333+0000] {processor.py:183} INFO - Processing /home/airflow/.local/lib/python3.12/site-packages/airflow/example_dags/example_latest_only_with_trigger.py took 0.188 seconds
[2025-06-23T06:03:45.675+0000] {processor.py:161} INFO - Started process (PID=1494) to work on /home/airflow/.local/lib/python3.12/site-packages/airflow/example_dags/example_latest_only_with_trigger.py
[2025-06-23T06:03:45.682+0000] {processor.py:830} INFO - Processing file /home/airflow/.local/lib/python3.12/site-packages/airflow/example_dags/example_latest_only_with_trigger.py for tasks to queue
[2025-06-23T06:03:45.698+0000] {logging_mixin.py:188} INFO - [2025-06-23T06:03:45.697+0000] {dagbag.py:545} INFO - Filling up the DagBag from /home/airflow/.local/lib/python3.12/site-packages/airflow/example_dags/example_latest_only_with_trigger.py
[2025-06-23T06:03:45.748+0000] {processor.py:840} INFO - DAG(s) 'latest_only_with_trigger' retrieved from /home/airflow/.local/lib/python3.12/site-packages/airflow/example_dags/example_latest_only_with_trigger.py
[2025-06-23T06:03:45.873+0000] {logging_mixin.py:188} INFO - [2025-06-23T06:03:45.872+0000] {dag.py:3089} INFO - Sync 1 DAGs
[2025-06-23T06:03:46.013+0000] {logging_mixin.py:188} INFO - [2025-06-23T06:03:46.012+0000] {dag.py:3947} INFO - Setting next_dagrun for latest_only_with_trigger to 2025-06-23 00:00:00+00:00, run_after=2025-06-23 04:00:00+00:00
[2025-06-23T06:03:46.224+0000] {processor.py:183} INFO - Processing /home/airflow/.local/lib/python3.12/site-packages/airflow/example_dags/example_latest_only_with_trigger.py took 0.586 seconds
[2025-06-23T06:04:16.587+0000] {processor.py:161} INFO - Started process (PID=1554) to work on /home/airflow/.local/lib/python3.12/site-packages/airflow/example_dags/example_latest_only_with_trigger.py
[2025-06-23T06:04:16.590+0000] {processor.py:830} INFO - Processing file /home/airflow/.local/lib/python3.12/site-packages/airflow/example_dags/example_latest_only_with_trigger.py for tasks to queue
[2025-06-23T06:04:16.595+0000] {logging_mixin.py:188} INFO - [2025-06-23T06:04:16.594+0000] {dagbag.py:545} INFO - Filling up the DagBag from /home/airflow/.local/lib/python3.12/site-packages/airflow/example_dags/example_latest_only_with_trigger.py
[2025-06-23T06:04:16.608+0000] {processor.py:840} INFO - DAG(s) 'latest_only_with_trigger' retrieved from /home/airflow/.local/lib/python3.12/site-packages/airflow/example_dags/example_latest_only_with_trigger.py
[2025-06-23T06:04:16.645+0000] {logging_mixin.py:188} INFO - [2025-06-23T06:04:16.644+0000] {dag.py:3089} INFO - Sync 1 DAGs
[2025-06-23T06:04:16.677+0000] {logging_mixin.py:188} INFO - [2025-06-23T06:04:16.677+0000] {dag.py:3947} INFO - Setting next_dagrun for latest_only_with_trigger to 2025-06-23 00:00:00+00:00, run_after=2025-06-23 04:00:00+00:00
[2025-06-23T06:04:16.707+0000] {processor.py:183} INFO - Processing /home/airflow/.local/lib/python3.12/site-packages/airflow/example_dags/example_latest_only_with_trigger.py took 0.133 seconds
