[2025-06-23T05:51:41.101+0000] {processor.py:161} INFO - Started process (PID=117) to work on /home/airflow/.local/lib/python3.12/site-packages/airflow/example_dags/example_setup_teardown.py
[2025-06-23T05:51:41.104+0000] {processor.py:830} INFO - Processing file /home/airflow/.local/lib/python3.12/site-packages/airflow/example_dags/example_setup_teardown.py for tasks to queue
[2025-06-23T05:51:41.118+0000] {logging_mixin.py:188} INFO - [2025-06-23T05:51:41.113+0000] {dagbag.py:545} INFO - Filling up the DagBag from /home/airflow/.local/lib/python3.12/site-packages/airflow/example_dags/example_setup_teardown.py
[2025-06-23T05:51:41.141+0000] {processor.py:840} INFO - DAG(s) 'example_setup_teardown' retrieved from /home/airflow/.local/lib/python3.12/site-packages/airflow/example_dags/example_setup_teardown.py
[2025-06-23T05:51:41.604+0000] {logging_mixin.py:188} INFO - [2025-06-23T05:51:41.604+0000] {dag.py:3089} INFO - Sync 1 DAGs
[2025-06-23T05:51:41.712+0000] {logging_mixin.py:188} INFO - [2025-06-23T05:51:41.711+0000] {dag.py:3947} INFO - Setting next_dagrun for example_setup_teardown to 2025-06-22 00:00:00+00:00, run_after=2025-06-23 00:00:00+00:00
[2025-06-23T05:51:41.816+0000] {processor.py:183} INFO - Processing /home/airflow/.local/lib/python3.12/site-packages/airflow/example_dags/example_setup_teardown.py took 0.737 seconds
[2025-06-23T05:52:12.500+0000] {processor.py:161} INFO - Started process (PID=177) to work on /home/airflow/.local/lib/python3.12/site-packages/airflow/example_dags/example_setup_teardown.py
[2025-06-23T05:52:12.504+0000] {processor.py:830} INFO - Processing file /home/airflow/.local/lib/python3.12/site-packages/airflow/example_dags/example_setup_teardown.py for tasks to queue
[2025-06-23T05:52:12.510+0000] {logging_mixin.py:188} INFO - [2025-06-23T05:52:12.509+0000] {dagbag.py:545} INFO - Filling up the DagBag from /home/airflow/.local/lib/python3.12/site-packages/airflow/example_dags/example_setup_teardown.py
[2025-06-23T05:52:12.530+0000] {processor.py:840} INFO - DAG(s) 'example_setup_teardown' retrieved from /home/airflow/.local/lib/python3.12/site-packages/airflow/example_dags/example_setup_teardown.py
[2025-06-23T05:52:12.627+0000] {logging_mixin.py:188} INFO - [2025-06-23T05:52:12.626+0000] {dag.py:3089} INFO - Sync 1 DAGs
[2025-06-23T05:52:12.693+0000] {logging_mixin.py:188} INFO - [2025-06-23T05:52:12.693+0000] {dag.py:3947} INFO - Setting next_dagrun for example_setup_teardown to 2025-06-22 00:00:00+00:00, run_after=2025-06-23 00:00:00+00:00
[2025-06-23T05:52:12.760+0000] {processor.py:183} INFO - Processing /home/airflow/.local/lib/python3.12/site-packages/airflow/example_dags/example_setup_teardown.py took 0.279 seconds
[2025-06-23T05:52:43.378+0000] {processor.py:161} INFO - Started process (PID=238) to work on /home/airflow/.local/lib/python3.12/site-packages/airflow/example_dags/example_setup_teardown.py
[2025-06-23T05:52:43.388+0000] {processor.py:830} INFO - Processing file /home/airflow/.local/lib/python3.12/site-packages/airflow/example_dags/example_setup_teardown.py for tasks to queue
[2025-06-23T05:52:43.400+0000] {logging_mixin.py:188} INFO - [2025-06-23T05:52:43.397+0000] {dagbag.py:545} INFO - Filling up the DagBag from /home/airflow/.local/lib/python3.12/site-packages/airflow/example_dags/example_setup_teardown.py
[2025-06-23T05:52:43.442+0000] {processor.py:840} INFO - DAG(s) 'example_setup_teardown' retrieved from /home/airflow/.local/lib/python3.12/site-packages/airflow/example_dags/example_setup_teardown.py
[2025-06-23T05:52:43.541+0000] {logging_mixin.py:188} INFO - [2025-06-23T05:52:43.540+0000] {dag.py:3089} INFO - Sync 1 DAGs
[2025-06-23T05:52:43.669+0000] {logging_mixin.py:188} INFO - [2025-06-23T05:52:43.668+0000] {dag.py:3947} INFO - Setting next_dagrun for example_setup_teardown to 2025-06-22 00:00:00+00:00, run_after=2025-06-23 00:00:00+00:00
[2025-06-23T05:52:43.770+0000] {processor.py:183} INFO - Processing /home/airflow/.local/lib/python3.12/site-packages/airflow/example_dags/example_setup_teardown.py took 0.447 seconds
[2025-06-23T05:53:13.967+0000] {processor.py:161} INFO - Started process (PID=298) to work on /home/airflow/.local/lib/python3.12/site-packages/airflow/example_dags/example_setup_teardown.py
[2025-06-23T05:53:13.976+0000] {processor.py:830} INFO - Processing file /home/airflow/.local/lib/python3.12/site-packages/airflow/example_dags/example_setup_teardown.py for tasks to queue
[2025-06-23T05:53:13.979+0000] {logging_mixin.py:188} INFO - [2025-06-23T05:53:13.979+0000] {dagbag.py:545} INFO - Filling up the DagBag from /home/airflow/.local/lib/python3.12/site-packages/airflow/example_dags/example_setup_teardown.py
[2025-06-23T05:53:13.991+0000] {processor.py:840} INFO - DAG(s) 'example_setup_teardown' retrieved from /home/airflow/.local/lib/python3.12/site-packages/airflow/example_dags/example_setup_teardown.py
[2025-06-23T05:53:14.025+0000] {logging_mixin.py:188} INFO - [2025-06-23T05:53:14.025+0000] {dag.py:3089} INFO - Sync 1 DAGs
[2025-06-23T05:53:14.074+0000] {logging_mixin.py:188} INFO - [2025-06-23T05:53:14.074+0000] {dag.py:3947} INFO - Setting next_dagrun for example_setup_teardown to 2025-06-22 00:00:00+00:00, run_after=2025-06-23 00:00:00+00:00
[2025-06-23T05:53:14.114+0000] {processor.py:183} INFO - Processing /home/airflow/.local/lib/python3.12/site-packages/airflow/example_dags/example_setup_teardown.py took 0.169 seconds
[2025-06-23T05:53:44.262+0000] {processor.py:161} INFO - Started process (PID=356) to work on /home/airflow/.local/lib/python3.12/site-packages/airflow/example_dags/example_setup_teardown.py
[2025-06-23T05:53:44.263+0000] {processor.py:830} INFO - Processing file /home/airflow/.local/lib/python3.12/site-packages/airflow/example_dags/example_setup_teardown.py for tasks to queue
[2025-06-23T05:53:44.267+0000] {logging_mixin.py:188} INFO - [2025-06-23T05:53:44.267+0000] {dagbag.py:545} INFO - Filling up the DagBag from /home/airflow/.local/lib/python3.12/site-packages/airflow/example_dags/example_setup_teardown.py
[2025-06-23T05:53:44.282+0000] {processor.py:840} INFO - DAG(s) 'example_setup_teardown' retrieved from /home/airflow/.local/lib/python3.12/site-packages/airflow/example_dags/example_setup_teardown.py
[2025-06-23T05:53:44.318+0000] {logging_mixin.py:188} INFO - [2025-06-23T05:53:44.318+0000] {dag.py:3089} INFO - Sync 1 DAGs
[2025-06-23T05:53:44.391+0000] {logging_mixin.py:188} INFO - [2025-06-23T05:53:44.390+0000] {dag.py:3947} INFO - Setting next_dagrun for example_setup_teardown to 2025-06-22 00:00:00+00:00, run_after=2025-06-23 00:00:00+00:00
[2025-06-23T05:53:44.455+0000] {processor.py:183} INFO - Processing /home/airflow/.local/lib/python3.12/site-packages/airflow/example_dags/example_setup_teardown.py took 0.202 seconds
[2025-06-23T05:54:14.802+0000] {processor.py:161} INFO - Started process (PID=419) to work on /home/airflow/.local/lib/python3.12/site-packages/airflow/example_dags/example_setup_teardown.py
[2025-06-23T05:54:14.807+0000] {processor.py:830} INFO - Processing file /home/airflow/.local/lib/python3.12/site-packages/airflow/example_dags/example_setup_teardown.py for tasks to queue
[2025-06-23T05:54:14.816+0000] {logging_mixin.py:188} INFO - [2025-06-23T05:54:14.813+0000] {dagbag.py:545} INFO - Filling up the DagBag from /home/airflow/.local/lib/python3.12/site-packages/airflow/example_dags/example_setup_teardown.py
[2025-06-23T05:54:14.845+0000] {processor.py:840} INFO - DAG(s) 'example_setup_teardown' retrieved from /home/airflow/.local/lib/python3.12/site-packages/airflow/example_dags/example_setup_teardown.py
[2025-06-23T05:54:14.920+0000] {logging_mixin.py:188} INFO - [2025-06-23T05:54:14.919+0000] {dag.py:3089} INFO - Sync 1 DAGs
[2025-06-23T05:54:14.997+0000] {logging_mixin.py:188} INFO - [2025-06-23T05:54:14.996+0000] {dag.py:3947} INFO - Setting next_dagrun for example_setup_teardown to 2025-06-22 00:00:00+00:00, run_after=2025-06-23 00:00:00+00:00
[2025-06-23T05:54:15.077+0000] {processor.py:183} INFO - Processing /home/airflow/.local/lib/python3.12/site-packages/airflow/example_dags/example_setup_teardown.py took 0.303 seconds
[2025-06-23T05:54:47.040+0000] {processor.py:161} INFO - Started process (PID=479) to work on /home/airflow/.local/lib/python3.12/site-packages/airflow/example_dags/example_setup_teardown.py
[2025-06-23T05:54:47.053+0000] {processor.py:830} INFO - Processing file /home/airflow/.local/lib/python3.12/site-packages/airflow/example_dags/example_setup_teardown.py for tasks to queue
[2025-06-23T05:54:47.060+0000] {logging_mixin.py:188} INFO - [2025-06-23T05:54:47.058+0000] {dagbag.py:545} INFO - Filling up the DagBag from /home/airflow/.local/lib/python3.12/site-packages/airflow/example_dags/example_setup_teardown.py
[2025-06-23T05:54:47.099+0000] {processor.py:840} INFO - DAG(s) 'example_setup_teardown' retrieved from /home/airflow/.local/lib/python3.12/site-packages/airflow/example_dags/example_setup_teardown.py
[2025-06-23T05:54:47.189+0000] {logging_mixin.py:188} INFO - [2025-06-23T05:54:47.189+0000] {dag.py:3089} INFO - Sync 1 DAGs
[2025-06-23T05:54:47.263+0000] {logging_mixin.py:188} INFO - [2025-06-23T05:54:47.262+0000] {dag.py:3947} INFO - Setting next_dagrun for example_setup_teardown to 2025-06-22 00:00:00+00:00, run_after=2025-06-23 00:00:00+00:00
[2025-06-23T05:54:47.322+0000] {processor.py:183} INFO - Processing /home/airflow/.local/lib/python3.12/site-packages/airflow/example_dags/example_setup_teardown.py took 0.309 seconds
[2025-06-23T05:55:18.102+0000] {processor.py:161} INFO - Started process (PID=539) to work on /home/airflow/.local/lib/python3.12/site-packages/airflow/example_dags/example_setup_teardown.py
[2025-06-23T05:55:18.108+0000] {processor.py:830} INFO - Processing file /home/airflow/.local/lib/python3.12/site-packages/airflow/example_dags/example_setup_teardown.py for tasks to queue
[2025-06-23T05:55:18.121+0000] {logging_mixin.py:188} INFO - [2025-06-23T05:55:18.120+0000] {dagbag.py:545} INFO - Filling up the DagBag from /home/airflow/.local/lib/python3.12/site-packages/airflow/example_dags/example_setup_teardown.py
[2025-06-23T05:55:18.173+0000] {processor.py:840} INFO - DAG(s) 'example_setup_teardown' retrieved from /home/airflow/.local/lib/python3.12/site-packages/airflow/example_dags/example_setup_teardown.py
[2025-06-23T05:55:18.308+0000] {logging_mixin.py:188} INFO - [2025-06-23T05:55:18.307+0000] {dag.py:3089} INFO - Sync 1 DAGs
[2025-06-23T05:55:18.562+0000] {logging_mixin.py:188} INFO - [2025-06-23T05:55:18.552+0000] {dag.py:3947} INFO - Setting next_dagrun for example_setup_teardown to 2025-06-22 00:00:00+00:00, run_after=2025-06-23 00:00:00+00:00
[2025-06-23T05:55:18.663+0000] {processor.py:183} INFO - Processing /home/airflow/.local/lib/python3.12/site-packages/airflow/example_dags/example_setup_teardown.py took 0.585 seconds
[2025-06-23T05:55:48.983+0000] {processor.py:161} INFO - Started process (PID=600) to work on /home/airflow/.local/lib/python3.12/site-packages/airflow/example_dags/example_setup_teardown.py
[2025-06-23T05:55:48.987+0000] {processor.py:830} INFO - Processing file /home/airflow/.local/lib/python3.12/site-packages/airflow/example_dags/example_setup_teardown.py for tasks to queue
[2025-06-23T05:55:48.993+0000] {logging_mixin.py:188} INFO - [2025-06-23T05:55:48.992+0000] {dagbag.py:545} INFO - Filling up the DagBag from /home/airflow/.local/lib/python3.12/site-packages/airflow/example_dags/example_setup_teardown.py
[2025-06-23T05:55:49.037+0000] {processor.py:840} INFO - DAG(s) 'example_setup_teardown' retrieved from /home/airflow/.local/lib/python3.12/site-packages/airflow/example_dags/example_setup_teardown.py
[2025-06-23T05:55:49.125+0000] {logging_mixin.py:188} INFO - [2025-06-23T05:55:49.124+0000] {dag.py:3089} INFO - Sync 1 DAGs
[2025-06-23T05:55:49.198+0000] {logging_mixin.py:188} INFO - [2025-06-23T05:55:49.197+0000] {dag.py:3947} INFO - Setting next_dagrun for example_setup_teardown to 2025-06-22 00:00:00+00:00, run_after=2025-06-23 00:00:00+00:00
[2025-06-23T05:55:49.263+0000] {processor.py:183} INFO - Processing /home/airflow/.local/lib/python3.12/site-packages/airflow/example_dags/example_setup_teardown.py took 0.296 seconds
[2025-06-23T05:56:22.620+0000] {processor.py:161} INFO - Started process (PID=660) to work on /home/airflow/.local/lib/python3.12/site-packages/airflow/example_dags/example_setup_teardown.py
[2025-06-23T05:56:22.623+0000] {processor.py:830} INFO - Processing file /home/airflow/.local/lib/python3.12/site-packages/airflow/example_dags/example_setup_teardown.py for tasks to queue
[2025-06-23T05:56:22.628+0000] {logging_mixin.py:188} INFO - [2025-06-23T05:56:22.628+0000] {dagbag.py:545} INFO - Filling up the DagBag from /home/airflow/.local/lib/python3.12/site-packages/airflow/example_dags/example_setup_teardown.py
[2025-06-23T05:56:22.646+0000] {processor.py:840} INFO - DAG(s) 'example_setup_teardown' retrieved from /home/airflow/.local/lib/python3.12/site-packages/airflow/example_dags/example_setup_teardown.py
[2025-06-23T05:56:22.697+0000] {logging_mixin.py:188} INFO - [2025-06-23T05:56:22.697+0000] {dag.py:3089} INFO - Sync 1 DAGs
[2025-06-23T05:56:22.756+0000] {logging_mixin.py:188} INFO - [2025-06-23T05:56:22.755+0000] {dag.py:3947} INFO - Setting next_dagrun for example_setup_teardown to 2025-06-22 00:00:00+00:00, run_after=2025-06-23 00:00:00+00:00
[2025-06-23T05:56:22.804+0000] {processor.py:183} INFO - Processing /home/airflow/.local/lib/python3.12/site-packages/airflow/example_dags/example_setup_teardown.py took 0.197 seconds
[2025-06-23T05:56:53.928+0000] {processor.py:161} INFO - Started process (PID=720) to work on /home/airflow/.local/lib/python3.12/site-packages/airflow/example_dags/example_setup_teardown.py
[2025-06-23T05:56:53.929+0000] {processor.py:830} INFO - Processing file /home/airflow/.local/lib/python3.12/site-packages/airflow/example_dags/example_setup_teardown.py for tasks to queue
[2025-06-23T05:56:53.932+0000] {logging_mixin.py:188} INFO - [2025-06-23T05:56:53.932+0000] {dagbag.py:545} INFO - Filling up the DagBag from /home/airflow/.local/lib/python3.12/site-packages/airflow/example_dags/example_setup_teardown.py
[2025-06-23T05:56:53.943+0000] {processor.py:840} INFO - DAG(s) 'example_setup_teardown' retrieved from /home/airflow/.local/lib/python3.12/site-packages/airflow/example_dags/example_setup_teardown.py
[2025-06-23T05:56:53.978+0000] {logging_mixin.py:188} INFO - [2025-06-23T05:56:53.977+0000] {dag.py:3089} INFO - Sync 1 DAGs
[2025-06-23T05:56:54.017+0000] {logging_mixin.py:188} INFO - [2025-06-23T05:56:54.016+0000] {dag.py:3947} INFO - Setting next_dagrun for example_setup_teardown to 2025-06-22 00:00:00+00:00, run_after=2025-06-23 00:00:00+00:00
[2025-06-23T05:56:54.060+0000] {processor.py:183} INFO - Processing /home/airflow/.local/lib/python3.12/site-packages/airflow/example_dags/example_setup_teardown.py took 0.142 seconds
[2025-06-23T05:57:26.044+0000] {processor.py:161} INFO - Started process (PID=780) to work on /home/airflow/.local/lib/python3.12/site-packages/airflow/example_dags/example_setup_teardown.py
[2025-06-23T05:57:26.047+0000] {processor.py:830} INFO - Processing file /home/airflow/.local/lib/python3.12/site-packages/airflow/example_dags/example_setup_teardown.py for tasks to queue
[2025-06-23T05:57:26.051+0000] {logging_mixin.py:188} INFO - [2025-06-23T05:57:26.050+0000] {dagbag.py:545} INFO - Filling up the DagBag from /home/airflow/.local/lib/python3.12/site-packages/airflow/example_dags/example_setup_teardown.py
[2025-06-23T05:57:26.072+0000] {processor.py:840} INFO - DAG(s) 'example_setup_teardown' retrieved from /home/airflow/.local/lib/python3.12/site-packages/airflow/example_dags/example_setup_teardown.py
[2025-06-23T05:57:26.115+0000] {logging_mixin.py:188} INFO - [2025-06-23T05:57:26.114+0000] {dag.py:3089} INFO - Sync 1 DAGs
[2025-06-23T05:57:26.152+0000] {logging_mixin.py:188} INFO - [2025-06-23T05:57:26.152+0000] {dag.py:3947} INFO - Setting next_dagrun for example_setup_teardown to 2025-06-22 00:00:00+00:00, run_after=2025-06-23 00:00:00+00:00
[2025-06-23T05:57:26.187+0000] {processor.py:183} INFO - Processing /home/airflow/.local/lib/python3.12/site-packages/airflow/example_dags/example_setup_teardown.py took 0.162 seconds
[2025-06-23T05:57:57.049+0000] {processor.py:161} INFO - Started process (PID=840) to work on /home/airflow/.local/lib/python3.12/site-packages/airflow/example_dags/example_setup_teardown.py
[2025-06-23T05:57:57.051+0000] {processor.py:830} INFO - Processing file /home/airflow/.local/lib/python3.12/site-packages/airflow/example_dags/example_setup_teardown.py for tasks to queue
[2025-06-23T05:57:57.054+0000] {logging_mixin.py:188} INFO - [2025-06-23T05:57:57.054+0000] {dagbag.py:545} INFO - Filling up the DagBag from /home/airflow/.local/lib/python3.12/site-packages/airflow/example_dags/example_setup_teardown.py
[2025-06-23T05:57:57.066+0000] {processor.py:840} INFO - DAG(s) 'example_setup_teardown' retrieved from /home/airflow/.local/lib/python3.12/site-packages/airflow/example_dags/example_setup_teardown.py
[2025-06-23T05:57:57.099+0000] {logging_mixin.py:188} INFO - [2025-06-23T05:57:57.099+0000] {dag.py:3089} INFO - Sync 1 DAGs
[2025-06-23T05:57:57.136+0000] {logging_mixin.py:188} INFO - [2025-06-23T05:57:57.135+0000] {dag.py:3947} INFO - Setting next_dagrun for example_setup_teardown to 2025-06-22 00:00:00+00:00, run_after=2025-06-23 00:00:00+00:00
[2025-06-23T05:57:57.169+0000] {processor.py:183} INFO - Processing /home/airflow/.local/lib/python3.12/site-packages/airflow/example_dags/example_setup_teardown.py took 0.130 seconds
[2025-06-23T05:58:27.598+0000] {processor.py:161} INFO - Started process (PID=906) to work on /home/airflow/.local/lib/python3.12/site-packages/airflow/example_dags/example_setup_teardown.py
[2025-06-23T05:58:27.601+0000] {processor.py:830} INFO - Processing file /home/airflow/.local/lib/python3.12/site-packages/airflow/example_dags/example_setup_teardown.py for tasks to queue
[2025-06-23T05:58:27.606+0000] {logging_mixin.py:188} INFO - [2025-06-23T05:58:27.605+0000] {dagbag.py:545} INFO - Filling up the DagBag from /home/airflow/.local/lib/python3.12/site-packages/airflow/example_dags/example_setup_teardown.py
[2025-06-23T05:58:27.619+0000] {processor.py:840} INFO - DAG(s) 'example_setup_teardown' retrieved from /home/airflow/.local/lib/python3.12/site-packages/airflow/example_dags/example_setup_teardown.py
[2025-06-23T05:58:27.668+0000] {logging_mixin.py:188} INFO - [2025-06-23T05:58:27.667+0000] {dag.py:3089} INFO - Sync 1 DAGs
[2025-06-23T05:58:27.734+0000] {logging_mixin.py:188} INFO - [2025-06-23T05:58:27.733+0000] {dag.py:3947} INFO - Setting next_dagrun for example_setup_teardown to 2025-06-22 00:00:00+00:00, run_after=2025-06-23 00:00:00+00:00
[2025-06-23T05:58:27.787+0000] {processor.py:183} INFO - Processing /home/airflow/.local/lib/python3.12/site-packages/airflow/example_dags/example_setup_teardown.py took 0.199 seconds
[2025-06-23T05:59:07.299+0000] {processor.py:161} INFO - Started process (PID=972) to work on /home/airflow/.local/lib/python3.12/site-packages/airflow/example_dags/example_setup_teardown.py
[2025-06-23T05:59:07.303+0000] {processor.py:830} INFO - Processing file /home/airflow/.local/lib/python3.12/site-packages/airflow/example_dags/example_setup_teardown.py for tasks to queue
[2025-06-23T05:59:07.311+0000] {logging_mixin.py:188} INFO - [2025-06-23T05:59:07.310+0000] {dagbag.py:545} INFO - Filling up the DagBag from /home/airflow/.local/lib/python3.12/site-packages/airflow/example_dags/example_setup_teardown.py
[2025-06-23T05:59:07.340+0000] {processor.py:840} INFO - DAG(s) 'example_setup_teardown' retrieved from /home/airflow/.local/lib/python3.12/site-packages/airflow/example_dags/example_setup_teardown.py
[2025-06-23T05:59:07.569+0000] {logging_mixin.py:188} INFO - [2025-06-23T05:59:07.568+0000] {dag.py:3089} INFO - Sync 1 DAGs
[2025-06-23T05:59:07.678+0000] {logging_mixin.py:188} INFO - [2025-06-23T05:59:07.676+0000] {dag.py:3947} INFO - Setting next_dagrun for example_setup_teardown to 2025-06-22 00:00:00+00:00, run_after=2025-06-23 00:00:00+00:00
[2025-06-23T05:59:07.810+0000] {processor.py:183} INFO - Processing /home/airflow/.local/lib/python3.12/site-packages/airflow/example_dags/example_setup_teardown.py took 0.553 seconds
[2025-06-23T05:59:40.593+0000] {processor.py:161} INFO - Started process (PID=1034) to work on /home/airflow/.local/lib/python3.12/site-packages/airflow/example_dags/example_setup_teardown.py
[2025-06-23T05:59:40.606+0000] {processor.py:830} INFO - Processing file /home/airflow/.local/lib/python3.12/site-packages/airflow/example_dags/example_setup_teardown.py for tasks to queue
[2025-06-23T05:59:40.616+0000] {logging_mixin.py:188} INFO - [2025-06-23T05:59:40.615+0000] {dagbag.py:545} INFO - Filling up the DagBag from /home/airflow/.local/lib/python3.12/site-packages/airflow/example_dags/example_setup_teardown.py
[2025-06-23T05:59:40.648+0000] {processor.py:840} INFO - DAG(s) 'example_setup_teardown' retrieved from /home/airflow/.local/lib/python3.12/site-packages/airflow/example_dags/example_setup_teardown.py
[2025-06-23T05:59:40.760+0000] {logging_mixin.py:188} INFO - [2025-06-23T05:59:40.758+0000] {dag.py:3089} INFO - Sync 1 DAGs
[2025-06-23T05:59:40.883+0000] {logging_mixin.py:188} INFO - [2025-06-23T05:59:40.882+0000] {dag.py:3947} INFO - Setting next_dagrun for example_setup_teardown to 2025-06-22 00:00:00+00:00, run_after=2025-06-23 00:00:00+00:00
[2025-06-23T05:59:40.987+0000] {processor.py:183} INFO - Processing /home/airflow/.local/lib/python3.12/site-packages/airflow/example_dags/example_setup_teardown.py took 0.431 seconds
[2025-06-23T06:00:16.155+0000] {processor.py:161} INFO - Started process (PID=1094) to work on /home/airflow/.local/lib/python3.12/site-packages/airflow/example_dags/example_setup_teardown.py
[2025-06-23T06:00:16.162+0000] {processor.py:830} INFO - Processing file /home/airflow/.local/lib/python3.12/site-packages/airflow/example_dags/example_setup_teardown.py for tasks to queue
[2025-06-23T06:00:16.170+0000] {logging_mixin.py:188} INFO - [2025-06-23T06:00:16.169+0000] {dagbag.py:545} INFO - Filling up the DagBag from /home/airflow/.local/lib/python3.12/site-packages/airflow/example_dags/example_setup_teardown.py
[2025-06-23T06:00:16.204+0000] {processor.py:840} INFO - DAG(s) 'example_setup_teardown' retrieved from /home/airflow/.local/lib/python3.12/site-packages/airflow/example_dags/example_setup_teardown.py
[2025-06-23T06:00:16.274+0000] {logging_mixin.py:188} INFO - [2025-06-23T06:00:16.273+0000] {dag.py:3089} INFO - Sync 1 DAGs
[2025-06-23T06:00:16.357+0000] {logging_mixin.py:188} INFO - [2025-06-23T06:00:16.356+0000] {dag.py:3947} INFO - Setting next_dagrun for example_setup_teardown to 2025-06-22 00:00:00+00:00, run_after=2025-06-23 00:00:00+00:00
[2025-06-23T06:00:16.433+0000] {processor.py:183} INFO - Processing /home/airflow/.local/lib/python3.12/site-packages/airflow/example_dags/example_setup_teardown.py took 0.308 seconds
[2025-06-23T06:00:47.391+0000] {processor.py:161} INFO - Started process (PID=1154) to work on /home/airflow/.local/lib/python3.12/site-packages/airflow/example_dags/example_setup_teardown.py
[2025-06-23T06:00:47.393+0000] {processor.py:830} INFO - Processing file /home/airflow/.local/lib/python3.12/site-packages/airflow/example_dags/example_setup_teardown.py for tasks to queue
[2025-06-23T06:00:47.398+0000] {logging_mixin.py:188} INFO - [2025-06-23T06:00:47.397+0000] {dagbag.py:545} INFO - Filling up the DagBag from /home/airflow/.local/lib/python3.12/site-packages/airflow/example_dags/example_setup_teardown.py
[2025-06-23T06:00:47.416+0000] {processor.py:840} INFO - DAG(s) 'example_setup_teardown' retrieved from /home/airflow/.local/lib/python3.12/site-packages/airflow/example_dags/example_setup_teardown.py
[2025-06-23T06:00:47.458+0000] {logging_mixin.py:188} INFO - [2025-06-23T06:00:47.457+0000] {dag.py:3089} INFO - Sync 1 DAGs
[2025-06-23T06:00:47.509+0000] {logging_mixin.py:188} INFO - [2025-06-23T06:00:47.508+0000] {dag.py:3947} INFO - Setting next_dagrun for example_setup_teardown to 2025-06-22 00:00:00+00:00, run_after=2025-06-23 00:00:00+00:00
[2025-06-23T06:00:47.543+0000] {processor.py:183} INFO - Processing /home/airflow/.local/lib/python3.12/site-packages/airflow/example_dags/example_setup_teardown.py took 0.162 seconds
[2025-06-23T06:01:18.026+0000] {processor.py:161} INFO - Started process (PID=1214) to work on /home/airflow/.local/lib/python3.12/site-packages/airflow/example_dags/example_setup_teardown.py
[2025-06-23T06:01:18.031+0000] {processor.py:830} INFO - Processing file /home/airflow/.local/lib/python3.12/site-packages/airflow/example_dags/example_setup_teardown.py for tasks to queue
[2025-06-23T06:01:18.036+0000] {logging_mixin.py:188} INFO - [2025-06-23T06:01:18.035+0000] {dagbag.py:545} INFO - Filling up the DagBag from /home/airflow/.local/lib/python3.12/site-packages/airflow/example_dags/example_setup_teardown.py
[2025-06-23T06:01:18.062+0000] {processor.py:840} INFO - DAG(s) 'example_setup_teardown' retrieved from /home/airflow/.local/lib/python3.12/site-packages/airflow/example_dags/example_setup_teardown.py
[2025-06-23T06:01:18.124+0000] {logging_mixin.py:188} INFO - [2025-06-23T06:01:18.124+0000] {dag.py:3089} INFO - Sync 1 DAGs
[2025-06-23T06:01:18.183+0000] {logging_mixin.py:188} INFO - [2025-06-23T06:01:18.183+0000] {dag.py:3947} INFO - Setting next_dagrun for example_setup_teardown to 2025-06-22 00:00:00+00:00, run_after=2025-06-23 00:00:00+00:00
[2025-06-23T06:01:18.228+0000] {processor.py:183} INFO - Processing /home/airflow/.local/lib/python3.12/site-packages/airflow/example_dags/example_setup_teardown.py took 0.216 seconds
[2025-06-23T06:01:48.456+0000] {processor.py:161} INFO - Started process (PID=1275) to work on /home/airflow/.local/lib/python3.12/site-packages/airflow/example_dags/example_setup_teardown.py
[2025-06-23T06:01:48.459+0000] {processor.py:830} INFO - Processing file /home/airflow/.local/lib/python3.12/site-packages/airflow/example_dags/example_setup_teardown.py for tasks to queue
[2025-06-23T06:01:48.463+0000] {logging_mixin.py:188} INFO - [2025-06-23T06:01:48.462+0000] {dagbag.py:545} INFO - Filling up the DagBag from /home/airflow/.local/lib/python3.12/site-packages/airflow/example_dags/example_setup_teardown.py
[2025-06-23T06:01:48.479+0000] {processor.py:840} INFO - DAG(s) 'example_setup_teardown' retrieved from /home/airflow/.local/lib/python3.12/site-packages/airflow/example_dags/example_setup_teardown.py
[2025-06-23T06:01:48.514+0000] {logging_mixin.py:188} INFO - [2025-06-23T06:01:48.514+0000] {dag.py:3089} INFO - Sync 1 DAGs
[2025-06-23T06:01:48.557+0000] {logging_mixin.py:188} INFO - [2025-06-23T06:01:48.557+0000] {dag.py:3947} INFO - Setting next_dagrun for example_setup_teardown to 2025-06-22 00:00:00+00:00, run_after=2025-06-23 00:00:00+00:00
[2025-06-23T06:01:48.593+0000] {processor.py:183} INFO - Processing /home/airflow/.local/lib/python3.12/site-packages/airflow/example_dags/example_setup_teardown.py took 0.146 seconds
[2025-06-23T06:02:19.186+0000] {processor.py:161} INFO - Started process (PID=1335) to work on /home/airflow/.local/lib/python3.12/site-packages/airflow/example_dags/example_setup_teardown.py
[2025-06-23T06:02:19.198+0000] {processor.py:830} INFO - Processing file /home/airflow/.local/lib/python3.12/site-packages/airflow/example_dags/example_setup_teardown.py for tasks to queue
[2025-06-23T06:02:19.216+0000] {logging_mixin.py:188} INFO - [2025-06-23T06:02:19.215+0000] {dagbag.py:545} INFO - Filling up the DagBag from /home/airflow/.local/lib/python3.12/site-packages/airflow/example_dags/example_setup_teardown.py
[2025-06-23T06:02:19.297+0000] {processor.py:840} INFO - DAG(s) 'example_setup_teardown' retrieved from /home/airflow/.local/lib/python3.12/site-packages/airflow/example_dags/example_setup_teardown.py
[2025-06-23T06:02:19.489+0000] {logging_mixin.py:188} INFO - [2025-06-23T06:02:19.488+0000] {dag.py:3089} INFO - Sync 1 DAGs
[2025-06-23T06:02:19.698+0000] {logging_mixin.py:188} INFO - [2025-06-23T06:02:19.697+0000] {dag.py:3947} INFO - Setting next_dagrun for example_setup_teardown to 2025-06-22 00:00:00+00:00, run_after=2025-06-23 00:00:00+00:00
[2025-06-23T06:02:19.803+0000] {processor.py:183} INFO - Processing /home/airflow/.local/lib/python3.12/site-packages/airflow/example_dags/example_setup_teardown.py took 0.662 seconds
[2025-06-23T06:02:50.622+0000] {processor.py:161} INFO - Started process (PID=1395) to work on /home/airflow/.local/lib/python3.12/site-packages/airflow/example_dags/example_setup_teardown.py
[2025-06-23T06:02:50.625+0000] {processor.py:830} INFO - Processing file /home/airflow/.local/lib/python3.12/site-packages/airflow/example_dags/example_setup_teardown.py for tasks to queue
[2025-06-23T06:02:50.630+0000] {logging_mixin.py:188} INFO - [2025-06-23T06:02:50.629+0000] {dagbag.py:545} INFO - Filling up the DagBag from /home/airflow/.local/lib/python3.12/site-packages/airflow/example_dags/example_setup_teardown.py
[2025-06-23T06:02:50.647+0000] {processor.py:840} INFO - DAG(s) 'example_setup_teardown' retrieved from /home/airflow/.local/lib/python3.12/site-packages/airflow/example_dags/example_setup_teardown.py
[2025-06-23T06:02:50.693+0000] {logging_mixin.py:188} INFO - [2025-06-23T06:02:50.692+0000] {dag.py:3089} INFO - Sync 1 DAGs
[2025-06-23T06:02:50.761+0000] {logging_mixin.py:188} INFO - [2025-06-23T06:02:50.761+0000] {dag.py:3947} INFO - Setting next_dagrun for example_setup_teardown to 2025-06-22 00:00:00+00:00, run_after=2025-06-23 00:00:00+00:00
[2025-06-23T06:02:50.831+0000] {processor.py:183} INFO - Processing /home/airflow/.local/lib/python3.12/site-packages/airflow/example_dags/example_setup_teardown.py took 0.222 seconds
[2025-06-23T06:03:20.952+0000] {processor.py:161} INFO - Started process (PID=1455) to work on /home/airflow/.local/lib/python3.12/site-packages/airflow/example_dags/example_setup_teardown.py
[2025-06-23T06:03:20.954+0000] {processor.py:830} INFO - Processing file /home/airflow/.local/lib/python3.12/site-packages/airflow/example_dags/example_setup_teardown.py for tasks to queue
[2025-06-23T06:03:20.958+0000] {logging_mixin.py:188} INFO - [2025-06-23T06:03:20.957+0000] {dagbag.py:545} INFO - Filling up the DagBag from /home/airflow/.local/lib/python3.12/site-packages/airflow/example_dags/example_setup_teardown.py
[2025-06-23T06:03:20.974+0000] {processor.py:840} INFO - DAG(s) 'example_setup_teardown' retrieved from /home/airflow/.local/lib/python3.12/site-packages/airflow/example_dags/example_setup_teardown.py
[2025-06-23T06:03:21.155+0000] {logging_mixin.py:188} INFO - [2025-06-23T06:03:21.155+0000] {dag.py:3089} INFO - Sync 1 DAGs
[2025-06-23T06:03:21.185+0000] {logging_mixin.py:188} INFO - [2025-06-23T06:03:21.184+0000] {dag.py:3947} INFO - Setting next_dagrun for example_setup_teardown to 2025-06-22 00:00:00+00:00, run_after=2025-06-23 00:00:00+00:00
[2025-06-23T06:03:22.186+0000] {processor.py:183} INFO - Processing /home/airflow/.local/lib/python3.12/site-packages/airflow/example_dags/example_setup_teardown.py took 1.248 seconds
[2025-06-23T06:03:52.501+0000] {processor.py:161} INFO - Started process (PID=1516) to work on /home/airflow/.local/lib/python3.12/site-packages/airflow/example_dags/example_setup_teardown.py
[2025-06-23T06:03:52.505+0000] {processor.py:830} INFO - Processing file /home/airflow/.local/lib/python3.12/site-packages/airflow/example_dags/example_setup_teardown.py for tasks to queue
[2025-06-23T06:03:52.509+0000] {logging_mixin.py:188} INFO - [2025-06-23T06:03:52.509+0000] {dagbag.py:545} INFO - Filling up the DagBag from /home/airflow/.local/lib/python3.12/site-packages/airflow/example_dags/example_setup_teardown.py
[2025-06-23T06:03:52.527+0000] {processor.py:840} INFO - DAG(s) 'example_setup_teardown' retrieved from /home/airflow/.local/lib/python3.12/site-packages/airflow/example_dags/example_setup_teardown.py
[2025-06-23T06:03:52.565+0000] {logging_mixin.py:188} INFO - [2025-06-23T06:03:52.565+0000] {dag.py:3089} INFO - Sync 1 DAGs
[2025-06-23T06:03:52.602+0000] {logging_mixin.py:188} INFO - [2025-06-23T06:03:52.602+0000] {dag.py:3947} INFO - Setting next_dagrun for example_setup_teardown to 2025-06-22 00:00:00+00:00, run_after=2025-06-23 00:00:00+00:00
[2025-06-23T06:03:52.641+0000] {processor.py:183} INFO - Processing /home/airflow/.local/lib/python3.12/site-packages/airflow/example_dags/example_setup_teardown.py took 0.151 seconds
[2025-06-23T06:04:23.336+0000] {processor.py:161} INFO - Started process (PID=1575) to work on /home/airflow/.local/lib/python3.12/site-packages/airflow/example_dags/example_setup_teardown.py
[2025-06-23T06:04:23.431+0000] {processor.py:830} INFO - Processing file /home/airflow/.local/lib/python3.12/site-packages/airflow/example_dags/example_setup_teardown.py for tasks to queue
[2025-06-23T06:04:23.445+0000] {logging_mixin.py:188} INFO - [2025-06-23T06:04:23.444+0000] {dagbag.py:545} INFO - Filling up the DagBag from /home/airflow/.local/lib/python3.12/site-packages/airflow/example_dags/example_setup_teardown.py
[2025-06-23T06:04:23.457+0000] {processor.py:840} INFO - DAG(s) 'example_setup_teardown' retrieved from /home/airflow/.local/lib/python3.12/site-packages/airflow/example_dags/example_setup_teardown.py
[2025-06-23T06:04:23.493+0000] {logging_mixin.py:188} INFO - [2025-06-23T06:04:23.492+0000] {dag.py:3089} INFO - Sync 1 DAGs
[2025-06-23T06:04:23.563+0000] {logging_mixin.py:188} INFO - [2025-06-23T06:04:23.563+0000] {dag.py:3947} INFO - Setting next_dagrun for example_setup_teardown to 2025-06-22 00:00:00+00:00, run_after=2025-06-23 00:00:00+00:00
[2025-06-23T06:04:24.367+0000] {processor.py:183} INFO - Processing /home/airflow/.local/lib/python3.12/site-packages/airflow/example_dags/example_setup_teardown.py took 1.042 seconds
