[2025-06-23T05:50:58.799+0000] {processor.py:161} INFO - Started process (PID=94) to work on /home/airflow/.local/lib/python3.12/site-packages/airflow/example_dags/example_local_kubernetes_executor.py
[2025-06-23T05:50:58.801+0000] {processor.py:830} INFO - Processing file /home/airflow/.local/lib/python3.12/site-packages/airflow/example_dags/example_local_kubernetes_executor.py for tasks to queue
[2025-06-23T05:50:58.804+0000] {logging_mixin.py:188} INFO - [2025-06-23T05:50:58.804+0000] {dagbag.py:545} INFO - Filling up the DagBag from /home/airflow/.local/lib/python3.12/site-packages/airflow/example_dags/example_local_kubernetes_executor.py
[2025-06-23T05:50:58.836+0000] {processor.py:840} INFO - DAG(s) 'example_local_kubernetes_executor' retrieved from /home/airflow/.local/lib/python3.12/site-packages/airflow/example_dags/example_local_kubernetes_executor.py
[2025-06-23T05:50:59.141+0000] {logging_mixin.py:188} INFO - [2025-06-23T05:50:59.140+0000] {dag.py:3089} INFO - Sync 1 DAGs
[2025-06-23T05:50:59.174+0000] {logging_mixin.py:188} INFO - [2025-06-23T05:50:59.173+0000] {dag.py:3947} INFO - Setting next_dagrun for example_local_kubernetes_executor to None, run_after=None
[2025-06-23T05:51:00.708+0000] {processor.py:183} INFO - Processing /home/airflow/.local/lib/python3.12/site-packages/airflow/example_dags/example_local_kubernetes_executor.py took 1.697 seconds
[2025-06-23T05:51:58.075+0000] {processor.py:161} INFO - Started process (PID=161) to work on /home/airflow/.local/lib/python3.12/site-packages/airflow/example_dags/example_local_kubernetes_executor.py
[2025-06-23T05:51:58.076+0000] {processor.py:830} INFO - Processing file /home/airflow/.local/lib/python3.12/site-packages/airflow/example_dags/example_local_kubernetes_executor.py for tasks to queue
[2025-06-23T05:51:58.079+0000] {logging_mixin.py:188} INFO - [2025-06-23T05:51:58.079+0000] {dagbag.py:545} INFO - Filling up the DagBag from /home/airflow/.local/lib/python3.12/site-packages/airflow/example_dags/example_local_kubernetes_executor.py
[2025-06-23T05:51:58.093+0000] {processor.py:840} INFO - DAG(s) 'example_local_kubernetes_executor' retrieved from /home/airflow/.local/lib/python3.12/site-packages/airflow/example_dags/example_local_kubernetes_executor.py
[2025-06-23T05:51:58.145+0000] {logging_mixin.py:188} INFO - [2025-06-23T05:51:58.145+0000] {dag.py:3089} INFO - Sync 1 DAGs
[2025-06-23T05:51:58.168+0000] {logging_mixin.py:188} INFO - [2025-06-23T05:51:58.167+0000] {dag.py:3947} INFO - Setting next_dagrun for example_local_kubernetes_executor to None, run_after=None
[2025-06-23T05:51:58.206+0000] {processor.py:183} INFO - Processing /home/airflow/.local/lib/python3.12/site-packages/airflow/example_dags/example_local_kubernetes_executor.py took 0.140 seconds
[2025-06-23T05:52:29.367+0000] {processor.py:161} INFO - Started process (PID=222) to work on /home/airflow/.local/lib/python3.12/site-packages/airflow/example_dags/example_local_kubernetes_executor.py
[2025-06-23T05:52:29.370+0000] {processor.py:830} INFO - Processing file /home/airflow/.local/lib/python3.12/site-packages/airflow/example_dags/example_local_kubernetes_executor.py for tasks to queue
[2025-06-23T05:52:29.376+0000] {logging_mixin.py:188} INFO - [2025-06-23T05:52:29.375+0000] {dagbag.py:545} INFO - Filling up the DagBag from /home/airflow/.local/lib/python3.12/site-packages/airflow/example_dags/example_local_kubernetes_executor.py
[2025-06-23T05:52:29.400+0000] {processor.py:840} INFO - DAG(s) 'example_local_kubernetes_executor' retrieved from /home/airflow/.local/lib/python3.12/site-packages/airflow/example_dags/example_local_kubernetes_executor.py
[2025-06-23T05:52:29.482+0000] {logging_mixin.py:188} INFO - [2025-06-23T05:52:29.480+0000] {dag.py:3089} INFO - Sync 1 DAGs
[2025-06-23T05:52:29.506+0000] {logging_mixin.py:188} INFO - [2025-06-23T05:52:29.506+0000] {dag.py:3947} INFO - Setting next_dagrun for example_local_kubernetes_executor to None, run_after=None
[2025-06-23T05:52:29.565+0000] {processor.py:183} INFO - Processing /home/airflow/.local/lib/python3.12/site-packages/airflow/example_dags/example_local_kubernetes_executor.py took 0.212 seconds
[2025-06-23T05:52:59.933+0000] {processor.py:161} INFO - Started process (PID=280) to work on /home/airflow/.local/lib/python3.12/site-packages/airflow/example_dags/example_local_kubernetes_executor.py
[2025-06-23T05:52:59.935+0000] {processor.py:830} INFO - Processing file /home/airflow/.local/lib/python3.12/site-packages/airflow/example_dags/example_local_kubernetes_executor.py for tasks to queue
[2025-06-23T05:52:59.938+0000] {logging_mixin.py:188} INFO - [2025-06-23T05:52:59.938+0000] {dagbag.py:545} INFO - Filling up the DagBag from /home/airflow/.local/lib/python3.12/site-packages/airflow/example_dags/example_local_kubernetes_executor.py
[2025-06-23T05:52:59.950+0000] {processor.py:840} INFO - DAG(s) 'example_local_kubernetes_executor' retrieved from /home/airflow/.local/lib/python3.12/site-packages/airflow/example_dags/example_local_kubernetes_executor.py
[2025-06-23T05:53:00.012+0000] {logging_mixin.py:188} INFO - [2025-06-23T05:53:00.011+0000] {dag.py:3089} INFO - Sync 1 DAGs
[2025-06-23T05:53:00.047+0000] {logging_mixin.py:188} INFO - [2025-06-23T05:53:00.047+0000] {dag.py:3947} INFO - Setting next_dagrun for example_local_kubernetes_executor to None, run_after=None
[2025-06-23T05:53:00.084+0000] {processor.py:183} INFO - Processing /home/airflow/.local/lib/python3.12/site-packages/airflow/example_dags/example_local_kubernetes_executor.py took 0.160 seconds
[2025-06-23T05:53:30.316+0000] {processor.py:161} INFO - Started process (PID=340) to work on /home/airflow/.local/lib/python3.12/site-packages/airflow/example_dags/example_local_kubernetes_executor.py
[2025-06-23T05:53:30.318+0000] {processor.py:830} INFO - Processing file /home/airflow/.local/lib/python3.12/site-packages/airflow/example_dags/example_local_kubernetes_executor.py for tasks to queue
[2025-06-23T05:53:30.322+0000] {logging_mixin.py:188} INFO - [2025-06-23T05:53:30.321+0000] {dagbag.py:545} INFO - Filling up the DagBag from /home/airflow/.local/lib/python3.12/site-packages/airflow/example_dags/example_local_kubernetes_executor.py
[2025-06-23T05:53:30.334+0000] {processor.py:840} INFO - DAG(s) 'example_local_kubernetes_executor' retrieved from /home/airflow/.local/lib/python3.12/site-packages/airflow/example_dags/example_local_kubernetes_executor.py
[2025-06-23T05:53:30.392+0000] {logging_mixin.py:188} INFO - [2025-06-23T05:53:30.391+0000] {dag.py:3089} INFO - Sync 1 DAGs
[2025-06-23T05:53:30.429+0000] {logging_mixin.py:188} INFO - [2025-06-23T05:53:30.428+0000] {dag.py:3947} INFO - Setting next_dagrun for example_local_kubernetes_executor to None, run_after=None
[2025-06-23T05:53:30.475+0000] {processor.py:183} INFO - Processing /home/airflow/.local/lib/python3.12/site-packages/airflow/example_dags/example_local_kubernetes_executor.py took 0.168 seconds
[2025-06-23T05:54:03.614+0000] {processor.py:161} INFO - Started process (PID=402) to work on /home/airflow/.local/lib/python3.12/site-packages/airflow/example_dags/example_local_kubernetes_executor.py
[2025-06-23T05:54:03.628+0000] {processor.py:830} INFO - Processing file /home/airflow/.local/lib/python3.12/site-packages/airflow/example_dags/example_local_kubernetes_executor.py for tasks to queue
[2025-06-23T05:54:03.635+0000] {logging_mixin.py:188} INFO - [2025-06-23T05:54:03.634+0000] {dagbag.py:545} INFO - Filling up the DagBag from /home/airflow/.local/lib/python3.12/site-packages/airflow/example_dags/example_local_kubernetes_executor.py
[2025-06-23T05:54:03.701+0000] {processor.py:840} INFO - DAG(s) 'example_local_kubernetes_executor' retrieved from /home/airflow/.local/lib/python3.12/site-packages/airflow/example_dags/example_local_kubernetes_executor.py
[2025-06-23T05:54:03.953+0000] {logging_mixin.py:188} INFO - [2025-06-23T05:54:03.950+0000] {dag.py:3089} INFO - Sync 1 DAGs
[2025-06-23T05:54:04.198+0000] {logging_mixin.py:188} INFO - [2025-06-23T05:54:04.196+0000] {dag.py:3947} INFO - Setting next_dagrun for example_local_kubernetes_executor to None, run_after=None
[2025-06-23T05:54:04.529+0000] {processor.py:183} INFO - Processing /home/airflow/.local/lib/python3.12/site-packages/airflow/example_dags/example_local_kubernetes_executor.py took 0.949 seconds
[2025-06-23T05:54:36.742+0000] {processor.py:161} INFO - Started process (PID=462) to work on /home/airflow/.local/lib/python3.12/site-packages/airflow/example_dags/example_local_kubernetes_executor.py
[2025-06-23T05:54:36.756+0000] {processor.py:830} INFO - Processing file /home/airflow/.local/lib/python3.12/site-packages/airflow/example_dags/example_local_kubernetes_executor.py for tasks to queue
[2025-06-23T05:54:36.765+0000] {logging_mixin.py:188} INFO - [2025-06-23T05:54:36.763+0000] {dagbag.py:545} INFO - Filling up the DagBag from /home/airflow/.local/lib/python3.12/site-packages/airflow/example_dags/example_local_kubernetes_executor.py
[2025-06-23T05:54:36.797+0000] {processor.py:840} INFO - DAG(s) 'example_local_kubernetes_executor' retrieved from /home/airflow/.local/lib/python3.12/site-packages/airflow/example_dags/example_local_kubernetes_executor.py
[2025-06-23T05:54:36.972+0000] {logging_mixin.py:188} INFO - [2025-06-23T05:54:36.969+0000] {dag.py:3089} INFO - Sync 1 DAGs
[2025-06-23T05:54:37.024+0000] {logging_mixin.py:188} INFO - [2025-06-23T05:54:37.023+0000] {dag.py:3947} INFO - Setting next_dagrun for example_local_kubernetes_executor to None, run_after=None
[2025-06-23T05:54:37.105+0000] {processor.py:183} INFO - Processing /home/airflow/.local/lib/python3.12/site-packages/airflow/example_dags/example_local_kubernetes_executor.py took 0.390 seconds
[2025-06-23T05:55:14.174+0000] {processor.py:161} INFO - Started process (PID=523) to work on /home/airflow/.local/lib/python3.12/site-packages/airflow/example_dags/example_local_kubernetes_executor.py
[2025-06-23T05:55:14.180+0000] {processor.py:830} INFO - Processing file /home/airflow/.local/lib/python3.12/site-packages/airflow/example_dags/example_local_kubernetes_executor.py for tasks to queue
[2025-06-23T05:55:14.187+0000] {logging_mixin.py:188} INFO - [2025-06-23T05:55:14.186+0000] {dagbag.py:545} INFO - Filling up the DagBag from /home/airflow/.local/lib/python3.12/site-packages/airflow/example_dags/example_local_kubernetes_executor.py
[2025-06-23T05:55:14.220+0000] {processor.py:840} INFO - DAG(s) 'example_local_kubernetes_executor' retrieved from /home/airflow/.local/lib/python3.12/site-packages/airflow/example_dags/example_local_kubernetes_executor.py
[2025-06-23T05:55:14.330+0000] {logging_mixin.py:188} INFO - [2025-06-23T05:55:14.329+0000] {dag.py:3089} INFO - Sync 1 DAGs
[2025-06-23T05:55:14.367+0000] {logging_mixin.py:188} INFO - [2025-06-23T05:55:14.367+0000] {dag.py:3947} INFO - Setting next_dagrun for example_local_kubernetes_executor to None, run_after=None
[2025-06-23T05:55:14.448+0000] {processor.py:183} INFO - Processing /home/airflow/.local/lib/python3.12/site-packages/airflow/example_dags/example_local_kubernetes_executor.py took 0.293 seconds
[2025-06-23T05:55:45.051+0000] {processor.py:161} INFO - Started process (PID=584) to work on /home/airflow/.local/lib/python3.12/site-packages/airflow/example_dags/example_local_kubernetes_executor.py
[2025-06-23T05:55:45.055+0000] {processor.py:830} INFO - Processing file /home/airflow/.local/lib/python3.12/site-packages/airflow/example_dags/example_local_kubernetes_executor.py for tasks to queue
[2025-06-23T05:55:45.065+0000] {logging_mixin.py:188} INFO - [2025-06-23T05:55:45.064+0000] {dagbag.py:545} INFO - Filling up the DagBag from /home/airflow/.local/lib/python3.12/site-packages/airflow/example_dags/example_local_kubernetes_executor.py
[2025-06-23T05:55:45.095+0000] {processor.py:840} INFO - DAG(s) 'example_local_kubernetes_executor' retrieved from /home/airflow/.local/lib/python3.12/site-packages/airflow/example_dags/example_local_kubernetes_executor.py
[2025-06-23T05:55:45.200+0000] {logging_mixin.py:188} INFO - [2025-06-23T05:55:45.199+0000] {dag.py:3089} INFO - Sync 1 DAGs
[2025-06-23T05:55:45.248+0000] {logging_mixin.py:188} INFO - [2025-06-23T05:55:45.247+0000] {dag.py:3947} INFO - Setting next_dagrun for example_local_kubernetes_executor to None, run_after=None
[2025-06-23T05:55:45.332+0000] {processor.py:183} INFO - Processing /home/airflow/.local/lib/python3.12/site-packages/airflow/example_dags/example_local_kubernetes_executor.py took 0.296 seconds
[2025-06-23T05:56:20.466+0000] {processor.py:161} INFO - Started process (PID=644) to work on /home/airflow/.local/lib/python3.12/site-packages/airflow/example_dags/example_local_kubernetes_executor.py
[2025-06-23T05:56:20.470+0000] {processor.py:830} INFO - Processing file /home/airflow/.local/lib/python3.12/site-packages/airflow/example_dags/example_local_kubernetes_executor.py for tasks to queue
[2025-06-23T05:56:20.488+0000] {logging_mixin.py:188} INFO - [2025-06-23T05:56:20.485+0000] {dagbag.py:545} INFO - Filling up the DagBag from /home/airflow/.local/lib/python3.12/site-packages/airflow/example_dags/example_local_kubernetes_executor.py
[2025-06-23T05:56:20.525+0000] {processor.py:840} INFO - DAG(s) 'example_local_kubernetes_executor' retrieved from /home/airflow/.local/lib/python3.12/site-packages/airflow/example_dags/example_local_kubernetes_executor.py
[2025-06-23T05:56:20.673+0000] {logging_mixin.py:188} INFO - [2025-06-23T05:56:20.672+0000] {dag.py:3089} INFO - Sync 1 DAGs
[2025-06-23T05:56:20.710+0000] {logging_mixin.py:188} INFO - [2025-06-23T05:56:20.709+0000] {dag.py:3947} INFO - Setting next_dagrun for example_local_kubernetes_executor to None, run_after=None
[2025-06-23T05:56:20.769+0000] {processor.py:183} INFO - Processing /home/airflow/.local/lib/python3.12/site-packages/airflow/example_dags/example_local_kubernetes_executor.py took 0.329 seconds
[2025-06-23T05:56:51.671+0000] {processor.py:161} INFO - Started process (PID=704) to work on /home/airflow/.local/lib/python3.12/site-packages/airflow/example_dags/example_local_kubernetes_executor.py
[2025-06-23T05:56:51.674+0000] {processor.py:830} INFO - Processing file /home/airflow/.local/lib/python3.12/site-packages/airflow/example_dags/example_local_kubernetes_executor.py for tasks to queue
[2025-06-23T05:56:51.680+0000] {logging_mixin.py:188} INFO - [2025-06-23T05:56:51.679+0000] {dagbag.py:545} INFO - Filling up the DagBag from /home/airflow/.local/lib/python3.12/site-packages/airflow/example_dags/example_local_kubernetes_executor.py
[2025-06-23T05:56:51.703+0000] {processor.py:840} INFO - DAG(s) 'example_local_kubernetes_executor' retrieved from /home/airflow/.local/lib/python3.12/site-packages/airflow/example_dags/example_local_kubernetes_executor.py
[2025-06-23T05:56:51.821+0000] {logging_mixin.py:188} INFO - [2025-06-23T05:56:51.821+0000] {dag.py:3089} INFO - Sync 1 DAGs
[2025-06-23T05:56:51.850+0000] {logging_mixin.py:188} INFO - [2025-06-23T05:56:51.850+0000] {dag.py:3947} INFO - Setting next_dagrun for example_local_kubernetes_executor to None, run_after=None
[2025-06-23T05:56:51.886+0000] {processor.py:183} INFO - Processing /home/airflow/.local/lib/python3.12/site-packages/airflow/example_dags/example_local_kubernetes_executor.py took 0.235 seconds
[2025-06-23T05:57:22.636+0000] {processor.py:161} INFO - Started process (PID=762) to work on /home/airflow/.local/lib/python3.12/site-packages/airflow/example_dags/example_local_kubernetes_executor.py
[2025-06-23T05:57:22.640+0000] {processor.py:830} INFO - Processing file /home/airflow/.local/lib/python3.12/site-packages/airflow/example_dags/example_local_kubernetes_executor.py for tasks to queue
[2025-06-23T05:57:22.647+0000] {logging_mixin.py:188} INFO - [2025-06-23T05:57:22.646+0000] {dagbag.py:545} INFO - Filling up the DagBag from /home/airflow/.local/lib/python3.12/site-packages/airflow/example_dags/example_local_kubernetes_executor.py
[2025-06-23T05:57:22.670+0000] {processor.py:840} INFO - DAG(s) 'example_local_kubernetes_executor' retrieved from /home/airflow/.local/lib/python3.12/site-packages/airflow/example_dags/example_local_kubernetes_executor.py
[2025-06-23T05:57:22.766+0000] {logging_mixin.py:188} INFO - [2025-06-23T05:57:22.765+0000] {dag.py:3089} INFO - Sync 1 DAGs
[2025-06-23T05:57:22.808+0000] {logging_mixin.py:188} INFO - [2025-06-23T05:57:22.807+0000] {dag.py:3947} INFO - Setting next_dagrun for example_local_kubernetes_executor to None, run_after=None
[2025-06-23T05:57:22.866+0000] {processor.py:183} INFO - Processing /home/airflow/.local/lib/python3.12/site-packages/airflow/example_dags/example_local_kubernetes_executor.py took 0.246 seconds
[2025-06-23T05:57:52.999+0000] {processor.py:161} INFO - Started process (PID=822) to work on /home/airflow/.local/lib/python3.12/site-packages/airflow/example_dags/example_local_kubernetes_executor.py
[2025-06-23T05:57:53.001+0000] {processor.py:830} INFO - Processing file /home/airflow/.local/lib/python3.12/site-packages/airflow/example_dags/example_local_kubernetes_executor.py for tasks to queue
[2025-06-23T05:57:53.005+0000] {logging_mixin.py:188} INFO - [2025-06-23T05:57:53.005+0000] {dagbag.py:545} INFO - Filling up the DagBag from /home/airflow/.local/lib/python3.12/site-packages/airflow/example_dags/example_local_kubernetes_executor.py
[2025-06-23T05:57:53.021+0000] {processor.py:840} INFO - DAG(s) 'example_local_kubernetes_executor' retrieved from /home/airflow/.local/lib/python3.12/site-packages/airflow/example_dags/example_local_kubernetes_executor.py
[2025-06-23T05:57:53.068+0000] {logging_mixin.py:188} INFO - [2025-06-23T05:57:53.068+0000] {dag.py:3089} INFO - Sync 1 DAGs
[2025-06-23T05:57:53.087+0000] {logging_mixin.py:188} INFO - [2025-06-23T05:57:53.087+0000] {dag.py:3947} INFO - Setting next_dagrun for example_local_kubernetes_executor to None, run_after=None
[2025-06-23T05:57:53.120+0000] {processor.py:183} INFO - Processing /home/airflow/.local/lib/python3.12/site-packages/airflow/example_dags/example_local_kubernetes_executor.py took 0.130 seconds
[2025-06-23T05:58:23.618+0000] {processor.py:161} INFO - Started process (PID=890) to work on /home/airflow/.local/lib/python3.12/site-packages/airflow/example_dags/example_local_kubernetes_executor.py
[2025-06-23T05:58:23.620+0000] {processor.py:830} INFO - Processing file /home/airflow/.local/lib/python3.12/site-packages/airflow/example_dags/example_local_kubernetes_executor.py for tasks to queue
[2025-06-23T05:58:23.624+0000] {logging_mixin.py:188} INFO - [2025-06-23T05:58:23.623+0000] {dagbag.py:545} INFO - Filling up the DagBag from /home/airflow/.local/lib/python3.12/site-packages/airflow/example_dags/example_local_kubernetes_executor.py
[2025-06-23T05:58:23.639+0000] {processor.py:840} INFO - DAG(s) 'example_local_kubernetes_executor' retrieved from /home/airflow/.local/lib/python3.12/site-packages/airflow/example_dags/example_local_kubernetes_executor.py
[2025-06-23T05:58:23.699+0000] {logging_mixin.py:188} INFO - [2025-06-23T05:58:23.698+0000] {dag.py:3089} INFO - Sync 1 DAGs
[2025-06-23T05:58:23.720+0000] {logging_mixin.py:188} INFO - [2025-06-23T05:58:23.719+0000] {dag.py:3947} INFO - Setting next_dagrun for example_local_kubernetes_executor to None, run_after=None
[2025-06-23T05:58:23.756+0000] {processor.py:183} INFO - Processing /home/airflow/.local/lib/python3.12/site-packages/airflow/example_dags/example_local_kubernetes_executor.py took 0.148 seconds
[2025-06-23T05:59:02.692+0000] {processor.py:161} INFO - Started process (PID=950) to work on /home/airflow/.local/lib/python3.12/site-packages/airflow/example_dags/example_local_kubernetes_executor.py
[2025-06-23T05:59:02.699+0000] {processor.py:830} INFO - Processing file /home/airflow/.local/lib/python3.12/site-packages/airflow/example_dags/example_local_kubernetes_executor.py for tasks to queue
[2025-06-23T05:59:02.709+0000] {logging_mixin.py:188} INFO - [2025-06-23T05:59:02.707+0000] {dagbag.py:545} INFO - Filling up the DagBag from /home/airflow/.local/lib/python3.12/site-packages/airflow/example_dags/example_local_kubernetes_executor.py
[2025-06-23T05:59:02.744+0000] {processor.py:840} INFO - DAG(s) 'example_local_kubernetes_executor' retrieved from /home/airflow/.local/lib/python3.12/site-packages/airflow/example_dags/example_local_kubernetes_executor.py
[2025-06-23T05:59:02.860+0000] {logging_mixin.py:188} INFO - [2025-06-23T05:59:02.859+0000] {dag.py:3089} INFO - Sync 1 DAGs
[2025-06-23T05:59:02.903+0000] {logging_mixin.py:188} INFO - [2025-06-23T05:59:02.902+0000] {dag.py:3947} INFO - Setting next_dagrun for example_local_kubernetes_executor to None, run_after=None
[2025-06-23T05:59:02.978+0000] {processor.py:183} INFO - Processing /home/airflow/.local/lib/python3.12/site-packages/airflow/example_dags/example_local_kubernetes_executor.py took 0.316 seconds
[2025-06-23T05:59:34.312+0000] {processor.py:161} INFO - Started process (PID=1009) to work on /home/airflow/.local/lib/python3.12/site-packages/airflow/example_dags/example_local_kubernetes_executor.py
[2025-06-23T05:59:34.344+0000] {processor.py:830} INFO - Processing file /home/airflow/.local/lib/python3.12/site-packages/airflow/example_dags/example_local_kubernetes_executor.py for tasks to queue
[2025-06-23T05:59:34.406+0000] {logging_mixin.py:188} INFO - [2025-06-23T05:59:34.399+0000] {dagbag.py:545} INFO - Filling up the DagBag from /home/airflow/.local/lib/python3.12/site-packages/airflow/example_dags/example_local_kubernetes_executor.py
[2025-06-23T05:59:34.576+0000] {processor.py:840} INFO - DAG(s) 'example_local_kubernetes_executor' retrieved from /home/airflow/.local/lib/python3.12/site-packages/airflow/example_dags/example_local_kubernetes_executor.py
[2025-06-23T05:59:35.239+0000] {logging_mixin.py:188} INFO - [2025-06-23T05:59:35.239+0000] {dag.py:3089} INFO - Sync 1 DAGs
[2025-06-23T05:59:35.334+0000] {logging_mixin.py:188} INFO - [2025-06-23T05:59:35.334+0000] {dag.py:3947} INFO - Setting next_dagrun for example_local_kubernetes_executor to None, run_after=None
[2025-06-23T05:59:35.404+0000] {processor.py:183} INFO - Processing /home/airflow/.local/lib/python3.12/site-packages/airflow/example_dags/example_local_kubernetes_executor.py took 1.196 seconds
[2025-06-23T06:00:06.809+0000] {processor.py:161} INFO - Started process (PID=1070) to work on /home/airflow/.local/lib/python3.12/site-packages/airflow/example_dags/example_local_kubernetes_executor.py
[2025-06-23T06:00:06.855+0000] {processor.py:830} INFO - Processing file /home/airflow/.local/lib/python3.12/site-packages/airflow/example_dags/example_local_kubernetes_executor.py for tasks to queue
[2025-06-23T06:00:06.905+0000] {logging_mixin.py:188} INFO - [2025-06-23T06:00:06.902+0000] {dagbag.py:545} INFO - Filling up the DagBag from /home/airflow/.local/lib/python3.12/site-packages/airflow/example_dags/example_local_kubernetes_executor.py
[2025-06-23T06:00:07.249+0000] {processor.py:840} INFO - DAG(s) 'example_local_kubernetes_executor' retrieved from /home/airflow/.local/lib/python3.12/site-packages/airflow/example_dags/example_local_kubernetes_executor.py
[2025-06-23T06:00:08.006+0000] {logging_mixin.py:188} INFO - [2025-06-23T06:00:08.000+0000] {dag.py:3089} INFO - Sync 1 DAGs
[2025-06-23T06:00:08.250+0000] {logging_mixin.py:188} INFO - [2025-06-23T06:00:08.250+0000] {dag.py:3947} INFO - Setting next_dagrun for example_local_kubernetes_executor to None, run_after=None
[2025-06-23T06:00:08.320+0000] {processor.py:183} INFO - Processing /home/airflow/.local/lib/python3.12/site-packages/airflow/example_dags/example_local_kubernetes_executor.py took 1.953 seconds
[2025-06-23T06:00:39.249+0000] {processor.py:161} INFO - Started process (PID=1136) to work on /home/airflow/.local/lib/python3.12/site-packages/airflow/example_dags/example_local_kubernetes_executor.py
[2025-06-23T06:00:39.252+0000] {processor.py:830} INFO - Processing file /home/airflow/.local/lib/python3.12/site-packages/airflow/example_dags/example_local_kubernetes_executor.py for tasks to queue
[2025-06-23T06:00:39.258+0000] {logging_mixin.py:188} INFO - [2025-06-23T06:00:39.257+0000] {dagbag.py:545} INFO - Filling up the DagBag from /home/airflow/.local/lib/python3.12/site-packages/airflow/example_dags/example_local_kubernetes_executor.py
[2025-06-23T06:00:39.318+0000] {processor.py:840} INFO - DAG(s) 'example_local_kubernetes_executor' retrieved from /home/airflow/.local/lib/python3.12/site-packages/airflow/example_dags/example_local_kubernetes_executor.py
[2025-06-23T06:00:39.535+0000] {logging_mixin.py:188} INFO - [2025-06-23T06:00:39.534+0000] {dag.py:3089} INFO - Sync 1 DAGs
[2025-06-23T06:00:39.584+0000] {logging_mixin.py:188} INFO - [2025-06-23T06:00:39.583+0000] {dag.py:3947} INFO - Setting next_dagrun for example_local_kubernetes_executor to None, run_after=None
[2025-06-23T06:00:39.639+0000] {processor.py:183} INFO - Processing /home/airflow/.local/lib/python3.12/site-packages/airflow/example_dags/example_local_kubernetes_executor.py took 0.408 seconds
[2025-06-23T06:01:10.547+0000] {processor.py:161} INFO - Started process (PID=1196) to work on /home/airflow/.local/lib/python3.12/site-packages/airflow/example_dags/example_local_kubernetes_executor.py
[2025-06-23T06:01:10.550+0000] {processor.py:830} INFO - Processing file /home/airflow/.local/lib/python3.12/site-packages/airflow/example_dags/example_local_kubernetes_executor.py for tasks to queue
[2025-06-23T06:01:10.554+0000] {logging_mixin.py:188} INFO - [2025-06-23T06:01:10.553+0000] {dagbag.py:545} INFO - Filling up the DagBag from /home/airflow/.local/lib/python3.12/site-packages/airflow/example_dags/example_local_kubernetes_executor.py
[2025-06-23T06:01:10.572+0000] {processor.py:840} INFO - DAG(s) 'example_local_kubernetes_executor' retrieved from /home/airflow/.local/lib/python3.12/site-packages/airflow/example_dags/example_local_kubernetes_executor.py
[2025-06-23T06:01:10.636+0000] {logging_mixin.py:188} INFO - [2025-06-23T06:01:10.636+0000] {dag.py:3089} INFO - Sync 1 DAGs
[2025-06-23T06:01:10.683+0000] {logging_mixin.py:188} INFO - [2025-06-23T06:01:10.683+0000] {dag.py:3947} INFO - Setting next_dagrun for example_local_kubernetes_executor to None, run_after=None
[2025-06-23T06:01:10.754+0000] {processor.py:183} INFO - Processing /home/airflow/.local/lib/python3.12/site-packages/airflow/example_dags/example_local_kubernetes_executor.py took 0.220 seconds
[2025-06-23T06:01:41.312+0000] {processor.py:161} INFO - Started process (PID=1257) to work on /home/airflow/.local/lib/python3.12/site-packages/airflow/example_dags/example_local_kubernetes_executor.py
[2025-06-23T06:01:41.314+0000] {processor.py:830} INFO - Processing file /home/airflow/.local/lib/python3.12/site-packages/airflow/example_dags/example_local_kubernetes_executor.py for tasks to queue
[2025-06-23T06:01:41.319+0000] {logging_mixin.py:188} INFO - [2025-06-23T06:01:41.317+0000] {dagbag.py:545} INFO - Filling up the DagBag from /home/airflow/.local/lib/python3.12/site-packages/airflow/example_dags/example_local_kubernetes_executor.py
[2025-06-23T06:01:41.335+0000] {processor.py:840} INFO - DAG(s) 'example_local_kubernetes_executor' retrieved from /home/airflow/.local/lib/python3.12/site-packages/airflow/example_dags/example_local_kubernetes_executor.py
[2025-06-23T06:01:41.399+0000] {logging_mixin.py:188} INFO - [2025-06-23T06:01:41.398+0000] {dag.py:3089} INFO - Sync 1 DAGs
[2025-06-23T06:01:41.426+0000] {logging_mixin.py:188} INFO - [2025-06-23T06:01:41.425+0000] {dag.py:3947} INFO - Setting next_dagrun for example_local_kubernetes_executor to None, run_after=None
[2025-06-23T06:01:41.473+0000] {processor.py:183} INFO - Processing /home/airflow/.local/lib/python3.12/site-packages/airflow/example_dags/example_local_kubernetes_executor.py took 0.171 seconds
[2025-06-23T06:02:11.912+0000] {processor.py:161} INFO - Started process (PID=1317) to work on /home/airflow/.local/lib/python3.12/site-packages/airflow/example_dags/example_local_kubernetes_executor.py
[2025-06-23T06:02:11.916+0000] {processor.py:830} INFO - Processing file /home/airflow/.local/lib/python3.12/site-packages/airflow/example_dags/example_local_kubernetes_executor.py for tasks to queue
[2025-06-23T06:02:11.931+0000] {logging_mixin.py:188} INFO - [2025-06-23T06:02:11.929+0000] {dagbag.py:545} INFO - Filling up the DagBag from /home/airflow/.local/lib/python3.12/site-packages/airflow/example_dags/example_local_kubernetes_executor.py
[2025-06-23T06:02:11.990+0000] {processor.py:840} INFO - DAG(s) 'example_local_kubernetes_executor' retrieved from /home/airflow/.local/lib/python3.12/site-packages/airflow/example_dags/example_local_kubernetes_executor.py
[2025-06-23T06:02:12.146+0000] {logging_mixin.py:188} INFO - [2025-06-23T06:02:12.146+0000] {dag.py:3089} INFO - Sync 1 DAGs
[2025-06-23T06:02:12.201+0000] {logging_mixin.py:188} INFO - [2025-06-23T06:02:12.200+0000] {dag.py:3947} INFO - Setting next_dagrun for example_local_kubernetes_executor to None, run_after=None
[2025-06-23T06:02:12.254+0000] {processor.py:183} INFO - Processing /home/airflow/.local/lib/python3.12/site-packages/airflow/example_dags/example_local_kubernetes_executor.py took 0.374 seconds
[2025-06-23T06:02:42.475+0000] {processor.py:161} INFO - Started process (PID=1371) to work on /home/airflow/.local/lib/python3.12/site-packages/airflow/example_dags/example_local_kubernetes_executor.py
[2025-06-23T06:02:42.484+0000] {processor.py:830} INFO - Processing file /home/airflow/.local/lib/python3.12/site-packages/airflow/example_dags/example_local_kubernetes_executor.py for tasks to queue
[2025-06-23T06:02:42.497+0000] {logging_mixin.py:188} INFO - [2025-06-23T06:02:42.494+0000] {dagbag.py:545} INFO - Filling up the DagBag from /home/airflow/.local/lib/python3.12/site-packages/airflow/example_dags/example_local_kubernetes_executor.py
[2025-06-23T06:02:42.575+0000] {processor.py:840} INFO - DAG(s) 'example_local_kubernetes_executor' retrieved from /home/airflow/.local/lib/python3.12/site-packages/airflow/example_dags/example_local_kubernetes_executor.py
[2025-06-23T06:02:42.744+0000] {logging_mixin.py:188} INFO - [2025-06-23T06:02:42.744+0000] {dag.py:3089} INFO - Sync 1 DAGs
[2025-06-23T06:02:42.803+0000] {logging_mixin.py:188} INFO - [2025-06-23T06:02:42.802+0000] {dag.py:3947} INFO - Setting next_dagrun for example_local_kubernetes_executor to None, run_after=None
[2025-06-23T06:02:42.923+0000] {processor.py:183} INFO - Processing /home/airflow/.local/lib/python3.12/site-packages/airflow/example_dags/example_local_kubernetes_executor.py took 0.480 seconds
[2025-06-23T06:03:13.455+0000] {processor.py:161} INFO - Started process (PID=1432) to work on /home/airflow/.local/lib/python3.12/site-packages/airflow/example_dags/example_local_kubernetes_executor.py
[2025-06-23T06:03:13.472+0000] {processor.py:830} INFO - Processing file /home/airflow/.local/lib/python3.12/site-packages/airflow/example_dags/example_local_kubernetes_executor.py for tasks to queue
[2025-06-23T06:03:13.505+0000] {logging_mixin.py:188} INFO - [2025-06-23T06:03:13.501+0000] {dagbag.py:545} INFO - Filling up the DagBag from /home/airflow/.local/lib/python3.12/site-packages/airflow/example_dags/example_local_kubernetes_executor.py
[2025-06-23T06:03:13.567+0000] {processor.py:840} INFO - DAG(s) 'example_local_kubernetes_executor' retrieved from /home/airflow/.local/lib/python3.12/site-packages/airflow/example_dags/example_local_kubernetes_executor.py
[2025-06-23T06:03:13.781+0000] {logging_mixin.py:188} INFO - [2025-06-23T06:03:13.780+0000] {dag.py:3089} INFO - Sync 1 DAGs
[2025-06-23T06:03:13.919+0000] {logging_mixin.py:188} INFO - [2025-06-23T06:03:13.918+0000] {dag.py:3947} INFO - Setting next_dagrun for example_local_kubernetes_executor to None, run_after=None
[2025-06-23T06:03:14.043+0000] {processor.py:183} INFO - Processing /home/airflow/.local/lib/python3.12/site-packages/airflow/example_dags/example_local_kubernetes_executor.py took 0.690 seconds
[2025-06-23T06:03:44.341+0000] {processor.py:161} INFO - Started process (PID=1492) to work on /home/airflow/.local/lib/python3.12/site-packages/airflow/example_dags/example_local_kubernetes_executor.py
[2025-06-23T06:03:44.355+0000] {processor.py:830} INFO - Processing file /home/airflow/.local/lib/python3.12/site-packages/airflow/example_dags/example_local_kubernetes_executor.py for tasks to queue
[2025-06-23T06:03:44.378+0000] {logging_mixin.py:188} INFO - [2025-06-23T06:03:44.375+0000] {dagbag.py:545} INFO - Filling up the DagBag from /home/airflow/.local/lib/python3.12/site-packages/airflow/example_dags/example_local_kubernetes_executor.py
[2025-06-23T06:03:44.487+0000] {processor.py:840} INFO - DAG(s) 'example_local_kubernetes_executor' retrieved from /home/airflow/.local/lib/python3.12/site-packages/airflow/example_dags/example_local_kubernetes_executor.py
[2025-06-23T06:03:44.872+0000] {logging_mixin.py:188} INFO - [2025-06-23T06:03:44.871+0000] {dag.py:3089} INFO - Sync 1 DAGs
[2025-06-23T06:03:44.975+0000] {logging_mixin.py:188} INFO - [2025-06-23T06:03:44.974+0000] {dag.py:3947} INFO - Setting next_dagrun for example_local_kubernetes_executor to None, run_after=None
[2025-06-23T06:03:45.135+0000] {processor.py:183} INFO - Processing /home/airflow/.local/lib/python3.12/site-packages/airflow/example_dags/example_local_kubernetes_executor.py took 0.841 seconds
[2025-06-23T06:04:15.382+0000] {processor.py:161} INFO - Started process (PID=1552) to work on /home/airflow/.local/lib/python3.12/site-packages/airflow/example_dags/example_local_kubernetes_executor.py
[2025-06-23T06:04:15.385+0000] {processor.py:830} INFO - Processing file /home/airflow/.local/lib/python3.12/site-packages/airflow/example_dags/example_local_kubernetes_executor.py for tasks to queue
[2025-06-23T06:04:15.388+0000] {logging_mixin.py:188} INFO - [2025-06-23T06:04:15.387+0000] {dagbag.py:545} INFO - Filling up the DagBag from /home/airflow/.local/lib/python3.12/site-packages/airflow/example_dags/example_local_kubernetes_executor.py
[2025-06-23T06:04:15.403+0000] {processor.py:840} INFO - DAG(s) 'example_local_kubernetes_executor' retrieved from /home/airflow/.local/lib/python3.12/site-packages/airflow/example_dags/example_local_kubernetes_executor.py
[2025-06-23T06:04:15.480+0000] {logging_mixin.py:188} INFO - [2025-06-23T06:04:15.480+0000] {dag.py:3089} INFO - Sync 1 DAGs
[2025-06-23T06:04:15.507+0000] {logging_mixin.py:188} INFO - [2025-06-23T06:04:15.506+0000] {dag.py:3947} INFO - Setting next_dagrun for example_local_kubernetes_executor to None, run_after=None
[2025-06-23T06:04:15.546+0000] {processor.py:183} INFO - Processing /home/airflow/.local/lib/python3.12/site-packages/airflow/example_dags/example_local_kubernetes_executor.py took 0.175 seconds
