[2025-06-23T05:51:41.931+0000] {processor.py:161} INFO - Started process (PID=119) to work on /home/airflow/.local/lib/python3.12/site-packages/airflow/example_dags/example_branch_operator_decorator.py
[2025-06-23T05:51:41.934+0000] {processor.py:830} INFO - Processing file /home/airflow/.local/lib/python3.12/site-packages/airflow/example_dags/example_branch_operator_decorator.py for tasks to queue
[2025-06-23T05:51:41.941+0000] {logging_mixin.py:188} INFO - [2025-06-23T05:51:41.939+0000] {dagbag.py:545} INFO - Filling up the DagBag from /home/airflow/.local/lib/python3.12/site-packages/airflow/example_dags/example_branch_operator_decorator.py
[2025-06-23T05:51:42.047+0000] {processor.py:840} INFO - DAG(s) 'example_branch_python_operator_decorator' retrieved from /home/airflow/.local/lib/python3.12/site-packages/airflow/example_dags/example_branch_operator_decorator.py
[2025-06-23T05:51:42.448+0000] {logging_mixin.py:188} INFO - [2025-06-23T05:51:42.447+0000] {dag.py:3089} INFO - Sync 1 DAGs
[2025-06-23T05:51:42.564+0000] {logging_mixin.py:188} INFO - [2025-06-23T05:51:42.563+0000] {dag.py:3947} INFO - Setting next_dagrun for example_branch_python_operator_decorator to 2025-06-22 00:00:00+00:00, run_after=2025-06-23 00:00:00+00:00
[2025-06-23T05:51:42.651+0000] {processor.py:183} INFO - Processing /home/airflow/.local/lib/python3.12/site-packages/airflow/example_dags/example_branch_operator_decorator.py took 0.753 seconds
[2025-06-23T05:52:12.889+0000] {processor.py:161} INFO - Started process (PID=179) to work on /home/airflow/.local/lib/python3.12/site-packages/airflow/example_dags/example_branch_operator_decorator.py
[2025-06-23T05:52:12.891+0000] {processor.py:830} INFO - Processing file /home/airflow/.local/lib/python3.12/site-packages/airflow/example_dags/example_branch_operator_decorator.py for tasks to queue
[2025-06-23T05:52:12.899+0000] {logging_mixin.py:188} INFO - [2025-06-23T05:52:12.895+0000] {dagbag.py:545} INFO - Filling up the DagBag from /home/airflow/.local/lib/python3.12/site-packages/airflow/example_dags/example_branch_operator_decorator.py
[2025-06-23T05:52:12.947+0000] {processor.py:840} INFO - DAG(s) 'example_branch_python_operator_decorator' retrieved from /home/airflow/.local/lib/python3.12/site-packages/airflow/example_dags/example_branch_operator_decorator.py
[2025-06-23T05:52:13.010+0000] {logging_mixin.py:188} INFO - [2025-06-23T05:52:13.009+0000] {dag.py:3089} INFO - Sync 1 DAGs
[2025-06-23T05:52:13.066+0000] {logging_mixin.py:188} INFO - [2025-06-23T05:52:13.065+0000] {dag.py:3947} INFO - Setting next_dagrun for example_branch_python_operator_decorator to 2025-06-22 00:00:00+00:00, run_after=2025-06-23 00:00:00+00:00
[2025-06-23T05:52:13.136+0000] {processor.py:183} INFO - Processing /home/airflow/.local/lib/python3.12/site-packages/airflow/example_dags/example_branch_operator_decorator.py took 0.271 seconds
[2025-06-23T05:52:44.015+0000] {processor.py:161} INFO - Started process (PID=240) to work on /home/airflow/.local/lib/python3.12/site-packages/airflow/example_dags/example_branch_operator_decorator.py
[2025-06-23T05:52:44.018+0000] {processor.py:830} INFO - Processing file /home/airflow/.local/lib/python3.12/site-packages/airflow/example_dags/example_branch_operator_decorator.py for tasks to queue
[2025-06-23T05:52:44.034+0000] {logging_mixin.py:188} INFO - [2025-06-23T05:52:44.032+0000] {dagbag.py:545} INFO - Filling up the DagBag from /home/airflow/.local/lib/python3.12/site-packages/airflow/example_dags/example_branch_operator_decorator.py
[2025-06-23T05:52:44.140+0000] {processor.py:840} INFO - DAG(s) 'example_branch_python_operator_decorator' retrieved from /home/airflow/.local/lib/python3.12/site-packages/airflow/example_dags/example_branch_operator_decorator.py
[2025-06-23T05:52:44.257+0000] {logging_mixin.py:188} INFO - [2025-06-23T05:52:44.256+0000] {dag.py:3089} INFO - Sync 1 DAGs
[2025-06-23T05:52:44.339+0000] {logging_mixin.py:188} INFO - [2025-06-23T05:52:44.338+0000] {dag.py:3947} INFO - Setting next_dagrun for example_branch_python_operator_decorator to 2025-06-22 00:00:00+00:00, run_after=2025-06-23 00:00:00+00:00
[2025-06-23T05:52:44.450+0000] {processor.py:183} INFO - Processing /home/airflow/.local/lib/python3.12/site-packages/airflow/example_dags/example_branch_operator_decorator.py took 0.462 seconds
[2025-06-23T05:53:15.118+0000] {processor.py:161} INFO - Started process (PID=300) to work on /home/airflow/.local/lib/python3.12/site-packages/airflow/example_dags/example_branch_operator_decorator.py
[2025-06-23T05:53:15.120+0000] {processor.py:830} INFO - Processing file /home/airflow/.local/lib/python3.12/site-packages/airflow/example_dags/example_branch_operator_decorator.py for tasks to queue
[2025-06-23T05:53:15.124+0000] {logging_mixin.py:188} INFO - [2025-06-23T05:53:15.124+0000] {dagbag.py:545} INFO - Filling up the DagBag from /home/airflow/.local/lib/python3.12/site-packages/airflow/example_dags/example_branch_operator_decorator.py
[2025-06-23T05:53:15.158+0000] {processor.py:840} INFO - DAG(s) 'example_branch_python_operator_decorator' retrieved from /home/airflow/.local/lib/python3.12/site-packages/airflow/example_dags/example_branch_operator_decorator.py
[2025-06-23T05:53:15.210+0000] {logging_mixin.py:188} INFO - [2025-06-23T05:53:15.210+0000] {dag.py:3089} INFO - Sync 1 DAGs
[2025-06-23T05:53:15.251+0000] {logging_mixin.py:188} INFO - [2025-06-23T05:53:15.251+0000] {dag.py:3947} INFO - Setting next_dagrun for example_branch_python_operator_decorator to 2025-06-22 00:00:00+00:00, run_after=2025-06-23 00:00:00+00:00
[2025-06-23T05:53:15.296+0000] {processor.py:183} INFO - Processing /home/airflow/.local/lib/python3.12/site-packages/airflow/example_dags/example_branch_operator_decorator.py took 0.187 seconds
[2025-06-23T05:53:45.793+0000] {processor.py:161} INFO - Started process (PID=359) to work on /home/airflow/.local/lib/python3.12/site-packages/airflow/example_dags/example_branch_operator_decorator.py
[2025-06-23T05:53:45.817+0000] {processor.py:830} INFO - Processing file /home/airflow/.local/lib/python3.12/site-packages/airflow/example_dags/example_branch_operator_decorator.py for tasks to queue
[2025-06-23T05:53:45.839+0000] {logging_mixin.py:188} INFO - [2025-06-23T05:53:45.831+0000] {dagbag.py:545} INFO - Filling up the DagBag from /home/airflow/.local/lib/python3.12/site-packages/airflow/example_dags/example_branch_operator_decorator.py
[2025-06-23T05:53:46.174+0000] {processor.py:840} INFO - DAG(s) 'example_branch_python_operator_decorator' retrieved from /home/airflow/.local/lib/python3.12/site-packages/airflow/example_dags/example_branch_operator_decorator.py
[2025-06-23T05:53:46.595+0000] {logging_mixin.py:188} INFO - [2025-06-23T05:53:46.593+0000] {dag.py:3089} INFO - Sync 1 DAGs
[2025-06-23T05:53:46.910+0000] {logging_mixin.py:188} INFO - [2025-06-23T05:53:46.909+0000] {dag.py:3947} INFO - Setting next_dagrun for example_branch_python_operator_decorator to 2025-06-22 00:00:00+00:00, run_after=2025-06-23 00:00:00+00:00
[2025-06-23T05:53:46.992+0000] {processor.py:183} INFO - Processing /home/airflow/.local/lib/python3.12/site-packages/airflow/example_dags/example_branch_operator_decorator.py took 1.271 seconds
[2025-06-23T05:54:17.214+0000] {processor.py:161} INFO - Started process (PID=421) to work on /home/airflow/.local/lib/python3.12/site-packages/airflow/example_dags/example_branch_operator_decorator.py
[2025-06-23T05:54:17.218+0000] {processor.py:830} INFO - Processing file /home/airflow/.local/lib/python3.12/site-packages/airflow/example_dags/example_branch_operator_decorator.py for tasks to queue
[2025-06-23T05:54:17.225+0000] {logging_mixin.py:188} INFO - [2025-06-23T05:54:17.224+0000] {dagbag.py:545} INFO - Filling up the DagBag from /home/airflow/.local/lib/python3.12/site-packages/airflow/example_dags/example_branch_operator_decorator.py
[2025-06-23T05:54:17.291+0000] {processor.py:840} INFO - DAG(s) 'example_branch_python_operator_decorator' retrieved from /home/airflow/.local/lib/python3.12/site-packages/airflow/example_dags/example_branch_operator_decorator.py
[2025-06-23T05:54:17.386+0000] {logging_mixin.py:188} INFO - [2025-06-23T05:54:17.384+0000] {dag.py:3089} INFO - Sync 1 DAGs
[2025-06-23T05:54:17.475+0000] {logging_mixin.py:188} INFO - [2025-06-23T05:54:17.474+0000] {dag.py:3947} INFO - Setting next_dagrun for example_branch_python_operator_decorator to 2025-06-22 00:00:00+00:00, run_after=2025-06-23 00:00:00+00:00
[2025-06-23T05:54:17.555+0000] {processor.py:183} INFO - Processing /home/airflow/.local/lib/python3.12/site-packages/airflow/example_dags/example_branch_operator_decorator.py took 0.359 seconds
[2025-06-23T05:54:48.451+0000] {processor.py:161} INFO - Started process (PID=481) to work on /home/airflow/.local/lib/python3.12/site-packages/airflow/example_dags/example_branch_operator_decorator.py
[2025-06-23T05:54:48.455+0000] {processor.py:830} INFO - Processing file /home/airflow/.local/lib/python3.12/site-packages/airflow/example_dags/example_branch_operator_decorator.py for tasks to queue
[2025-06-23T05:54:48.458+0000] {logging_mixin.py:188} INFO - [2025-06-23T05:54:48.458+0000] {dagbag.py:545} INFO - Filling up the DagBag from /home/airflow/.local/lib/python3.12/site-packages/airflow/example_dags/example_branch_operator_decorator.py
[2025-06-23T05:54:48.505+0000] {processor.py:840} INFO - DAG(s) 'example_branch_python_operator_decorator' retrieved from /home/airflow/.local/lib/python3.12/site-packages/airflow/example_dags/example_branch_operator_decorator.py
[2025-06-23T05:54:48.559+0000] {logging_mixin.py:188} INFO - [2025-06-23T05:54:48.559+0000] {dag.py:3089} INFO - Sync 1 DAGs
[2025-06-23T05:54:48.626+0000] {logging_mixin.py:188} INFO - [2025-06-23T05:54:48.626+0000] {dag.py:3947} INFO - Setting next_dagrun for example_branch_python_operator_decorator to 2025-06-22 00:00:00+00:00, run_after=2025-06-23 00:00:00+00:00
[2025-06-23T05:54:48.689+0000] {processor.py:183} INFO - Processing /home/airflow/.local/lib/python3.12/site-packages/airflow/example_dags/example_branch_operator_decorator.py took 0.252 seconds
[2025-06-23T05:55:19.135+0000] {processor.py:161} INFO - Started process (PID=541) to work on /home/airflow/.local/lib/python3.12/site-packages/airflow/example_dags/example_branch_operator_decorator.py
[2025-06-23T05:55:19.140+0000] {processor.py:830} INFO - Processing file /home/airflow/.local/lib/python3.12/site-packages/airflow/example_dags/example_branch_operator_decorator.py for tasks to queue
[2025-06-23T05:55:19.151+0000] {logging_mixin.py:188} INFO - [2025-06-23T05:55:19.150+0000] {dagbag.py:545} INFO - Filling up the DagBag from /home/airflow/.local/lib/python3.12/site-packages/airflow/example_dags/example_branch_operator_decorator.py
[2025-06-23T05:55:19.242+0000] {processor.py:840} INFO - DAG(s) 'example_branch_python_operator_decorator' retrieved from /home/airflow/.local/lib/python3.12/site-packages/airflow/example_dags/example_branch_operator_decorator.py
[2025-06-23T05:55:19.390+0000] {logging_mixin.py:188} INFO - [2025-06-23T05:55:19.389+0000] {dag.py:3089} INFO - Sync 1 DAGs
[2025-06-23T05:55:19.567+0000] {logging_mixin.py:188} INFO - [2025-06-23T05:55:19.566+0000] {dag.py:3947} INFO - Setting next_dagrun for example_branch_python_operator_decorator to 2025-06-22 00:00:00+00:00, run_after=2025-06-23 00:00:00+00:00
[2025-06-23T05:55:19.661+0000] {processor.py:183} INFO - Processing /home/airflow/.local/lib/python3.12/site-packages/airflow/example_dags/example_branch_operator_decorator.py took 0.550 seconds
[2025-06-23T05:55:50.373+0000] {processor.py:161} INFO - Started process (PID=602) to work on /home/airflow/.local/lib/python3.12/site-packages/airflow/example_dags/example_branch_operator_decorator.py
[2025-06-23T05:55:50.377+0000] {processor.py:830} INFO - Processing file /home/airflow/.local/lib/python3.12/site-packages/airflow/example_dags/example_branch_operator_decorator.py for tasks to queue
[2025-06-23T05:55:50.385+0000] {logging_mixin.py:188} INFO - [2025-06-23T05:55:50.384+0000] {dagbag.py:545} INFO - Filling up the DagBag from /home/airflow/.local/lib/python3.12/site-packages/airflow/example_dags/example_branch_operator_decorator.py
[2025-06-23T05:55:50.455+0000] {processor.py:840} INFO - DAG(s) 'example_branch_python_operator_decorator' retrieved from /home/airflow/.local/lib/python3.12/site-packages/airflow/example_dags/example_branch_operator_decorator.py
[2025-06-23T05:55:50.523+0000] {logging_mixin.py:188} INFO - [2025-06-23T05:55:50.522+0000] {dag.py:3089} INFO - Sync 1 DAGs
[2025-06-23T05:55:50.576+0000] {logging_mixin.py:188} INFO - [2025-06-23T05:55:50.575+0000] {dag.py:3947} INFO - Setting next_dagrun for example_branch_python_operator_decorator to 2025-06-22 00:00:00+00:00, run_after=2025-06-23 00:00:00+00:00
[2025-06-23T05:55:50.634+0000] {processor.py:183} INFO - Processing /home/airflow/.local/lib/python3.12/site-packages/airflow/example_dags/example_branch_operator_decorator.py took 0.278 seconds
[2025-06-23T05:56:22.848+0000] {processor.py:161} INFO - Started process (PID=662) to work on /home/airflow/.local/lib/python3.12/site-packages/airflow/example_dags/example_branch_operator_decorator.py
[2025-06-23T05:56:22.850+0000] {processor.py:830} INFO - Processing file /home/airflow/.local/lib/python3.12/site-packages/airflow/example_dags/example_branch_operator_decorator.py for tasks to queue
[2025-06-23T05:56:22.853+0000] {logging_mixin.py:188} INFO - [2025-06-23T05:56:22.853+0000] {dagbag.py:545} INFO - Filling up the DagBag from /home/airflow/.local/lib/python3.12/site-packages/airflow/example_dags/example_branch_operator_decorator.py
[2025-06-23T05:56:22.887+0000] {processor.py:840} INFO - DAG(s) 'example_branch_python_operator_decorator' retrieved from /home/airflow/.local/lib/python3.12/site-packages/airflow/example_dags/example_branch_operator_decorator.py
[2025-06-23T05:56:22.942+0000] {logging_mixin.py:188} INFO - [2025-06-23T05:56:22.941+0000] {dag.py:3089} INFO - Sync 1 DAGs
[2025-06-23T05:56:22.983+0000] {logging_mixin.py:188} INFO - [2025-06-23T05:56:22.983+0000] {dag.py:3947} INFO - Setting next_dagrun for example_branch_python_operator_decorator to 2025-06-22 00:00:00+00:00, run_after=2025-06-23 00:00:00+00:00
[2025-06-23T05:56:23.037+0000] {processor.py:183} INFO - Processing /home/airflow/.local/lib/python3.12/site-packages/airflow/example_dags/example_branch_operator_decorator.py took 0.197 seconds
[2025-06-23T05:56:54.115+0000] {processor.py:161} INFO - Started process (PID=722) to work on /home/airflow/.local/lib/python3.12/site-packages/airflow/example_dags/example_branch_operator_decorator.py
[2025-06-23T05:56:54.117+0000] {processor.py:830} INFO - Processing file /home/airflow/.local/lib/python3.12/site-packages/airflow/example_dags/example_branch_operator_decorator.py for tasks to queue
[2025-06-23T05:56:54.120+0000] {logging_mixin.py:188} INFO - [2025-06-23T05:56:54.119+0000] {dagbag.py:545} INFO - Filling up the DagBag from /home/airflow/.local/lib/python3.12/site-packages/airflow/example_dags/example_branch_operator_decorator.py
[2025-06-23T05:56:54.159+0000] {processor.py:840} INFO - DAG(s) 'example_branch_python_operator_decorator' retrieved from /home/airflow/.local/lib/python3.12/site-packages/airflow/example_dags/example_branch_operator_decorator.py
[2025-06-23T05:56:54.209+0000] {logging_mixin.py:188} INFO - [2025-06-23T05:56:54.209+0000] {dag.py:3089} INFO - Sync 1 DAGs
[2025-06-23T05:56:54.263+0000] {logging_mixin.py:188} INFO - [2025-06-23T05:56:54.262+0000] {dag.py:3947} INFO - Setting next_dagrun for example_branch_python_operator_decorator to 2025-06-22 00:00:00+00:00, run_after=2025-06-23 00:00:00+00:00
[2025-06-23T05:56:54.321+0000] {processor.py:183} INFO - Processing /home/airflow/.local/lib/python3.12/site-packages/airflow/example_dags/example_branch_operator_decorator.py took 0.215 seconds
[2025-06-23T05:57:26.245+0000] {processor.py:161} INFO - Started process (PID=782) to work on /home/airflow/.local/lib/python3.12/site-packages/airflow/example_dags/example_branch_operator_decorator.py
[2025-06-23T05:57:26.246+0000] {processor.py:830} INFO - Processing file /home/airflow/.local/lib/python3.12/site-packages/airflow/example_dags/example_branch_operator_decorator.py for tasks to queue
[2025-06-23T05:57:26.250+0000] {logging_mixin.py:188} INFO - [2025-06-23T05:57:26.249+0000] {dagbag.py:545} INFO - Filling up the DagBag from /home/airflow/.local/lib/python3.12/site-packages/airflow/example_dags/example_branch_operator_decorator.py
[2025-06-23T05:57:26.291+0000] {processor.py:840} INFO - DAG(s) 'example_branch_python_operator_decorator' retrieved from /home/airflow/.local/lib/python3.12/site-packages/airflow/example_dags/example_branch_operator_decorator.py
[2025-06-23T05:57:26.355+0000] {logging_mixin.py:188} INFO - [2025-06-23T05:57:26.354+0000] {dag.py:3089} INFO - Sync 1 DAGs
[2025-06-23T05:57:26.413+0000] {logging_mixin.py:188} INFO - [2025-06-23T05:57:26.412+0000] {dag.py:3947} INFO - Setting next_dagrun for example_branch_python_operator_decorator to 2025-06-22 00:00:00+00:00, run_after=2025-06-23 00:00:00+00:00
[2025-06-23T05:57:26.449+0000] {processor.py:183} INFO - Processing /home/airflow/.local/lib/python3.12/site-packages/airflow/example_dags/example_branch_operator_decorator.py took 0.217 seconds
[2025-06-23T05:57:57.228+0000] {processor.py:161} INFO - Started process (PID=842) to work on /home/airflow/.local/lib/python3.12/site-packages/airflow/example_dags/example_branch_operator_decorator.py
[2025-06-23T05:57:57.232+0000] {processor.py:830} INFO - Processing file /home/airflow/.local/lib/python3.12/site-packages/airflow/example_dags/example_branch_operator_decorator.py for tasks to queue
[2025-06-23T05:57:57.236+0000] {logging_mixin.py:188} INFO - [2025-06-23T05:57:57.235+0000] {dagbag.py:545} INFO - Filling up the DagBag from /home/airflow/.local/lib/python3.12/site-packages/airflow/example_dags/example_branch_operator_decorator.py
[2025-06-23T05:57:57.269+0000] {processor.py:840} INFO - DAG(s) 'example_branch_python_operator_decorator' retrieved from /home/airflow/.local/lib/python3.12/site-packages/airflow/example_dags/example_branch_operator_decorator.py
[2025-06-23T05:57:57.316+0000] {logging_mixin.py:188} INFO - [2025-06-23T05:57:57.316+0000] {dag.py:3089} INFO - Sync 1 DAGs
[2025-06-23T05:57:57.361+0000] {logging_mixin.py:188} INFO - [2025-06-23T05:57:57.361+0000] {dag.py:3947} INFO - Setting next_dagrun for example_branch_python_operator_decorator to 2025-06-22 00:00:00+00:00, run_after=2025-06-23 00:00:00+00:00
[2025-06-23T05:57:57.403+0000] {processor.py:183} INFO - Processing /home/airflow/.local/lib/python3.12/site-packages/airflow/example_dags/example_branch_operator_decorator.py took 0.186 seconds
[2025-06-23T05:58:27.851+0000] {processor.py:161} INFO - Started process (PID=908) to work on /home/airflow/.local/lib/python3.12/site-packages/airflow/example_dags/example_branch_operator_decorator.py
[2025-06-23T05:58:27.855+0000] {processor.py:830} INFO - Processing file /home/airflow/.local/lib/python3.12/site-packages/airflow/example_dags/example_branch_operator_decorator.py for tasks to queue
[2025-06-23T05:58:27.860+0000] {logging_mixin.py:188} INFO - [2025-06-23T05:58:27.859+0000] {dagbag.py:545} INFO - Filling up the DagBag from /home/airflow/.local/lib/python3.12/site-packages/airflow/example_dags/example_branch_operator_decorator.py
[2025-06-23T05:58:27.903+0000] {processor.py:840} INFO - DAG(s) 'example_branch_python_operator_decorator' retrieved from /home/airflow/.local/lib/python3.12/site-packages/airflow/example_dags/example_branch_operator_decorator.py
[2025-06-23T05:58:27.983+0000] {logging_mixin.py:188} INFO - [2025-06-23T05:58:27.982+0000] {dag.py:3089} INFO - Sync 1 DAGs
[2025-06-23T05:58:28.062+0000] {logging_mixin.py:188} INFO - [2025-06-23T05:58:28.062+0000] {dag.py:3947} INFO - Setting next_dagrun for example_branch_python_operator_decorator to 2025-06-22 00:00:00+00:00, run_after=2025-06-23 00:00:00+00:00
[2025-06-23T05:58:28.142+0000] {processor.py:183} INFO - Processing /home/airflow/.local/lib/python3.12/site-packages/airflow/example_dags/example_branch_operator_decorator.py took 0.304 seconds
[2025-06-23T05:59:08.056+0000] {processor.py:161} INFO - Started process (PID=974) to work on /home/airflow/.local/lib/python3.12/site-packages/airflow/example_dags/example_branch_operator_decorator.py
[2025-06-23T05:59:08.064+0000] {processor.py:830} INFO - Processing file /home/airflow/.local/lib/python3.12/site-packages/airflow/example_dags/example_branch_operator_decorator.py for tasks to queue
[2025-06-23T05:59:08.077+0000] {logging_mixin.py:188} INFO - [2025-06-23T05:59:08.076+0000] {dagbag.py:545} INFO - Filling up the DagBag from /home/airflow/.local/lib/python3.12/site-packages/airflow/example_dags/example_branch_operator_decorator.py
[2025-06-23T05:59:08.208+0000] {processor.py:840} INFO - DAG(s) 'example_branch_python_operator_decorator' retrieved from /home/airflow/.local/lib/python3.12/site-packages/airflow/example_dags/example_branch_operator_decorator.py
[2025-06-23T05:59:08.364+0000] {logging_mixin.py:188} INFO - [2025-06-23T05:59:08.362+0000] {dag.py:3089} INFO - Sync 1 DAGs
[2025-06-23T05:59:08.437+0000] {logging_mixin.py:188} INFO - [2025-06-23T05:59:08.436+0000] {dag.py:3947} INFO - Setting next_dagrun for example_branch_python_operator_decorator to 2025-06-22 00:00:00+00:00, run_after=2025-06-23 00:00:00+00:00
[2025-06-23T05:59:08.494+0000] {processor.py:183} INFO - Processing /home/airflow/.local/lib/python3.12/site-packages/airflow/example_dags/example_branch_operator_decorator.py took 0.462 seconds
[2025-06-23T05:59:41.114+0000] {processor.py:161} INFO - Started process (PID=1036) to work on /home/airflow/.local/lib/python3.12/site-packages/airflow/example_dags/example_branch_operator_decorator.py
[2025-06-23T05:59:41.118+0000] {processor.py:830} INFO - Processing file /home/airflow/.local/lib/python3.12/site-packages/airflow/example_dags/example_branch_operator_decorator.py for tasks to queue
[2025-06-23T05:59:41.124+0000] {logging_mixin.py:188} INFO - [2025-06-23T05:59:41.123+0000] {dagbag.py:545} INFO - Filling up the DagBag from /home/airflow/.local/lib/python3.12/site-packages/airflow/example_dags/example_branch_operator_decorator.py
[2025-06-23T05:59:41.193+0000] {processor.py:840} INFO - DAG(s) 'example_branch_python_operator_decorator' retrieved from /home/airflow/.local/lib/python3.12/site-packages/airflow/example_dags/example_branch_operator_decorator.py
[2025-06-23T05:59:41.303+0000] {logging_mixin.py:188} INFO - [2025-06-23T05:59:41.302+0000] {dag.py:3089} INFO - Sync 1 DAGs
[2025-06-23T05:59:41.437+0000] {logging_mixin.py:188} INFO - [2025-06-23T05:59:41.436+0000] {dag.py:3947} INFO - Setting next_dagrun for example_branch_python_operator_decorator to 2025-06-22 00:00:00+00:00, run_after=2025-06-23 00:00:00+00:00
[2025-06-23T05:59:41.522+0000] {processor.py:183} INFO - Processing /home/airflow/.local/lib/python3.12/site-packages/airflow/example_dags/example_branch_operator_decorator.py took 0.430 seconds
[2025-06-23T06:00:16.528+0000] {processor.py:161} INFO - Started process (PID=1096) to work on /home/airflow/.local/lib/python3.12/site-packages/airflow/example_dags/example_branch_operator_decorator.py
[2025-06-23T06:00:16.532+0000] {processor.py:830} INFO - Processing file /home/airflow/.local/lib/python3.12/site-packages/airflow/example_dags/example_branch_operator_decorator.py for tasks to queue
[2025-06-23T06:00:16.537+0000] {logging_mixin.py:188} INFO - [2025-06-23T06:00:16.536+0000] {dagbag.py:545} INFO - Filling up the DagBag from /home/airflow/.local/lib/python3.12/site-packages/airflow/example_dags/example_branch_operator_decorator.py
[2025-06-23T06:00:16.609+0000] {processor.py:840} INFO - DAG(s) 'example_branch_python_operator_decorator' retrieved from /home/airflow/.local/lib/python3.12/site-packages/airflow/example_dags/example_branch_operator_decorator.py
[2025-06-23T06:00:16.825+0000] {logging_mixin.py:188} INFO - [2025-06-23T06:00:16.822+0000] {dag.py:3089} INFO - Sync 1 DAGs
[2025-06-23T06:00:17.416+0000] {logging_mixin.py:188} INFO - [2025-06-23T06:00:17.415+0000] {dag.py:3947} INFO - Setting next_dagrun for example_branch_python_operator_decorator to 2025-06-22 00:00:00+00:00, run_after=2025-06-23 00:00:00+00:00
[2025-06-23T06:00:17.597+0000] {processor.py:183} INFO - Processing /home/airflow/.local/lib/python3.12/site-packages/airflow/example_dags/example_branch_operator_decorator.py took 1.089 seconds
[2025-06-23T06:00:47.839+0000] {processor.py:161} INFO - Started process (PID=1156) to work on /home/airflow/.local/lib/python3.12/site-packages/airflow/example_dags/example_branch_operator_decorator.py
[2025-06-23T06:00:47.844+0000] {processor.py:830} INFO - Processing file /home/airflow/.local/lib/python3.12/site-packages/airflow/example_dags/example_branch_operator_decorator.py for tasks to queue
[2025-06-23T06:00:47.848+0000] {logging_mixin.py:188} INFO - [2025-06-23T06:00:47.847+0000] {dagbag.py:545} INFO - Filling up the DagBag from /home/airflow/.local/lib/python3.12/site-packages/airflow/example_dags/example_branch_operator_decorator.py
[2025-06-23T06:00:47.901+0000] {processor.py:840} INFO - DAG(s) 'example_branch_python_operator_decorator' retrieved from /home/airflow/.local/lib/python3.12/site-packages/airflow/example_dags/example_branch_operator_decorator.py
[2025-06-23T06:00:47.976+0000] {logging_mixin.py:188} INFO - [2025-06-23T06:00:47.976+0000] {dag.py:3089} INFO - Sync 1 DAGs
[2025-06-23T06:00:48.053+0000] {logging_mixin.py:188} INFO - [2025-06-23T06:00:48.050+0000] {dag.py:3947} INFO - Setting next_dagrun for example_branch_python_operator_decorator to 2025-06-22 00:00:00+00:00, run_after=2025-06-23 00:00:00+00:00
[2025-06-23T06:00:48.101+0000] {processor.py:183} INFO - Processing /home/airflow/.local/lib/python3.12/site-packages/airflow/example_dags/example_branch_operator_decorator.py took 0.272 seconds
[2025-06-23T06:01:18.460+0000] {processor.py:161} INFO - Started process (PID=1216) to work on /home/airflow/.local/lib/python3.12/site-packages/airflow/example_dags/example_branch_operator_decorator.py
[2025-06-23T06:01:18.461+0000] {processor.py:830} INFO - Processing file /home/airflow/.local/lib/python3.12/site-packages/airflow/example_dags/example_branch_operator_decorator.py for tasks to queue
[2025-06-23T06:01:18.464+0000] {logging_mixin.py:188} INFO - [2025-06-23T06:01:18.464+0000] {dagbag.py:545} INFO - Filling up the DagBag from /home/airflow/.local/lib/python3.12/site-packages/airflow/example_dags/example_branch_operator_decorator.py
[2025-06-23T06:01:18.497+0000] {processor.py:840} INFO - DAG(s) 'example_branch_python_operator_decorator' retrieved from /home/airflow/.local/lib/python3.12/site-packages/airflow/example_dags/example_branch_operator_decorator.py
[2025-06-23T06:01:18.545+0000] {logging_mixin.py:188} INFO - [2025-06-23T06:01:18.544+0000] {dag.py:3089} INFO - Sync 1 DAGs
[2025-06-23T06:01:18.584+0000] {logging_mixin.py:188} INFO - [2025-06-23T06:01:18.584+0000] {dag.py:3947} INFO - Setting next_dagrun for example_branch_python_operator_decorator to 2025-06-22 00:00:00+00:00, run_after=2025-06-23 00:00:00+00:00
[2025-06-23T06:01:18.615+0000] {processor.py:183} INFO - Processing /home/airflow/.local/lib/python3.12/site-packages/airflow/example_dags/example_branch_operator_decorator.py took 0.165 seconds
[2025-06-23T06:01:48.831+0000] {processor.py:161} INFO - Started process (PID=1277) to work on /home/airflow/.local/lib/python3.12/site-packages/airflow/example_dags/example_branch_operator_decorator.py
[2025-06-23T06:01:48.833+0000] {processor.py:830} INFO - Processing file /home/airflow/.local/lib/python3.12/site-packages/airflow/example_dags/example_branch_operator_decorator.py for tasks to queue
[2025-06-23T06:01:48.836+0000] {logging_mixin.py:188} INFO - [2025-06-23T06:01:48.836+0000] {dagbag.py:545} INFO - Filling up the DagBag from /home/airflow/.local/lib/python3.12/site-packages/airflow/example_dags/example_branch_operator_decorator.py
[2025-06-23T06:01:48.868+0000] {processor.py:840} INFO - DAG(s) 'example_branch_python_operator_decorator' retrieved from /home/airflow/.local/lib/python3.12/site-packages/airflow/example_dags/example_branch_operator_decorator.py
[2025-06-23T06:01:48.919+0000] {logging_mixin.py:188} INFO - [2025-06-23T06:01:48.918+0000] {dag.py:3089} INFO - Sync 1 DAGs
[2025-06-23T06:01:48.962+0000] {logging_mixin.py:188} INFO - [2025-06-23T06:01:48.962+0000] {dag.py:3947} INFO - Setting next_dagrun for example_branch_python_operator_decorator to 2025-06-22 00:00:00+00:00, run_after=2025-06-23 00:00:00+00:00
[2025-06-23T06:01:49.007+0000] {processor.py:183} INFO - Processing /home/airflow/.local/lib/python3.12/site-packages/airflow/example_dags/example_branch_operator_decorator.py took 0.186 seconds
[2025-06-23T06:02:20.323+0000] {processor.py:161} INFO - Started process (PID=1337) to work on /home/airflow/.local/lib/python3.12/site-packages/airflow/example_dags/example_branch_operator_decorator.py
[2025-06-23T06:02:20.326+0000] {processor.py:830} INFO - Processing file /home/airflow/.local/lib/python3.12/site-packages/airflow/example_dags/example_branch_operator_decorator.py for tasks to queue
[2025-06-23T06:02:20.331+0000] {logging_mixin.py:188} INFO - [2025-06-23T06:02:20.330+0000] {dagbag.py:545} INFO - Filling up the DagBag from /home/airflow/.local/lib/python3.12/site-packages/airflow/example_dags/example_branch_operator_decorator.py
[2025-06-23T06:02:20.404+0000] {processor.py:840} INFO - DAG(s) 'example_branch_python_operator_decorator' retrieved from /home/airflow/.local/lib/python3.12/site-packages/airflow/example_dags/example_branch_operator_decorator.py
[2025-06-23T06:02:20.542+0000] {logging_mixin.py:188} INFO - [2025-06-23T06:02:20.541+0000] {dag.py:3089} INFO - Sync 1 DAGs
[2025-06-23T06:02:20.626+0000] {logging_mixin.py:188} INFO - [2025-06-23T06:02:20.626+0000] {dag.py:3947} INFO - Setting next_dagrun for example_branch_python_operator_decorator to 2025-06-22 00:00:00+00:00, run_after=2025-06-23 00:00:00+00:00
[2025-06-23T06:02:20.692+0000] {processor.py:183} INFO - Processing /home/airflow/.local/lib/python3.12/site-packages/airflow/example_dags/example_branch_operator_decorator.py took 0.385 seconds
[2025-06-23T06:02:51.925+0000] {processor.py:161} INFO - Started process (PID=1398) to work on /home/airflow/.local/lib/python3.12/site-packages/airflow/example_dags/example_branch_operator_decorator.py
[2025-06-23T06:02:51.933+0000] {processor.py:830} INFO - Processing file /home/airflow/.local/lib/python3.12/site-packages/airflow/example_dags/example_branch_operator_decorator.py for tasks to queue
[2025-06-23T06:02:51.940+0000] {logging_mixin.py:188} INFO - [2025-06-23T06:02:51.938+0000] {dagbag.py:545} INFO - Filling up the DagBag from /home/airflow/.local/lib/python3.12/site-packages/airflow/example_dags/example_branch_operator_decorator.py
[2025-06-23T06:02:52.044+0000] {processor.py:840} INFO - DAG(s) 'example_branch_python_operator_decorator' retrieved from /home/airflow/.local/lib/python3.12/site-packages/airflow/example_dags/example_branch_operator_decorator.py
[2025-06-23T06:02:52.133+0000] {logging_mixin.py:188} INFO - [2025-06-23T06:02:52.132+0000] {dag.py:3089} INFO - Sync 1 DAGs
[2025-06-23T06:02:52.201+0000] {logging_mixin.py:188} INFO - [2025-06-23T06:02:52.200+0000] {dag.py:3947} INFO - Setting next_dagrun for example_branch_python_operator_decorator to 2025-06-22 00:00:00+00:00, run_after=2025-06-23 00:00:00+00:00
[2025-06-23T06:02:52.267+0000] {processor.py:183} INFO - Processing /home/airflow/.local/lib/python3.12/site-packages/airflow/example_dags/example_branch_operator_decorator.py took 0.365 seconds
[2025-06-23T06:03:22.512+0000] {processor.py:161} INFO - Started process (PID=1457) to work on /home/airflow/.local/lib/python3.12/site-packages/airflow/example_dags/example_branch_operator_decorator.py
[2025-06-23T06:03:22.550+0000] {processor.py:830} INFO - Processing file /home/airflow/.local/lib/python3.12/site-packages/airflow/example_dags/example_branch_operator_decorator.py for tasks to queue
[2025-06-23T06:03:22.557+0000] {logging_mixin.py:188} INFO - [2025-06-23T06:03:22.556+0000] {dagbag.py:545} INFO - Filling up the DagBag from /home/airflow/.local/lib/python3.12/site-packages/airflow/example_dags/example_branch_operator_decorator.py
[2025-06-23T06:03:22.612+0000] {processor.py:840} INFO - DAG(s) 'example_branch_python_operator_decorator' retrieved from /home/airflow/.local/lib/python3.12/site-packages/airflow/example_dags/example_branch_operator_decorator.py
[2025-06-23T06:03:22.670+0000] {logging_mixin.py:188} INFO - [2025-06-23T06:03:22.669+0000] {dag.py:3089} INFO - Sync 1 DAGs
[2025-06-23T06:03:22.719+0000] {logging_mixin.py:188} INFO - [2025-06-23T06:03:22.719+0000] {dag.py:3947} INFO - Setting next_dagrun for example_branch_python_operator_decorator to 2025-06-22 00:00:00+00:00, run_after=2025-06-23 00:00:00+00:00
[2025-06-23T06:03:23.340+0000] {processor.py:183} INFO - Processing /home/airflow/.local/lib/python3.12/site-packages/airflow/example_dags/example_branch_operator_decorator.py took 0.840 seconds
[2025-06-23T06:03:53.631+0000] {processor.py:161} INFO - Started process (PID=1517) to work on /home/airflow/.local/lib/python3.12/site-packages/airflow/example_dags/example_branch_operator_decorator.py
[2025-06-23T06:03:53.634+0000] {processor.py:830} INFO - Processing file /home/airflow/.local/lib/python3.12/site-packages/airflow/example_dags/example_branch_operator_decorator.py for tasks to queue
[2025-06-23T06:03:53.638+0000] {logging_mixin.py:188} INFO - [2025-06-23T06:03:53.638+0000] {dagbag.py:545} INFO - Filling up the DagBag from /home/airflow/.local/lib/python3.12/site-packages/airflow/example_dags/example_branch_operator_decorator.py
[2025-06-23T06:03:53.681+0000] {processor.py:840} INFO - DAG(s) 'example_branch_python_operator_decorator' retrieved from /home/airflow/.local/lib/python3.12/site-packages/airflow/example_dags/example_branch_operator_decorator.py
[2025-06-23T06:03:53.735+0000] {logging_mixin.py:188} INFO - [2025-06-23T06:03:53.734+0000] {dag.py:3089} INFO - Sync 1 DAGs
[2025-06-23T06:03:53.865+0000] {logging_mixin.py:188} INFO - [2025-06-23T06:03:53.864+0000] {dag.py:3947} INFO - Setting next_dagrun for example_branch_python_operator_decorator to 2025-06-22 00:00:00+00:00, run_after=2025-06-23 00:00:00+00:00
[2025-06-23T06:03:53.935+0000] {processor.py:183} INFO - Processing /home/airflow/.local/lib/python3.12/site-packages/airflow/example_dags/example_branch_operator_decorator.py took 0.316 seconds
[2025-06-23T06:04:26.178+0000] {processor.py:161} INFO - Started process (PID=1579) to work on /home/airflow/.local/lib/python3.12/site-packages/airflow/example_dags/example_branch_operator_decorator.py
[2025-06-23T06:04:26.181+0000] {processor.py:830} INFO - Processing file /home/airflow/.local/lib/python3.12/site-packages/airflow/example_dags/example_branch_operator_decorator.py for tasks to queue
[2025-06-23T06:04:26.185+0000] {logging_mixin.py:188} INFO - [2025-06-23T06:04:26.184+0000] {dagbag.py:545} INFO - Filling up the DagBag from /home/airflow/.local/lib/python3.12/site-packages/airflow/example_dags/example_branch_operator_decorator.py
[2025-06-23T06:04:26.219+0000] {processor.py:840} INFO - DAG(s) 'example_branch_python_operator_decorator' retrieved from /home/airflow/.local/lib/python3.12/site-packages/airflow/example_dags/example_branch_operator_decorator.py
[2025-06-23T06:04:26.261+0000] {logging_mixin.py:188} INFO - [2025-06-23T06:04:26.261+0000] {dag.py:3089} INFO - Sync 1 DAGs
[2025-06-23T06:04:26.294+0000] {logging_mixin.py:188} INFO - [2025-06-23T06:04:26.294+0000] {dag.py:3947} INFO - Setting next_dagrun for example_branch_python_operator_decorator to 2025-06-22 00:00:00+00:00, run_after=2025-06-23 00:00:00+00:00
[2025-06-23T06:04:26.460+0000] {processor.py:183} INFO - Processing /home/airflow/.local/lib/python3.12/site-packages/airflow/example_dags/example_branch_operator_decorator.py took 0.290 seconds
