[2025-06-23T05:50:53.608+0000] {processor.py:161} INFO - Started process (PID=81) to work on /home/airflow/.local/lib/python3.12/site-packages/airflow/example_dags/example_dag_decorator.py
[2025-06-23T05:50:53.611+0000] {processor.py:830} INFO - Processing file /home/airflow/.local/lib/python3.12/site-packages/airflow/example_dags/example_dag_decorator.py for tasks to queue
[2025-06-23T05:50:53.618+0000] {logging_mixin.py:188} INFO - [2025-06-23T05:50:53.618+0000] {dagbag.py:545} INFO - Filling up the DagBag from /home/airflow/.local/lib/python3.12/site-packages/airflow/example_dags/example_dag_decorator.py
[2025-06-23T05:50:54.705+0000] {processor.py:840} INFO - DAG(s) 'example_dag_decorator' retrieved from /home/airflow/.local/lib/python3.12/site-packages/airflow/example_dags/example_dag_decorator.py
[2025-06-23T05:50:55.197+0000] {logging_mixin.py:188} INFO - [2025-06-23T05:50:55.197+0000] {dag.py:3089} INFO - Sync 1 DAGs
[2025-06-23T05:50:55.219+0000] {logging_mixin.py:188} INFO - [2025-06-23T05:50:55.218+0000] {dag.py:3947} INFO - Setting next_dagrun for example_dag_decorator to None, run_after=None
[2025-06-23T05:50:55.290+0000] {processor.py:183} INFO - Processing /home/airflow/.local/lib/python3.12/site-packages/airflow/example_dags/example_dag_decorator.py took 1.705 seconds
[2025-06-23T05:51:53.876+0000] {processor.py:161} INFO - Started process (PID=142) to work on /home/airflow/.local/lib/python3.12/site-packages/airflow/example_dags/example_dag_decorator.py
[2025-06-23T05:51:53.879+0000] {processor.py:830} INFO - Processing file /home/airflow/.local/lib/python3.12/site-packages/airflow/example_dags/example_dag_decorator.py for tasks to queue
[2025-06-23T05:51:53.883+0000] {logging_mixin.py:188} INFO - [2025-06-23T05:51:53.882+0000] {dagbag.py:545} INFO - Filling up the DagBag from /home/airflow/.local/lib/python3.12/site-packages/airflow/example_dags/example_dag_decorator.py
[2025-06-23T05:51:54.823+0000] {processor.py:840} INFO - DAG(s) 'example_dag_decorator' retrieved from /home/airflow/.local/lib/python3.12/site-packages/airflow/example_dags/example_dag_decorator.py
[2025-06-23T05:51:55.396+0000] {logging_mixin.py:188} INFO - [2025-06-23T05:51:55.395+0000] {dag.py:3089} INFO - Sync 1 DAGs
[2025-06-23T05:51:55.420+0000] {logging_mixin.py:188} INFO - [2025-06-23T05:51:55.420+0000] {dag.py:3947} INFO - Setting next_dagrun for example_dag_decorator to None, run_after=None
[2025-06-23T05:51:55.463+0000] {processor.py:183} INFO - Processing /home/airflow/.local/lib/python3.12/site-packages/airflow/example_dags/example_dag_decorator.py took 1.609 seconds
[2025-06-23T05:52:25.608+0000] {processor.py:161} INFO - Started process (PID=200) to work on /home/airflow/.local/lib/python3.12/site-packages/airflow/example_dags/example_dag_decorator.py
[2025-06-23T05:52:25.615+0000] {processor.py:830} INFO - Processing file /home/airflow/.local/lib/python3.12/site-packages/airflow/example_dags/example_dag_decorator.py for tasks to queue
[2025-06-23T05:52:25.623+0000] {logging_mixin.py:188} INFO - [2025-06-23T05:52:25.622+0000] {dagbag.py:545} INFO - Filling up the DagBag from /home/airflow/.local/lib/python3.12/site-packages/airflow/example_dags/example_dag_decorator.py
[2025-06-23T05:52:26.039+0000] {processor.py:840} INFO - DAG(s) 'example_dag_decorator' retrieved from /home/airflow/.local/lib/python3.12/site-packages/airflow/example_dags/example_dag_decorator.py
[2025-06-23T05:52:26.608+0000] {logging_mixin.py:188} INFO - [2025-06-23T05:52:26.607+0000] {dag.py:3089} INFO - Sync 1 DAGs
[2025-06-23T05:52:26.661+0000] {logging_mixin.py:188} INFO - [2025-06-23T05:52:26.660+0000] {dag.py:3947} INFO - Setting next_dagrun for example_dag_decorator to None, run_after=None
[2025-06-23T05:52:26.714+0000] {processor.py:183} INFO - Processing /home/airflow/.local/lib/python3.12/site-packages/airflow/example_dags/example_dag_decorator.py took 1.124 seconds
[2025-06-23T05:52:57.394+0000] {processor.py:161} INFO - Started process (PID=261) to work on /home/airflow/.local/lib/python3.12/site-packages/airflow/example_dags/example_dag_decorator.py
[2025-06-23T05:52:57.413+0000] {processor.py:830} INFO - Processing file /home/airflow/.local/lib/python3.12/site-packages/airflow/example_dags/example_dag_decorator.py for tasks to queue
[2025-06-23T05:52:57.433+0000] {logging_mixin.py:188} INFO - [2025-06-23T05:52:57.421+0000] {dagbag.py:545} INFO - Filling up the DagBag from /home/airflow/.local/lib/python3.12/site-packages/airflow/example_dags/example_dag_decorator.py
[2025-06-23T05:52:58.438+0000] {processor.py:840} INFO - DAG(s) 'example_dag_decorator' retrieved from /home/airflow/.local/lib/python3.12/site-packages/airflow/example_dags/example_dag_decorator.py
[2025-06-23T05:52:58.866+0000] {logging_mixin.py:188} INFO - [2025-06-23T05:52:58.866+0000] {dag.py:3089} INFO - Sync 1 DAGs
[2025-06-23T05:52:58.892+0000] {logging_mixin.py:188} INFO - [2025-06-23T05:52:58.892+0000] {dag.py:3947} INFO - Setting next_dagrun for example_dag_decorator to None, run_after=None
[2025-06-23T05:52:58.938+0000] {processor.py:183} INFO - Processing /home/airflow/.local/lib/python3.12/site-packages/airflow/example_dags/example_dag_decorator.py took 1.672 seconds
[2025-06-23T05:53:29.119+0000] {processor.py:161} INFO - Started process (PID=330) to work on /home/airflow/.local/lib/python3.12/site-packages/airflow/example_dags/example_dag_decorator.py
[2025-06-23T05:53:29.122+0000] {processor.py:830} INFO - Processing file /home/airflow/.local/lib/python3.12/site-packages/airflow/example_dags/example_dag_decorator.py for tasks to queue
[2025-06-23T05:53:29.126+0000] {logging_mixin.py:188} INFO - [2025-06-23T05:53:29.125+0000] {dagbag.py:545} INFO - Filling up the DagBag from /home/airflow/.local/lib/python3.12/site-packages/airflow/example_dags/example_dag_decorator.py
[2025-06-23T05:53:29.402+0000] {processor.py:840} INFO - DAG(s) 'example_dag_decorator' retrieved from /home/airflow/.local/lib/python3.12/site-packages/airflow/example_dags/example_dag_decorator.py
[2025-06-23T05:53:29.605+0000] {logging_mixin.py:188} INFO - [2025-06-23T05:53:29.605+0000] {dag.py:3089} INFO - Sync 1 DAGs
[2025-06-23T05:53:29.628+0000] {logging_mixin.py:188} INFO - [2025-06-23T05:53:29.628+0000] {dag.py:3947} INFO - Setting next_dagrun for example_dag_decorator to None, run_after=None
[2025-06-23T05:53:29.668+0000] {processor.py:183} INFO - Processing /home/airflow/.local/lib/python3.12/site-packages/airflow/example_dags/example_dag_decorator.py took 0.561 seconds
[2025-06-23T05:54:00.808+0000] {processor.py:161} INFO - Started process (PID=392) to work on /home/airflow/.local/lib/python3.12/site-packages/airflow/example_dags/example_dag_decorator.py
[2025-06-23T05:54:00.819+0000] {processor.py:830} INFO - Processing file /home/airflow/.local/lib/python3.12/site-packages/airflow/example_dags/example_dag_decorator.py for tasks to queue
[2025-06-23T05:54:00.825+0000] {logging_mixin.py:188} INFO - [2025-06-23T05:54:00.824+0000] {dagbag.py:545} INFO - Filling up the DagBag from /home/airflow/.local/lib/python3.12/site-packages/airflow/example_dags/example_dag_decorator.py
[2025-06-23T05:54:01.128+0000] {processor.py:840} INFO - DAG(s) 'example_dag_decorator' retrieved from /home/airflow/.local/lib/python3.12/site-packages/airflow/example_dags/example_dag_decorator.py
[2025-06-23T05:54:01.385+0000] {logging_mixin.py:188} INFO - [2025-06-23T05:54:01.384+0000] {dag.py:3089} INFO - Sync 1 DAGs
[2025-06-23T05:54:01.408+0000] {logging_mixin.py:188} INFO - [2025-06-23T05:54:01.407+0000] {dag.py:3947} INFO - Setting next_dagrun for example_dag_decorator to None, run_after=None
[2025-06-23T05:54:01.476+0000] {processor.py:183} INFO - Processing /home/airflow/.local/lib/python3.12/site-packages/airflow/example_dags/example_dag_decorator.py took 0.693 seconds
[2025-06-23T05:54:31.851+0000] {processor.py:161} INFO - Started process (PID=452) to work on /home/airflow/.local/lib/python3.12/site-packages/airflow/example_dags/example_dag_decorator.py
[2025-06-23T05:54:31.857+0000] {processor.py:830} INFO - Processing file /home/airflow/.local/lib/python3.12/site-packages/airflow/example_dags/example_dag_decorator.py for tasks to queue
[2025-06-23T05:54:31.866+0000] {logging_mixin.py:188} INFO - [2025-06-23T05:54:31.865+0000] {dagbag.py:545} INFO - Filling up the DagBag from /home/airflow/.local/lib/python3.12/site-packages/airflow/example_dags/example_dag_decorator.py
[2025-06-23T05:54:32.837+0000] {processor.py:840} INFO - DAG(s) 'example_dag_decorator' retrieved from /home/airflow/.local/lib/python3.12/site-packages/airflow/example_dags/example_dag_decorator.py
[2025-06-23T05:54:33.804+0000] {logging_mixin.py:188} INFO - [2025-06-23T05:54:33.803+0000] {dag.py:3089} INFO - Sync 1 DAGs
[2025-06-23T05:54:33.881+0000] {logging_mixin.py:188} INFO - [2025-06-23T05:54:33.879+0000] {dag.py:3947} INFO - Setting next_dagrun for example_dag_decorator to None, run_after=None
[2025-06-23T05:54:33.980+0000] {processor.py:183} INFO - Processing /home/airflow/.local/lib/python3.12/site-packages/airflow/example_dags/example_dag_decorator.py took 2.169 seconds
[2025-06-23T05:55:08.102+0000] {processor.py:161} INFO - Started process (PID=503) to work on /home/airflow/.local/lib/python3.12/site-packages/airflow/example_dags/example_dag_decorator.py
[2025-06-23T05:55:08.104+0000] {processor.py:830} INFO - Processing file /home/airflow/.local/lib/python3.12/site-packages/airflow/example_dags/example_dag_decorator.py for tasks to queue
[2025-06-23T05:55:08.108+0000] {logging_mixin.py:188} INFO - [2025-06-23T05:55:08.107+0000] {dagbag.py:545} INFO - Filling up the DagBag from /home/airflow/.local/lib/python3.12/site-packages/airflow/example_dags/example_dag_decorator.py
[2025-06-23T05:55:08.587+0000] {processor.py:840} INFO - DAG(s) 'example_dag_decorator' retrieved from /home/airflow/.local/lib/python3.12/site-packages/airflow/example_dags/example_dag_decorator.py
[2025-06-23T05:55:08.950+0000] {logging_mixin.py:188} INFO - [2025-06-23T05:55:08.949+0000] {dag.py:3089} INFO - Sync 1 DAGs
[2025-06-23T05:55:09.768+0000] {logging_mixin.py:188} INFO - [2025-06-23T05:55:09.767+0000] {dag.py:3947} INFO - Setting next_dagrun for example_dag_decorator to None, run_after=None
[2025-06-23T05:55:09.812+0000] {processor.py:183} INFO - Processing /home/airflow/.local/lib/python3.12/site-packages/airflow/example_dags/example_dag_decorator.py took 1.722 seconds
[2025-06-23T05:55:40.446+0000] {processor.py:161} INFO - Started process (PID=562) to work on /home/airflow/.local/lib/python3.12/site-packages/airflow/example_dags/example_dag_decorator.py
[2025-06-23T05:55:40.449+0000] {processor.py:830} INFO - Processing file /home/airflow/.local/lib/python3.12/site-packages/airflow/example_dags/example_dag_decorator.py for tasks to queue
[2025-06-23T05:55:40.454+0000] {logging_mixin.py:188} INFO - [2025-06-23T05:55:40.453+0000] {dagbag.py:545} INFO - Filling up the DagBag from /home/airflow/.local/lib/python3.12/site-packages/airflow/example_dags/example_dag_decorator.py
[2025-06-23T05:55:40.798+0000] {processor.py:840} INFO - DAG(s) 'example_dag_decorator' retrieved from /home/airflow/.local/lib/python3.12/site-packages/airflow/example_dags/example_dag_decorator.py
[2025-06-23T05:55:41.033+0000] {logging_mixin.py:188} INFO - [2025-06-23T05:55:41.032+0000] {dag.py:3089} INFO - Sync 1 DAGs
[2025-06-23T05:55:41.069+0000] {logging_mixin.py:188} INFO - [2025-06-23T05:55:41.067+0000] {dag.py:3947} INFO - Setting next_dagrun for example_dag_decorator to None, run_after=None
[2025-06-23T05:55:41.136+0000] {processor.py:183} INFO - Processing /home/airflow/.local/lib/python3.12/site-packages/airflow/example_dags/example_dag_decorator.py took 0.704 seconds
[2025-06-23T05:56:11.279+0000] {processor.py:161} INFO - Started process (PID=622) to work on /home/airflow/.local/lib/python3.12/site-packages/airflow/example_dags/example_dag_decorator.py
[2025-06-23T05:56:11.282+0000] {processor.py:830} INFO - Processing file /home/airflow/.local/lib/python3.12/site-packages/airflow/example_dags/example_dag_decorator.py for tasks to queue
[2025-06-23T05:56:11.288+0000] {logging_mixin.py:188} INFO - [2025-06-23T05:56:11.287+0000] {dagbag.py:545} INFO - Filling up the DagBag from /home/airflow/.local/lib/python3.12/site-packages/airflow/example_dags/example_dag_decorator.py
[2025-06-23T05:56:11.759+0000] {processor.py:840} INFO - DAG(s) 'example_dag_decorator' retrieved from /home/airflow/.local/lib/python3.12/site-packages/airflow/example_dags/example_dag_decorator.py
[2025-06-23T05:56:12.444+0000] {logging_mixin.py:188} INFO - [2025-06-23T05:56:12.443+0000] {dag.py:3089} INFO - Sync 1 DAGs
[2025-06-23T05:56:12.489+0000] {logging_mixin.py:188} INFO - [2025-06-23T05:56:12.488+0000] {dag.py:3947} INFO - Setting next_dagrun for example_dag_decorator to None, run_after=None
[2025-06-23T05:56:12.587+0000] {processor.py:183} INFO - Processing /home/airflow/.local/lib/python3.12/site-packages/airflow/example_dags/example_dag_decorator.py took 1.319 seconds
[2025-06-23T05:56:42.893+0000] {processor.py:161} INFO - Started process (PID=684) to work on /home/airflow/.local/lib/python3.12/site-packages/airflow/example_dags/example_dag_decorator.py
[2025-06-23T05:56:42.896+0000] {processor.py:830} INFO - Processing file /home/airflow/.local/lib/python3.12/site-packages/airflow/example_dags/example_dag_decorator.py for tasks to queue
[2025-06-23T05:56:42.902+0000] {logging_mixin.py:188} INFO - [2025-06-23T05:56:42.901+0000] {dagbag.py:545} INFO - Filling up the DagBag from /home/airflow/.local/lib/python3.12/site-packages/airflow/example_dags/example_dag_decorator.py
[2025-06-23T05:56:43.302+0000] {processor.py:840} INFO - DAG(s) 'example_dag_decorator' retrieved from /home/airflow/.local/lib/python3.12/site-packages/airflow/example_dags/example_dag_decorator.py
[2025-06-23T05:56:43.728+0000] {logging_mixin.py:188} INFO - [2025-06-23T05:56:43.727+0000] {dag.py:3089} INFO - Sync 1 DAGs
[2025-06-23T05:56:43.779+0000] {logging_mixin.py:188} INFO - [2025-06-23T05:56:43.778+0000] {dag.py:3947} INFO - Setting next_dagrun for example_dag_decorator to None, run_after=None
[2025-06-23T05:56:43.867+0000] {processor.py:183} INFO - Processing /home/airflow/.local/lib/python3.12/site-packages/airflow/example_dags/example_dag_decorator.py took 0.990 seconds
[2025-06-23T05:57:14.170+0000] {processor.py:161} INFO - Started process (PID=748) to work on /home/airflow/.local/lib/python3.12/site-packages/airflow/example_dags/example_dag_decorator.py
[2025-06-23T05:57:14.172+0000] {processor.py:830} INFO - Processing file /home/airflow/.local/lib/python3.12/site-packages/airflow/example_dags/example_dag_decorator.py for tasks to queue
[2025-06-23T05:57:14.175+0000] {logging_mixin.py:188} INFO - [2025-06-23T05:57:14.174+0000] {dagbag.py:545} INFO - Filling up the DagBag from /home/airflow/.local/lib/python3.12/site-packages/airflow/example_dags/example_dag_decorator.py
[2025-06-23T05:57:14.331+0000] {processor.py:840} INFO - DAG(s) 'example_dag_decorator' retrieved from /home/airflow/.local/lib/python3.12/site-packages/airflow/example_dags/example_dag_decorator.py
[2025-06-23T05:57:14.762+0000] {logging_mixin.py:188} INFO - [2025-06-23T05:57:14.761+0000] {dag.py:3089} INFO - Sync 1 DAGs
[2025-06-23T05:57:14.778+0000] {logging_mixin.py:188} INFO - [2025-06-23T05:57:14.777+0000] {dag.py:3947} INFO - Setting next_dagrun for example_dag_decorator to None, run_after=None
[2025-06-23T05:57:14.808+0000] {processor.py:183} INFO - Processing /home/airflow/.local/lib/python3.12/site-packages/airflow/example_dags/example_dag_decorator.py took 0.646 seconds
[2025-06-23T05:57:44.956+0000] {processor.py:161} INFO - Started process (PID=810) to work on /home/airflow/.local/lib/python3.12/site-packages/airflow/example_dags/example_dag_decorator.py
[2025-06-23T05:57:44.958+0000] {processor.py:830} INFO - Processing file /home/airflow/.local/lib/python3.12/site-packages/airflow/example_dags/example_dag_decorator.py for tasks to queue
[2025-06-23T05:57:44.961+0000] {logging_mixin.py:188} INFO - [2025-06-23T05:57:44.960+0000] {dagbag.py:545} INFO - Filling up the DagBag from /home/airflow/.local/lib/python3.12/site-packages/airflow/example_dags/example_dag_decorator.py
[2025-06-23T05:57:45.133+0000] {processor.py:840} INFO - DAG(s) 'example_dag_decorator' retrieved from /home/airflow/.local/lib/python3.12/site-packages/airflow/example_dags/example_dag_decorator.py
[2025-06-23T05:57:45.511+0000] {logging_mixin.py:188} INFO - [2025-06-23T05:57:45.510+0000] {dag.py:3089} INFO - Sync 1 DAGs
[2025-06-23T05:57:45.527+0000] {logging_mixin.py:188} INFO - [2025-06-23T05:57:45.526+0000] {dag.py:3947} INFO - Setting next_dagrun for example_dag_decorator to None, run_after=None
[2025-06-23T05:57:45.562+0000] {processor.py:183} INFO - Processing /home/airflow/.local/lib/python3.12/site-packages/airflow/example_dags/example_dag_decorator.py took 0.614 seconds
[2025-06-23T05:58:16.659+0000] {processor.py:161} INFO - Started process (PID=881) to work on /home/airflow/.local/lib/python3.12/site-packages/airflow/example_dags/example_dag_decorator.py
[2025-06-23T05:58:16.662+0000] {processor.py:830} INFO - Processing file /home/airflow/.local/lib/python3.12/site-packages/airflow/example_dags/example_dag_decorator.py for tasks to queue
[2025-06-23T05:58:16.665+0000] {logging_mixin.py:188} INFO - [2025-06-23T05:58:16.664+0000] {dagbag.py:545} INFO - Filling up the DagBag from /home/airflow/.local/lib/python3.12/site-packages/airflow/example_dags/example_dag_decorator.py
[2025-06-23T05:58:16.857+0000] {processor.py:840} INFO - DAG(s) 'example_dag_decorator' retrieved from /home/airflow/.local/lib/python3.12/site-packages/airflow/example_dags/example_dag_decorator.py
[2025-06-23T05:58:17.449+0000] {logging_mixin.py:188} INFO - [2025-06-23T05:58:17.448+0000] {dag.py:3089} INFO - Sync 1 DAGs
[2025-06-23T05:58:17.471+0000] {logging_mixin.py:188} INFO - [2025-06-23T05:58:17.470+0000] {dag.py:3947} INFO - Setting next_dagrun for example_dag_decorator to None, run_after=None
[2025-06-23T05:58:17.524+0000] {processor.py:183} INFO - Processing /home/airflow/.local/lib/python3.12/site-packages/airflow/example_dags/example_dag_decorator.py took 0.875 seconds
[2025-06-23T05:58:53.814+0000] {processor.py:161} INFO - Started process (PID=941) to work on /home/airflow/.local/lib/python3.12/site-packages/airflow/example_dags/example_dag_decorator.py
[2025-06-23T05:58:53.820+0000] {processor.py:830} INFO - Processing file /home/airflow/.local/lib/python3.12/site-packages/airflow/example_dags/example_dag_decorator.py for tasks to queue
[2025-06-23T05:58:53.827+0000] {logging_mixin.py:188} INFO - [2025-06-23T05:58:53.826+0000] {dagbag.py:545} INFO - Filling up the DagBag from /home/airflow/.local/lib/python3.12/site-packages/airflow/example_dags/example_dag_decorator.py
[2025-06-23T05:58:55.252+0000] {processor.py:840} INFO - DAG(s) 'example_dag_decorator' retrieved from /home/airflow/.local/lib/python3.12/site-packages/airflow/example_dags/example_dag_decorator.py
[2025-06-23T05:59:03.894+0000] {logging_mixin.py:188} INFO - [2025-06-23T05:59:03.894+0000] {dag.py:3089} INFO - Sync 1 DAGs
[2025-06-23T05:59:03.914+0000] {logging_mixin.py:188} INFO - [2025-06-23T05:59:03.913+0000] {dag.py:3947} INFO - Setting next_dagrun for example_dag_decorator to None, run_after=None
[2025-06-23T05:59:03.954+0000] {processor.py:183} INFO - Processing /home/airflow/.local/lib/python3.12/site-packages/airflow/example_dags/example_dag_decorator.py took 10.109 seconds
[2025-06-23T05:59:35.353+0000] {processor.py:161} INFO - Started process (PID=1011) to work on /home/airflow/.local/lib/python3.12/site-packages/airflow/example_dags/example_dag_decorator.py
[2025-06-23T05:59:35.357+0000] {processor.py:830} INFO - Processing file /home/airflow/.local/lib/python3.12/site-packages/airflow/example_dags/example_dag_decorator.py for tasks to queue
[2025-06-23T05:59:35.362+0000] {logging_mixin.py:188} INFO - [2025-06-23T05:59:35.361+0000] {dagbag.py:545} INFO - Filling up the DagBag from /home/airflow/.local/lib/python3.12/site-packages/airflow/example_dags/example_dag_decorator.py
[2025-06-23T05:59:36.114+0000] {processor.py:840} INFO - DAG(s) 'example_dag_decorator' retrieved from /home/airflow/.local/lib/python3.12/site-packages/airflow/example_dags/example_dag_decorator.py
[2025-06-23T05:59:38.420+0000] {logging_mixin.py:188} INFO - [2025-06-23T05:59:38.419+0000] {dag.py:3089} INFO - Sync 1 DAGs
[2025-06-23T05:59:38.460+0000] {logging_mixin.py:188} INFO - [2025-06-23T05:59:38.459+0000] {dag.py:3947} INFO - Setting next_dagrun for example_dag_decorator to None, run_after=None
[2025-06-23T05:59:38.548+0000] {processor.py:183} INFO - Processing /home/airflow/.local/lib/python3.12/site-packages/airflow/example_dags/example_dag_decorator.py took 3.210 seconds
[2025-06-23T06:00:08.774+0000] {processor.py:161} INFO - Started process (PID=1080) to work on /home/airflow/.local/lib/python3.12/site-packages/airflow/example_dags/example_dag_decorator.py
[2025-06-23T06:00:08.778+0000] {processor.py:830} INFO - Processing file /home/airflow/.local/lib/python3.12/site-packages/airflow/example_dags/example_dag_decorator.py for tasks to queue
[2025-06-23T06:00:08.783+0000] {logging_mixin.py:188} INFO - [2025-06-23T06:00:08.782+0000] {dagbag.py:545} INFO - Filling up the DagBag from /home/airflow/.local/lib/python3.12/site-packages/airflow/example_dags/example_dag_decorator.py
[2025-06-23T06:00:09.815+0000] {processor.py:840} INFO - DAG(s) 'example_dag_decorator' retrieved from /home/airflow/.local/lib/python3.12/site-packages/airflow/example_dags/example_dag_decorator.py
[2025-06-23T06:00:14.509+0000] {logging_mixin.py:188} INFO - [2025-06-23T06:00:14.508+0000] {dag.py:3089} INFO - Sync 1 DAGs
[2025-06-23T06:00:14.659+0000] {logging_mixin.py:188} INFO - [2025-06-23T06:00:14.658+0000] {dag.py:3947} INFO - Setting next_dagrun for example_dag_decorator to None, run_after=None
[2025-06-23T06:00:14.725+0000] {processor.py:183} INFO - Processing /home/airflow/.local/lib/python3.12/site-packages/airflow/example_dags/example_dag_decorator.py took 5.962 seconds
[2025-06-23T06:00:44.953+0000] {processor.py:161} INFO - Started process (PID=1147) to work on /home/airflow/.local/lib/python3.12/site-packages/airflow/example_dags/example_dag_decorator.py
[2025-06-23T06:00:44.956+0000] {processor.py:830} INFO - Processing file /home/airflow/.local/lib/python3.12/site-packages/airflow/example_dags/example_dag_decorator.py for tasks to queue
[2025-06-23T06:00:44.962+0000] {logging_mixin.py:188} INFO - [2025-06-23T06:00:44.961+0000] {dagbag.py:545} INFO - Filling up the DagBag from /home/airflow/.local/lib/python3.12/site-packages/airflow/example_dags/example_dag_decorator.py
[2025-06-23T06:00:45.299+0000] {processor.py:840} INFO - DAG(s) 'example_dag_decorator' retrieved from /home/airflow/.local/lib/python3.12/site-packages/airflow/example_dags/example_dag_decorator.py
[2025-06-23T06:00:45.813+0000] {logging_mixin.py:188} INFO - [2025-06-23T06:00:45.812+0000] {dag.py:3089} INFO - Sync 1 DAGs
[2025-06-23T06:00:45.829+0000] {logging_mixin.py:188} INFO - [2025-06-23T06:00:45.829+0000] {dag.py:3947} INFO - Setting next_dagrun for example_dag_decorator to None, run_after=None
[2025-06-23T06:00:45.866+0000] {processor.py:183} INFO - Processing /home/airflow/.local/lib/python3.12/site-packages/airflow/example_dags/example_dag_decorator.py took 0.927 seconds
[2025-06-23T06:01:16.259+0000] {processor.py:161} INFO - Started process (PID=1208) to work on /home/airflow/.local/lib/python3.12/site-packages/airflow/example_dags/example_dag_decorator.py
[2025-06-23T06:01:16.261+0000] {processor.py:830} INFO - Processing file /home/airflow/.local/lib/python3.12/site-packages/airflow/example_dags/example_dag_decorator.py for tasks to queue
[2025-06-23T06:01:16.264+0000] {logging_mixin.py:188} INFO - [2025-06-23T06:01:16.264+0000] {dagbag.py:545} INFO - Filling up the DagBag from /home/airflow/.local/lib/python3.12/site-packages/airflow/example_dags/example_dag_decorator.py
[2025-06-23T06:01:16.437+0000] {processor.py:840} INFO - DAG(s) 'example_dag_decorator' retrieved from /home/airflow/.local/lib/python3.12/site-packages/airflow/example_dags/example_dag_decorator.py
[2025-06-23T06:01:16.876+0000] {logging_mixin.py:188} INFO - [2025-06-23T06:01:16.876+0000] {dag.py:3089} INFO - Sync 1 DAGs
[2025-06-23T06:01:16.891+0000] {logging_mixin.py:188} INFO - [2025-06-23T06:01:16.891+0000] {dag.py:3947} INFO - Setting next_dagrun for example_dag_decorator to None, run_after=None
[2025-06-23T06:01:16.920+0000] {processor.py:183} INFO - Processing /home/airflow/.local/lib/python3.12/site-packages/airflow/example_dags/example_dag_decorator.py took 0.670 seconds
[2025-06-23T06:01:47.195+0000] {processor.py:161} INFO - Started process (PID=1272) to work on /home/airflow/.local/lib/python3.12/site-packages/airflow/example_dags/example_dag_decorator.py
[2025-06-23T06:01:47.198+0000] {processor.py:830} INFO - Processing file /home/airflow/.local/lib/python3.12/site-packages/airflow/example_dags/example_dag_decorator.py for tasks to queue
[2025-06-23T06:01:47.202+0000] {logging_mixin.py:188} INFO - [2025-06-23T06:01:47.202+0000] {dagbag.py:545} INFO - Filling up the DagBag from /home/airflow/.local/lib/python3.12/site-packages/airflow/example_dags/example_dag_decorator.py
[2025-06-23T06:01:47.419+0000] {processor.py:840} INFO - DAG(s) 'example_dag_decorator' retrieved from /home/airflow/.local/lib/python3.12/site-packages/airflow/example_dags/example_dag_decorator.py
[2025-06-23T06:01:47.904+0000] {logging_mixin.py:188} INFO - [2025-06-23T06:01:47.903+0000] {dag.py:3089} INFO - Sync 1 DAGs
[2025-06-23T06:01:47.925+0000] {logging_mixin.py:188} INFO - [2025-06-23T06:01:47.925+0000] {dag.py:3947} INFO - Setting next_dagrun for example_dag_decorator to None, run_after=None
[2025-06-23T06:01:47.978+0000] {processor.py:183} INFO - Processing /home/airflow/.local/lib/python3.12/site-packages/airflow/example_dags/example_dag_decorator.py took 0.792 seconds
[2025-06-23T06:02:18.631+0000] {processor.py:161} INFO - Started process (PID=1333) to work on /home/airflow/.local/lib/python3.12/site-packages/airflow/example_dags/example_dag_decorator.py
[2025-06-23T06:02:18.635+0000] {processor.py:830} INFO - Processing file /home/airflow/.local/lib/python3.12/site-packages/airflow/example_dags/example_dag_decorator.py for tasks to queue
[2025-06-23T06:02:18.642+0000] {logging_mixin.py:188} INFO - [2025-06-23T06:02:18.640+0000] {dagbag.py:545} INFO - Filling up the DagBag from /home/airflow/.local/lib/python3.12/site-packages/airflow/example_dags/example_dag_decorator.py
[2025-06-23T06:02:20.241+0000] {processor.py:840} INFO - DAG(s) 'example_dag_decorator' retrieved from /home/airflow/.local/lib/python3.12/site-packages/airflow/example_dags/example_dag_decorator.py
[2025-06-23T06:02:20.626+0000] {logging_mixin.py:188} INFO - [2025-06-23T06:02:20.625+0000] {dag.py:3089} INFO - Sync 1 DAGs
[2025-06-23T06:02:20.658+0000] {logging_mixin.py:188} INFO - [2025-06-23T06:02:20.658+0000] {dag.py:3947} INFO - Setting next_dagrun for example_dag_decorator to None, run_after=None
[2025-06-23T06:02:20.741+0000] {processor.py:183} INFO - Processing /home/airflow/.local/lib/python3.12/site-packages/airflow/example_dags/example_dag_decorator.py took 2.145 seconds
[2025-06-23T06:02:50.955+0000] {processor.py:161} INFO - Started process (PID=1397) to work on /home/airflow/.local/lib/python3.12/site-packages/airflow/example_dags/example_dag_decorator.py
[2025-06-23T06:02:50.958+0000] {processor.py:830} INFO - Processing file /home/airflow/.local/lib/python3.12/site-packages/airflow/example_dags/example_dag_decorator.py for tasks to queue
[2025-06-23T06:02:50.964+0000] {logging_mixin.py:188} INFO - [2025-06-23T06:02:50.962+0000] {dagbag.py:545} INFO - Filling up the DagBag from /home/airflow/.local/lib/python3.12/site-packages/airflow/example_dags/example_dag_decorator.py
[2025-06-23T06:02:51.805+0000] {processor.py:840} INFO - DAG(s) 'example_dag_decorator' retrieved from /home/airflow/.local/lib/python3.12/site-packages/airflow/example_dags/example_dag_decorator.py
[2025-06-23T06:02:57.734+0000] {logging_mixin.py:188} INFO - [2025-06-23T06:02:57.734+0000] {dag.py:3089} INFO - Sync 1 DAGs
[2025-06-23T06:02:57.774+0000] {logging_mixin.py:188} INFO - [2025-06-23T06:02:57.774+0000] {dag.py:3947} INFO - Setting next_dagrun for example_dag_decorator to None, run_after=None
[2025-06-23T06:02:57.835+0000] {processor.py:183} INFO - Processing /home/airflow/.local/lib/python3.12/site-packages/airflow/example_dags/example_dag_decorator.py took 6.904 seconds
[2025-06-23T06:03:29.126+0000] {processor.py:161} INFO - Started process (PID=1470) to work on /home/airflow/.local/lib/python3.12/site-packages/airflow/example_dags/example_dag_decorator.py
[2025-06-23T06:03:29.129+0000] {processor.py:830} INFO - Processing file /home/airflow/.local/lib/python3.12/site-packages/airflow/example_dags/example_dag_decorator.py for tasks to queue
[2025-06-23T06:03:29.135+0000] {logging_mixin.py:188} INFO - [2025-06-23T06:03:29.134+0000] {dagbag.py:545} INFO - Filling up the DagBag from /home/airflow/.local/lib/python3.12/site-packages/airflow/example_dags/example_dag_decorator.py
[2025-06-23T06:03:30.745+0000] {processor.py:840} INFO - DAG(s) 'example_dag_decorator' retrieved from /home/airflow/.local/lib/python3.12/site-packages/airflow/example_dags/example_dag_decorator.py
[2025-06-23T06:03:31.253+0000] {logging_mixin.py:188} INFO - [2025-06-23T06:03:31.252+0000] {dag.py:3089} INFO - Sync 1 DAGs
[2025-06-23T06:03:31.297+0000] {logging_mixin.py:188} INFO - [2025-06-23T06:03:31.296+0000] {dag.py:3947} INFO - Setting next_dagrun for example_dag_decorator to None, run_after=None
[2025-06-23T06:03:31.414+0000] {processor.py:183} INFO - Processing /home/airflow/.local/lib/python3.12/site-packages/airflow/example_dags/example_dag_decorator.py took 2.301 seconds
[2025-06-23T06:04:04.163+0000] {processor.py:161} INFO - Started process (PID=1535) to work on /home/airflow/.local/lib/python3.12/site-packages/airflow/example_dags/example_dag_decorator.py
[2025-06-23T06:04:04.174+0000] {processor.py:830} INFO - Processing file /home/airflow/.local/lib/python3.12/site-packages/airflow/example_dags/example_dag_decorator.py for tasks to queue
[2025-06-23T06:04:04.183+0000] {logging_mixin.py:188} INFO - [2025-06-23T06:04:04.182+0000] {dagbag.py:545} INFO - Filling up the DagBag from /home/airflow/.local/lib/python3.12/site-packages/airflow/example_dags/example_dag_decorator.py
[2025-06-23T06:04:06.184+0000] {processor.py:840} INFO - DAG(s) 'example_dag_decorator' retrieved from /home/airflow/.local/lib/python3.12/site-packages/airflow/example_dags/example_dag_decorator.py
[2025-06-23T06:04:06.471+0000] {logging_mixin.py:188} INFO - [2025-06-23T06:04:06.471+0000] {dag.py:3089} INFO - Sync 1 DAGs
[2025-06-23T06:04:06.487+0000] {logging_mixin.py:188} INFO - [2025-06-23T06:04:06.486+0000] {dag.py:3947} INFO - Setting next_dagrun for example_dag_decorator to None, run_after=None
[2025-06-23T06:04:06.534+0000] {processor.py:183} INFO - Processing /home/airflow/.local/lib/python3.12/site-packages/airflow/example_dags/example_dag_decorator.py took 2.388 seconds
