[2025-06-23T05:50:58.386+0000] {processor.py:161} INFO - Started process (PID=93) to work on /home/airflow/.local/lib/python3.12/site-packages/airflow/example_dags/example_branch_day_of_week_operator.py
[2025-06-23T05:50:58.388+0000] {processor.py:830} INFO - Processing file /home/airflow/.local/lib/python3.12/site-packages/airflow/example_dags/example_branch_day_of_week_operator.py for tasks to queue
[2025-06-23T05:50:58.392+0000] {logging_mixin.py:188} INFO - [2025-06-23T05:50:58.392+0000] {dagbag.py:545} INFO - Filling up the DagBag from /home/airflow/.local/lib/python3.12/site-packages/airflow/example_dags/example_branch_day_of_week_operator.py
[2025-06-23T05:50:58.419+0000] {processor.py:840} INFO - DAG(s) 'example_weekday_branch_operator' retrieved from /home/airflow/.local/lib/python3.12/site-packages/airflow/example_dags/example_branch_day_of_week_operator.py
[2025-06-23T05:50:58.604+0000] {logging_mixin.py:188} INFO - [2025-06-23T05:50:58.604+0000] {dag.py:3089} INFO - Sync 1 DAGs
[2025-06-23T05:50:58.661+0000] {logging_mixin.py:188} INFO - [2025-06-23T05:50:58.660+0000] {dag.py:3947} INFO - Setting next_dagrun for example_weekday_branch_operator to 2025-06-22 00:00:00+00:00, run_after=2025-06-23 00:00:00+00:00
[2025-06-23T05:50:58.701+0000] {processor.py:183} INFO - Processing /home/airflow/.local/lib/python3.12/site-packages/airflow/example_dags/example_branch_day_of_week_operator.py took 0.331 seconds
[2025-06-23T05:51:57.966+0000] {processor.py:161} INFO - Started process (PID=160) to work on /home/airflow/.local/lib/python3.12/site-packages/airflow/example_dags/example_branch_day_of_week_operator.py
[2025-06-23T05:51:57.968+0000] {processor.py:830} INFO - Processing file /home/airflow/.local/lib/python3.12/site-packages/airflow/example_dags/example_branch_day_of_week_operator.py for tasks to queue
[2025-06-23T05:51:57.972+0000] {logging_mixin.py:188} INFO - [2025-06-23T05:51:57.971+0000] {dagbag.py:545} INFO - Filling up the DagBag from /home/airflow/.local/lib/python3.12/site-packages/airflow/example_dags/example_branch_day_of_week_operator.py
[2025-06-23T05:51:57.985+0000] {processor.py:840} INFO - DAG(s) 'example_weekday_branch_operator' retrieved from /home/airflow/.local/lib/python3.12/site-packages/airflow/example_dags/example_branch_day_of_week_operator.py
[2025-06-23T05:51:58.021+0000] {logging_mixin.py:188} INFO - [2025-06-23T05:51:58.021+0000] {dag.py:3089} INFO - Sync 1 DAGs
[2025-06-23T05:51:58.057+0000] {logging_mixin.py:188} INFO - [2025-06-23T05:51:58.056+0000] {dag.py:3947} INFO - Setting next_dagrun for example_weekday_branch_operator to 2025-06-22 00:00:00+00:00, run_after=2025-06-23 00:00:00+00:00
[2025-06-23T05:51:58.089+0000] {processor.py:183} INFO - Processing /home/airflow/.local/lib/python3.12/site-packages/airflow/example_dags/example_branch_day_of_week_operator.py took 0.132 seconds
[2025-06-23T05:52:28.977+0000] {processor.py:161} INFO - Started process (PID=221) to work on /home/airflow/.local/lib/python3.12/site-packages/airflow/example_dags/example_branch_day_of_week_operator.py
[2025-06-23T05:52:28.989+0000] {processor.py:830} INFO - Processing file /home/airflow/.local/lib/python3.12/site-packages/airflow/example_dags/example_branch_day_of_week_operator.py for tasks to queue
[2025-06-23T05:52:29.005+0000] {logging_mixin.py:188} INFO - [2025-06-23T05:52:28.997+0000] {dagbag.py:545} INFO - Filling up the DagBag from /home/airflow/.local/lib/python3.12/site-packages/airflow/example_dags/example_branch_day_of_week_operator.py
[2025-06-23T05:52:29.036+0000] {processor.py:840} INFO - DAG(s) 'example_weekday_branch_operator' retrieved from /home/airflow/.local/lib/python3.12/site-packages/airflow/example_dags/example_branch_day_of_week_operator.py
[2025-06-23T05:52:29.129+0000] {logging_mixin.py:188} INFO - [2025-06-23T05:52:29.128+0000] {dag.py:3089} INFO - Sync 1 DAGs
[2025-06-23T05:52:29.205+0000] {logging_mixin.py:188} INFO - [2025-06-23T05:52:29.204+0000] {dag.py:3947} INFO - Setting next_dagrun for example_weekday_branch_operator to 2025-06-22 00:00:00+00:00, run_after=2025-06-23 00:00:00+00:00
[2025-06-23T05:52:29.302+0000] {processor.py:183} INFO - Processing /home/airflow/.local/lib/python3.12/site-packages/airflow/example_dags/example_branch_day_of_week_operator.py took 0.354 seconds
[2025-06-23T05:52:59.932+0000] {processor.py:161} INFO - Started process (PID=279) to work on /home/airflow/.local/lib/python3.12/site-packages/airflow/example_dags/example_branch_day_of_week_operator.py
[2025-06-23T05:52:59.934+0000] {processor.py:830} INFO - Processing file /home/airflow/.local/lib/python3.12/site-packages/airflow/example_dags/example_branch_day_of_week_operator.py for tasks to queue
[2025-06-23T05:52:59.938+0000] {logging_mixin.py:188} INFO - [2025-06-23T05:52:59.937+0000] {dagbag.py:545} INFO - Filling up the DagBag from /home/airflow/.local/lib/python3.12/site-packages/airflow/example_dags/example_branch_day_of_week_operator.py
[2025-06-23T05:52:59.951+0000] {processor.py:840} INFO - DAG(s) 'example_weekday_branch_operator' retrieved from /home/airflow/.local/lib/python3.12/site-packages/airflow/example_dags/example_branch_day_of_week_operator.py
[2025-06-23T05:52:59.989+0000] {logging_mixin.py:188} INFO - [2025-06-23T05:52:59.988+0000] {dag.py:3089} INFO - Sync 1 DAGs
[2025-06-23T05:53:00.046+0000] {logging_mixin.py:188} INFO - [2025-06-23T05:53:00.045+0000] {dag.py:3947} INFO - Setting next_dagrun for example_weekday_branch_operator to 2025-06-22 00:00:00+00:00, run_after=2025-06-23 00:00:00+00:00
[2025-06-23T05:53:00.083+0000] {processor.py:183} INFO - Processing /home/airflow/.local/lib/python3.12/site-packages/airflow/example_dags/example_branch_day_of_week_operator.py took 0.159 seconds
[2025-06-23T05:53:30.277+0000] {processor.py:161} INFO - Started process (PID=339) to work on /home/airflow/.local/lib/python3.12/site-packages/airflow/example_dags/example_branch_day_of_week_operator.py
[2025-06-23T05:53:30.280+0000] {processor.py:830} INFO - Processing file /home/airflow/.local/lib/python3.12/site-packages/airflow/example_dags/example_branch_day_of_week_operator.py for tasks to queue
[2025-06-23T05:53:30.283+0000] {logging_mixin.py:188} INFO - [2025-06-23T05:53:30.283+0000] {dagbag.py:545} INFO - Filling up the DagBag from /home/airflow/.local/lib/python3.12/site-packages/airflow/example_dags/example_branch_day_of_week_operator.py
[2025-06-23T05:53:30.297+0000] {processor.py:840} INFO - DAG(s) 'example_weekday_branch_operator' retrieved from /home/airflow/.local/lib/python3.12/site-packages/airflow/example_dags/example_branch_day_of_week_operator.py
[2025-06-23T05:53:30.331+0000] {logging_mixin.py:188} INFO - [2025-06-23T05:53:30.331+0000] {dag.py:3089} INFO - Sync 1 DAGs
[2025-06-23T05:53:30.370+0000] {logging_mixin.py:188} INFO - [2025-06-23T05:53:30.369+0000] {dag.py:3947} INFO - Setting next_dagrun for example_weekday_branch_operator to 2025-06-22 00:00:00+00:00, run_after=2025-06-23 00:00:00+00:00
[2025-06-23T05:53:30.419+0000] {processor.py:183} INFO - Processing /home/airflow/.local/lib/python3.12/site-packages/airflow/example_dags/example_branch_day_of_week_operator.py took 0.152 seconds
[2025-06-23T05:54:02.610+0000] {processor.py:161} INFO - Started process (PID=401) to work on /home/airflow/.local/lib/python3.12/site-packages/airflow/example_dags/example_branch_day_of_week_operator.py
[2025-06-23T05:54:02.613+0000] {processor.py:830} INFO - Processing file /home/airflow/.local/lib/python3.12/site-packages/airflow/example_dags/example_branch_day_of_week_operator.py for tasks to queue
[2025-06-23T05:54:02.619+0000] {logging_mixin.py:188} INFO - [2025-06-23T05:54:02.618+0000] {dagbag.py:545} INFO - Filling up the DagBag from /home/airflow/.local/lib/python3.12/site-packages/airflow/example_dags/example_branch_day_of_week_operator.py
[2025-06-23T05:54:02.638+0000] {processor.py:840} INFO - DAG(s) 'example_weekday_branch_operator' retrieved from /home/airflow/.local/lib/python3.12/site-packages/airflow/example_dags/example_branch_day_of_week_operator.py
[2025-06-23T05:54:02.725+0000] {logging_mixin.py:188} INFO - [2025-06-23T05:54:02.723+0000] {dag.py:3089} INFO - Sync 1 DAGs
[2025-06-23T05:54:03.099+0000] {logging_mixin.py:188} INFO - [2025-06-23T05:54:03.098+0000] {dag.py:3947} INFO - Setting next_dagrun for example_weekday_branch_operator to 2025-06-22 00:00:00+00:00, run_after=2025-06-23 00:00:00+00:00
[2025-06-23T05:54:03.524+0000] {processor.py:183} INFO - Processing /home/airflow/.local/lib/python3.12/site-packages/airflow/example_dags/example_branch_day_of_week_operator.py took 0.928 seconds
[2025-06-23T05:54:36.633+0000] {processor.py:161} INFO - Started process (PID=461) to work on /home/airflow/.local/lib/python3.12/site-packages/airflow/example_dags/example_branch_day_of_week_operator.py
[2025-06-23T05:54:36.641+0000] {processor.py:830} INFO - Processing file /home/airflow/.local/lib/python3.12/site-packages/airflow/example_dags/example_branch_day_of_week_operator.py for tasks to queue
[2025-06-23T05:54:36.651+0000] {logging_mixin.py:188} INFO - [2025-06-23T05:54:36.649+0000] {dagbag.py:545} INFO - Filling up the DagBag from /home/airflow/.local/lib/python3.12/site-packages/airflow/example_dags/example_branch_day_of_week_operator.py
[2025-06-23T05:54:36.691+0000] {processor.py:840} INFO - DAG(s) 'example_weekday_branch_operator' retrieved from /home/airflow/.local/lib/python3.12/site-packages/airflow/example_dags/example_branch_day_of_week_operator.py
[2025-06-23T05:54:36.771+0000] {logging_mixin.py:188} INFO - [2025-06-23T05:54:36.771+0000] {dag.py:3089} INFO - Sync 1 DAGs
[2025-06-23T05:54:36.879+0000] {logging_mixin.py:188} INFO - [2025-06-23T05:54:36.879+0000] {dag.py:3947} INFO - Setting next_dagrun for example_weekday_branch_operator to 2025-06-22 00:00:00+00:00, run_after=2025-06-23 00:00:00+00:00
[2025-06-23T05:54:36.994+0000] {processor.py:183} INFO - Processing /home/airflow/.local/lib/python3.12/site-packages/airflow/example_dags/example_branch_day_of_week_operator.py took 0.389 seconds
[2025-06-23T05:55:13.744+0000] {processor.py:161} INFO - Started process (PID=522) to work on /home/airflow/.local/lib/python3.12/site-packages/airflow/example_dags/example_branch_day_of_week_operator.py
[2025-06-23T05:55:13.748+0000] {processor.py:830} INFO - Processing file /home/airflow/.local/lib/python3.12/site-packages/airflow/example_dags/example_branch_day_of_week_operator.py for tasks to queue
[2025-06-23T05:55:13.754+0000] {logging_mixin.py:188} INFO - [2025-06-23T05:55:13.753+0000] {dagbag.py:545} INFO - Filling up the DagBag from /home/airflow/.local/lib/python3.12/site-packages/airflow/example_dags/example_branch_day_of_week_operator.py
[2025-06-23T05:55:13.781+0000] {processor.py:840} INFO - DAG(s) 'example_weekday_branch_operator' retrieved from /home/airflow/.local/lib/python3.12/site-packages/airflow/example_dags/example_branch_day_of_week_operator.py
[2025-06-23T05:55:13.851+0000] {logging_mixin.py:188} INFO - [2025-06-23T05:55:13.850+0000] {dag.py:3089} INFO - Sync 1 DAGs
[2025-06-23T05:55:13.926+0000] {logging_mixin.py:188} INFO - [2025-06-23T05:55:13.926+0000] {dag.py:3947} INFO - Setting next_dagrun for example_weekday_branch_operator to 2025-06-22 00:00:00+00:00, run_after=2025-06-23 00:00:00+00:00
[2025-06-23T05:55:14.020+0000] {processor.py:183} INFO - Processing /home/airflow/.local/lib/python3.12/site-packages/airflow/example_dags/example_branch_day_of_week_operator.py took 0.295 seconds
[2025-06-23T05:55:44.927+0000] {processor.py:161} INFO - Started process (PID=583) to work on /home/airflow/.local/lib/python3.12/site-packages/airflow/example_dags/example_branch_day_of_week_operator.py
[2025-06-23T05:55:44.930+0000] {processor.py:830} INFO - Processing file /home/airflow/.local/lib/python3.12/site-packages/airflow/example_dags/example_branch_day_of_week_operator.py for tasks to queue
[2025-06-23T05:55:44.940+0000] {logging_mixin.py:188} INFO - [2025-06-23T05:55:44.936+0000] {dagbag.py:545} INFO - Filling up the DagBag from /home/airflow/.local/lib/python3.12/site-packages/airflow/example_dags/example_branch_day_of_week_operator.py
[2025-06-23T05:55:44.985+0000] {processor.py:840} INFO - DAG(s) 'example_weekday_branch_operator' retrieved from /home/airflow/.local/lib/python3.12/site-packages/airflow/example_dags/example_branch_day_of_week_operator.py
[2025-06-23T05:55:45.071+0000] {logging_mixin.py:188} INFO - [2025-06-23T05:55:45.070+0000] {dag.py:3089} INFO - Sync 1 DAGs
[2025-06-23T05:55:45.158+0000] {logging_mixin.py:188} INFO - [2025-06-23T05:55:45.158+0000] {dag.py:3947} INFO - Setting next_dagrun for example_weekday_branch_operator to 2025-06-22 00:00:00+00:00, run_after=2025-06-23 00:00:00+00:00
[2025-06-23T05:55:45.236+0000] {processor.py:183} INFO - Processing /home/airflow/.local/lib/python3.12/site-packages/airflow/example_dags/example_branch_day_of_week_operator.py took 0.341 seconds
[2025-06-23T05:56:19.908+0000] {processor.py:161} INFO - Started process (PID=643) to work on /home/airflow/.local/lib/python3.12/site-packages/airflow/example_dags/example_branch_day_of_week_operator.py
[2025-06-23T05:56:19.912+0000] {processor.py:830} INFO - Processing file /home/airflow/.local/lib/python3.12/site-packages/airflow/example_dags/example_branch_day_of_week_operator.py for tasks to queue
[2025-06-23T05:56:19.920+0000] {logging_mixin.py:188} INFO - [2025-06-23T05:56:19.918+0000] {dagbag.py:545} INFO - Filling up the DagBag from /home/airflow/.local/lib/python3.12/site-packages/airflow/example_dags/example_branch_day_of_week_operator.py
[2025-06-23T05:56:20.013+0000] {processor.py:840} INFO - DAG(s) 'example_weekday_branch_operator' retrieved from /home/airflow/.local/lib/python3.12/site-packages/airflow/example_dags/example_branch_day_of_week_operator.py
[2025-06-23T05:56:20.109+0000] {logging_mixin.py:188} INFO - [2025-06-23T05:56:20.108+0000] {dag.py:3089} INFO - Sync 1 DAGs
[2025-06-23T05:56:20.259+0000] {logging_mixin.py:188} INFO - [2025-06-23T05:56:20.258+0000] {dag.py:3947} INFO - Setting next_dagrun for example_weekday_branch_operator to 2025-06-22 00:00:00+00:00, run_after=2025-06-23 00:00:00+00:00
[2025-06-23T05:56:20.361+0000] {processor.py:183} INFO - Processing /home/airflow/.local/lib/python3.12/site-packages/airflow/example_dags/example_branch_day_of_week_operator.py took 0.475 seconds
[2025-06-23T05:56:50.512+0000] {processor.py:161} INFO - Started process (PID=701) to work on /home/airflow/.local/lib/python3.12/site-packages/airflow/example_dags/example_branch_day_of_week_operator.py
[2025-06-23T05:56:50.514+0000] {processor.py:830} INFO - Processing file /home/airflow/.local/lib/python3.12/site-packages/airflow/example_dags/example_branch_day_of_week_operator.py for tasks to queue
[2025-06-23T05:56:50.518+0000] {logging_mixin.py:188} INFO - [2025-06-23T05:56:50.517+0000] {dagbag.py:545} INFO - Filling up the DagBag from /home/airflow/.local/lib/python3.12/site-packages/airflow/example_dags/example_branch_day_of_week_operator.py
[2025-06-23T05:56:50.556+0000] {processor.py:840} INFO - DAG(s) 'example_weekday_branch_operator' retrieved from /home/airflow/.local/lib/python3.12/site-packages/airflow/example_dags/example_branch_day_of_week_operator.py
[2025-06-23T05:56:50.615+0000] {logging_mixin.py:188} INFO - [2025-06-23T05:56:50.615+0000] {dag.py:3089} INFO - Sync 1 DAGs
[2025-06-23T05:56:50.672+0000] {logging_mixin.py:188} INFO - [2025-06-23T05:56:50.672+0000] {dag.py:3947} INFO - Setting next_dagrun for example_weekday_branch_operator to 2025-06-22 00:00:00+00:00, run_after=2025-06-23 00:00:00+00:00
[2025-06-23T05:56:50.717+0000] {processor.py:183} INFO - Processing /home/airflow/.local/lib/python3.12/site-packages/airflow/example_dags/example_branch_day_of_week_operator.py took 0.215 seconds
[2025-06-23T05:57:21.426+0000] {processor.py:161} INFO - Started process (PID=761) to work on /home/airflow/.local/lib/python3.12/site-packages/airflow/example_dags/example_branch_day_of_week_operator.py
[2025-06-23T05:57:21.429+0000] {processor.py:830} INFO - Processing file /home/airflow/.local/lib/python3.12/site-packages/airflow/example_dags/example_branch_day_of_week_operator.py for tasks to queue
[2025-06-23T05:57:21.437+0000] {logging_mixin.py:188} INFO - [2025-06-23T05:57:21.435+0000] {dagbag.py:545} INFO - Filling up the DagBag from /home/airflow/.local/lib/python3.12/site-packages/airflow/example_dags/example_branch_day_of_week_operator.py
[2025-06-23T05:57:21.461+0000] {processor.py:840} INFO - DAG(s) 'example_weekday_branch_operator' retrieved from /home/airflow/.local/lib/python3.12/site-packages/airflow/example_dags/example_branch_day_of_week_operator.py
[2025-06-23T05:57:21.516+0000] {logging_mixin.py:188} INFO - [2025-06-23T05:57:21.515+0000] {dag.py:3089} INFO - Sync 1 DAGs
[2025-06-23T05:57:21.587+0000] {logging_mixin.py:188} INFO - [2025-06-23T05:57:21.586+0000] {dag.py:3947} INFO - Setting next_dagrun for example_weekday_branch_operator to 2025-06-22 00:00:00+00:00, run_after=2025-06-23 00:00:00+00:00
[2025-06-23T05:57:21.632+0000] {processor.py:183} INFO - Processing /home/airflow/.local/lib/python3.12/site-packages/airflow/example_dags/example_branch_day_of_week_operator.py took 0.220 seconds
[2025-06-23T05:57:51.818+0000] {processor.py:161} INFO - Started process (PID=821) to work on /home/airflow/.local/lib/python3.12/site-packages/airflow/example_dags/example_branch_day_of_week_operator.py
[2025-06-23T05:57:51.819+0000] {processor.py:830} INFO - Processing file /home/airflow/.local/lib/python3.12/site-packages/airflow/example_dags/example_branch_day_of_week_operator.py for tasks to queue
[2025-06-23T05:57:51.822+0000] {logging_mixin.py:188} INFO - [2025-06-23T05:57:51.822+0000] {dagbag.py:545} INFO - Filling up the DagBag from /home/airflow/.local/lib/python3.12/site-packages/airflow/example_dags/example_branch_day_of_week_operator.py
[2025-06-23T05:57:51.835+0000] {processor.py:840} INFO - DAG(s) 'example_weekday_branch_operator' retrieved from /home/airflow/.local/lib/python3.12/site-packages/airflow/example_dags/example_branch_day_of_week_operator.py
[2025-06-23T05:57:51.865+0000] {logging_mixin.py:188} INFO - [2025-06-23T05:57:51.865+0000] {dag.py:3089} INFO - Sync 1 DAGs
[2025-06-23T05:57:51.921+0000] {logging_mixin.py:188} INFO - [2025-06-23T05:57:51.920+0000] {dag.py:3947} INFO - Setting next_dagrun for example_weekday_branch_operator to 2025-06-22 00:00:00+00:00, run_after=2025-06-23 00:00:00+00:00
[2025-06-23T05:57:51.973+0000] {processor.py:183} INFO - Processing /home/airflow/.local/lib/python3.12/site-packages/airflow/example_dags/example_branch_day_of_week_operator.py took 0.164 seconds
[2025-06-23T05:58:22.261+0000] {processor.py:161} INFO - Started process (PID=889) to work on /home/airflow/.local/lib/python3.12/site-packages/airflow/example_dags/example_branch_day_of_week_operator.py
[2025-06-23T05:58:22.266+0000] {processor.py:830} INFO - Processing file /home/airflow/.local/lib/python3.12/site-packages/airflow/example_dags/example_branch_day_of_week_operator.py for tasks to queue
[2025-06-23T05:58:22.279+0000] {logging_mixin.py:188} INFO - [2025-06-23T05:58:22.278+0000] {dagbag.py:545} INFO - Filling up the DagBag from /home/airflow/.local/lib/python3.12/site-packages/airflow/example_dags/example_branch_day_of_week_operator.py
[2025-06-23T05:58:22.316+0000] {processor.py:840} INFO - DAG(s) 'example_weekday_branch_operator' retrieved from /home/airflow/.local/lib/python3.12/site-packages/airflow/example_dags/example_branch_day_of_week_operator.py
[2025-06-23T05:58:22.426+0000] {logging_mixin.py:188} INFO - [2025-06-23T05:58:22.425+0000] {dag.py:3089} INFO - Sync 1 DAGs
[2025-06-23T05:58:22.486+0000] {logging_mixin.py:188} INFO - [2025-06-23T05:58:22.485+0000] {dag.py:3947} INFO - Setting next_dagrun for example_weekday_branch_operator to 2025-06-22 00:00:00+00:00, run_after=2025-06-23 00:00:00+00:00
[2025-06-23T05:58:22.530+0000] {processor.py:183} INFO - Processing /home/airflow/.local/lib/python3.12/site-packages/airflow/example_dags/example_branch_day_of_week_operator.py took 0.305 seconds
[2025-06-23T05:58:57.926+0000] {processor.py:161} INFO - Started process (PID=945) to work on /home/airflow/.local/lib/python3.12/site-packages/airflow/example_dags/example_branch_day_of_week_operator.py
[2025-06-23T05:58:57.932+0000] {processor.py:830} INFO - Processing file /home/airflow/.local/lib/python3.12/site-packages/airflow/example_dags/example_branch_day_of_week_operator.py for tasks to queue
[2025-06-23T05:58:57.946+0000] {logging_mixin.py:188} INFO - [2025-06-23T05:58:57.943+0000] {dagbag.py:545} INFO - Filling up the DagBag from /home/airflow/.local/lib/python3.12/site-packages/airflow/example_dags/example_branch_day_of_week_operator.py
[2025-06-23T05:58:58.000+0000] {processor.py:840} INFO - DAG(s) 'example_weekday_branch_operator' retrieved from /home/airflow/.local/lib/python3.12/site-packages/airflow/example_dags/example_branch_day_of_week_operator.py
[2025-06-23T05:58:58.332+0000] {logging_mixin.py:188} INFO - [2025-06-23T05:58:58.330+0000] {dag.py:3089} INFO - Sync 1 DAGs
[2025-06-23T05:58:58.647+0000] {logging_mixin.py:188} INFO - [2025-06-23T05:58:58.646+0000] {dag.py:3947} INFO - Setting next_dagrun for example_weekday_branch_operator to 2025-06-22 00:00:00+00:00, run_after=2025-06-23 00:00:00+00:00
[2025-06-23T05:58:58.826+0000] {processor.py:183} INFO - Processing /home/airflow/.local/lib/python3.12/site-packages/airflow/example_dags/example_branch_day_of_week_operator.py took 0.924 seconds
[2025-06-23T05:59:29.513+0000] {processor.py:161} INFO - Started process (PID=1004) to work on /home/airflow/.local/lib/python3.12/site-packages/airflow/example_dags/example_branch_day_of_week_operator.py
[2025-06-23T05:59:29.530+0000] {processor.py:830} INFO - Processing file /home/airflow/.local/lib/python3.12/site-packages/airflow/example_dags/example_branch_day_of_week_operator.py for tasks to queue
[2025-06-23T05:59:29.591+0000] {logging_mixin.py:188} INFO - [2025-06-23T05:59:29.581+0000] {dagbag.py:545} INFO - Filling up the DagBag from /home/airflow/.local/lib/python3.12/site-packages/airflow/example_dags/example_branch_day_of_week_operator.py
[2025-06-23T05:59:29.651+0000] {processor.py:840} INFO - DAG(s) 'example_weekday_branch_operator' retrieved from /home/airflow/.local/lib/python3.12/site-packages/airflow/example_dags/example_branch_day_of_week_operator.py
[2025-06-23T05:59:29.719+0000] {logging_mixin.py:188} INFO - [2025-06-23T05:59:29.719+0000] {dag.py:3089} INFO - Sync 1 DAGs
[2025-06-23T05:59:29.780+0000] {logging_mixin.py:188} INFO - [2025-06-23T05:59:29.779+0000] {dag.py:3947} INFO - Setting next_dagrun for example_weekday_branch_operator to 2025-06-22 00:00:00+00:00, run_after=2025-06-23 00:00:00+00:00
[2025-06-23T05:59:29.872+0000] {processor.py:183} INFO - Processing /home/airflow/.local/lib/python3.12/site-packages/airflow/example_dags/example_branch_day_of_week_operator.py took 0.496 seconds
[2025-06-23T06:00:00.706+0000] {processor.py:161} INFO - Started process (PID=1065) to work on /home/airflow/.local/lib/python3.12/site-packages/airflow/example_dags/example_branch_day_of_week_operator.py
[2025-06-23T06:00:00.709+0000] {processor.py:830} INFO - Processing file /home/airflow/.local/lib/python3.12/site-packages/airflow/example_dags/example_branch_day_of_week_operator.py for tasks to queue
[2025-06-23T06:00:00.715+0000] {logging_mixin.py:188} INFO - [2025-06-23T06:00:00.713+0000] {dagbag.py:545} INFO - Filling up the DagBag from /home/airflow/.local/lib/python3.12/site-packages/airflow/example_dags/example_branch_day_of_week_operator.py
[2025-06-23T06:00:00.756+0000] {processor.py:840} INFO - DAG(s) 'example_weekday_branch_operator' retrieved from /home/airflow/.local/lib/python3.12/site-packages/airflow/example_dags/example_branch_day_of_week_operator.py
[2025-06-23T06:00:01.239+0000] {logging_mixin.py:188} INFO - [2025-06-23T06:00:01.237+0000] {dag.py:3089} INFO - Sync 1 DAGs
[2025-06-23T06:00:01.501+0000] {logging_mixin.py:188} INFO - [2025-06-23T06:00:01.499+0000] {dag.py:3947} INFO - Setting next_dagrun for example_weekday_branch_operator to 2025-06-22 00:00:00+00:00, run_after=2025-06-23 00:00:00+00:00
[2025-06-23T06:00:01.671+0000] {processor.py:183} INFO - Processing /home/airflow/.local/lib/python3.12/site-packages/airflow/example_dags/example_branch_day_of_week_operator.py took 0.983 seconds
[2025-06-23T06:00:32.276+0000] {processor.py:161} INFO - Started process (PID=1125) to work on /home/airflow/.local/lib/python3.12/site-packages/airflow/example_dags/example_branch_day_of_week_operator.py
[2025-06-23T06:00:32.282+0000] {processor.py:830} INFO - Processing file /home/airflow/.local/lib/python3.12/site-packages/airflow/example_dags/example_branch_day_of_week_operator.py for tasks to queue
[2025-06-23T06:00:32.286+0000] {logging_mixin.py:188} INFO - [2025-06-23T06:00:32.285+0000] {dagbag.py:545} INFO - Filling up the DagBag from /home/airflow/.local/lib/python3.12/site-packages/airflow/example_dags/example_branch_day_of_week_operator.py
[2025-06-23T06:00:32.361+0000] {processor.py:840} INFO - DAG(s) 'example_weekday_branch_operator' retrieved from /home/airflow/.local/lib/python3.12/site-packages/airflow/example_dags/example_branch_day_of_week_operator.py
[2025-06-23T06:00:32.569+0000] {logging_mixin.py:188} INFO - [2025-06-23T06:00:32.569+0000] {dag.py:3089} INFO - Sync 1 DAGs
[2025-06-23T06:00:32.683+0000] {logging_mixin.py:188} INFO - [2025-06-23T06:00:32.683+0000] {dag.py:3947} INFO - Setting next_dagrun for example_weekday_branch_operator to 2025-06-22 00:00:00+00:00, run_after=2025-06-23 00:00:00+00:00
[2025-06-23T06:00:32.735+0000] {processor.py:183} INFO - Processing /home/airflow/.local/lib/python3.12/site-packages/airflow/example_dags/example_branch_day_of_week_operator.py took 0.483 seconds
[2025-06-23T06:01:02.859+0000] {processor.py:161} INFO - Started process (PID=1185) to work on /home/airflow/.local/lib/python3.12/site-packages/airflow/example_dags/example_branch_day_of_week_operator.py
[2025-06-23T06:01:02.862+0000] {processor.py:830} INFO - Processing file /home/airflow/.local/lib/python3.12/site-packages/airflow/example_dags/example_branch_day_of_week_operator.py for tasks to queue
[2025-06-23T06:01:02.867+0000] {logging_mixin.py:188} INFO - [2025-06-23T06:01:02.866+0000] {dagbag.py:545} INFO - Filling up the DagBag from /home/airflow/.local/lib/python3.12/site-packages/airflow/example_dags/example_branch_day_of_week_operator.py
[2025-06-23T06:01:02.879+0000] {processor.py:840} INFO - DAG(s) 'example_weekday_branch_operator' retrieved from /home/airflow/.local/lib/python3.12/site-packages/airflow/example_dags/example_branch_day_of_week_operator.py
[2025-06-23T06:01:02.919+0000] {logging_mixin.py:188} INFO - [2025-06-23T06:01:02.918+0000] {dag.py:3089} INFO - Sync 1 DAGs
[2025-06-23T06:01:02.985+0000] {logging_mixin.py:188} INFO - [2025-06-23T06:01:02.984+0000] {dag.py:3947} INFO - Setting next_dagrun for example_weekday_branch_operator to 2025-06-22 00:00:00+00:00, run_after=2025-06-23 00:00:00+00:00
[2025-06-23T06:01:03.046+0000] {processor.py:183} INFO - Processing /home/airflow/.local/lib/python3.12/site-packages/airflow/example_dags/example_branch_day_of_week_operator.py took 0.199 seconds
[2025-06-23T06:01:33.266+0000] {processor.py:161} INFO - Started process (PID=1245) to work on /home/airflow/.local/lib/python3.12/site-packages/airflow/example_dags/example_branch_day_of_week_operator.py
[2025-06-23T06:01:33.274+0000] {processor.py:830} INFO - Processing file /home/airflow/.local/lib/python3.12/site-packages/airflow/example_dags/example_branch_day_of_week_operator.py for tasks to queue
[2025-06-23T06:01:33.283+0000] {logging_mixin.py:188} INFO - [2025-06-23T06:01:33.282+0000] {dagbag.py:545} INFO - Filling up the DagBag from /home/airflow/.local/lib/python3.12/site-packages/airflow/example_dags/example_branch_day_of_week_operator.py
[2025-06-23T06:01:33.323+0000] {processor.py:840} INFO - DAG(s) 'example_weekday_branch_operator' retrieved from /home/airflow/.local/lib/python3.12/site-packages/airflow/example_dags/example_branch_day_of_week_operator.py
[2025-06-23T06:01:33.410+0000] {logging_mixin.py:188} INFO - [2025-06-23T06:01:33.410+0000] {dag.py:3089} INFO - Sync 1 DAGs
[2025-06-23T06:01:33.498+0000] {logging_mixin.py:188} INFO - [2025-06-23T06:01:33.497+0000] {dag.py:3947} INFO - Setting next_dagrun for example_weekday_branch_operator to 2025-06-22 00:00:00+00:00, run_after=2025-06-23 00:00:00+00:00
[2025-06-23T06:01:33.576+0000] {processor.py:183} INFO - Processing /home/airflow/.local/lib/python3.12/site-packages/airflow/example_dags/example_branch_day_of_week_operator.py took 0.337 seconds
[2025-06-23T06:02:04.136+0000] {processor.py:161} INFO - Started process (PID=1306) to work on /home/airflow/.local/lib/python3.12/site-packages/airflow/example_dags/example_branch_day_of_week_operator.py
[2025-06-23T06:02:04.138+0000] {processor.py:830} INFO - Processing file /home/airflow/.local/lib/python3.12/site-packages/airflow/example_dags/example_branch_day_of_week_operator.py for tasks to queue
[2025-06-23T06:02:04.144+0000] {logging_mixin.py:188} INFO - [2025-06-23T06:02:04.143+0000] {dagbag.py:545} INFO - Filling up the DagBag from /home/airflow/.local/lib/python3.12/site-packages/airflow/example_dags/example_branch_day_of_week_operator.py
[2025-06-23T06:02:04.169+0000] {processor.py:840} INFO - DAG(s) 'example_weekday_branch_operator' retrieved from /home/airflow/.local/lib/python3.12/site-packages/airflow/example_dags/example_branch_day_of_week_operator.py
[2025-06-23T06:02:04.213+0000] {logging_mixin.py:188} INFO - [2025-06-23T06:02:04.213+0000] {dag.py:3089} INFO - Sync 1 DAGs
[2025-06-23T06:02:04.264+0000] {logging_mixin.py:188} INFO - [2025-06-23T06:02:04.264+0000] {dag.py:3947} INFO - Setting next_dagrun for example_weekday_branch_operator to 2025-06-22 00:00:00+00:00, run_after=2025-06-23 00:00:00+00:00
[2025-06-23T06:02:04.318+0000] {processor.py:183} INFO - Processing /home/airflow/.local/lib/python3.12/site-packages/airflow/example_dags/example_branch_day_of_week_operator.py took 0.197 seconds
[2025-06-23T06:02:34.828+0000] {processor.py:161} INFO - Started process (PID=1366) to work on /home/airflow/.local/lib/python3.12/site-packages/airflow/example_dags/example_branch_day_of_week_operator.py
[2025-06-23T06:02:34.834+0000] {processor.py:830} INFO - Processing file /home/airflow/.local/lib/python3.12/site-packages/airflow/example_dags/example_branch_day_of_week_operator.py for tasks to queue
[2025-06-23T06:02:34.847+0000] {logging_mixin.py:188} INFO - [2025-06-23T06:02:34.844+0000] {dagbag.py:545} INFO - Filling up the DagBag from /home/airflow/.local/lib/python3.12/site-packages/airflow/example_dags/example_branch_day_of_week_operator.py
[2025-06-23T06:02:34.892+0000] {processor.py:840} INFO - DAG(s) 'example_weekday_branch_operator' retrieved from /home/airflow/.local/lib/python3.12/site-packages/airflow/example_dags/example_branch_day_of_week_operator.py
[2025-06-23T06:02:34.970+0000] {logging_mixin.py:188} INFO - [2025-06-23T06:02:34.969+0000] {dag.py:3089} INFO - Sync 1 DAGs
[2025-06-23T06:02:35.098+0000] {logging_mixin.py:188} INFO - [2025-06-23T06:02:35.097+0000] {dag.py:3947} INFO - Setting next_dagrun for example_weekday_branch_operator to 2025-06-22 00:00:00+00:00, run_after=2025-06-23 00:00:00+00:00
[2025-06-23T06:02:35.206+0000] {processor.py:183} INFO - Processing /home/airflow/.local/lib/python3.12/site-packages/airflow/example_dags/example_branch_day_of_week_operator.py took 0.412 seconds
[2025-06-23T06:03:06.073+0000] {processor.py:161} INFO - Started process (PID=1427) to work on /home/airflow/.local/lib/python3.12/site-packages/airflow/example_dags/example_branch_day_of_week_operator.py
[2025-06-23T06:03:06.115+0000] {processor.py:830} INFO - Processing file /home/airflow/.local/lib/python3.12/site-packages/airflow/example_dags/example_branch_day_of_week_operator.py for tasks to queue
[2025-06-23T06:03:06.218+0000] {logging_mixin.py:188} INFO - [2025-06-23T06:03:06.190+0000] {dagbag.py:545} INFO - Filling up the DagBag from /home/airflow/.local/lib/python3.12/site-packages/airflow/example_dags/example_branch_day_of_week_operator.py
[2025-06-23T06:03:06.407+0000] {processor.py:840} INFO - DAG(s) 'example_weekday_branch_operator' retrieved from /home/airflow/.local/lib/python3.12/site-packages/airflow/example_dags/example_branch_day_of_week_operator.py
[2025-06-23T06:03:06.515+0000] {logging_mixin.py:188} INFO - [2025-06-23T06:03:06.514+0000] {dag.py:3089} INFO - Sync 1 DAGs
[2025-06-23T06:03:06.667+0000] {logging_mixin.py:188} INFO - [2025-06-23T06:03:06.666+0000] {dag.py:3947} INFO - Setting next_dagrun for example_weekday_branch_operator to 2025-06-22 00:00:00+00:00, run_after=2025-06-23 00:00:00+00:00
[2025-06-23T06:03:06.753+0000] {processor.py:183} INFO - Processing /home/airflow/.local/lib/python3.12/site-packages/airflow/example_dags/example_branch_day_of_week_operator.py took 0.961 seconds
[2025-06-23T06:03:37.046+0000] {processor.py:161} INFO - Started process (PID=1487) to work on /home/airflow/.local/lib/python3.12/site-packages/airflow/example_dags/example_branch_day_of_week_operator.py
[2025-06-23T06:03:37.049+0000] {processor.py:830} INFO - Processing file /home/airflow/.local/lib/python3.12/site-packages/airflow/example_dags/example_branch_day_of_week_operator.py for tasks to queue
[2025-06-23T06:03:37.055+0000] {logging_mixin.py:188} INFO - [2025-06-23T06:03:37.054+0000] {dagbag.py:545} INFO - Filling up the DagBag from /home/airflow/.local/lib/python3.12/site-packages/airflow/example_dags/example_branch_day_of_week_operator.py
[2025-06-23T06:03:37.086+0000] {processor.py:840} INFO - DAG(s) 'example_weekday_branch_operator' retrieved from /home/airflow/.local/lib/python3.12/site-packages/airflow/example_dags/example_branch_day_of_week_operator.py
[2025-06-23T06:03:37.151+0000] {logging_mixin.py:188} INFO - [2025-06-23T06:03:37.150+0000] {dag.py:3089} INFO - Sync 1 DAGs
[2025-06-23T06:03:37.231+0000] {logging_mixin.py:188} INFO - [2025-06-23T06:03:37.231+0000] {dag.py:3947} INFO - Setting next_dagrun for example_weekday_branch_operator to 2025-06-22 00:00:00+00:00, run_after=2025-06-23 00:00:00+00:00
[2025-06-23T06:03:37.310+0000] {processor.py:183} INFO - Processing /home/airflow/.local/lib/python3.12/site-packages/airflow/example_dags/example_branch_day_of_week_operator.py took 0.281 seconds
[2025-06-23T06:04:08.745+0000] {processor.py:161} INFO - Started process (PID=1547) to work on /home/airflow/.local/lib/python3.12/site-packages/airflow/example_dags/example_branch_day_of_week_operator.py
[2025-06-23T06:04:08.748+0000] {processor.py:830} INFO - Processing file /home/airflow/.local/lib/python3.12/site-packages/airflow/example_dags/example_branch_day_of_week_operator.py for tasks to queue
[2025-06-23T06:04:08.754+0000] {logging_mixin.py:188} INFO - [2025-06-23T06:04:08.753+0000] {dagbag.py:545} INFO - Filling up the DagBag from /home/airflow/.local/lib/python3.12/site-packages/airflow/example_dags/example_branch_day_of_week_operator.py
[2025-06-23T06:04:08.772+0000] {processor.py:840} INFO - DAG(s) 'example_weekday_branch_operator' retrieved from /home/airflow/.local/lib/python3.12/site-packages/airflow/example_dags/example_branch_day_of_week_operator.py
[2025-06-23T06:04:08.820+0000] {logging_mixin.py:188} INFO - [2025-06-23T06:04:08.819+0000] {dag.py:3089} INFO - Sync 1 DAGs
[2025-06-23T06:04:08.871+0000] {logging_mixin.py:188} INFO - [2025-06-23T06:04:08.871+0000] {dag.py:3947} INFO - Setting next_dagrun for example_weekday_branch_operator to 2025-06-22 00:00:00+00:00, run_after=2025-06-23 00:00:00+00:00
[2025-06-23T06:04:08.924+0000] {processor.py:183} INFO - Processing /home/airflow/.local/lib/python3.12/site-packages/airflow/example_dags/example_branch_day_of_week_operator.py took 0.193 seconds
