[2025-06-23T05:50:50.810+0000] {processor.py:161} INFO - Started process (PID=72) to work on /home/airflow/.local/lib/python3.12/site-packages/airflow/example_dags/example_task_group.py
[2025-06-23T05:50:50.816+0000] {processor.py:830} INFO - Processing file /home/airflow/.local/lib/python3.12/site-packages/airflow/example_dags/example_task_group.py for tasks to queue
[2025-06-23T05:50:50.847+0000] {logging_mixin.py:188} INFO - [2025-06-23T05:50:50.839+0000] {dagbag.py:545} INFO - Filling up the DagBag from /home/airflow/.local/lib/python3.12/site-packages/airflow/example_dags/example_task_group.py
[2025-06-23T05:50:50.896+0000] {processor.py:840} INFO - DAG(s) 'example_task_group' retrieved from /home/airflow/.local/lib/python3.12/site-packages/airflow/example_dags/example_task_group.py
[2025-06-23T05:50:51.240+0000] {logging_mixin.py:188} INFO - [2025-06-23T05:50:51.239+0000] {dag.py:3089} INFO - Sync 1 DAGs
[2025-06-23T05:50:51.289+0000] {logging_mixin.py:188} INFO - [2025-06-23T05:50:51.289+0000] {dag.py:3947} INFO - Setting next_dagrun for example_task_group to 2025-06-22 00:00:00+00:00, run_after=2025-06-23 00:00:00+00:00
[2025-06-23T05:50:51.355+0000] {processor.py:183} INFO - Processing /home/airflow/.local/lib/python3.12/site-packages/airflow/example_dags/example_task_group.py took 0.560 seconds
[2025-06-23T05:51:44.567+0000] {processor.py:161} INFO - Started process (PID=132) to work on /home/airflow/.local/lib/python3.12/site-packages/airflow/example_dags/example_task_group.py
[2025-06-23T05:51:44.570+0000] {processor.py:830} INFO - Processing file /home/airflow/.local/lib/python3.12/site-packages/airflow/example_dags/example_task_group.py for tasks to queue
[2025-06-23T05:51:44.574+0000] {logging_mixin.py:188} INFO - [2025-06-23T05:51:44.574+0000] {dagbag.py:545} INFO - Filling up the DagBag from /home/airflow/.local/lib/python3.12/site-packages/airflow/example_dags/example_task_group.py
[2025-06-23T05:51:44.605+0000] {processor.py:840} INFO - DAG(s) 'example_task_group' retrieved from /home/airflow/.local/lib/python3.12/site-packages/airflow/example_dags/example_task_group.py
[2025-06-23T05:51:44.662+0000] {logging_mixin.py:188} INFO - [2025-06-23T05:51:44.661+0000] {dag.py:3089} INFO - Sync 1 DAGs
[2025-06-23T05:51:44.732+0000] {logging_mixin.py:188} INFO - [2025-06-23T05:51:44.731+0000] {dag.py:3947} INFO - Setting next_dagrun for example_task_group to 2025-06-22 00:00:00+00:00, run_after=2025-06-23 00:00:00+00:00
[2025-06-23T05:51:44.794+0000] {processor.py:183} INFO - Processing /home/airflow/.local/lib/python3.12/site-packages/airflow/example_dags/example_task_group.py took 0.242 seconds
[2025-06-23T05:52:15.905+0000] {processor.py:161} INFO - Started process (PID=191) to work on /home/airflow/.local/lib/python3.12/site-packages/airflow/example_dags/example_task_group.py
[2025-06-23T05:52:15.909+0000] {processor.py:830} INFO - Processing file /home/airflow/.local/lib/python3.12/site-packages/airflow/example_dags/example_task_group.py for tasks to queue
[2025-06-23T05:52:15.927+0000] {logging_mixin.py:188} INFO - [2025-06-23T05:52:15.926+0000] {dagbag.py:545} INFO - Filling up the DagBag from /home/airflow/.local/lib/python3.12/site-packages/airflow/example_dags/example_task_group.py
[2025-06-23T05:52:15.946+0000] {processor.py:840} INFO - DAG(s) 'example_task_group' retrieved from /home/airflow/.local/lib/python3.12/site-packages/airflow/example_dags/example_task_group.py
[2025-06-23T05:52:16.104+0000] {logging_mixin.py:188} INFO - [2025-06-23T05:52:16.104+0000] {dag.py:3089} INFO - Sync 1 DAGs
[2025-06-23T05:52:16.344+0000] {logging_mixin.py:188} INFO - [2025-06-23T05:52:16.343+0000] {dag.py:3947} INFO - Setting next_dagrun for example_task_group to 2025-06-22 00:00:00+00:00, run_after=2025-06-23 00:00:00+00:00
[2025-06-23T05:52:16.384+0000] {processor.py:183} INFO - Processing /home/airflow/.local/lib/python3.12/site-packages/airflow/example_dags/example_task_group.py took 0.489 seconds
[2025-06-23T05:52:47.064+0000] {processor.py:161} INFO - Started process (PID=251) to work on /home/airflow/.local/lib/python3.12/site-packages/airflow/example_dags/example_task_group.py
[2025-06-23T05:52:47.068+0000] {processor.py:830} INFO - Processing file /home/airflow/.local/lib/python3.12/site-packages/airflow/example_dags/example_task_group.py for tasks to queue
[2025-06-23T05:52:47.075+0000] {logging_mixin.py:188} INFO - [2025-06-23T05:52:47.074+0000] {dagbag.py:545} INFO - Filling up the DagBag from /home/airflow/.local/lib/python3.12/site-packages/airflow/example_dags/example_task_group.py
[2025-06-23T05:52:47.093+0000] {processor.py:840} INFO - DAG(s) 'example_task_group' retrieved from /home/airflow/.local/lib/python3.12/site-packages/airflow/example_dags/example_task_group.py
[2025-06-23T05:52:47.179+0000] {logging_mixin.py:188} INFO - [2025-06-23T05:52:47.178+0000] {dag.py:3089} INFO - Sync 1 DAGs
[2025-06-23T05:52:47.233+0000] {logging_mixin.py:188} INFO - [2025-06-23T05:52:47.233+0000] {dag.py:3947} INFO - Setting next_dagrun for example_task_group to 2025-06-22 00:00:00+00:00, run_after=2025-06-23 00:00:00+00:00
[2025-06-23T05:52:47.284+0000] {processor.py:183} INFO - Processing /home/airflow/.local/lib/python3.12/site-packages/airflow/example_dags/example_task_group.py took 0.236 seconds
[2025-06-23T05:53:17.362+0000] {processor.py:161} INFO - Started process (PID=311) to work on /home/airflow/.local/lib/python3.12/site-packages/airflow/example_dags/example_task_group.py
[2025-06-23T05:53:17.366+0000] {processor.py:830} INFO - Processing file /home/airflow/.local/lib/python3.12/site-packages/airflow/example_dags/example_task_group.py for tasks to queue
[2025-06-23T05:53:17.370+0000] {logging_mixin.py:188} INFO - [2025-06-23T05:53:17.370+0000] {dagbag.py:545} INFO - Filling up the DagBag from /home/airflow/.local/lib/python3.12/site-packages/airflow/example_dags/example_task_group.py
[2025-06-23T05:53:17.387+0000] {processor.py:840} INFO - DAG(s) 'example_task_group' retrieved from /home/airflow/.local/lib/python3.12/site-packages/airflow/example_dags/example_task_group.py
[2025-06-23T05:53:17.435+0000] {logging_mixin.py:188} INFO - [2025-06-23T05:53:17.434+0000] {dag.py:3089} INFO - Sync 1 DAGs
[2025-06-23T05:53:17.478+0000] {logging_mixin.py:188} INFO - [2025-06-23T05:53:17.477+0000] {dag.py:3947} INFO - Setting next_dagrun for example_task_group to 2025-06-22 00:00:00+00:00, run_after=2025-06-23 00:00:00+00:00
[2025-06-23T05:53:17.513+0000] {processor.py:183} INFO - Processing /home/airflow/.local/lib/python3.12/site-packages/airflow/example_dags/example_task_group.py took 0.162 seconds
[2025-06-23T05:53:55.079+0000] {processor.py:161} INFO - Started process (PID=367) to work on /home/airflow/.local/lib/python3.12/site-packages/airflow/example_dags/example_task_group.py
[2025-06-23T05:53:55.083+0000] {processor.py:830} INFO - Processing file /home/airflow/.local/lib/python3.12/site-packages/airflow/example_dags/example_task_group.py for tasks to queue
[2025-06-23T05:53:55.138+0000] {logging_mixin.py:188} INFO - [2025-06-23T05:53:55.136+0000] {dagbag.py:545} INFO - Filling up the DagBag from /home/airflow/.local/lib/python3.12/site-packages/airflow/example_dags/example_task_group.py
[2025-06-23T05:53:55.301+0000] {processor.py:840} INFO - DAG(s) 'example_task_group' retrieved from /home/airflow/.local/lib/python3.12/site-packages/airflow/example_dags/example_task_group.py
[2025-06-23T05:53:55.714+0000] {logging_mixin.py:188} INFO - [2025-06-23T05:53:55.713+0000] {dag.py:3089} INFO - Sync 1 DAGs
[2025-06-23T05:53:55.965+0000] {logging_mixin.py:188} INFO - [2025-06-23T05:53:55.961+0000] {dag.py:3947} INFO - Setting next_dagrun for example_task_group to 2025-06-22 00:00:00+00:00, run_after=2025-06-23 00:00:00+00:00
[2025-06-23T05:53:56.024+0000] {processor.py:183} INFO - Processing /home/airflow/.local/lib/python3.12/site-packages/airflow/example_dags/example_task_group.py took 1.042 seconds
[2025-06-23T05:54:26.196+0000] {processor.py:161} INFO - Started process (PID=428) to work on /home/airflow/.local/lib/python3.12/site-packages/airflow/example_dags/example_task_group.py
[2025-06-23T05:54:26.199+0000] {processor.py:830} INFO - Processing file /home/airflow/.local/lib/python3.12/site-packages/airflow/example_dags/example_task_group.py for tasks to queue
[2025-06-23T05:54:26.203+0000] {logging_mixin.py:188} INFO - [2025-06-23T05:54:26.203+0000] {dagbag.py:545} INFO - Filling up the DagBag from /home/airflow/.local/lib/python3.12/site-packages/airflow/example_dags/example_task_group.py
[2025-06-23T05:54:26.218+0000] {processor.py:840} INFO - DAG(s) 'example_task_group' retrieved from /home/airflow/.local/lib/python3.12/site-packages/airflow/example_dags/example_task_group.py
[2025-06-23T05:54:26.273+0000] {logging_mixin.py:188} INFO - [2025-06-23T05:54:26.272+0000] {dag.py:3089} INFO - Sync 1 DAGs
[2025-06-23T05:54:26.326+0000] {logging_mixin.py:188} INFO - [2025-06-23T05:54:26.326+0000] {dag.py:3947} INFO - Setting next_dagrun for example_task_group to 2025-06-22 00:00:00+00:00, run_after=2025-06-23 00:00:00+00:00
[2025-06-23T05:54:26.372+0000] {processor.py:183} INFO - Processing /home/airflow/.local/lib/python3.12/site-packages/airflow/example_dags/example_task_group.py took 0.192 seconds
[2025-06-23T05:54:57.024+0000] {processor.py:161} INFO - Started process (PID=488) to work on /home/airflow/.local/lib/python3.12/site-packages/airflow/example_dags/example_task_group.py
[2025-06-23T05:54:57.027+0000] {processor.py:830} INFO - Processing file /home/airflow/.local/lib/python3.12/site-packages/airflow/example_dags/example_task_group.py for tasks to queue
[2025-06-23T05:54:57.038+0000] {logging_mixin.py:188} INFO - [2025-06-23T05:54:57.037+0000] {dagbag.py:545} INFO - Filling up the DagBag from /home/airflow/.local/lib/python3.12/site-packages/airflow/example_dags/example_task_group.py
[2025-06-23T05:54:57.075+0000] {processor.py:840} INFO - DAG(s) 'example_task_group' retrieved from /home/airflow/.local/lib/python3.12/site-packages/airflow/example_dags/example_task_group.py
[2025-06-23T05:54:57.182+0000] {logging_mixin.py:188} INFO - [2025-06-23T05:54:57.181+0000] {dag.py:3089} INFO - Sync 1 DAGs
[2025-06-23T05:54:57.257+0000] {logging_mixin.py:188} INFO - [2025-06-23T05:54:57.257+0000] {dag.py:3947} INFO - Setting next_dagrun for example_task_group to 2025-06-22 00:00:00+00:00, run_after=2025-06-23 00:00:00+00:00
[2025-06-23T05:54:57.332+0000] {processor.py:183} INFO - Processing /home/airflow/.local/lib/python3.12/site-packages/airflow/example_dags/example_task_group.py took 0.406 seconds
[2025-06-23T05:55:28.072+0000] {processor.py:161} INFO - Started process (PID=546) to work on /home/airflow/.local/lib/python3.12/site-packages/airflow/example_dags/example_task_group.py
[2025-06-23T05:55:28.075+0000] {processor.py:830} INFO - Processing file /home/airflow/.local/lib/python3.12/site-packages/airflow/example_dags/example_task_group.py for tasks to queue
[2025-06-23T05:55:28.081+0000] {logging_mixin.py:188} INFO - [2025-06-23T05:55:28.080+0000] {dagbag.py:545} INFO - Filling up the DagBag from /home/airflow/.local/lib/python3.12/site-packages/airflow/example_dags/example_task_group.py
[2025-06-23T05:55:28.096+0000] {processor.py:840} INFO - DAG(s) 'example_task_group' retrieved from /home/airflow/.local/lib/python3.12/site-packages/airflow/example_dags/example_task_group.py
[2025-06-23T05:55:28.140+0000] {logging_mixin.py:188} INFO - [2025-06-23T05:55:28.139+0000] {dag.py:3089} INFO - Sync 1 DAGs
[2025-06-23T05:55:28.179+0000] {logging_mixin.py:188} INFO - [2025-06-23T05:55:28.179+0000] {dag.py:3947} INFO - Setting next_dagrun for example_task_group to 2025-06-22 00:00:00+00:00, run_after=2025-06-23 00:00:00+00:00
[2025-06-23T05:55:29.328+0000] {processor.py:183} INFO - Processing /home/airflow/.local/lib/python3.12/site-packages/airflow/example_dags/example_task_group.py took 1.269 seconds
[2025-06-23T05:55:59.424+0000] {processor.py:161} INFO - Started process (PID=607) to work on /home/airflow/.local/lib/python3.12/site-packages/airflow/example_dags/example_task_group.py
[2025-06-23T05:55:59.426+0000] {processor.py:830} INFO - Processing file /home/airflow/.local/lib/python3.12/site-packages/airflow/example_dags/example_task_group.py for tasks to queue
[2025-06-23T05:55:59.430+0000] {logging_mixin.py:188} INFO - [2025-06-23T05:55:59.430+0000] {dagbag.py:545} INFO - Filling up the DagBag from /home/airflow/.local/lib/python3.12/site-packages/airflow/example_dags/example_task_group.py
[2025-06-23T05:55:59.444+0000] {processor.py:840} INFO - DAG(s) 'example_task_group' retrieved from /home/airflow/.local/lib/python3.12/site-packages/airflow/example_dags/example_task_group.py
[2025-06-23T05:55:59.474+0000] {logging_mixin.py:188} INFO - [2025-06-23T05:55:59.474+0000] {dag.py:3089} INFO - Sync 1 DAGs
[2025-06-23T05:55:59.507+0000] {logging_mixin.py:188} INFO - [2025-06-23T05:55:59.507+0000] {dag.py:3947} INFO - Setting next_dagrun for example_task_group to 2025-06-22 00:00:00+00:00, run_after=2025-06-23 00:00:00+00:00
[2025-06-23T05:55:59.541+0000] {processor.py:183} INFO - Processing /home/airflow/.local/lib/python3.12/site-packages/airflow/example_dags/example_task_group.py took 0.129 seconds
[2025-06-23T05:56:29.885+0000] {processor.py:161} INFO - Started process (PID=667) to work on /home/airflow/.local/lib/python3.12/site-packages/airflow/example_dags/example_task_group.py
[2025-06-23T05:56:29.888+0000] {processor.py:830} INFO - Processing file /home/airflow/.local/lib/python3.12/site-packages/airflow/example_dags/example_task_group.py for tasks to queue
[2025-06-23T05:56:29.893+0000] {logging_mixin.py:188} INFO - [2025-06-23T05:56:29.892+0000] {dagbag.py:545} INFO - Filling up the DagBag from /home/airflow/.local/lib/python3.12/site-packages/airflow/example_dags/example_task_group.py
[2025-06-23T05:56:29.917+0000] {processor.py:840} INFO - DAG(s) 'example_task_group' retrieved from /home/airflow/.local/lib/python3.12/site-packages/airflow/example_dags/example_task_group.py
[2025-06-23T05:56:30.008+0000] {logging_mixin.py:188} INFO - [2025-06-23T05:56:30.007+0000] {dag.py:3089} INFO - Sync 1 DAGs
[2025-06-23T05:56:30.094+0000] {logging_mixin.py:188} INFO - [2025-06-23T05:56:30.094+0000] {dag.py:3947} INFO - Setting next_dagrun for example_task_group to 2025-06-22 00:00:00+00:00, run_after=2025-06-23 00:00:00+00:00
[2025-06-23T05:56:30.166+0000] {processor.py:183} INFO - Processing /home/airflow/.local/lib/python3.12/site-packages/airflow/example_dags/example_task_group.py took 0.305 seconds
[2025-06-23T05:57:00.936+0000] {processor.py:161} INFO - Started process (PID=727) to work on /home/airflow/.local/lib/python3.12/site-packages/airflow/example_dags/example_task_group.py
[2025-06-23T05:57:00.948+0000] {processor.py:830} INFO - Processing file /home/airflow/.local/lib/python3.12/site-packages/airflow/example_dags/example_task_group.py for tasks to queue
[2025-06-23T05:57:00.970+0000] {logging_mixin.py:188} INFO - [2025-06-23T05:57:00.961+0000] {dagbag.py:545} INFO - Filling up the DagBag from /home/airflow/.local/lib/python3.12/site-packages/airflow/example_dags/example_task_group.py
[2025-06-23T05:57:01.018+0000] {processor.py:840} INFO - DAG(s) 'example_task_group' retrieved from /home/airflow/.local/lib/python3.12/site-packages/airflow/example_dags/example_task_group.py
[2025-06-23T05:57:01.249+0000] {logging_mixin.py:188} INFO - [2025-06-23T05:57:01.244+0000] {dag.py:3089} INFO - Sync 1 DAGs
[2025-06-23T05:57:01.441+0000] {logging_mixin.py:188} INFO - [2025-06-23T05:57:01.438+0000] {dag.py:3947} INFO - Setting next_dagrun for example_task_group to 2025-06-22 00:00:00+00:00, run_after=2025-06-23 00:00:00+00:00
[2025-06-23T05:57:01.697+0000] {processor.py:183} INFO - Processing /home/airflow/.local/lib/python3.12/site-packages/airflow/example_dags/example_task_group.py took 0.736 seconds
[2025-06-23T05:57:31.868+0000] {processor.py:161} INFO - Started process (PID=786) to work on /home/airflow/.local/lib/python3.12/site-packages/airflow/example_dags/example_task_group.py
[2025-06-23T05:57:31.872+0000] {processor.py:830} INFO - Processing file /home/airflow/.local/lib/python3.12/site-packages/airflow/example_dags/example_task_group.py for tasks to queue
[2025-06-23T05:57:31.877+0000] {logging_mixin.py:188} INFO - [2025-06-23T05:57:31.876+0000] {dagbag.py:545} INFO - Filling up the DagBag from /home/airflow/.local/lib/python3.12/site-packages/airflow/example_dags/example_task_group.py
[2025-06-23T05:57:31.895+0000] {processor.py:840} INFO - DAG(s) 'example_task_group' retrieved from /home/airflow/.local/lib/python3.12/site-packages/airflow/example_dags/example_task_group.py
[2025-06-23T05:57:31.963+0000] {logging_mixin.py:188} INFO - [2025-06-23T05:57:31.962+0000] {dag.py:3089} INFO - Sync 1 DAGs
[2025-06-23T05:57:32.033+0000] {logging_mixin.py:188} INFO - [2025-06-23T05:57:32.032+0000] {dag.py:3947} INFO - Setting next_dagrun for example_task_group to 2025-06-22 00:00:00+00:00, run_after=2025-06-23 00:00:00+00:00
[2025-06-23T05:57:32.101+0000] {processor.py:183} INFO - Processing /home/airflow/.local/lib/python3.12/site-packages/airflow/example_dags/example_task_group.py took 0.255 seconds
[2025-06-23T05:58:02.817+0000] {processor.py:161} INFO - Started process (PID=846) to work on /home/airflow/.local/lib/python3.12/site-packages/airflow/example_dags/example_task_group.py
[2025-06-23T05:58:02.820+0000] {processor.py:830} INFO - Processing file /home/airflow/.local/lib/python3.12/site-packages/airflow/example_dags/example_task_group.py for tasks to queue
[2025-06-23T05:58:02.824+0000] {logging_mixin.py:188} INFO - [2025-06-23T05:58:02.823+0000] {dagbag.py:545} INFO - Filling up the DagBag from /home/airflow/.local/lib/python3.12/site-packages/airflow/example_dags/example_task_group.py
[2025-06-23T05:58:02.846+0000] {processor.py:840} INFO - DAG(s) 'example_task_group' retrieved from /home/airflow/.local/lib/python3.12/site-packages/airflow/example_dags/example_task_group.py
[2025-06-23T05:58:02.892+0000] {logging_mixin.py:188} INFO - [2025-06-23T05:58:02.892+0000] {dag.py:3089} INFO - Sync 1 DAGs
[2025-06-23T05:58:02.943+0000] {logging_mixin.py:188} INFO - [2025-06-23T05:58:02.942+0000] {dag.py:3947} INFO - Setting next_dagrun for example_task_group to 2025-06-22 00:00:00+00:00, run_after=2025-06-23 00:00:00+00:00
[2025-06-23T05:58:03.004+0000] {processor.py:183} INFO - Processing /home/airflow/.local/lib/python3.12/site-packages/airflow/example_dags/example_task_group.py took 0.198 seconds
[2025-06-23T05:58:33.107+0000] {processor.py:161} INFO - Started process (PID=914) to work on /home/airflow/.local/lib/python3.12/site-packages/airflow/example_dags/example_task_group.py
[2025-06-23T05:58:33.109+0000] {processor.py:830} INFO - Processing file /home/airflow/.local/lib/python3.12/site-packages/airflow/example_dags/example_task_group.py for tasks to queue
[2025-06-23T05:58:33.113+0000] {logging_mixin.py:188} INFO - [2025-06-23T05:58:33.113+0000] {dagbag.py:545} INFO - Filling up the DagBag from /home/airflow/.local/lib/python3.12/site-packages/airflow/example_dags/example_task_group.py
[2025-06-23T05:58:33.131+0000] {processor.py:840} INFO - DAG(s) 'example_task_group' retrieved from /home/airflow/.local/lib/python3.12/site-packages/airflow/example_dags/example_task_group.py
[2025-06-23T05:58:33.179+0000] {logging_mixin.py:188} INFO - [2025-06-23T05:58:33.178+0000] {dag.py:3089} INFO - Sync 1 DAGs
[2025-06-23T05:58:33.228+0000] {logging_mixin.py:188} INFO - [2025-06-23T05:58:33.228+0000] {dag.py:3947} INFO - Setting next_dagrun for example_task_group to 2025-06-22 00:00:00+00:00, run_after=2025-06-23 00:00:00+00:00
[2025-06-23T05:58:33.283+0000] {processor.py:183} INFO - Processing /home/airflow/.local/lib/python3.12/site-packages/airflow/example_dags/example_task_group.py took 0.187 seconds
[2025-06-23T05:59:10.203+0000] {processor.py:161} INFO - Started process (PID=982) to work on /home/airflow/.local/lib/python3.12/site-packages/airflow/example_dags/example_task_group.py
[2025-06-23T05:59:10.206+0000] {processor.py:830} INFO - Processing file /home/airflow/.local/lib/python3.12/site-packages/airflow/example_dags/example_task_group.py for tasks to queue
[2025-06-23T05:59:10.214+0000] {logging_mixin.py:188} INFO - [2025-06-23T05:59:10.213+0000] {dagbag.py:545} INFO - Filling up the DagBag from /home/airflow/.local/lib/python3.12/site-packages/airflow/example_dags/example_task_group.py
[2025-06-23T05:59:10.238+0000] {processor.py:840} INFO - DAG(s) 'example_task_group' retrieved from /home/airflow/.local/lib/python3.12/site-packages/airflow/example_dags/example_task_group.py
[2025-06-23T05:59:10.292+0000] {logging_mixin.py:188} INFO - [2025-06-23T05:59:10.291+0000] {dag.py:3089} INFO - Sync 1 DAGs
[2025-06-23T05:59:10.389+0000] {logging_mixin.py:188} INFO - [2025-06-23T05:59:10.388+0000] {dag.py:3947} INFO - Setting next_dagrun for example_task_group to 2025-06-22 00:00:00+00:00, run_after=2025-06-23 00:00:00+00:00
[2025-06-23T05:59:10.488+0000] {processor.py:183} INFO - Processing /home/airflow/.local/lib/python3.12/site-packages/airflow/example_dags/example_task_group.py took 0.299 seconds
[2025-06-23T05:59:42.437+0000] {processor.py:161} INFO - Started process (PID=1041) to work on /home/airflow/.local/lib/python3.12/site-packages/airflow/example_dags/example_task_group.py
[2025-06-23T05:59:42.440+0000] {processor.py:830} INFO - Processing file /home/airflow/.local/lib/python3.12/site-packages/airflow/example_dags/example_task_group.py for tasks to queue
[2025-06-23T05:59:42.453+0000] {logging_mixin.py:188} INFO - [2025-06-23T05:59:42.451+0000] {dagbag.py:545} INFO - Filling up the DagBag from /home/airflow/.local/lib/python3.12/site-packages/airflow/example_dags/example_task_group.py
[2025-06-23T05:59:42.478+0000] {processor.py:840} INFO - DAG(s) 'example_task_group' retrieved from /home/airflow/.local/lib/python3.12/site-packages/airflow/example_dags/example_task_group.py
[2025-06-23T05:59:42.547+0000] {logging_mixin.py:188} INFO - [2025-06-23T05:59:42.546+0000] {dag.py:3089} INFO - Sync 1 DAGs
[2025-06-23T05:59:42.634+0000] {logging_mixin.py:188} INFO - [2025-06-23T05:59:42.634+0000] {dag.py:3947} INFO - Setting next_dagrun for example_task_group to 2025-06-22 00:00:00+00:00, run_after=2025-06-23 00:00:00+00:00
[2025-06-23T05:59:42.688+0000] {processor.py:183} INFO - Processing /home/airflow/.local/lib/python3.12/site-packages/airflow/example_dags/example_task_group.py took 0.272 seconds
[2025-06-23T06:00:18.807+0000] {processor.py:161} INFO - Started process (PID=1100) to work on /home/airflow/.local/lib/python3.12/site-packages/airflow/example_dags/example_task_group.py
[2025-06-23T06:00:18.811+0000] {processor.py:830} INFO - Processing file /home/airflow/.local/lib/python3.12/site-packages/airflow/example_dags/example_task_group.py for tasks to queue
[2025-06-23T06:00:18.816+0000] {logging_mixin.py:188} INFO - [2025-06-23T06:00:18.815+0000] {dagbag.py:545} INFO - Filling up the DagBag from /home/airflow/.local/lib/python3.12/site-packages/airflow/example_dags/example_task_group.py
[2025-06-23T06:00:18.846+0000] {processor.py:840} INFO - DAG(s) 'example_task_group' retrieved from /home/airflow/.local/lib/python3.12/site-packages/airflow/example_dags/example_task_group.py
[2025-06-23T06:00:18.991+0000] {logging_mixin.py:188} INFO - [2025-06-23T06:00:18.990+0000] {dag.py:3089} INFO - Sync 1 DAGs
[2025-06-23T06:00:19.087+0000] {logging_mixin.py:188} INFO - [2025-06-23T06:00:19.086+0000] {dag.py:3947} INFO - Setting next_dagrun for example_task_group to 2025-06-22 00:00:00+00:00, run_after=2025-06-23 00:00:00+00:00
[2025-06-23T06:00:19.513+0000] {processor.py:183} INFO - Processing /home/airflow/.local/lib/python3.12/site-packages/airflow/example_dags/example_task_group.py took 0.736 seconds
[2025-06-23T06:00:50.536+0000] {processor.py:161} INFO - Started process (PID=1160) to work on /home/airflow/.local/lib/python3.12/site-packages/airflow/example_dags/example_task_group.py
[2025-06-23T06:00:50.538+0000] {processor.py:830} INFO - Processing file /home/airflow/.local/lib/python3.12/site-packages/airflow/example_dags/example_task_group.py for tasks to queue
[2025-06-23T06:00:50.543+0000] {logging_mixin.py:188} INFO - [2025-06-23T06:00:50.542+0000] {dagbag.py:545} INFO - Filling up the DagBag from /home/airflow/.local/lib/python3.12/site-packages/airflow/example_dags/example_task_group.py
[2025-06-23T06:00:50.558+0000] {processor.py:840} INFO - DAG(s) 'example_task_group' retrieved from /home/airflow/.local/lib/python3.12/site-packages/airflow/example_dags/example_task_group.py
[2025-06-23T06:00:50.611+0000] {logging_mixin.py:188} INFO - [2025-06-23T06:00:50.610+0000] {dag.py:3089} INFO - Sync 1 DAGs
[2025-06-23T06:00:50.684+0000] {logging_mixin.py:188} INFO - [2025-06-23T06:00:50.682+0000] {dag.py:3947} INFO - Setting next_dagrun for example_task_group to 2025-06-22 00:00:00+00:00, run_after=2025-06-23 00:00:00+00:00
[2025-06-23T06:00:50.744+0000] {processor.py:183} INFO - Processing /home/airflow/.local/lib/python3.12/site-packages/airflow/example_dags/example_task_group.py took 0.218 seconds
[2025-06-23T06:01:21.694+0000] {processor.py:161} INFO - Started process (PID=1220) to work on /home/airflow/.local/lib/python3.12/site-packages/airflow/example_dags/example_task_group.py
[2025-06-23T06:01:21.697+0000] {processor.py:830} INFO - Processing file /home/airflow/.local/lib/python3.12/site-packages/airflow/example_dags/example_task_group.py for tasks to queue
[2025-06-23T06:01:21.701+0000] {logging_mixin.py:188} INFO - [2025-06-23T06:01:21.701+0000] {dagbag.py:545} INFO - Filling up the DagBag from /home/airflow/.local/lib/python3.12/site-packages/airflow/example_dags/example_task_group.py
[2025-06-23T06:01:21.714+0000] {processor.py:840} INFO - DAG(s) 'example_task_group' retrieved from /home/airflow/.local/lib/python3.12/site-packages/airflow/example_dags/example_task_group.py
[2025-06-23T06:01:21.769+0000] {logging_mixin.py:188} INFO - [2025-06-23T06:01:21.768+0000] {dag.py:3089} INFO - Sync 1 DAGs
[2025-06-23T06:01:21.824+0000] {logging_mixin.py:188} INFO - [2025-06-23T06:01:21.824+0000] {dag.py:3947} INFO - Setting next_dagrun for example_task_group to 2025-06-22 00:00:00+00:00, run_after=2025-06-23 00:00:00+00:00
[2025-06-23T06:01:21.879+0000] {processor.py:183} INFO - Processing /home/airflow/.local/lib/python3.12/site-packages/airflow/example_dags/example_task_group.py took 0.195 seconds
[2025-06-23T06:01:52.093+0000] {processor.py:161} INFO - Started process (PID=1281) to work on /home/airflow/.local/lib/python3.12/site-packages/airflow/example_dags/example_task_group.py
[2025-06-23T06:01:52.095+0000] {processor.py:830} INFO - Processing file /home/airflow/.local/lib/python3.12/site-packages/airflow/example_dags/example_task_group.py for tasks to queue
[2025-06-23T06:01:52.102+0000] {logging_mixin.py:188} INFO - [2025-06-23T06:01:52.101+0000] {dagbag.py:545} INFO - Filling up the DagBag from /home/airflow/.local/lib/python3.12/site-packages/airflow/example_dags/example_task_group.py
[2025-06-23T06:01:52.117+0000] {processor.py:840} INFO - DAG(s) 'example_task_group' retrieved from /home/airflow/.local/lib/python3.12/site-packages/airflow/example_dags/example_task_group.py
[2025-06-23T06:01:52.163+0000] {logging_mixin.py:188} INFO - [2025-06-23T06:01:52.163+0000] {dag.py:3089} INFO - Sync 1 DAGs
[2025-06-23T06:01:52.233+0000] {logging_mixin.py:188} INFO - [2025-06-23T06:01:52.232+0000] {dag.py:3947} INFO - Setting next_dagrun for example_task_group to 2025-06-22 00:00:00+00:00, run_after=2025-06-23 00:00:00+00:00
[2025-06-23T06:01:52.332+0000] {processor.py:183} INFO - Processing /home/airflow/.local/lib/python3.12/site-packages/airflow/example_dags/example_task_group.py took 0.250 seconds
[2025-06-23T06:02:23.048+0000] {processor.py:161} INFO - Started process (PID=1341) to work on /home/airflow/.local/lib/python3.12/site-packages/airflow/example_dags/example_task_group.py
[2025-06-23T06:02:23.060+0000] {processor.py:830} INFO - Processing file /home/airflow/.local/lib/python3.12/site-packages/airflow/example_dags/example_task_group.py for tasks to queue
[2025-06-23T06:02:23.068+0000] {logging_mixin.py:188} INFO - [2025-06-23T06:02:23.066+0000] {dagbag.py:545} INFO - Filling up the DagBag from /home/airflow/.local/lib/python3.12/site-packages/airflow/example_dags/example_task_group.py
[2025-06-23T06:02:23.113+0000] {processor.py:840} INFO - DAG(s) 'example_task_group' retrieved from /home/airflow/.local/lib/python3.12/site-packages/airflow/example_dags/example_task_group.py
[2025-06-23T06:02:23.190+0000] {logging_mixin.py:188} INFO - [2025-06-23T06:02:23.189+0000] {dag.py:3089} INFO - Sync 1 DAGs
[2025-06-23T06:02:23.251+0000] {logging_mixin.py:188} INFO - [2025-06-23T06:02:23.251+0000] {dag.py:3947} INFO - Setting next_dagrun for example_task_group to 2025-06-22 00:00:00+00:00, run_after=2025-06-23 00:00:00+00:00
[2025-06-23T06:02:23.309+0000] {processor.py:183} INFO - Processing /home/airflow/.local/lib/python3.12/site-packages/airflow/example_dags/example_task_group.py took 0.287 seconds
[2025-06-23T06:02:54.183+0000] {processor.py:161} INFO - Started process (PID=1403) to work on /home/airflow/.local/lib/python3.12/site-packages/airflow/example_dags/example_task_group.py
[2025-06-23T06:02:54.186+0000] {processor.py:830} INFO - Processing file /home/airflow/.local/lib/python3.12/site-packages/airflow/example_dags/example_task_group.py for tasks to queue
[2025-06-23T06:02:54.191+0000] {logging_mixin.py:188} INFO - [2025-06-23T06:02:54.190+0000] {dagbag.py:545} INFO - Filling up the DagBag from /home/airflow/.local/lib/python3.12/site-packages/airflow/example_dags/example_task_group.py
[2025-06-23T06:02:54.211+0000] {processor.py:840} INFO - DAG(s) 'example_task_group' retrieved from /home/airflow/.local/lib/python3.12/site-packages/airflow/example_dags/example_task_group.py
[2025-06-23T06:02:54.273+0000] {logging_mixin.py:188} INFO - [2025-06-23T06:02:54.272+0000] {dag.py:3089} INFO - Sync 1 DAGs
[2025-06-23T06:02:54.495+0000] {logging_mixin.py:188} INFO - [2025-06-23T06:02:54.494+0000] {dag.py:3947} INFO - Setting next_dagrun for example_task_group to 2025-06-22 00:00:00+00:00, run_after=2025-06-23 00:00:00+00:00
[2025-06-23T06:02:54.683+0000] {processor.py:183} INFO - Processing /home/airflow/.local/lib/python3.12/site-packages/airflow/example_dags/example_task_group.py took 0.516 seconds
[2025-06-23T06:03:24.799+0000] {processor.py:161} INFO - Started process (PID=1462) to work on /home/airflow/.local/lib/python3.12/site-packages/airflow/example_dags/example_task_group.py
[2025-06-23T06:03:24.804+0000] {processor.py:830} INFO - Processing file /home/airflow/.local/lib/python3.12/site-packages/airflow/example_dags/example_task_group.py for tasks to queue
[2025-06-23T06:03:24.807+0000] {logging_mixin.py:188} INFO - [2025-06-23T06:03:24.807+0000] {dagbag.py:545} INFO - Filling up the DagBag from /home/airflow/.local/lib/python3.12/site-packages/airflow/example_dags/example_task_group.py
[2025-06-23T06:03:24.818+0000] {processor.py:840} INFO - DAG(s) 'example_task_group' retrieved from /home/airflow/.local/lib/python3.12/site-packages/airflow/example_dags/example_task_group.py
[2025-06-23T06:03:24.854+0000] {logging_mixin.py:188} INFO - [2025-06-23T06:03:24.854+0000] {dag.py:3089} INFO - Sync 1 DAGs
[2025-06-23T06:03:24.890+0000] {logging_mixin.py:188} INFO - [2025-06-23T06:03:24.890+0000] {dag.py:3947} INFO - Setting next_dagrun for example_task_group to 2025-06-22 00:00:00+00:00, run_after=2025-06-23 00:00:00+00:00
[2025-06-23T06:03:24.928+0000] {processor.py:183} INFO - Processing /home/airflow/.local/lib/python3.12/site-packages/airflow/example_dags/example_task_group.py took 0.141 seconds
[2025-06-23T06:03:56.291+0000] {processor.py:161} INFO - Started process (PID=1521) to work on /home/airflow/.local/lib/python3.12/site-packages/airflow/example_dags/example_task_group.py
[2025-06-23T06:03:56.331+0000] {processor.py:830} INFO - Processing file /home/airflow/.local/lib/python3.12/site-packages/airflow/example_dags/example_task_group.py for tasks to queue
[2025-06-23T06:03:56.403+0000] {logging_mixin.py:188} INFO - [2025-06-23T06:03:56.398+0000] {dagbag.py:545} INFO - Filling up the DagBag from /home/airflow/.local/lib/python3.12/site-packages/airflow/example_dags/example_task_group.py
[2025-06-23T06:03:56.540+0000] {processor.py:840} INFO - DAG(s) 'example_task_group' retrieved from /home/airflow/.local/lib/python3.12/site-packages/airflow/example_dags/example_task_group.py
[2025-06-23T06:03:56.729+0000] {logging_mixin.py:188} INFO - [2025-06-23T06:03:56.728+0000] {dag.py:3089} INFO - Sync 1 DAGs
[2025-06-23T06:03:56.832+0000] {logging_mixin.py:188} INFO - [2025-06-23T06:03:56.831+0000] {dag.py:3947} INFO - Setting next_dagrun for example_task_group to 2025-06-22 00:00:00+00:00, run_after=2025-06-23 00:00:00+00:00
[2025-06-23T06:03:56.948+0000] {processor.py:183} INFO - Processing /home/airflow/.local/lib/python3.12/site-packages/airflow/example_dags/example_task_group.py took 0.734 seconds
