[2025-06-23T05:50:55.742+0000] {processor.py:161} INFO - Started process (PID=85) to work on /home/airflow/.local/lib/python3.12/site-packages/airflow/example_dags/example_branch_datetime_operator.py
[2025-06-23T05:50:55.745+0000] {processor.py:830} INFO - Processing file /home/airflow/.local/lib/python3.12/site-packages/airflow/example_dags/example_branch_datetime_operator.py for tasks to queue
[2025-06-23T05:50:55.749+0000] {logging_mixin.py:188} INFO - [2025-06-23T05:50:55.749+0000] {dagbag.py:545} INFO - Filling up the DagBag from /home/airflow/.local/lib/python3.12/site-packages/airflow/example_dags/example_branch_datetime_operator.py
[2025-06-23T05:50:55.790+0000] {processor.py:840} INFO - DAG(s) 'example_branch_datetime_operator_2', 'example_branch_datetime_operator_3', 'example_branch_datetime_operator' retrieved from /home/airflow/.local/lib/python3.12/site-packages/airflow/example_dags/example_branch_datetime_operator.py
[2025-06-23T05:50:56.073+0000] {logging_mixin.py:188} INFO - [2025-06-23T05:50:56.073+0000] {dag.py:3089} INFO - Sync 3 DAGs
[2025-06-23T05:50:56.144+0000] {logging_mixin.py:188} INFO - [2025-06-23T05:50:56.143+0000] {dag.py:3947} INFO - Setting next_dagrun for example_branch_datetime_operator to 2025-06-22 00:00:00+00:00, run_after=2025-06-23 00:00:00+00:00
[2025-06-23T05:50:56.155+0000] {logging_mixin.py:188} INFO - [2025-06-23T05:50:56.155+0000] {dag.py:3947} INFO - Setting next_dagrun for example_branch_datetime_operator_2 to 2025-06-22 00:00:00+00:00, run_after=2025-06-23 00:00:00+00:00
[2025-06-23T05:50:56.160+0000] {logging_mixin.py:188} INFO - [2025-06-23T05:50:56.159+0000] {dag.py:3947} INFO - Setting next_dagrun for example_branch_datetime_operator_3 to 2025-06-22 00:00:00+00:00, run_after=2025-06-23 00:00:00+00:00
[2025-06-23T05:50:56.232+0000] {processor.py:183} INFO - Processing /home/airflow/.local/lib/python3.12/site-packages/airflow/example_dags/example_branch_datetime_operator.py took 0.507 seconds
[2025-06-23T05:51:56.414+0000] {processor.py:161} INFO - Started process (PID=146) to work on /home/airflow/.local/lib/python3.12/site-packages/airflow/example_dags/example_branch_datetime_operator.py
[2025-06-23T05:51:56.416+0000] {processor.py:830} INFO - Processing file /home/airflow/.local/lib/python3.12/site-packages/airflow/example_dags/example_branch_datetime_operator.py for tasks to queue
[2025-06-23T05:51:56.419+0000] {logging_mixin.py:188} INFO - [2025-06-23T05:51:56.418+0000] {dagbag.py:545} INFO - Filling up the DagBag from /home/airflow/.local/lib/python3.12/site-packages/airflow/example_dags/example_branch_datetime_operator.py
[2025-06-23T05:51:56.435+0000] {processor.py:840} INFO - DAG(s) 'example_branch_datetime_operator_3', 'example_branch_datetime_operator', 'example_branch_datetime_operator_2' retrieved from /home/airflow/.local/lib/python3.12/site-packages/airflow/example_dags/example_branch_datetime_operator.py
[2025-06-23T05:51:56.483+0000] {logging_mixin.py:188} INFO - [2025-06-23T05:51:56.483+0000] {dag.py:3089} INFO - Sync 3 DAGs
[2025-06-23T05:51:56.522+0000] {logging_mixin.py:188} INFO - [2025-06-23T05:51:56.521+0000] {dag.py:3947} INFO - Setting next_dagrun for example_branch_datetime_operator to 2025-06-22 00:00:00+00:00, run_after=2025-06-23 00:00:00+00:00
[2025-06-23T05:51:56.530+0000] {logging_mixin.py:188} INFO - [2025-06-23T05:51:56.529+0000] {dag.py:3947} INFO - Setting next_dagrun for example_branch_datetime_operator_2 to 2025-06-22 00:00:00+00:00, run_after=2025-06-23 00:00:00+00:00
[2025-06-23T05:51:56.534+0000] {logging_mixin.py:188} INFO - [2025-06-23T05:51:56.534+0000] {dag.py:3947} INFO - Setting next_dagrun for example_branch_datetime_operator_3 to 2025-06-22 00:00:00+00:00, run_after=2025-06-23 00:00:00+00:00
[2025-06-23T05:51:56.564+0000] {processor.py:183} INFO - Processing /home/airflow/.local/lib/python3.12/site-packages/airflow/example_dags/example_branch_datetime_operator.py took 0.159 seconds
[2025-06-23T05:52:27.024+0000] {processor.py:161} INFO - Started process (PID=204) to work on /home/airflow/.local/lib/python3.12/site-packages/airflow/example_dags/example_branch_datetime_operator.py
[2025-06-23T05:52:27.026+0000] {processor.py:830} INFO - Processing file /home/airflow/.local/lib/python3.12/site-packages/airflow/example_dags/example_branch_datetime_operator.py for tasks to queue
[2025-06-23T05:52:27.031+0000] {logging_mixin.py:188} INFO - [2025-06-23T05:52:27.030+0000] {dagbag.py:545} INFO - Filling up the DagBag from /home/airflow/.local/lib/python3.12/site-packages/airflow/example_dags/example_branch_datetime_operator.py
[2025-06-23T05:52:27.057+0000] {processor.py:840} INFO - DAG(s) 'example_branch_datetime_operator', 'example_branch_datetime_operator_3', 'example_branch_datetime_operator_2' retrieved from /home/airflow/.local/lib/python3.12/site-packages/airflow/example_dags/example_branch_datetime_operator.py
[2025-06-23T05:52:27.155+0000] {logging_mixin.py:188} INFO - [2025-06-23T05:52:27.155+0000] {dag.py:3089} INFO - Sync 3 DAGs
[2025-06-23T05:52:27.231+0000] {logging_mixin.py:188} INFO - [2025-06-23T05:52:27.231+0000] {dag.py:3947} INFO - Setting next_dagrun for example_branch_datetime_operator to 2025-06-22 00:00:00+00:00, run_after=2025-06-23 00:00:00+00:00
[2025-06-23T05:52:27.247+0000] {logging_mixin.py:188} INFO - [2025-06-23T05:52:27.246+0000] {dag.py:3947} INFO - Setting next_dagrun for example_branch_datetime_operator_2 to 2025-06-22 00:00:00+00:00, run_after=2025-06-23 00:00:00+00:00
[2025-06-23T05:52:27.255+0000] {logging_mixin.py:188} INFO - [2025-06-23T05:52:27.254+0000] {dag.py:3947} INFO - Setting next_dagrun for example_branch_datetime_operator_3 to 2025-06-22 00:00:00+00:00, run_after=2025-06-23 00:00:00+00:00
[2025-06-23T05:52:27.309+0000] {processor.py:183} INFO - Processing /home/airflow/.local/lib/python3.12/site-packages/airflow/example_dags/example_branch_datetime_operator.py took 0.300 seconds
[2025-06-23T05:52:58.719+0000] {processor.py:161} INFO - Started process (PID=271) to work on /home/airflow/.local/lib/python3.12/site-packages/airflow/example_dags/example_branch_datetime_operator.py
[2025-06-23T05:52:58.722+0000] {processor.py:830} INFO - Processing file /home/airflow/.local/lib/python3.12/site-packages/airflow/example_dags/example_branch_datetime_operator.py for tasks to queue
[2025-06-23T05:52:58.726+0000] {logging_mixin.py:188} INFO - [2025-06-23T05:52:58.725+0000] {dagbag.py:545} INFO - Filling up the DagBag from /home/airflow/.local/lib/python3.12/site-packages/airflow/example_dags/example_branch_datetime_operator.py
[2025-06-23T05:52:58.743+0000] {processor.py:840} INFO - DAG(s) 'example_branch_datetime_operator', 'example_branch_datetime_operator_2', 'example_branch_datetime_operator_3' retrieved from /home/airflow/.local/lib/python3.12/site-packages/airflow/example_dags/example_branch_datetime_operator.py
[2025-06-23T05:52:58.790+0000] {logging_mixin.py:188} INFO - [2025-06-23T05:52:58.790+0000] {dag.py:3089} INFO - Sync 3 DAGs
[2025-06-23T05:52:58.846+0000] {logging_mixin.py:188} INFO - [2025-06-23T05:52:58.845+0000] {dag.py:3947} INFO - Setting next_dagrun for example_branch_datetime_operator to 2025-06-22 00:00:00+00:00, run_after=2025-06-23 00:00:00+00:00
[2025-06-23T05:52:58.858+0000] {logging_mixin.py:188} INFO - [2025-06-23T05:52:58.857+0000] {dag.py:3947} INFO - Setting next_dagrun for example_branch_datetime_operator_2 to 2025-06-22 00:00:00+00:00, run_after=2025-06-23 00:00:00+00:00
[2025-06-23T05:52:58.862+0000] {logging_mixin.py:188} INFO - [2025-06-23T05:52:58.862+0000] {dag.py:3947} INFO - Setting next_dagrun for example_branch_datetime_operator_3 to 2025-06-22 00:00:00+00:00, run_after=2025-06-23 00:00:00+00:00
[2025-06-23T05:52:58.905+0000] {processor.py:183} INFO - Processing /home/airflow/.local/lib/python3.12/site-packages/airflow/example_dags/example_branch_datetime_operator.py took 0.198 seconds
[2025-06-23T05:53:29.120+0000] {processor.py:161} INFO - Started process (PID=331) to work on /home/airflow/.local/lib/python3.12/site-packages/airflow/example_dags/example_branch_datetime_operator.py
[2025-06-23T05:53:29.122+0000] {processor.py:830} INFO - Processing file /home/airflow/.local/lib/python3.12/site-packages/airflow/example_dags/example_branch_datetime_operator.py for tasks to queue
[2025-06-23T05:53:29.126+0000] {logging_mixin.py:188} INFO - [2025-06-23T05:53:29.125+0000] {dagbag.py:545} INFO - Filling up the DagBag from /home/airflow/.local/lib/python3.12/site-packages/airflow/example_dags/example_branch_datetime_operator.py
[2025-06-23T05:53:29.146+0000] {processor.py:840} INFO - DAG(s) 'example_branch_datetime_operator_3', 'example_branch_datetime_operator_2', 'example_branch_datetime_operator' retrieved from /home/airflow/.local/lib/python3.12/site-packages/airflow/example_dags/example_branch_datetime_operator.py
[2025-06-23T05:53:29.221+0000] {logging_mixin.py:188} INFO - [2025-06-23T05:53:29.221+0000] {dag.py:3089} INFO - Sync 3 DAGs
[2025-06-23T05:53:29.290+0000] {logging_mixin.py:188} INFO - [2025-06-23T05:53:29.289+0000] {dag.py:3947} INFO - Setting next_dagrun for example_branch_datetime_operator to 2025-06-22 00:00:00+00:00, run_after=2025-06-23 00:00:00+00:00
[2025-06-23T05:53:29.306+0000] {logging_mixin.py:188} INFO - [2025-06-23T05:53:29.306+0000] {dag.py:3947} INFO - Setting next_dagrun for example_branch_datetime_operator_2 to 2025-06-22 00:00:00+00:00, run_after=2025-06-23 00:00:00+00:00
[2025-06-23T05:53:29.314+0000] {logging_mixin.py:188} INFO - [2025-06-23T05:53:29.314+0000] {dag.py:3947} INFO - Setting next_dagrun for example_branch_datetime_operator_3 to 2025-06-22 00:00:00+00:00, run_after=2025-06-23 00:00:00+00:00
[2025-06-23T05:53:29.378+0000] {processor.py:183} INFO - Processing /home/airflow/.local/lib/python3.12/site-packages/airflow/example_dags/example_branch_datetime_operator.py took 0.269 seconds
[2025-06-23T05:54:01.086+0000] {processor.py:161} INFO - Started process (PID=393) to work on /home/airflow/.local/lib/python3.12/site-packages/airflow/example_dags/example_branch_datetime_operator.py
[2025-06-23T05:54:01.088+0000] {processor.py:830} INFO - Processing file /home/airflow/.local/lib/python3.12/site-packages/airflow/example_dags/example_branch_datetime_operator.py for tasks to queue
[2025-06-23T05:54:01.092+0000] {logging_mixin.py:188} INFO - [2025-06-23T05:54:01.091+0000] {dagbag.py:545} INFO - Filling up the DagBag from /home/airflow/.local/lib/python3.12/site-packages/airflow/example_dags/example_branch_datetime_operator.py
[2025-06-23T05:54:01.109+0000] {processor.py:840} INFO - DAG(s) 'example_branch_datetime_operator', 'example_branch_datetime_operator_3', 'example_branch_datetime_operator_2' retrieved from /home/airflow/.local/lib/python3.12/site-packages/airflow/example_dags/example_branch_datetime_operator.py
[2025-06-23T05:54:01.159+0000] {logging_mixin.py:188} INFO - [2025-06-23T05:54:01.159+0000] {dag.py:3089} INFO - Sync 3 DAGs
[2025-06-23T05:54:01.209+0000] {logging_mixin.py:188} INFO - [2025-06-23T05:54:01.209+0000] {dag.py:3947} INFO - Setting next_dagrun for example_branch_datetime_operator to 2025-06-22 00:00:00+00:00, run_after=2025-06-23 00:00:00+00:00
[2025-06-23T05:54:01.221+0000] {logging_mixin.py:188} INFO - [2025-06-23T05:54:01.221+0000] {dag.py:3947} INFO - Setting next_dagrun for example_branch_datetime_operator_2 to 2025-06-22 00:00:00+00:00, run_after=2025-06-23 00:00:00+00:00
[2025-06-23T05:54:01.229+0000] {logging_mixin.py:188} INFO - [2025-06-23T05:54:01.228+0000] {dag.py:3947} INFO - Setting next_dagrun for example_branch_datetime_operator_3 to 2025-06-22 00:00:00+00:00, run_after=2025-06-23 00:00:00+00:00
[2025-06-23T05:54:01.321+0000] {processor.py:183} INFO - Processing /home/airflow/.local/lib/python3.12/site-packages/airflow/example_dags/example_branch_datetime_operator.py took 0.246 seconds
[2025-06-23T05:54:32.607+0000] {processor.py:161} INFO - Started process (PID=453) to work on /home/airflow/.local/lib/python3.12/site-packages/airflow/example_dags/example_branch_datetime_operator.py
[2025-06-23T05:54:32.636+0000] {processor.py:830} INFO - Processing file /home/airflow/.local/lib/python3.12/site-packages/airflow/example_dags/example_branch_datetime_operator.py for tasks to queue
[2025-06-23T05:54:32.669+0000] {logging_mixin.py:188} INFO - [2025-06-23T05:54:32.668+0000] {dagbag.py:545} INFO - Filling up the DagBag from /home/airflow/.local/lib/python3.12/site-packages/airflow/example_dags/example_branch_datetime_operator.py
[2025-06-23T05:54:32.748+0000] {processor.py:840} INFO - DAG(s) 'example_branch_datetime_operator_2', 'example_branch_datetime_operator_3', 'example_branch_datetime_operator' retrieved from /home/airflow/.local/lib/python3.12/site-packages/airflow/example_dags/example_branch_datetime_operator.py
[2025-06-23T05:54:32.957+0000] {logging_mixin.py:188} INFO - [2025-06-23T05:54:32.956+0000] {dag.py:3089} INFO - Sync 3 DAGs
[2025-06-23T05:54:33.146+0000] {logging_mixin.py:188} INFO - [2025-06-23T05:54:33.145+0000] {dag.py:3947} INFO - Setting next_dagrun for example_branch_datetime_operator to 2025-06-22 00:00:00+00:00, run_after=2025-06-23 00:00:00+00:00
[2025-06-23T05:54:33.184+0000] {logging_mixin.py:188} INFO - [2025-06-23T05:54:33.184+0000] {dag.py:3947} INFO - Setting next_dagrun for example_branch_datetime_operator_2 to 2025-06-22 00:00:00+00:00, run_after=2025-06-23 00:00:00+00:00
[2025-06-23T05:54:33.196+0000] {logging_mixin.py:188} INFO - [2025-06-23T05:54:33.196+0000] {dag.py:3947} INFO - Setting next_dagrun for example_branch_datetime_operator_3 to 2025-06-22 00:00:00+00:00, run_after=2025-06-23 00:00:00+00:00
[2025-06-23T05:54:33.324+0000] {processor.py:183} INFO - Processing /home/airflow/.local/lib/python3.12/site-packages/airflow/example_dags/example_branch_datetime_operator.py took 0.770 seconds
[2025-06-23T05:55:10.627+0000] {processor.py:161} INFO - Started process (PID=507) to work on /home/airflow/.local/lib/python3.12/site-packages/airflow/example_dags/example_branch_datetime_operator.py
[2025-06-23T05:55:10.634+0000] {processor.py:830} INFO - Processing file /home/airflow/.local/lib/python3.12/site-packages/airflow/example_dags/example_branch_datetime_operator.py for tasks to queue
[2025-06-23T05:55:10.645+0000] {logging_mixin.py:188} INFO - [2025-06-23T05:55:10.644+0000] {dagbag.py:545} INFO - Filling up the DagBag from /home/airflow/.local/lib/python3.12/site-packages/airflow/example_dags/example_branch_datetime_operator.py
[2025-06-23T05:55:10.706+0000] {processor.py:840} INFO - DAG(s) 'example_branch_datetime_operator_3', 'example_branch_datetime_operator', 'example_branch_datetime_operator_2' retrieved from /home/airflow/.local/lib/python3.12/site-packages/airflow/example_dags/example_branch_datetime_operator.py
[2025-06-23T05:55:10.767+0000] {logging_mixin.py:188} INFO - [2025-06-23T05:55:10.767+0000] {dag.py:3089} INFO - Sync 3 DAGs
[2025-06-23T05:55:11.006+0000] {logging_mixin.py:188} INFO - [2025-06-23T05:55:11.005+0000] {dag.py:3947} INFO - Setting next_dagrun for example_branch_datetime_operator to 2025-06-22 00:00:00+00:00, run_after=2025-06-23 00:00:00+00:00
[2025-06-23T05:55:11.038+0000] {logging_mixin.py:188} INFO - [2025-06-23T05:55:11.037+0000] {dag.py:3947} INFO - Setting next_dagrun for example_branch_datetime_operator_2 to 2025-06-22 00:00:00+00:00, run_after=2025-06-23 00:00:00+00:00
[2025-06-23T05:55:11.070+0000] {logging_mixin.py:188} INFO - [2025-06-23T05:55:11.059+0000] {dag.py:3947} INFO - Setting next_dagrun for example_branch_datetime_operator_3 to 2025-06-22 00:00:00+00:00, run_after=2025-06-23 00:00:00+00:00
[2025-06-23T05:55:11.194+0000] {processor.py:183} INFO - Processing /home/airflow/.local/lib/python3.12/site-packages/airflow/example_dags/example_branch_datetime_operator.py took 0.602 seconds
[2025-06-23T05:55:41.742+0000] {processor.py:161} INFO - Started process (PID=568) to work on /home/airflow/.local/lib/python3.12/site-packages/airflow/example_dags/example_branch_datetime_operator.py
[2025-06-23T05:55:41.744+0000] {processor.py:830} INFO - Processing file /home/airflow/.local/lib/python3.12/site-packages/airflow/example_dags/example_branch_datetime_operator.py for tasks to queue
[2025-06-23T05:55:41.748+0000] {logging_mixin.py:188} INFO - [2025-06-23T05:55:41.747+0000] {dagbag.py:545} INFO - Filling up the DagBag from /home/airflow/.local/lib/python3.12/site-packages/airflow/example_dags/example_branch_datetime_operator.py
[2025-06-23T05:55:41.784+0000] {processor.py:840} INFO - DAG(s) 'example_branch_datetime_operator', 'example_branch_datetime_operator_2', 'example_branch_datetime_operator_3' retrieved from /home/airflow/.local/lib/python3.12/site-packages/airflow/example_dags/example_branch_datetime_operator.py
[2025-06-23T05:55:41.836+0000] {logging_mixin.py:188} INFO - [2025-06-23T05:55:41.836+0000] {dag.py:3089} INFO - Sync 3 DAGs
[2025-06-23T05:55:41.877+0000] {logging_mixin.py:188} INFO - [2025-06-23T05:55:41.876+0000] {dag.py:3947} INFO - Setting next_dagrun for example_branch_datetime_operator to 2025-06-22 00:00:00+00:00, run_after=2025-06-23 00:00:00+00:00
[2025-06-23T05:55:41.884+0000] {logging_mixin.py:188} INFO - [2025-06-23T05:55:41.884+0000] {dag.py:3947} INFO - Setting next_dagrun for example_branch_datetime_operator_2 to 2025-06-22 00:00:00+00:00, run_after=2025-06-23 00:00:00+00:00
[2025-06-23T05:55:41.889+0000] {logging_mixin.py:188} INFO - [2025-06-23T05:55:41.888+0000] {dag.py:3947} INFO - Setting next_dagrun for example_branch_datetime_operator_3 to 2025-06-22 00:00:00+00:00, run_after=2025-06-23 00:00:00+00:00
[2025-06-23T05:55:41.923+0000] {processor.py:183} INFO - Processing /home/airflow/.local/lib/python3.12/site-packages/airflow/example_dags/example_branch_datetime_operator.py took 0.198 seconds
[2025-06-23T05:56:12.728+0000] {processor.py:161} INFO - Started process (PID=626) to work on /home/airflow/.local/lib/python3.12/site-packages/airflow/example_dags/example_branch_datetime_operator.py
[2025-06-23T05:56:12.735+0000] {processor.py:830} INFO - Processing file /home/airflow/.local/lib/python3.12/site-packages/airflow/example_dags/example_branch_datetime_operator.py for tasks to queue
[2025-06-23T05:56:12.742+0000] {logging_mixin.py:188} INFO - [2025-06-23T05:56:12.740+0000] {dagbag.py:545} INFO - Filling up the DagBag from /home/airflow/.local/lib/python3.12/site-packages/airflow/example_dags/example_branch_datetime_operator.py
[2025-06-23T05:56:12.784+0000] {processor.py:840} INFO - DAG(s) 'example_branch_datetime_operator_3', 'example_branch_datetime_operator_2', 'example_branch_datetime_operator' retrieved from /home/airflow/.local/lib/python3.12/site-packages/airflow/example_dags/example_branch_datetime_operator.py
[2025-06-23T05:56:12.860+0000] {logging_mixin.py:188} INFO - [2025-06-23T05:56:12.860+0000] {dag.py:3089} INFO - Sync 3 DAGs
[2025-06-23T05:56:12.913+0000] {logging_mixin.py:188} INFO - [2025-06-23T05:56:12.912+0000] {dag.py:3947} INFO - Setting next_dagrun for example_branch_datetime_operator to 2025-06-22 00:00:00+00:00, run_after=2025-06-23 00:00:00+00:00
[2025-06-23T05:56:12.928+0000] {logging_mixin.py:188} INFO - [2025-06-23T05:56:12.927+0000] {dag.py:3947} INFO - Setting next_dagrun for example_branch_datetime_operator_2 to 2025-06-22 00:00:00+00:00, run_after=2025-06-23 00:00:00+00:00
[2025-06-23T05:56:12.935+0000] {logging_mixin.py:188} INFO - [2025-06-23T05:56:12.934+0000] {dag.py:3947} INFO - Setting next_dagrun for example_branch_datetime_operator_3 to 2025-06-22 00:00:00+00:00, run_after=2025-06-23 00:00:00+00:00
[2025-06-23T05:56:12.986+0000] {processor.py:183} INFO - Processing /home/airflow/.local/lib/python3.12/site-packages/airflow/example_dags/example_branch_datetime_operator.py took 0.292 seconds
[2025-06-23T05:56:43.072+0000] {processor.py:161} INFO - Started process (PID=686) to work on /home/airflow/.local/lib/python3.12/site-packages/airflow/example_dags/example_branch_datetime_operator.py
[2025-06-23T05:56:43.075+0000] {processor.py:830} INFO - Processing file /home/airflow/.local/lib/python3.12/site-packages/airflow/example_dags/example_branch_datetime_operator.py for tasks to queue
[2025-06-23T05:56:43.079+0000] {logging_mixin.py:188} INFO - [2025-06-23T05:56:43.078+0000] {dagbag.py:545} INFO - Filling up the DagBag from /home/airflow/.local/lib/python3.12/site-packages/airflow/example_dags/example_branch_datetime_operator.py
[2025-06-23T05:56:43.095+0000] {processor.py:840} INFO - DAG(s) 'example_branch_datetime_operator', 'example_branch_datetime_operator_2', 'example_branch_datetime_operator_3' retrieved from /home/airflow/.local/lib/python3.12/site-packages/airflow/example_dags/example_branch_datetime_operator.py
[2025-06-23T05:56:43.168+0000] {logging_mixin.py:188} INFO - [2025-06-23T05:56:43.168+0000] {dag.py:3089} INFO - Sync 3 DAGs
[2025-06-23T05:56:43.226+0000] {logging_mixin.py:188} INFO - [2025-06-23T05:56:43.226+0000] {dag.py:3947} INFO - Setting next_dagrun for example_branch_datetime_operator to 2025-06-22 00:00:00+00:00, run_after=2025-06-23 00:00:00+00:00
[2025-06-23T05:56:43.244+0000] {logging_mixin.py:188} INFO - [2025-06-23T05:56:43.243+0000] {dag.py:3947} INFO - Setting next_dagrun for example_branch_datetime_operator_2 to 2025-06-22 00:00:00+00:00, run_after=2025-06-23 00:00:00+00:00
[2025-06-23T05:56:43.254+0000] {logging_mixin.py:188} INFO - [2025-06-23T05:56:43.252+0000] {dag.py:3947} INFO - Setting next_dagrun for example_branch_datetime_operator_3 to 2025-06-22 00:00:00+00:00, run_after=2025-06-23 00:00:00+00:00
[2025-06-23T05:56:43.328+0000] {processor.py:183} INFO - Processing /home/airflow/.local/lib/python3.12/site-packages/airflow/example_dags/example_branch_datetime_operator.py took 0.268 seconds
[2025-06-23T05:57:13.962+0000] {processor.py:161} INFO - Started process (PID=746) to work on /home/airflow/.local/lib/python3.12/site-packages/airflow/example_dags/example_branch_datetime_operator.py
[2025-06-23T05:57:13.965+0000] {processor.py:830} INFO - Processing file /home/airflow/.local/lib/python3.12/site-packages/airflow/example_dags/example_branch_datetime_operator.py for tasks to queue
[2025-06-23T05:57:13.979+0000] {logging_mixin.py:188} INFO - [2025-06-23T05:57:13.976+0000] {dagbag.py:545} INFO - Filling up the DagBag from /home/airflow/.local/lib/python3.12/site-packages/airflow/example_dags/example_branch_datetime_operator.py
[2025-06-23T05:57:13.995+0000] {processor.py:840} INFO - DAG(s) 'example_branch_datetime_operator', 'example_branch_datetime_operator_2', 'example_branch_datetime_operator_3' retrieved from /home/airflow/.local/lib/python3.12/site-packages/airflow/example_dags/example_branch_datetime_operator.py
[2025-06-23T05:57:14.039+0000] {logging_mixin.py:188} INFO - [2025-06-23T05:57:14.038+0000] {dag.py:3089} INFO - Sync 3 DAGs
[2025-06-23T05:57:14.086+0000] {logging_mixin.py:188} INFO - [2025-06-23T05:57:14.085+0000] {dag.py:3947} INFO - Setting next_dagrun for example_branch_datetime_operator to 2025-06-22 00:00:00+00:00, run_after=2025-06-23 00:00:00+00:00
[2025-06-23T05:57:14.094+0000] {logging_mixin.py:188} INFO - [2025-06-23T05:57:14.094+0000] {dag.py:3947} INFO - Setting next_dagrun for example_branch_datetime_operator_2 to 2025-06-22 00:00:00+00:00, run_after=2025-06-23 00:00:00+00:00
[2025-06-23T05:57:14.098+0000] {logging_mixin.py:188} INFO - [2025-06-23T05:57:14.098+0000] {dag.py:3947} INFO - Setting next_dagrun for example_branch_datetime_operator_3 to 2025-06-22 00:00:00+00:00, run_after=2025-06-23 00:00:00+00:00
[2025-06-23T05:57:14.125+0000] {processor.py:183} INFO - Processing /home/airflow/.local/lib/python3.12/site-packages/airflow/example_dags/example_branch_datetime_operator.py took 0.186 seconds
[2025-06-23T05:57:44.359+0000] {processor.py:161} INFO - Started process (PID=806) to work on /home/airflow/.local/lib/python3.12/site-packages/airflow/example_dags/example_branch_datetime_operator.py
[2025-06-23T05:57:44.361+0000] {processor.py:830} INFO - Processing file /home/airflow/.local/lib/python3.12/site-packages/airflow/example_dags/example_branch_datetime_operator.py for tasks to queue
[2025-06-23T05:57:44.364+0000] {logging_mixin.py:188} INFO - [2025-06-23T05:57:44.364+0000] {dagbag.py:545} INFO - Filling up the DagBag from /home/airflow/.local/lib/python3.12/site-packages/airflow/example_dags/example_branch_datetime_operator.py
[2025-06-23T05:57:44.382+0000] {processor.py:840} INFO - DAG(s) 'example_branch_datetime_operator_3', 'example_branch_datetime_operator', 'example_branch_datetime_operator_2' retrieved from /home/airflow/.local/lib/python3.12/site-packages/airflow/example_dags/example_branch_datetime_operator.py
[2025-06-23T05:57:44.428+0000] {logging_mixin.py:188} INFO - [2025-06-23T05:57:44.428+0000] {dag.py:3089} INFO - Sync 3 DAGs
[2025-06-23T05:57:44.468+0000] {logging_mixin.py:188} INFO - [2025-06-23T05:57:44.468+0000] {dag.py:3947} INFO - Setting next_dagrun for example_branch_datetime_operator to 2025-06-22 00:00:00+00:00, run_after=2025-06-23 00:00:00+00:00
[2025-06-23T05:57:44.479+0000] {logging_mixin.py:188} INFO - [2025-06-23T05:57:44.479+0000] {dag.py:3947} INFO - Setting next_dagrun for example_branch_datetime_operator_2 to 2025-06-22 00:00:00+00:00, run_after=2025-06-23 00:00:00+00:00
[2025-06-23T05:57:44.485+0000] {logging_mixin.py:188} INFO - [2025-06-23T05:57:44.485+0000] {dag.py:3947} INFO - Setting next_dagrun for example_branch_datetime_operator_3 to 2025-06-22 00:00:00+00:00, run_after=2025-06-23 00:00:00+00:00
[2025-06-23T05:57:44.520+0000] {processor.py:183} INFO - Processing /home/airflow/.local/lib/python3.12/site-packages/airflow/example_dags/example_branch_datetime_operator.py took 0.170 seconds
[2025-06-23T05:58:15.446+0000] {processor.py:161} INFO - Started process (PID=874) to work on /home/airflow/.local/lib/python3.12/site-packages/airflow/example_dags/example_branch_datetime_operator.py
[2025-06-23T05:58:15.448+0000] {processor.py:830} INFO - Processing file /home/airflow/.local/lib/python3.12/site-packages/airflow/example_dags/example_branch_datetime_operator.py for tasks to queue
[2025-06-23T05:58:15.454+0000] {logging_mixin.py:188} INFO - [2025-06-23T05:58:15.454+0000] {dagbag.py:545} INFO - Filling up the DagBag from /home/airflow/.local/lib/python3.12/site-packages/airflow/example_dags/example_branch_datetime_operator.py
[2025-06-23T05:58:15.479+0000] {processor.py:840} INFO - DAG(s) 'example_branch_datetime_operator', 'example_branch_datetime_operator_3', 'example_branch_datetime_operator_2' retrieved from /home/airflow/.local/lib/python3.12/site-packages/airflow/example_dags/example_branch_datetime_operator.py
[2025-06-23T05:58:15.542+0000] {logging_mixin.py:188} INFO - [2025-06-23T05:58:15.542+0000] {dag.py:3089} INFO - Sync 3 DAGs
[2025-06-23T05:58:15.591+0000] {logging_mixin.py:188} INFO - [2025-06-23T05:58:15.591+0000] {dag.py:3947} INFO - Setting next_dagrun for example_branch_datetime_operator to 2025-06-22 00:00:00+00:00, run_after=2025-06-23 00:00:00+00:00
[2025-06-23T05:58:15.604+0000] {logging_mixin.py:188} INFO - [2025-06-23T05:58:15.602+0000] {dag.py:3947} INFO - Setting next_dagrun for example_branch_datetime_operator_2 to 2025-06-22 00:00:00+00:00, run_after=2025-06-23 00:00:00+00:00
[2025-06-23T05:58:15.611+0000] {logging_mixin.py:188} INFO - [2025-06-23T05:58:15.610+0000] {dag.py:3947} INFO - Setting next_dagrun for example_branch_datetime_operator_3 to 2025-06-22 00:00:00+00:00, run_after=2025-06-23 00:00:00+00:00
[2025-06-23T05:58:15.661+0000] {processor.py:183} INFO - Processing /home/airflow/.local/lib/python3.12/site-packages/airflow/example_dags/example_branch_datetime_operator.py took 0.226 seconds
[2025-06-23T05:58:50.472+0000] {processor.py:161} INFO - Started process (PID=934) to work on /home/airflow/.local/lib/python3.12/site-packages/airflow/example_dags/example_branch_datetime_operator.py
[2025-06-23T05:58:50.475+0000] {processor.py:830} INFO - Processing file /home/airflow/.local/lib/python3.12/site-packages/airflow/example_dags/example_branch_datetime_operator.py for tasks to queue
[2025-06-23T05:58:50.491+0000] {logging_mixin.py:188} INFO - [2025-06-23T05:58:50.490+0000] {dagbag.py:545} INFO - Filling up the DagBag from /home/airflow/.local/lib/python3.12/site-packages/airflow/example_dags/example_branch_datetime_operator.py
[2025-06-23T05:58:50.550+0000] {processor.py:840} INFO - DAG(s) 'example_branch_datetime_operator_3', 'example_branch_datetime_operator_2', 'example_branch_datetime_operator' retrieved from /home/airflow/.local/lib/python3.12/site-packages/airflow/example_dags/example_branch_datetime_operator.py
[2025-06-23T05:58:50.901+0000] {logging_mixin.py:188} INFO - [2025-06-23T05:58:50.898+0000] {dag.py:3089} INFO - Sync 3 DAGs
[2025-06-23T05:58:51.307+0000] {logging_mixin.py:188} INFO - [2025-06-23T05:58:51.306+0000] {dag.py:3947} INFO - Setting next_dagrun for example_branch_datetime_operator to 2025-06-22 00:00:00+00:00, run_after=2025-06-23 00:00:00+00:00
[2025-06-23T05:58:51.358+0000] {logging_mixin.py:188} INFO - [2025-06-23T05:58:51.357+0000] {dag.py:3947} INFO - Setting next_dagrun for example_branch_datetime_operator_2 to 2025-06-22 00:00:00+00:00, run_after=2025-06-23 00:00:00+00:00
[2025-06-23T05:58:51.370+0000] {logging_mixin.py:188} INFO - [2025-06-23T05:58:51.368+0000] {dag.py:3947} INFO - Setting next_dagrun for example_branch_datetime_operator_3 to 2025-06-22 00:00:00+00:00, run_after=2025-06-23 00:00:00+00:00
[2025-06-23T05:58:51.552+0000] {processor.py:183} INFO - Processing /home/airflow/.local/lib/python3.12/site-packages/airflow/example_dags/example_branch_datetime_operator.py took 1.114 seconds
[2025-06-23T05:59:22.215+0000] {processor.py:161} INFO - Started process (PID=994) to work on /home/airflow/.local/lib/python3.12/site-packages/airflow/example_dags/example_branch_datetime_operator.py
[2025-06-23T05:59:22.219+0000] {processor.py:830} INFO - Processing file /home/airflow/.local/lib/python3.12/site-packages/airflow/example_dags/example_branch_datetime_operator.py for tasks to queue
[2025-06-23T05:59:22.225+0000] {logging_mixin.py:188} INFO - [2025-06-23T05:59:22.224+0000] {dagbag.py:545} INFO - Filling up the DagBag from /home/airflow/.local/lib/python3.12/site-packages/airflow/example_dags/example_branch_datetime_operator.py
[2025-06-23T05:59:22.265+0000] {processor.py:840} INFO - DAG(s) 'example_branch_datetime_operator_2', 'example_branch_datetime_operator_3', 'example_branch_datetime_operator' retrieved from /home/airflow/.local/lib/python3.12/site-packages/airflow/example_dags/example_branch_datetime_operator.py
[2025-06-23T05:59:22.409+0000] {logging_mixin.py:188} INFO - [2025-06-23T05:59:22.408+0000] {dag.py:3089} INFO - Sync 3 DAGs
[2025-06-23T05:59:22.481+0000] {logging_mixin.py:188} INFO - [2025-06-23T05:59:22.481+0000] {dag.py:3947} INFO - Setting next_dagrun for example_branch_datetime_operator to 2025-06-22 00:00:00+00:00, run_after=2025-06-23 00:00:00+00:00
[2025-06-23T05:59:22.500+0000] {logging_mixin.py:188} INFO - [2025-06-23T05:59:22.499+0000] {dag.py:3947} INFO - Setting next_dagrun for example_branch_datetime_operator_2 to 2025-06-22 00:00:00+00:00, run_after=2025-06-23 00:00:00+00:00
[2025-06-23T05:59:22.511+0000] {logging_mixin.py:188} INFO - [2025-06-23T05:59:22.509+0000] {dag.py:3947} INFO - Setting next_dagrun for example_branch_datetime_operator_3 to 2025-06-22 00:00:00+00:00, run_after=2025-06-23 00:00:00+00:00
[2025-06-23T05:59:22.574+0000] {processor.py:183} INFO - Processing /home/airflow/.local/lib/python3.12/site-packages/airflow/example_dags/example_branch_datetime_operator.py took 0.381 seconds
[2025-06-23T05:59:52.790+0000] {processor.py:161} INFO - Started process (PID=1055) to work on /home/airflow/.local/lib/python3.12/site-packages/airflow/example_dags/example_branch_datetime_operator.py
[2025-06-23T05:59:52.792+0000] {processor.py:830} INFO - Processing file /home/airflow/.local/lib/python3.12/site-packages/airflow/example_dags/example_branch_datetime_operator.py for tasks to queue
[2025-06-23T05:59:52.799+0000] {logging_mixin.py:188} INFO - [2025-06-23T05:59:52.798+0000] {dagbag.py:545} INFO - Filling up the DagBag from /home/airflow/.local/lib/python3.12/site-packages/airflow/example_dags/example_branch_datetime_operator.py
[2025-06-23T05:59:52.822+0000] {processor.py:840} INFO - DAG(s) 'example_branch_datetime_operator_3', 'example_branch_datetime_operator_2', 'example_branch_datetime_operator' retrieved from /home/airflow/.local/lib/python3.12/site-packages/airflow/example_dags/example_branch_datetime_operator.py
[2025-06-23T05:59:52.872+0000] {logging_mixin.py:188} INFO - [2025-06-23T05:59:52.871+0000] {dag.py:3089} INFO - Sync 3 DAGs
[2025-06-23T05:59:52.913+0000] {logging_mixin.py:188} INFO - [2025-06-23T05:59:52.913+0000] {dag.py:3947} INFO - Setting next_dagrun for example_branch_datetime_operator to 2025-06-22 00:00:00+00:00, run_after=2025-06-23 00:00:00+00:00
[2025-06-23T05:59:52.924+0000] {logging_mixin.py:188} INFO - [2025-06-23T05:59:52.923+0000] {dag.py:3947} INFO - Setting next_dagrun for example_branch_datetime_operator_2 to 2025-06-22 00:00:00+00:00, run_after=2025-06-23 00:00:00+00:00
[2025-06-23T05:59:52.928+0000] {logging_mixin.py:188} INFO - [2025-06-23T05:59:52.928+0000] {dag.py:3947} INFO - Setting next_dagrun for example_branch_datetime_operator_3 to 2025-06-22 00:00:00+00:00, run_after=2025-06-23 00:00:00+00:00
[2025-06-23T05:59:52.962+0000] {processor.py:183} INFO - Processing /home/airflow/.local/lib/python3.12/site-packages/airflow/example_dags/example_branch_datetime_operator.py took 0.184 seconds
[2025-06-23T06:00:23.681+0000] {processor.py:161} INFO - Started process (PID=1115) to work on /home/airflow/.local/lib/python3.12/site-packages/airflow/example_dags/example_branch_datetime_operator.py
[2025-06-23T06:00:23.685+0000] {processor.py:830} INFO - Processing file /home/airflow/.local/lib/python3.12/site-packages/airflow/example_dags/example_branch_datetime_operator.py for tasks to queue
[2025-06-23T06:00:23.689+0000] {logging_mixin.py:188} INFO - [2025-06-23T06:00:23.689+0000] {dagbag.py:545} INFO - Filling up the DagBag from /home/airflow/.local/lib/python3.12/site-packages/airflow/example_dags/example_branch_datetime_operator.py
[2025-06-23T06:00:23.715+0000] {processor.py:840} INFO - DAG(s) 'example_branch_datetime_operator_3', 'example_branch_datetime_operator_2', 'example_branch_datetime_operator' retrieved from /home/airflow/.local/lib/python3.12/site-packages/airflow/example_dags/example_branch_datetime_operator.py
[2025-06-23T06:00:23.766+0000] {logging_mixin.py:188} INFO - [2025-06-23T06:00:23.765+0000] {dag.py:3089} INFO - Sync 3 DAGs
[2025-06-23T06:00:23.808+0000] {logging_mixin.py:188} INFO - [2025-06-23T06:00:23.808+0000] {dag.py:3947} INFO - Setting next_dagrun for example_branch_datetime_operator to 2025-06-22 00:00:00+00:00, run_after=2025-06-23 00:00:00+00:00
[2025-06-23T06:00:23.820+0000] {logging_mixin.py:188} INFO - [2025-06-23T06:00:23.820+0000] {dag.py:3947} INFO - Setting next_dagrun for example_branch_datetime_operator_2 to 2025-06-22 00:00:00+00:00, run_after=2025-06-23 00:00:00+00:00
[2025-06-23T06:00:23.825+0000] {logging_mixin.py:188} INFO - [2025-06-23T06:00:23.824+0000] {dag.py:3947} INFO - Setting next_dagrun for example_branch_datetime_operator_3 to 2025-06-22 00:00:00+00:00, run_after=2025-06-23 00:00:00+00:00
[2025-06-23T06:00:23.854+0000] {processor.py:183} INFO - Processing /home/airflow/.local/lib/python3.12/site-packages/airflow/example_dags/example_branch_datetime_operator.py took 0.186 seconds
[2025-06-23T06:00:54.436+0000] {processor.py:161} INFO - Started process (PID=1173) to work on /home/airflow/.local/lib/python3.12/site-packages/airflow/example_dags/example_branch_datetime_operator.py
[2025-06-23T06:00:54.437+0000] {processor.py:830} INFO - Processing file /home/airflow/.local/lib/python3.12/site-packages/airflow/example_dags/example_branch_datetime_operator.py for tasks to queue
[2025-06-23T06:00:54.441+0000] {logging_mixin.py:188} INFO - [2025-06-23T06:00:54.441+0000] {dagbag.py:545} INFO - Filling up the DagBag from /home/airflow/.local/lib/python3.12/site-packages/airflow/example_dags/example_branch_datetime_operator.py
[2025-06-23T06:00:54.459+0000] {processor.py:840} INFO - DAG(s) 'example_branch_datetime_operator_2', 'example_branch_datetime_operator', 'example_branch_datetime_operator_3' retrieved from /home/airflow/.local/lib/python3.12/site-packages/airflow/example_dags/example_branch_datetime_operator.py
[2025-06-23T06:00:54.502+0000] {logging_mixin.py:188} INFO - [2025-06-23T06:00:54.502+0000] {dag.py:3089} INFO - Sync 3 DAGs
[2025-06-23T06:00:54.551+0000] {logging_mixin.py:188} INFO - [2025-06-23T06:00:54.550+0000] {dag.py:3947} INFO - Setting next_dagrun for example_branch_datetime_operator to 2025-06-22 00:00:00+00:00, run_after=2025-06-23 00:00:00+00:00
[2025-06-23T06:00:54.569+0000] {logging_mixin.py:188} INFO - [2025-06-23T06:00:54.569+0000] {dag.py:3947} INFO - Setting next_dagrun for example_branch_datetime_operator_2 to 2025-06-22 00:00:00+00:00, run_after=2025-06-23 00:00:00+00:00
[2025-06-23T06:00:54.575+0000] {logging_mixin.py:188} INFO - [2025-06-23T06:00:54.575+0000] {dag.py:3947} INFO - Setting next_dagrun for example_branch_datetime_operator_3 to 2025-06-22 00:00:00+00:00, run_after=2025-06-23 00:00:00+00:00
[2025-06-23T06:00:54.646+0000] {processor.py:183} INFO - Processing /home/airflow/.local/lib/python3.12/site-packages/airflow/example_dags/example_branch_datetime_operator.py took 0.222 seconds
[2025-06-23T06:01:25.327+0000] {processor.py:161} INFO - Started process (PID=1233) to work on /home/airflow/.local/lib/python3.12/site-packages/airflow/example_dags/example_branch_datetime_operator.py
[2025-06-23T06:01:25.330+0000] {processor.py:830} INFO - Processing file /home/airflow/.local/lib/python3.12/site-packages/airflow/example_dags/example_branch_datetime_operator.py for tasks to queue
[2025-06-23T06:01:25.334+0000] {logging_mixin.py:188} INFO - [2025-06-23T06:01:25.333+0000] {dagbag.py:545} INFO - Filling up the DagBag from /home/airflow/.local/lib/python3.12/site-packages/airflow/example_dags/example_branch_datetime_operator.py
[2025-06-23T06:01:25.353+0000] {processor.py:840} INFO - DAG(s) 'example_branch_datetime_operator', 'example_branch_datetime_operator_2', 'example_branch_datetime_operator_3' retrieved from /home/airflow/.local/lib/python3.12/site-packages/airflow/example_dags/example_branch_datetime_operator.py
[2025-06-23T06:01:25.401+0000] {logging_mixin.py:188} INFO - [2025-06-23T06:01:25.401+0000] {dag.py:3089} INFO - Sync 3 DAGs
[2025-06-23T06:01:25.444+0000] {logging_mixin.py:188} INFO - [2025-06-23T06:01:25.444+0000] {dag.py:3947} INFO - Setting next_dagrun for example_branch_datetime_operator to 2025-06-22 00:00:00+00:00, run_after=2025-06-23 00:00:00+00:00
[2025-06-23T06:01:25.453+0000] {logging_mixin.py:188} INFO - [2025-06-23T06:01:25.453+0000] {dag.py:3947} INFO - Setting next_dagrun for example_branch_datetime_operator_2 to 2025-06-22 00:00:00+00:00, run_after=2025-06-23 00:00:00+00:00
[2025-06-23T06:01:25.459+0000] {logging_mixin.py:188} INFO - [2025-06-23T06:01:25.459+0000] {dag.py:3947} INFO - Setting next_dagrun for example_branch_datetime_operator_3 to 2025-06-22 00:00:00+00:00, run_after=2025-06-23 00:00:00+00:00
[2025-06-23T06:01:25.490+0000] {processor.py:183} INFO - Processing /home/airflow/.local/lib/python3.12/site-packages/airflow/example_dags/example_branch_datetime_operator.py took 0.172 seconds
[2025-06-23T06:01:56.121+0000] {processor.py:161} INFO - Started process (PID=1294) to work on /home/airflow/.local/lib/python3.12/site-packages/airflow/example_dags/example_branch_datetime_operator.py
[2025-06-23T06:01:56.125+0000] {processor.py:830} INFO - Processing file /home/airflow/.local/lib/python3.12/site-packages/airflow/example_dags/example_branch_datetime_operator.py for tasks to queue
[2025-06-23T06:01:56.128+0000] {logging_mixin.py:188} INFO - [2025-06-23T06:01:56.128+0000] {dagbag.py:545} INFO - Filling up the DagBag from /home/airflow/.local/lib/python3.12/site-packages/airflow/example_dags/example_branch_datetime_operator.py
[2025-06-23T06:01:56.149+0000] {processor.py:840} INFO - DAG(s) 'example_branch_datetime_operator_2', 'example_branch_datetime_operator_3', 'example_branch_datetime_operator' retrieved from /home/airflow/.local/lib/python3.12/site-packages/airflow/example_dags/example_branch_datetime_operator.py
[2025-06-23T06:01:56.205+0000] {logging_mixin.py:188} INFO - [2025-06-23T06:01:56.203+0000] {dag.py:3089} INFO - Sync 3 DAGs
[2025-06-23T06:01:56.242+0000] {logging_mixin.py:188} INFO - [2025-06-23T06:01:56.242+0000] {dag.py:3947} INFO - Setting next_dagrun for example_branch_datetime_operator to 2025-06-22 00:00:00+00:00, run_after=2025-06-23 00:00:00+00:00
[2025-06-23T06:01:56.251+0000] {logging_mixin.py:188} INFO - [2025-06-23T06:01:56.250+0000] {dag.py:3947} INFO - Setting next_dagrun for example_branch_datetime_operator_2 to 2025-06-22 00:00:00+00:00, run_after=2025-06-23 00:00:00+00:00
[2025-06-23T06:01:56.256+0000] {logging_mixin.py:188} INFO - [2025-06-23T06:01:56.256+0000] {dag.py:3947} INFO - Setting next_dagrun for example_branch_datetime_operator_3 to 2025-06-22 00:00:00+00:00, run_after=2025-06-23 00:00:00+00:00
[2025-06-23T06:01:56.285+0000] {processor.py:183} INFO - Processing /home/airflow/.local/lib/python3.12/site-packages/airflow/example_dags/example_branch_datetime_operator.py took 0.174 seconds
[2025-06-23T06:02:26.801+0000] {processor.py:161} INFO - Started process (PID=1354) to work on /home/airflow/.local/lib/python3.12/site-packages/airflow/example_dags/example_branch_datetime_operator.py
[2025-06-23T06:02:26.803+0000] {processor.py:830} INFO - Processing file /home/airflow/.local/lib/python3.12/site-packages/airflow/example_dags/example_branch_datetime_operator.py for tasks to queue
[2025-06-23T06:02:26.807+0000] {logging_mixin.py:188} INFO - [2025-06-23T06:02:26.807+0000] {dagbag.py:545} INFO - Filling up the DagBag from /home/airflow/.local/lib/python3.12/site-packages/airflow/example_dags/example_branch_datetime_operator.py
[2025-06-23T06:02:26.825+0000] {processor.py:840} INFO - DAG(s) 'example_branch_datetime_operator_2', 'example_branch_datetime_operator', 'example_branch_datetime_operator_3' retrieved from /home/airflow/.local/lib/python3.12/site-packages/airflow/example_dags/example_branch_datetime_operator.py
[2025-06-23T06:02:26.873+0000] {logging_mixin.py:188} INFO - [2025-06-23T06:02:26.872+0000] {dag.py:3089} INFO - Sync 3 DAGs
[2025-06-23T06:02:26.926+0000] {logging_mixin.py:188} INFO - [2025-06-23T06:02:26.926+0000] {dag.py:3947} INFO - Setting next_dagrun for example_branch_datetime_operator to 2025-06-22 00:00:00+00:00, run_after=2025-06-23 00:00:00+00:00
[2025-06-23T06:02:26.939+0000] {logging_mixin.py:188} INFO - [2025-06-23T06:02:26.939+0000] {dag.py:3947} INFO - Setting next_dagrun for example_branch_datetime_operator_2 to 2025-06-22 00:00:00+00:00, run_after=2025-06-23 00:00:00+00:00
[2025-06-23T06:02:26.945+0000] {logging_mixin.py:188} INFO - [2025-06-23T06:02:26.944+0000] {dag.py:3947} INFO - Setting next_dagrun for example_branch_datetime_operator_3 to 2025-06-22 00:00:00+00:00, run_after=2025-06-23 00:00:00+00:00
[2025-06-23T06:02:26.986+0000] {processor.py:183} INFO - Processing /home/airflow/.local/lib/python3.12/site-packages/airflow/example_dags/example_branch_datetime_operator.py took 0.194 seconds
[2025-06-23T06:02:58.735+0000] {processor.py:161} INFO - Started process (PID=1415) to work on /home/airflow/.local/lib/python3.12/site-packages/airflow/example_dags/example_branch_datetime_operator.py
[2025-06-23T06:02:58.739+0000] {processor.py:830} INFO - Processing file /home/airflow/.local/lib/python3.12/site-packages/airflow/example_dags/example_branch_datetime_operator.py for tasks to queue
[2025-06-23T06:02:58.744+0000] {logging_mixin.py:188} INFO - [2025-06-23T06:02:58.744+0000] {dagbag.py:545} INFO - Filling up the DagBag from /home/airflow/.local/lib/python3.12/site-packages/airflow/example_dags/example_branch_datetime_operator.py
[2025-06-23T06:02:58.771+0000] {processor.py:840} INFO - DAG(s) 'example_branch_datetime_operator_3', 'example_branch_datetime_operator_2', 'example_branch_datetime_operator' retrieved from /home/airflow/.local/lib/python3.12/site-packages/airflow/example_dags/example_branch_datetime_operator.py
[2025-06-23T06:02:58.861+0000] {logging_mixin.py:188} INFO - [2025-06-23T06:02:58.860+0000] {dag.py:3089} INFO - Sync 3 DAGs
[2025-06-23T06:02:58.937+0000] {logging_mixin.py:188} INFO - [2025-06-23T06:02:58.936+0000] {dag.py:3947} INFO - Setting next_dagrun for example_branch_datetime_operator to 2025-06-22 00:00:00+00:00, run_after=2025-06-23 00:00:00+00:00
[2025-06-23T06:02:58.959+0000] {logging_mixin.py:188} INFO - [2025-06-23T06:02:58.958+0000] {dag.py:3947} INFO - Setting next_dagrun for example_branch_datetime_operator_2 to 2025-06-22 00:00:00+00:00, run_after=2025-06-23 00:00:00+00:00
[2025-06-23T06:02:58.971+0000] {logging_mixin.py:188} INFO - [2025-06-23T06:02:58.967+0000] {dag.py:3947} INFO - Setting next_dagrun for example_branch_datetime_operator_3 to 2025-06-22 00:00:00+00:00, run_after=2025-06-23 00:00:00+00:00
[2025-06-23T06:02:59.077+0000] {processor.py:183} INFO - Processing /home/airflow/.local/lib/python3.12/site-packages/airflow/example_dags/example_branch_datetime_operator.py took 0.359 seconds
[2025-06-23T06:03:29.920+0000] {processor.py:161} INFO - Started process (PID=1474) to work on /home/airflow/.local/lib/python3.12/site-packages/airflow/example_dags/example_branch_datetime_operator.py
[2025-06-23T06:03:29.923+0000] {processor.py:830} INFO - Processing file /home/airflow/.local/lib/python3.12/site-packages/airflow/example_dags/example_branch_datetime_operator.py for tasks to queue
[2025-06-23T06:03:29.930+0000] {logging_mixin.py:188} INFO - [2025-06-23T06:03:29.929+0000] {dagbag.py:545} INFO - Filling up the DagBag from /home/airflow/.local/lib/python3.12/site-packages/airflow/example_dags/example_branch_datetime_operator.py
[2025-06-23T06:03:29.963+0000] {processor.py:840} INFO - DAG(s) 'example_branch_datetime_operator', 'example_branch_datetime_operator_2', 'example_branch_datetime_operator_3' retrieved from /home/airflow/.local/lib/python3.12/site-packages/airflow/example_dags/example_branch_datetime_operator.py
[2025-06-23T06:03:30.080+0000] {logging_mixin.py:188} INFO - [2025-06-23T06:03:30.079+0000] {dag.py:3089} INFO - Sync 3 DAGs
[2025-06-23T06:03:30.131+0000] {logging_mixin.py:188} INFO - [2025-06-23T06:03:30.130+0000] {dag.py:3947} INFO - Setting next_dagrun for example_branch_datetime_operator to 2025-06-22 00:00:00+00:00, run_after=2025-06-23 00:00:00+00:00
[2025-06-23T06:03:30.141+0000] {logging_mixin.py:188} INFO - [2025-06-23T06:03:30.141+0000] {dag.py:3947} INFO - Setting next_dagrun for example_branch_datetime_operator_2 to 2025-06-22 00:00:00+00:00, run_after=2025-06-23 00:00:00+00:00
[2025-06-23T06:03:30.147+0000] {logging_mixin.py:188} INFO - [2025-06-23T06:03:30.146+0000] {dag.py:3947} INFO - Setting next_dagrun for example_branch_datetime_operator_3 to 2025-06-22 00:00:00+00:00, run_after=2025-06-23 00:00:00+00:00
[2025-06-23T06:03:30.200+0000] {processor.py:183} INFO - Processing /home/airflow/.local/lib/python3.12/site-packages/airflow/example_dags/example_branch_datetime_operator.py took 0.305 seconds
[2025-06-23T06:04:02.250+0000] {processor.py:161} INFO - Started process (PID=1533) to work on /home/airflow/.local/lib/python3.12/site-packages/airflow/example_dags/example_branch_datetime_operator.py
[2025-06-23T06:04:02.253+0000] {processor.py:830} INFO - Processing file /home/airflow/.local/lib/python3.12/site-packages/airflow/example_dags/example_branch_datetime_operator.py for tasks to queue
[2025-06-23T06:04:02.261+0000] {logging_mixin.py:188} INFO - [2025-06-23T06:04:02.260+0000] {dagbag.py:545} INFO - Filling up the DagBag from /home/airflow/.local/lib/python3.12/site-packages/airflow/example_dags/example_branch_datetime_operator.py
[2025-06-23T06:04:02.307+0000] {processor.py:840} INFO - DAG(s) 'example_branch_datetime_operator_2', 'example_branch_datetime_operator_3', 'example_branch_datetime_operator' retrieved from /home/airflow/.local/lib/python3.12/site-packages/airflow/example_dags/example_branch_datetime_operator.py
[2025-06-23T06:04:02.670+0000] {logging_mixin.py:188} INFO - [2025-06-23T06:04:02.669+0000] {dag.py:3089} INFO - Sync 3 DAGs
[2025-06-23T06:04:03.081+0000] {logging_mixin.py:188} INFO - [2025-06-23T06:04:03.080+0000] {dag.py:3947} INFO - Setting next_dagrun for example_branch_datetime_operator to 2025-06-22 00:00:00+00:00, run_after=2025-06-23 00:00:00+00:00
[2025-06-23T06:04:03.108+0000] {logging_mixin.py:188} INFO - [2025-06-23T06:04:03.108+0000] {dag.py:3947} INFO - Setting next_dagrun for example_branch_datetime_operator_2 to 2025-06-22 00:00:00+00:00, run_after=2025-06-23 00:00:00+00:00
[2025-06-23T06:04:03.119+0000] {logging_mixin.py:188} INFO - [2025-06-23T06:04:03.118+0000] {dag.py:3947} INFO - Setting next_dagrun for example_branch_datetime_operator_3 to 2025-06-22 00:00:00+00:00, run_after=2025-06-23 00:00:00+00:00
[2025-06-23T06:04:03.218+0000] {processor.py:183} INFO - Processing /home/airflow/.local/lib/python3.12/site-packages/airflow/example_dags/example_branch_datetime_operator.py took 0.929 seconds
