[2025-06-23T05:50:51.481+0000] {processor.py:161} INFO - Started process (PID=74) to work on /home/airflow/.local/lib/python3.12/site-packages/airflow/example_dags/example_task_group_decorator.py
[2025-06-23T05:50:51.484+0000] {processor.py:830} INFO - Processing file /home/airflow/.local/lib/python3.12/site-packages/airflow/example_dags/example_task_group_decorator.py for tasks to queue
[2025-06-23T05:50:51.490+0000] {logging_mixin.py:188} INFO - [2025-06-23T05:50:51.489+0000] {dagbag.py:545} INFO - Filling up the DagBag from /home/airflow/.local/lib/python3.12/site-packages/airflow/example_dags/example_task_group_decorator.py
[2025-06-23T05:50:51.567+0000] {processor.py:840} INFO - DAG(s) 'example_task_group_decorator' retrieved from /home/airflow/.local/lib/python3.12/site-packages/airflow/example_dags/example_task_group_decorator.py
[2025-06-23T05:50:51.937+0000] {logging_mixin.py:188} INFO - [2025-06-23T05:50:51.936+0000] {dag.py:3089} INFO - Sync 1 DAGs
[2025-06-23T05:50:51.984+0000] {logging_mixin.py:188} INFO - [2025-06-23T05:50:51.984+0000] {dag.py:3947} INFO - Setting next_dagrun for example_task_group_decorator to 2025-06-22 00:00:00+00:00, run_after=2025-06-23 00:00:00+00:00
[2025-06-23T05:50:52.052+0000] {processor.py:183} INFO - Processing /home/airflow/.local/lib/python3.12/site-packages/airflow/example_dags/example_task_group_decorator.py took 0.596 seconds
[2025-06-23T05:51:45.254+0000] {processor.py:161} INFO - Started process (PID=135) to work on /home/airflow/.local/lib/python3.12/site-packages/airflow/example_dags/example_task_group_decorator.py
[2025-06-23T05:51:45.264+0000] {processor.py:830} INFO - Processing file /home/airflow/.local/lib/python3.12/site-packages/airflow/example_dags/example_task_group_decorator.py for tasks to queue
[2025-06-23T05:51:45.268+0000] {logging_mixin.py:188} INFO - [2025-06-23T05:51:45.268+0000] {dagbag.py:545} INFO - Filling up the DagBag from /home/airflow/.local/lib/python3.12/site-packages/airflow/example_dags/example_task_group_decorator.py
[2025-06-23T05:51:45.335+0000] {processor.py:840} INFO - DAG(s) 'example_task_group_decorator' retrieved from /home/airflow/.local/lib/python3.12/site-packages/airflow/example_dags/example_task_group_decorator.py
[2025-06-23T05:51:45.399+0000] {logging_mixin.py:188} INFO - [2025-06-23T05:51:45.398+0000] {dag.py:3089} INFO - Sync 1 DAGs
[2025-06-23T05:51:45.449+0000] {logging_mixin.py:188} INFO - [2025-06-23T05:51:45.449+0000] {dag.py:3947} INFO - Setting next_dagrun for example_task_group_decorator to 2025-06-22 00:00:00+00:00, run_after=2025-06-23 00:00:00+00:00
[2025-06-23T05:51:45.520+0000] {processor.py:183} INFO - Processing /home/airflow/.local/lib/python3.12/site-packages/airflow/example_dags/example_task_group_decorator.py took 0.280 seconds
[2025-06-23T05:52:16.443+0000] {processor.py:161} INFO - Started process (PID=193) to work on /home/airflow/.local/lib/python3.12/site-packages/airflow/example_dags/example_task_group_decorator.py
[2025-06-23T05:52:16.493+0000] {processor.py:830} INFO - Processing file /home/airflow/.local/lib/python3.12/site-packages/airflow/example_dags/example_task_group_decorator.py for tasks to queue
[2025-06-23T05:52:16.496+0000] {logging_mixin.py:188} INFO - [2025-06-23T05:52:16.496+0000] {dagbag.py:545} INFO - Filling up the DagBag from /home/airflow/.local/lib/python3.12/site-packages/airflow/example_dags/example_task_group_decorator.py
[2025-06-23T05:52:16.533+0000] {processor.py:840} INFO - DAG(s) 'example_task_group_decorator' retrieved from /home/airflow/.local/lib/python3.12/site-packages/airflow/example_dags/example_task_group_decorator.py
[2025-06-23T05:52:16.609+0000] {logging_mixin.py:188} INFO - [2025-06-23T05:52:16.608+0000] {dag.py:3089} INFO - Sync 1 DAGs
[2025-06-23T05:52:16.698+0000] {logging_mixin.py:188} INFO - [2025-06-23T05:52:16.698+0000] {dag.py:3947} INFO - Setting next_dagrun for example_task_group_decorator to 2025-06-22 00:00:00+00:00, run_after=2025-06-23 00:00:00+00:00
[2025-06-23T05:52:16.733+0000] {processor.py:183} INFO - Processing /home/airflow/.local/lib/python3.12/site-packages/airflow/example_dags/example_task_group_decorator.py took 0.299 seconds
[2025-06-23T05:52:47.369+0000] {processor.py:161} INFO - Started process (PID=253) to work on /home/airflow/.local/lib/python3.12/site-packages/airflow/example_dags/example_task_group_decorator.py
[2025-06-23T05:52:47.373+0000] {processor.py:830} INFO - Processing file /home/airflow/.local/lib/python3.12/site-packages/airflow/example_dags/example_task_group_decorator.py for tasks to queue
[2025-06-23T05:52:47.381+0000] {logging_mixin.py:188} INFO - [2025-06-23T05:52:47.380+0000] {dagbag.py:545} INFO - Filling up the DagBag from /home/airflow/.local/lib/python3.12/site-packages/airflow/example_dags/example_task_group_decorator.py
[2025-06-23T05:52:47.440+0000] {processor.py:840} INFO - DAG(s) 'example_task_group_decorator' retrieved from /home/airflow/.local/lib/python3.12/site-packages/airflow/example_dags/example_task_group_decorator.py
[2025-06-23T05:52:47.541+0000] {logging_mixin.py:188} INFO - [2025-06-23T05:52:47.540+0000] {dag.py:3089} INFO - Sync 1 DAGs
[2025-06-23T05:52:47.662+0000] {logging_mixin.py:188} INFO - [2025-06-23T05:52:47.661+0000] {dag.py:3947} INFO - Setting next_dagrun for example_task_group_decorator to 2025-06-22 00:00:00+00:00, run_after=2025-06-23 00:00:00+00:00
[2025-06-23T05:52:47.761+0000] {processor.py:183} INFO - Processing /home/airflow/.local/lib/python3.12/site-packages/airflow/example_dags/example_task_group_decorator.py took 0.414 seconds
[2025-06-23T05:53:18.588+0000] {processor.py:161} INFO - Started process (PID=313) to work on /home/airflow/.local/lib/python3.12/site-packages/airflow/example_dags/example_task_group_decorator.py
[2025-06-23T05:53:18.590+0000] {processor.py:830} INFO - Processing file /home/airflow/.local/lib/python3.12/site-packages/airflow/example_dags/example_task_group_decorator.py for tasks to queue
[2025-06-23T05:53:18.593+0000] {logging_mixin.py:188} INFO - [2025-06-23T05:53:18.593+0000] {dagbag.py:545} INFO - Filling up the DagBag from /home/airflow/.local/lib/python3.12/site-packages/airflow/example_dags/example_task_group_decorator.py
[2025-06-23T05:53:18.615+0000] {processor.py:840} INFO - DAG(s) 'example_task_group_decorator' retrieved from /home/airflow/.local/lib/python3.12/site-packages/airflow/example_dags/example_task_group_decorator.py
[2025-06-23T05:53:18.655+0000] {logging_mixin.py:188} INFO - [2025-06-23T05:53:18.655+0000] {dag.py:3089} INFO - Sync 1 DAGs
[2025-06-23T05:53:18.690+0000] {logging_mixin.py:188} INFO - [2025-06-23T05:53:18.689+0000] {dag.py:3947} INFO - Setting next_dagrun for example_task_group_decorator to 2025-06-22 00:00:00+00:00, run_after=2025-06-23 00:00:00+00:00
[2025-06-23T05:53:18.724+0000] {processor.py:183} INFO - Processing /home/airflow/.local/lib/python3.12/site-packages/airflow/example_dags/example_task_group_decorator.py took 0.144 seconds
[2025-06-23T05:53:56.272+0000] {processor.py:161} INFO - Started process (PID=369) to work on /home/airflow/.local/lib/python3.12/site-packages/airflow/example_dags/example_task_group_decorator.py
[2025-06-23T05:53:56.288+0000] {processor.py:830} INFO - Processing file /home/airflow/.local/lib/python3.12/site-packages/airflow/example_dags/example_task_group_decorator.py for tasks to queue
[2025-06-23T05:53:56.310+0000] {logging_mixin.py:188} INFO - [2025-06-23T05:53:56.307+0000] {dagbag.py:545} INFO - Filling up the DagBag from /home/airflow/.local/lib/python3.12/site-packages/airflow/example_dags/example_task_group_decorator.py
[2025-06-23T05:53:56.529+0000] {processor.py:840} INFO - DAG(s) 'example_task_group_decorator' retrieved from /home/airflow/.local/lib/python3.12/site-packages/airflow/example_dags/example_task_group_decorator.py
[2025-06-23T05:53:56.861+0000] {logging_mixin.py:188} INFO - [2025-06-23T05:53:56.858+0000] {dag.py:3089} INFO - Sync 1 DAGs
[2025-06-23T05:53:57.201+0000] {logging_mixin.py:188} INFO - [2025-06-23T05:53:57.200+0000] {dag.py:3947} INFO - Setting next_dagrun for example_task_group_decorator to 2025-06-22 00:00:00+00:00, run_after=2025-06-23 00:00:00+00:00
[2025-06-23T05:53:57.404+0000] {processor.py:183} INFO - Processing /home/airflow/.local/lib/python3.12/site-packages/airflow/example_dags/example_task_group_decorator.py took 1.195 seconds
[2025-06-23T05:54:28.243+0000] {processor.py:161} INFO - Started process (PID=430) to work on /home/airflow/.local/lib/python3.12/site-packages/airflow/example_dags/example_task_group_decorator.py
[2025-06-23T05:54:28.246+0000] {processor.py:830} INFO - Processing file /home/airflow/.local/lib/python3.12/site-packages/airflow/example_dags/example_task_group_decorator.py for tasks to queue
[2025-06-23T05:54:28.261+0000] {logging_mixin.py:188} INFO - [2025-06-23T05:54:28.260+0000] {dagbag.py:545} INFO - Filling up the DagBag from /home/airflow/.local/lib/python3.12/site-packages/airflow/example_dags/example_task_group_decorator.py
[2025-06-23T05:54:28.330+0000] {processor.py:840} INFO - DAG(s) 'example_task_group_decorator' retrieved from /home/airflow/.local/lib/python3.12/site-packages/airflow/example_dags/example_task_group_decorator.py
[2025-06-23T05:54:28.386+0000] {logging_mixin.py:188} INFO - [2025-06-23T05:54:28.386+0000] {dag.py:3089} INFO - Sync 1 DAGs
[2025-06-23T05:54:28.470+0000] {logging_mixin.py:188} INFO - [2025-06-23T05:54:28.466+0000] {dag.py:3947} INFO - Setting next_dagrun for example_task_group_decorator to 2025-06-22 00:00:00+00:00, run_after=2025-06-23 00:00:00+00:00
[2025-06-23T05:54:28.529+0000] {processor.py:183} INFO - Processing /home/airflow/.local/lib/python3.12/site-packages/airflow/example_dags/example_task_group_decorator.py took 0.301 seconds
[2025-06-23T05:55:00.400+0000] {processor.py:161} INFO - Started process (PID=490) to work on /home/airflow/.local/lib/python3.12/site-packages/airflow/example_dags/example_task_group_decorator.py
[2025-06-23T05:55:00.441+0000] {processor.py:830} INFO - Processing file /home/airflow/.local/lib/python3.12/site-packages/airflow/example_dags/example_task_group_decorator.py for tasks to queue
[2025-06-23T05:55:00.506+0000] {logging_mixin.py:188} INFO - [2025-06-23T05:55:00.498+0000] {dagbag.py:545} INFO - Filling up the DagBag from /home/airflow/.local/lib/python3.12/site-packages/airflow/example_dags/example_task_group_decorator.py
[2025-06-23T05:55:00.872+0000] {processor.py:840} INFO - DAG(s) 'example_task_group_decorator' retrieved from /home/airflow/.local/lib/python3.12/site-packages/airflow/example_dags/example_task_group_decorator.py
[2025-06-23T05:55:01.438+0000] {logging_mixin.py:188} INFO - [2025-06-23T05:55:01.436+0000] {dag.py:3089} INFO - Sync 1 DAGs
[2025-06-23T05:55:01.861+0000] {logging_mixin.py:188} INFO - [2025-06-23T05:55:01.859+0000] {dag.py:3947} INFO - Setting next_dagrun for example_task_group_decorator to 2025-06-22 00:00:00+00:00, run_after=2025-06-23 00:00:00+00:00
[2025-06-23T05:55:02.279+0000] {processor.py:183} INFO - Processing /home/airflow/.local/lib/python3.12/site-packages/airflow/example_dags/example_task_group_decorator.py took 2.105 seconds
[2025-06-23T05:55:32.784+0000] {processor.py:161} INFO - Started process (PID=555) to work on /home/airflow/.local/lib/python3.12/site-packages/airflow/example_dags/example_task_group_decorator.py
[2025-06-23T05:55:32.785+0000] {processor.py:830} INFO - Processing file /home/airflow/.local/lib/python3.12/site-packages/airflow/example_dags/example_task_group_decorator.py for tasks to queue
[2025-06-23T05:55:32.789+0000] {logging_mixin.py:188} INFO - [2025-06-23T05:55:32.788+0000] {dagbag.py:545} INFO - Filling up the DagBag from /home/airflow/.local/lib/python3.12/site-packages/airflow/example_dags/example_task_group_decorator.py
[2025-06-23T05:55:32.811+0000] {processor.py:840} INFO - DAG(s) 'example_task_group_decorator' retrieved from /home/airflow/.local/lib/python3.12/site-packages/airflow/example_dags/example_task_group_decorator.py
[2025-06-23T05:55:32.854+0000] {logging_mixin.py:188} INFO - [2025-06-23T05:55:32.854+0000] {dag.py:3089} INFO - Sync 1 DAGs
[2025-06-23T05:55:32.894+0000] {logging_mixin.py:188} INFO - [2025-06-23T05:55:32.893+0000] {dag.py:3947} INFO - Setting next_dagrun for example_task_group_decorator to 2025-06-22 00:00:00+00:00, run_after=2025-06-23 00:00:00+00:00
[2025-06-23T05:55:32.930+0000] {processor.py:183} INFO - Processing /home/airflow/.local/lib/python3.12/site-packages/airflow/example_dags/example_task_group_decorator.py took 0.156 seconds
[2025-06-23T05:56:03.809+0000] {processor.py:161} INFO - Started process (PID=615) to work on /home/airflow/.local/lib/python3.12/site-packages/airflow/example_dags/example_task_group_decorator.py
[2025-06-23T05:56:03.812+0000] {processor.py:830} INFO - Processing file /home/airflow/.local/lib/python3.12/site-packages/airflow/example_dags/example_task_group_decorator.py for tasks to queue
[2025-06-23T05:56:03.818+0000] {logging_mixin.py:188} INFO - [2025-06-23T05:56:03.817+0000] {dagbag.py:545} INFO - Filling up the DagBag from /home/airflow/.local/lib/python3.12/site-packages/airflow/example_dags/example_task_group_decorator.py
[2025-06-23T05:56:03.863+0000] {processor.py:840} INFO - DAG(s) 'example_task_group_decorator' retrieved from /home/airflow/.local/lib/python3.12/site-packages/airflow/example_dags/example_task_group_decorator.py
[2025-06-23T05:56:03.918+0000] {logging_mixin.py:188} INFO - [2025-06-23T05:56:03.918+0000] {dag.py:3089} INFO - Sync 1 DAGs
[2025-06-23T05:56:03.968+0000] {logging_mixin.py:188} INFO - [2025-06-23T05:56:03.967+0000] {dag.py:3947} INFO - Setting next_dagrun for example_task_group_decorator to 2025-06-22 00:00:00+00:00, run_after=2025-06-23 00:00:00+00:00
[2025-06-23T05:56:04.008+0000] {processor.py:183} INFO - Processing /home/airflow/.local/lib/python3.12/site-packages/airflow/example_dags/example_task_group_decorator.py took 0.211 seconds
[2025-06-23T05:56:34.493+0000] {processor.py:161} INFO - Started process (PID=675) to work on /home/airflow/.local/lib/python3.12/site-packages/airflow/example_dags/example_task_group_decorator.py
[2025-06-23T05:56:34.500+0000] {processor.py:830} INFO - Processing file /home/airflow/.local/lib/python3.12/site-packages/airflow/example_dags/example_task_group_decorator.py for tasks to queue
[2025-06-23T05:56:34.505+0000] {logging_mixin.py:188} INFO - [2025-06-23T05:56:34.504+0000] {dagbag.py:545} INFO - Filling up the DagBag from /home/airflow/.local/lib/python3.12/site-packages/airflow/example_dags/example_task_group_decorator.py
[2025-06-23T05:56:34.543+0000] {processor.py:840} INFO - DAG(s) 'example_task_group_decorator' retrieved from /home/airflow/.local/lib/python3.12/site-packages/airflow/example_dags/example_task_group_decorator.py
[2025-06-23T05:56:34.652+0000] {logging_mixin.py:188} INFO - [2025-06-23T05:56:34.651+0000] {dag.py:3089} INFO - Sync 1 DAGs
[2025-06-23T05:56:34.710+0000] {logging_mixin.py:188} INFO - [2025-06-23T05:56:34.710+0000] {dag.py:3947} INFO - Setting next_dagrun for example_task_group_decorator to 2025-06-22 00:00:00+00:00, run_after=2025-06-23 00:00:00+00:00
[2025-06-23T05:56:34.765+0000] {processor.py:183} INFO - Processing /home/airflow/.local/lib/python3.12/site-packages/airflow/example_dags/example_task_group_decorator.py took 0.286 seconds
[2025-06-23T05:57:05.449+0000] {processor.py:161} INFO - Started process (PID=736) to work on /home/airflow/.local/lib/python3.12/site-packages/airflow/example_dags/example_task_group_decorator.py
[2025-06-23T05:57:05.495+0000] {processor.py:830} INFO - Processing file /home/airflow/.local/lib/python3.12/site-packages/airflow/example_dags/example_task_group_decorator.py for tasks to queue
[2025-06-23T05:57:05.521+0000] {logging_mixin.py:188} INFO - [2025-06-23T05:57:05.518+0000] {dagbag.py:545} INFO - Filling up the DagBag from /home/airflow/.local/lib/python3.12/site-packages/airflow/example_dags/example_task_group_decorator.py
[2025-06-23T05:57:05.696+0000] {processor.py:840} INFO - DAG(s) 'example_task_group_decorator' retrieved from /home/airflow/.local/lib/python3.12/site-packages/airflow/example_dags/example_task_group_decorator.py
[2025-06-23T05:57:05.986+0000] {logging_mixin.py:188} INFO - [2025-06-23T05:57:05.985+0000] {dag.py:3089} INFO - Sync 1 DAGs
[2025-06-23T05:57:06.266+0000] {logging_mixin.py:188} INFO - [2025-06-23T05:57:06.265+0000] {dag.py:3947} INFO - Setting next_dagrun for example_task_group_decorator to 2025-06-22 00:00:00+00:00, run_after=2025-06-23 00:00:00+00:00
[2025-06-23T05:57:06.644+0000] {processor.py:183} INFO - Processing /home/airflow/.local/lib/python3.12/site-packages/airflow/example_dags/example_task_group_decorator.py took 1.250 seconds
[2025-06-23T05:57:37.454+0000] {processor.py:161} INFO - Started process (PID=796) to work on /home/airflow/.local/lib/python3.12/site-packages/airflow/example_dags/example_task_group_decorator.py
[2025-06-23T05:57:37.456+0000] {processor.py:830} INFO - Processing file /home/airflow/.local/lib/python3.12/site-packages/airflow/example_dags/example_task_group_decorator.py for tasks to queue
[2025-06-23T05:57:37.461+0000] {logging_mixin.py:188} INFO - [2025-06-23T05:57:37.460+0000] {dagbag.py:545} INFO - Filling up the DagBag from /home/airflow/.local/lib/python3.12/site-packages/airflow/example_dags/example_task_group_decorator.py
[2025-06-23T05:57:37.493+0000] {processor.py:840} INFO - DAG(s) 'example_task_group_decorator' retrieved from /home/airflow/.local/lib/python3.12/site-packages/airflow/example_dags/example_task_group_decorator.py
[2025-06-23T05:57:37.546+0000] {logging_mixin.py:188} INFO - [2025-06-23T05:57:37.545+0000] {dag.py:3089} INFO - Sync 1 DAGs
[2025-06-23T05:57:37.585+0000] {logging_mixin.py:188} INFO - [2025-06-23T05:57:37.584+0000] {dag.py:3947} INFO - Setting next_dagrun for example_task_group_decorator to 2025-06-22 00:00:00+00:00, run_after=2025-06-23 00:00:00+00:00
[2025-06-23T05:57:37.626+0000] {processor.py:183} INFO - Processing /home/airflow/.local/lib/python3.12/site-packages/airflow/example_dags/example_task_group_decorator.py took 0.185 seconds
[2025-06-23T05:58:07.878+0000] {processor.py:161} INFO - Started process (PID=860) to work on /home/airflow/.local/lib/python3.12/site-packages/airflow/example_dags/example_task_group_decorator.py
[2025-06-23T05:58:07.884+0000] {processor.py:830} INFO - Processing file /home/airflow/.local/lib/python3.12/site-packages/airflow/example_dags/example_task_group_decorator.py for tasks to queue
[2025-06-23T05:58:07.894+0000] {logging_mixin.py:188} INFO - [2025-06-23T05:58:07.892+0000] {dagbag.py:545} INFO - Filling up the DagBag from /home/airflow/.local/lib/python3.12/site-packages/airflow/example_dags/example_task_group_decorator.py
[2025-06-23T05:58:07.954+0000] {processor.py:840} INFO - DAG(s) 'example_task_group_decorator' retrieved from /home/airflow/.local/lib/python3.12/site-packages/airflow/example_dags/example_task_group_decorator.py
[2025-06-23T05:58:08.018+0000] {logging_mixin.py:188} INFO - [2025-06-23T05:58:08.018+0000] {dag.py:3089} INFO - Sync 1 DAGs
[2025-06-23T05:58:08.111+0000] {logging_mixin.py:188} INFO - [2025-06-23T05:58:08.111+0000] {dag.py:3947} INFO - Setting next_dagrun for example_task_group_decorator to 2025-06-22 00:00:00+00:00, run_after=2025-06-23 00:00:00+00:00
[2025-06-23T05:58:08.186+0000] {processor.py:183} INFO - Processing /home/airflow/.local/lib/python3.12/site-packages/airflow/example_dags/example_task_group_decorator.py took 0.337 seconds
[2025-06-23T05:58:38.327+0000] {processor.py:161} INFO - Started process (PID=924) to work on /home/airflow/.local/lib/python3.12/site-packages/airflow/example_dags/example_task_group_decorator.py
[2025-06-23T05:58:38.330+0000] {processor.py:830} INFO - Processing file /home/airflow/.local/lib/python3.12/site-packages/airflow/example_dags/example_task_group_decorator.py for tasks to queue
[2025-06-23T05:58:38.336+0000] {logging_mixin.py:188} INFO - [2025-06-23T05:58:38.335+0000] {dagbag.py:545} INFO - Filling up the DagBag from /home/airflow/.local/lib/python3.12/site-packages/airflow/example_dags/example_task_group_decorator.py
[2025-06-23T05:58:38.384+0000] {processor.py:840} INFO - DAG(s) 'example_task_group_decorator' retrieved from /home/airflow/.local/lib/python3.12/site-packages/airflow/example_dags/example_task_group_decorator.py
[2025-06-23T05:58:38.585+0000] {logging_mixin.py:188} INFO - [2025-06-23T05:58:38.584+0000] {dag.py:3089} INFO - Sync 1 DAGs
[2025-06-23T05:58:38.694+0000] {logging_mixin.py:188} INFO - [2025-06-23T05:58:38.693+0000] {dag.py:3947} INFO - Setting next_dagrun for example_task_group_decorator to 2025-06-22 00:00:00+00:00, run_after=2025-06-23 00:00:00+00:00
[2025-06-23T05:58:38.755+0000] {processor.py:183} INFO - Processing /home/airflow/.local/lib/python3.12/site-packages/airflow/example_dags/example_task_group_decorator.py took 0.446 seconds
[2025-06-23T05:59:10.972+0000] {processor.py:161} INFO - Started process (PID=984) to work on /home/airflow/.local/lib/python3.12/site-packages/airflow/example_dags/example_task_group_decorator.py
[2025-06-23T05:59:10.974+0000] {processor.py:830} INFO - Processing file /home/airflow/.local/lib/python3.12/site-packages/airflow/example_dags/example_task_group_decorator.py for tasks to queue
[2025-06-23T05:59:10.980+0000] {logging_mixin.py:188} INFO - [2025-06-23T05:59:10.980+0000] {dagbag.py:545} INFO - Filling up the DagBag from /home/airflow/.local/lib/python3.12/site-packages/airflow/example_dags/example_task_group_decorator.py
[2025-06-23T05:59:11.017+0000] {processor.py:840} INFO - DAG(s) 'example_task_group_decorator' retrieved from /home/airflow/.local/lib/python3.12/site-packages/airflow/example_dags/example_task_group_decorator.py
[2025-06-23T05:59:11.102+0000] {logging_mixin.py:188} INFO - [2025-06-23T05:59:11.101+0000] {dag.py:3089} INFO - Sync 1 DAGs
[2025-06-23T05:59:11.182+0000] {logging_mixin.py:188} INFO - [2025-06-23T05:59:11.181+0000] {dag.py:3947} INFO - Setting next_dagrun for example_task_group_decorator to 2025-06-22 00:00:00+00:00, run_after=2025-06-23 00:00:00+00:00
[2025-06-23T05:59:11.247+0000] {processor.py:183} INFO - Processing /home/airflow/.local/lib/python3.12/site-packages/airflow/example_dags/example_task_group_decorator.py took 0.289 seconds
[2025-06-23T05:59:42.797+0000] {processor.py:161} INFO - Started process (PID=1043) to work on /home/airflow/.local/lib/python3.12/site-packages/airflow/example_dags/example_task_group_decorator.py
[2025-06-23T05:59:42.802+0000] {processor.py:830} INFO - Processing file /home/airflow/.local/lib/python3.12/site-packages/airflow/example_dags/example_task_group_decorator.py for tasks to queue
[2025-06-23T05:59:42.812+0000] {logging_mixin.py:188} INFO - [2025-06-23T05:59:42.811+0000] {dagbag.py:545} INFO - Filling up the DagBag from /home/airflow/.local/lib/python3.12/site-packages/airflow/example_dags/example_task_group_decorator.py
[2025-06-23T05:59:42.867+0000] {processor.py:840} INFO - DAG(s) 'example_task_group_decorator' retrieved from /home/airflow/.local/lib/python3.12/site-packages/airflow/example_dags/example_task_group_decorator.py
[2025-06-23T05:59:42.947+0000] {logging_mixin.py:188} INFO - [2025-06-23T05:59:42.946+0000] {dag.py:3089} INFO - Sync 1 DAGs
[2025-06-23T05:59:43.010+0000] {logging_mixin.py:188} INFO - [2025-06-23T05:59:43.009+0000] {dag.py:3947} INFO - Setting next_dagrun for example_task_group_decorator to 2025-06-22 00:00:00+00:00, run_after=2025-06-23 00:00:00+00:00
[2025-06-23T05:59:43.084+0000] {processor.py:183} INFO - Processing /home/airflow/.local/lib/python3.12/site-packages/airflow/example_dags/example_task_group_decorator.py took 0.309 seconds
[2025-06-23T06:00:19.885+0000] {processor.py:161} INFO - Started process (PID=1102) to work on /home/airflow/.local/lib/python3.12/site-packages/airflow/example_dags/example_task_group_decorator.py
[2025-06-23T06:00:19.896+0000] {processor.py:830} INFO - Processing file /home/airflow/.local/lib/python3.12/site-packages/airflow/example_dags/example_task_group_decorator.py for tasks to queue
[2025-06-23T06:00:19.913+0000] {logging_mixin.py:188} INFO - [2025-06-23T06:00:19.912+0000] {dagbag.py:545} INFO - Filling up the DagBag from /home/airflow/.local/lib/python3.12/site-packages/airflow/example_dags/example_task_group_decorator.py
[2025-06-23T06:00:20.044+0000] {processor.py:840} INFO - DAG(s) 'example_task_group_decorator' retrieved from /home/airflow/.local/lib/python3.12/site-packages/airflow/example_dags/example_task_group_decorator.py
[2025-06-23T06:00:20.192+0000] {logging_mixin.py:188} INFO - [2025-06-23T06:00:20.192+0000] {dag.py:3089} INFO - Sync 1 DAGs
[2025-06-23T06:00:20.365+0000] {logging_mixin.py:188} INFO - [2025-06-23T06:00:20.364+0000] {dag.py:3947} INFO - Setting next_dagrun for example_task_group_decorator to 2025-06-22 00:00:00+00:00, run_after=2025-06-23 00:00:00+00:00
[2025-06-23T06:00:20.545+0000] {processor.py:183} INFO - Processing /home/airflow/.local/lib/python3.12/site-packages/airflow/example_dags/example_task_group_decorator.py took 0.728 seconds
[2025-06-23T06:00:50.851+0000] {processor.py:161} INFO - Started process (PID=1162) to work on /home/airflow/.local/lib/python3.12/site-packages/airflow/example_dags/example_task_group_decorator.py
[2025-06-23T06:00:50.854+0000] {processor.py:830} INFO - Processing file /home/airflow/.local/lib/python3.12/site-packages/airflow/example_dags/example_task_group_decorator.py for tasks to queue
[2025-06-23T06:00:50.867+0000] {logging_mixin.py:188} INFO - [2025-06-23T06:00:50.866+0000] {dagbag.py:545} INFO - Filling up the DagBag from /home/airflow/.local/lib/python3.12/site-packages/airflow/example_dags/example_task_group_decorator.py
[2025-06-23T06:00:50.918+0000] {processor.py:840} INFO - DAG(s) 'example_task_group_decorator' retrieved from /home/airflow/.local/lib/python3.12/site-packages/airflow/example_dags/example_task_group_decorator.py
[2025-06-23T06:00:50.979+0000] {logging_mixin.py:188} INFO - [2025-06-23T06:00:50.978+0000] {dag.py:3089} INFO - Sync 1 DAGs
[2025-06-23T06:00:51.031+0000] {logging_mixin.py:188} INFO - [2025-06-23T06:00:51.030+0000] {dag.py:3947} INFO - Setting next_dagrun for example_task_group_decorator to 2025-06-22 00:00:00+00:00, run_after=2025-06-23 00:00:00+00:00
[2025-06-23T06:00:51.083+0000] {processor.py:183} INFO - Processing /home/airflow/.local/lib/python3.12/site-packages/airflow/example_dags/example_task_group_decorator.py took 0.256 seconds
[2025-06-23T06:01:21.961+0000] {processor.py:161} INFO - Started process (PID=1222) to work on /home/airflow/.local/lib/python3.12/site-packages/airflow/example_dags/example_task_group_decorator.py
[2025-06-23T06:01:21.963+0000] {processor.py:830} INFO - Processing file /home/airflow/.local/lib/python3.12/site-packages/airflow/example_dags/example_task_group_decorator.py for tasks to queue
[2025-06-23T06:01:21.968+0000] {logging_mixin.py:188} INFO - [2025-06-23T06:01:21.967+0000] {dagbag.py:545} INFO - Filling up the DagBag from /home/airflow/.local/lib/python3.12/site-packages/airflow/example_dags/example_task_group_decorator.py
[2025-06-23T06:01:22.002+0000] {processor.py:840} INFO - DAG(s) 'example_task_group_decorator' retrieved from /home/airflow/.local/lib/python3.12/site-packages/airflow/example_dags/example_task_group_decorator.py
[2025-06-23T06:01:22.061+0000] {logging_mixin.py:188} INFO - [2025-06-23T06:01:22.060+0000] {dag.py:3089} INFO - Sync 1 DAGs
[2025-06-23T06:01:22.099+0000] {logging_mixin.py:188} INFO - [2025-06-23T06:01:22.099+0000] {dag.py:3947} INFO - Setting next_dagrun for example_task_group_decorator to 2025-06-22 00:00:00+00:00, run_after=2025-06-23 00:00:00+00:00
[2025-06-23T06:01:22.134+0000] {processor.py:183} INFO - Processing /home/airflow/.local/lib/python3.12/site-packages/airflow/example_dags/example_task_group_decorator.py took 0.185 seconds
[2025-06-23T06:01:52.444+0000] {processor.py:161} INFO - Started process (PID=1283) to work on /home/airflow/.local/lib/python3.12/site-packages/airflow/example_dags/example_task_group_decorator.py
[2025-06-23T06:01:52.448+0000] {processor.py:830} INFO - Processing file /home/airflow/.local/lib/python3.12/site-packages/airflow/example_dags/example_task_group_decorator.py for tasks to queue
[2025-06-23T06:01:52.453+0000] {logging_mixin.py:188} INFO - [2025-06-23T06:01:52.452+0000] {dagbag.py:545} INFO - Filling up the DagBag from /home/airflow/.local/lib/python3.12/site-packages/airflow/example_dags/example_task_group_decorator.py
[2025-06-23T06:01:52.502+0000] {processor.py:840} INFO - DAG(s) 'example_task_group_decorator' retrieved from /home/airflow/.local/lib/python3.12/site-packages/airflow/example_dags/example_task_group_decorator.py
[2025-06-23T06:01:52.600+0000] {logging_mixin.py:188} INFO - [2025-06-23T06:01:52.599+0000] {dag.py:3089} INFO - Sync 1 DAGs
[2025-06-23T06:01:52.691+0000] {logging_mixin.py:188} INFO - [2025-06-23T06:01:52.690+0000] {dag.py:3947} INFO - Setting next_dagrun for example_task_group_decorator to 2025-06-22 00:00:00+00:00, run_after=2025-06-23 00:00:00+00:00
[2025-06-23T06:01:52.757+0000] {processor.py:183} INFO - Processing /home/airflow/.local/lib/python3.12/site-packages/airflow/example_dags/example_task_group_decorator.py took 0.330 seconds
[2025-06-23T06:02:23.429+0000] {processor.py:161} INFO - Started process (PID=1343) to work on /home/airflow/.local/lib/python3.12/site-packages/airflow/example_dags/example_task_group_decorator.py
[2025-06-23T06:02:23.432+0000] {processor.py:830} INFO - Processing file /home/airflow/.local/lib/python3.12/site-packages/airflow/example_dags/example_task_group_decorator.py for tasks to queue
[2025-06-23T06:02:23.436+0000] {logging_mixin.py:188} INFO - [2025-06-23T06:02:23.435+0000] {dagbag.py:545} INFO - Filling up the DagBag from /home/airflow/.local/lib/python3.12/site-packages/airflow/example_dags/example_task_group_decorator.py
[2025-06-23T06:02:23.469+0000] {processor.py:840} INFO - DAG(s) 'example_task_group_decorator' retrieved from /home/airflow/.local/lib/python3.12/site-packages/airflow/example_dags/example_task_group_decorator.py
[2025-06-23T06:02:23.529+0000] {logging_mixin.py:188} INFO - [2025-06-23T06:02:23.529+0000] {dag.py:3089} INFO - Sync 1 DAGs
[2025-06-23T06:02:23.575+0000] {logging_mixin.py:188} INFO - [2025-06-23T06:02:23.574+0000] {dag.py:3947} INFO - Setting next_dagrun for example_task_group_decorator to 2025-06-22 00:00:00+00:00, run_after=2025-06-23 00:00:00+00:00
[2025-06-23T06:02:23.619+0000] {processor.py:183} INFO - Processing /home/airflow/.local/lib/python3.12/site-packages/airflow/example_dags/example_task_group_decorator.py took 0.205 seconds
[2025-06-23T06:02:54.781+0000] {processor.py:161} INFO - Started process (PID=1404) to work on /home/airflow/.local/lib/python3.12/site-packages/airflow/example_dags/example_task_group_decorator.py
[2025-06-23T06:02:54.785+0000] {processor.py:830} INFO - Processing file /home/airflow/.local/lib/python3.12/site-packages/airflow/example_dags/example_task_group_decorator.py for tasks to queue
[2025-06-23T06:02:54.789+0000] {logging_mixin.py:188} INFO - [2025-06-23T06:02:54.788+0000] {dagbag.py:545} INFO - Filling up the DagBag from /home/airflow/.local/lib/python3.12/site-packages/airflow/example_dags/example_task_group_decorator.py
[2025-06-23T06:02:54.824+0000] {processor.py:840} INFO - DAG(s) 'example_task_group_decorator' retrieved from /home/airflow/.local/lib/python3.12/site-packages/airflow/example_dags/example_task_group_decorator.py
[2025-06-23T06:02:54.886+0000] {logging_mixin.py:188} INFO - [2025-06-23T06:02:54.885+0000] {dag.py:3089} INFO - Sync 1 DAGs
[2025-06-23T06:02:55.128+0000] {logging_mixin.py:188} INFO - [2025-06-23T06:02:55.127+0000] {dag.py:3947} INFO - Setting next_dagrun for example_task_group_decorator to 2025-06-22 00:00:00+00:00, run_after=2025-06-23 00:00:00+00:00
[2025-06-23T06:02:55.228+0000] {processor.py:183} INFO - Processing /home/airflow/.local/lib/python3.12/site-packages/airflow/example_dags/example_task_group_decorator.py took 0.462 seconds
[2025-06-23T06:03:25.845+0000] {processor.py:161} INFO - Started process (PID=1463) to work on /home/airflow/.local/lib/python3.12/site-packages/airflow/example_dags/example_task_group_decorator.py
[2025-06-23T06:03:25.849+0000] {processor.py:830} INFO - Processing file /home/airflow/.local/lib/python3.12/site-packages/airflow/example_dags/example_task_group_decorator.py for tasks to queue
[2025-06-23T06:03:25.854+0000] {logging_mixin.py:188} INFO - [2025-06-23T06:03:25.853+0000] {dagbag.py:545} INFO - Filling up the DagBag from /home/airflow/.local/lib/python3.12/site-packages/airflow/example_dags/example_task_group_decorator.py
[2025-06-23T06:03:25.927+0000] {processor.py:840} INFO - DAG(s) 'example_task_group_decorator' retrieved from /home/airflow/.local/lib/python3.12/site-packages/airflow/example_dags/example_task_group_decorator.py
[2025-06-23T06:03:26.026+0000] {logging_mixin.py:188} INFO - [2025-06-23T06:03:26.025+0000] {dag.py:3089} INFO - Sync 1 DAGs
[2025-06-23T06:03:26.156+0000] {logging_mixin.py:188} INFO - [2025-06-23T06:03:26.155+0000] {dag.py:3947} INFO - Setting next_dagrun for example_task_group_decorator to 2025-06-22 00:00:00+00:00, run_after=2025-06-23 00:00:00+00:00
[2025-06-23T06:03:26.327+0000] {processor.py:183} INFO - Processing /home/airflow/.local/lib/python3.12/site-packages/airflow/example_dags/example_task_group_decorator.py took 0.501 seconds
[2025-06-23T06:03:57.107+0000] {processor.py:161} INFO - Started process (PID=1523) to work on /home/airflow/.local/lib/python3.12/site-packages/airflow/example_dags/example_task_group_decorator.py
[2025-06-23T06:03:57.115+0000] {processor.py:830} INFO - Processing file /home/airflow/.local/lib/python3.12/site-packages/airflow/example_dags/example_task_group_decorator.py for tasks to queue
[2025-06-23T06:03:57.140+0000] {logging_mixin.py:188} INFO - [2025-06-23T06:03:57.139+0000] {dagbag.py:545} INFO - Filling up the DagBag from /home/airflow/.local/lib/python3.12/site-packages/airflow/example_dags/example_task_group_decorator.py
[2025-06-23T06:03:57.325+0000] {processor.py:840} INFO - DAG(s) 'example_task_group_decorator' retrieved from /home/airflow/.local/lib/python3.12/site-packages/airflow/example_dags/example_task_group_decorator.py
[2025-06-23T06:03:57.525+0000] {logging_mixin.py:188} INFO - [2025-06-23T06:03:57.524+0000] {dag.py:3089} INFO - Sync 1 DAGs
[2025-06-23T06:03:57.601+0000] {logging_mixin.py:188} INFO - [2025-06-23T06:03:57.601+0000] {dag.py:3947} INFO - Setting next_dagrun for example_task_group_decorator to 2025-06-22 00:00:00+00:00, run_after=2025-06-23 00:00:00+00:00
[2025-06-23T06:03:57.696+0000] {processor.py:183} INFO - Processing /home/airflow/.local/lib/python3.12/site-packages/airflow/example_dags/example_task_group_decorator.py took 0.619 seconds
