[2025-06-23T05:50:56.014+0000] {processor.py:161} INFO - Started process (PID=86) to work on /home/airflow/.local/lib/python3.12/site-packages/airflow/example_dags/example_short_circuit_decorator.py
[2025-06-23T05:50:56.017+0000] {processor.py:830} INFO - Processing file /home/airflow/.local/lib/python3.12/site-packages/airflow/example_dags/example_short_circuit_decorator.py for tasks to queue
[2025-06-23T05:50:56.022+0000] {logging_mixin.py:188} INFO - [2025-06-23T05:50:56.021+0000] {dagbag.py:545} INFO - Filling up the DagBag from /home/airflow/.local/lib/python3.12/site-packages/airflow/example_dags/example_short_circuit_decorator.py
[2025-06-23T05:50:56.057+0000] {processor.py:840} INFO - DAG(s) 'example_short_circuit_decorator' retrieved from /home/airflow/.local/lib/python3.12/site-packages/airflow/example_dags/example_short_circuit_decorator.py
[2025-06-23T05:50:56.432+0000] {logging_mixin.py:188} INFO - [2025-06-23T05:50:56.429+0000] {dag.py:3089} INFO - Sync 1 DAGs
[2025-06-23T05:50:56.498+0000] {logging_mixin.py:188} INFO - [2025-06-23T05:50:56.497+0000] {dag.py:3947} INFO - Setting next_dagrun for example_short_circuit_decorator to 2025-06-22 00:00:00+00:00, run_after=2025-06-23 00:00:00+00:00
[2025-06-23T05:50:56.547+0000] {processor.py:183} INFO - Processing /home/airflow/.local/lib/python3.12/site-packages/airflow/example_dags/example_short_circuit_decorator.py took 0.545 seconds
[2025-06-23T05:51:56.607+0000] {processor.py:161} INFO - Started process (PID=147) to work on /home/airflow/.local/lib/python3.12/site-packages/airflow/example_dags/example_short_circuit_decorator.py
[2025-06-23T05:51:56.609+0000] {processor.py:830} INFO - Processing file /home/airflow/.local/lib/python3.12/site-packages/airflow/example_dags/example_short_circuit_decorator.py for tasks to queue
[2025-06-23T05:51:56.611+0000] {logging_mixin.py:188} INFO - [2025-06-23T05:51:56.611+0000] {dagbag.py:545} INFO - Filling up the DagBag from /home/airflow/.local/lib/python3.12/site-packages/airflow/example_dags/example_short_circuit_decorator.py
[2025-06-23T05:51:56.625+0000] {processor.py:840} INFO - DAG(s) 'example_short_circuit_decorator' retrieved from /home/airflow/.local/lib/python3.12/site-packages/airflow/example_dags/example_short_circuit_decorator.py
[2025-06-23T05:51:56.806+0000] {logging_mixin.py:188} INFO - [2025-06-23T05:51:56.805+0000] {dag.py:3089} INFO - Sync 1 DAGs
[2025-06-23T05:51:56.861+0000] {logging_mixin.py:188} INFO - [2025-06-23T05:51:56.861+0000] {dag.py:3947} INFO - Setting next_dagrun for example_short_circuit_decorator to 2025-06-22 00:00:00+00:00, run_after=2025-06-23 00:00:00+00:00
[2025-06-23T05:51:56.893+0000] {processor.py:183} INFO - Processing /home/airflow/.local/lib/python3.12/site-packages/airflow/example_dags/example_short_circuit_decorator.py took 0.295 seconds
[2025-06-23T05:52:27.244+0000] {processor.py:161} INFO - Started process (PID=212) to work on /home/airflow/.local/lib/python3.12/site-packages/airflow/example_dags/example_short_circuit_decorator.py
[2025-06-23T05:52:27.248+0000] {processor.py:830} INFO - Processing file /home/airflow/.local/lib/python3.12/site-packages/airflow/example_dags/example_short_circuit_decorator.py for tasks to queue
[2025-06-23T05:52:27.256+0000] {logging_mixin.py:188} INFO - [2025-06-23T05:52:27.253+0000] {dagbag.py:545} INFO - Filling up the DagBag from /home/airflow/.local/lib/python3.12/site-packages/airflow/example_dags/example_short_circuit_decorator.py
[2025-06-23T05:52:27.284+0000] {processor.py:840} INFO - DAG(s) 'example_short_circuit_decorator' retrieved from /home/airflow/.local/lib/python3.12/site-packages/airflow/example_dags/example_short_circuit_decorator.py
[2025-06-23T05:52:27.346+0000] {logging_mixin.py:188} INFO - [2025-06-23T05:52:27.345+0000] {dag.py:3089} INFO - Sync 1 DAGs
[2025-06-23T05:52:27.424+0000] {logging_mixin.py:188} INFO - [2025-06-23T05:52:27.423+0000] {dag.py:3947} INFO - Setting next_dagrun for example_short_circuit_decorator to 2025-06-22 00:00:00+00:00, run_after=2025-06-23 00:00:00+00:00
[2025-06-23T05:52:27.533+0000] {processor.py:183} INFO - Processing /home/airflow/.local/lib/python3.12/site-packages/airflow/example_dags/example_short_circuit_decorator.py took 0.305 seconds
[2025-06-23T05:52:58.971+0000] {processor.py:161} INFO - Started process (PID=272) to work on /home/airflow/.local/lib/python3.12/site-packages/airflow/example_dags/example_short_circuit_decorator.py
[2025-06-23T05:52:58.973+0000] {processor.py:830} INFO - Processing file /home/airflow/.local/lib/python3.12/site-packages/airflow/example_dags/example_short_circuit_decorator.py for tasks to queue
[2025-06-23T05:52:58.978+0000] {logging_mixin.py:188} INFO - [2025-06-23T05:52:58.977+0000] {dagbag.py:545} INFO - Filling up the DagBag from /home/airflow/.local/lib/python3.12/site-packages/airflow/example_dags/example_short_circuit_decorator.py
[2025-06-23T05:52:59.007+0000] {processor.py:840} INFO - DAG(s) 'example_short_circuit_decorator' retrieved from /home/airflow/.local/lib/python3.12/site-packages/airflow/example_dags/example_short_circuit_decorator.py
[2025-06-23T05:52:59.057+0000] {logging_mixin.py:188} INFO - [2025-06-23T05:52:59.057+0000] {dag.py:3089} INFO - Sync 1 DAGs
[2025-06-23T05:52:59.105+0000] {logging_mixin.py:188} INFO - [2025-06-23T05:52:59.105+0000] {dag.py:3947} INFO - Setting next_dagrun for example_short_circuit_decorator to 2025-06-22 00:00:00+00:00, run_after=2025-06-23 00:00:00+00:00
[2025-06-23T05:52:59.149+0000] {processor.py:183} INFO - Processing /home/airflow/.local/lib/python3.12/site-packages/airflow/example_dags/example_short_circuit_decorator.py took 0.195 seconds
[2025-06-23T05:53:29.458+0000] {processor.py:161} INFO - Started process (PID=332) to work on /home/airflow/.local/lib/python3.12/site-packages/airflow/example_dags/example_short_circuit_decorator.py
[2025-06-23T05:53:29.460+0000] {processor.py:830} INFO - Processing file /home/airflow/.local/lib/python3.12/site-packages/airflow/example_dags/example_short_circuit_decorator.py for tasks to queue
[2025-06-23T05:53:29.464+0000] {logging_mixin.py:188} INFO - [2025-06-23T05:53:29.463+0000] {dagbag.py:545} INFO - Filling up the DagBag from /home/airflow/.local/lib/python3.12/site-packages/airflow/example_dags/example_short_circuit_decorator.py
[2025-06-23T05:53:29.484+0000] {processor.py:840} INFO - DAG(s) 'example_short_circuit_decorator' retrieved from /home/airflow/.local/lib/python3.12/site-packages/airflow/example_dags/example_short_circuit_decorator.py
[2025-06-23T05:53:29.531+0000] {logging_mixin.py:188} INFO - [2025-06-23T05:53:29.531+0000] {dag.py:3089} INFO - Sync 1 DAGs
[2025-06-23T05:53:29.577+0000] {logging_mixin.py:188} INFO - [2025-06-23T05:53:29.577+0000] {dag.py:3947} INFO - Setting next_dagrun for example_short_circuit_decorator to 2025-06-22 00:00:00+00:00, run_after=2025-06-23 00:00:00+00:00
[2025-06-23T05:53:29.612+0000] {processor.py:183} INFO - Processing /home/airflow/.local/lib/python3.12/site-packages/airflow/example_dags/example_short_circuit_decorator.py took 0.169 seconds
[2025-06-23T05:54:01.410+0000] {processor.py:161} INFO - Started process (PID=394) to work on /home/airflow/.local/lib/python3.12/site-packages/airflow/example_dags/example_short_circuit_decorator.py
[2025-06-23T05:54:01.417+0000] {processor.py:830} INFO - Processing file /home/airflow/.local/lib/python3.12/site-packages/airflow/example_dags/example_short_circuit_decorator.py for tasks to queue
[2025-06-23T05:54:01.423+0000] {logging_mixin.py:188} INFO - [2025-06-23T05:54:01.422+0000] {dagbag.py:545} INFO - Filling up the DagBag from /home/airflow/.local/lib/python3.12/site-packages/airflow/example_dags/example_short_circuit_decorator.py
[2025-06-23T05:54:01.448+0000] {processor.py:840} INFO - DAG(s) 'example_short_circuit_decorator' retrieved from /home/airflow/.local/lib/python3.12/site-packages/airflow/example_dags/example_short_circuit_decorator.py
[2025-06-23T05:54:01.515+0000] {logging_mixin.py:188} INFO - [2025-06-23T05:54:01.514+0000] {dag.py:3089} INFO - Sync 1 DAGs
[2025-06-23T05:54:01.578+0000] {logging_mixin.py:188} INFO - [2025-06-23T05:54:01.578+0000] {dag.py:3947} INFO - Setting next_dagrun for example_short_circuit_decorator to 2025-06-22 00:00:00+00:00, run_after=2025-06-23 00:00:00+00:00
[2025-06-23T05:54:01.641+0000] {processor.py:183} INFO - Processing /home/airflow/.local/lib/python3.12/site-packages/airflow/example_dags/example_short_circuit_decorator.py took 0.243 seconds
[2025-06-23T05:54:33.477+0000] {processor.py:161} INFO - Started process (PID=454) to work on /home/airflow/.local/lib/python3.12/site-packages/airflow/example_dags/example_short_circuit_decorator.py
[2025-06-23T05:54:33.482+0000] {processor.py:830} INFO - Processing file /home/airflow/.local/lib/python3.12/site-packages/airflow/example_dags/example_short_circuit_decorator.py for tasks to queue
[2025-06-23T05:54:33.500+0000] {logging_mixin.py:188} INFO - [2025-06-23T05:54:33.498+0000] {dagbag.py:545} INFO - Filling up the DagBag from /home/airflow/.local/lib/python3.12/site-packages/airflow/example_dags/example_short_circuit_decorator.py
[2025-06-23T05:54:33.570+0000] {processor.py:840} INFO - DAG(s) 'example_short_circuit_decorator' retrieved from /home/airflow/.local/lib/python3.12/site-packages/airflow/example_dags/example_short_circuit_decorator.py
[2025-06-23T05:54:33.734+0000] {logging_mixin.py:188} INFO - [2025-06-23T05:54:33.733+0000] {dag.py:3089} INFO - Sync 1 DAGs
[2025-06-23T05:54:33.907+0000] {logging_mixin.py:188} INFO - [2025-06-23T05:54:33.906+0000] {dag.py:3947} INFO - Setting next_dagrun for example_short_circuit_decorator to 2025-06-22 00:00:00+00:00, run_after=2025-06-23 00:00:00+00:00
[2025-06-23T05:54:34.010+0000] {processor.py:183} INFO - Processing /home/airflow/.local/lib/python3.12/site-packages/airflow/example_dags/example_short_circuit_decorator.py took 0.569 seconds
[2025-06-23T05:55:11.005+0000] {processor.py:161} INFO - Started process (PID=508) to work on /home/airflow/.local/lib/python3.12/site-packages/airflow/example_dags/example_short_circuit_decorator.py
[2025-06-23T05:55:11.017+0000] {processor.py:830} INFO - Processing file /home/airflow/.local/lib/python3.12/site-packages/airflow/example_dags/example_short_circuit_decorator.py for tasks to queue
[2025-06-23T05:55:11.024+0000] {logging_mixin.py:188} INFO - [2025-06-23T05:55:11.023+0000] {dagbag.py:545} INFO - Filling up the DagBag from /home/airflow/.local/lib/python3.12/site-packages/airflow/example_dags/example_short_circuit_decorator.py
[2025-06-23T05:55:11.083+0000] {processor.py:840} INFO - DAG(s) 'example_short_circuit_decorator' retrieved from /home/airflow/.local/lib/python3.12/site-packages/airflow/example_dags/example_short_circuit_decorator.py
[2025-06-23T05:55:11.212+0000] {logging_mixin.py:188} INFO - [2025-06-23T05:55:11.211+0000] {dag.py:3089} INFO - Sync 1 DAGs
[2025-06-23T05:55:11.285+0000] {logging_mixin.py:188} INFO - [2025-06-23T05:55:11.285+0000] {dag.py:3947} INFO - Setting next_dagrun for example_short_circuit_decorator to 2025-06-22 00:00:00+00:00, run_after=2025-06-23 00:00:00+00:00
[2025-06-23T05:55:11.381+0000] {processor.py:183} INFO - Processing /home/airflow/.local/lib/python3.12/site-packages/airflow/example_dags/example_short_circuit_decorator.py took 0.420 seconds
[2025-06-23T05:55:41.966+0000] {processor.py:161} INFO - Started process (PID=569) to work on /home/airflow/.local/lib/python3.12/site-packages/airflow/example_dags/example_short_circuit_decorator.py
[2025-06-23T05:55:41.967+0000] {processor.py:830} INFO - Processing file /home/airflow/.local/lib/python3.12/site-packages/airflow/example_dags/example_short_circuit_decorator.py for tasks to queue
[2025-06-23T05:55:41.970+0000] {logging_mixin.py:188} INFO - [2025-06-23T05:55:41.970+0000] {dagbag.py:545} INFO - Filling up the DagBag from /home/airflow/.local/lib/python3.12/site-packages/airflow/example_dags/example_short_circuit_decorator.py
[2025-06-23T05:55:41.985+0000] {processor.py:840} INFO - DAG(s) 'example_short_circuit_decorator' retrieved from /home/airflow/.local/lib/python3.12/site-packages/airflow/example_dags/example_short_circuit_decorator.py
[2025-06-23T05:55:42.026+0000] {logging_mixin.py:188} INFO - [2025-06-23T05:55:42.026+0000] {dag.py:3089} INFO - Sync 1 DAGs
[2025-06-23T05:55:42.068+0000] {logging_mixin.py:188} INFO - [2025-06-23T05:55:42.068+0000] {dag.py:3947} INFO - Setting next_dagrun for example_short_circuit_decorator to 2025-06-22 00:00:00+00:00, run_after=2025-06-23 00:00:00+00:00
[2025-06-23T05:55:42.134+0000] {processor.py:183} INFO - Processing /home/airflow/.local/lib/python3.12/site-packages/airflow/example_dags/example_short_circuit_decorator.py took 0.178 seconds
[2025-06-23T05:56:12.852+0000] {processor.py:161} INFO - Started process (PID=627) to work on /home/airflow/.local/lib/python3.12/site-packages/airflow/example_dags/example_short_circuit_decorator.py
[2025-06-23T05:56:12.854+0000] {processor.py:830} INFO - Processing file /home/airflow/.local/lib/python3.12/site-packages/airflow/example_dags/example_short_circuit_decorator.py for tasks to queue
[2025-06-23T05:56:12.863+0000] {logging_mixin.py:188} INFO - [2025-06-23T05:56:12.862+0000] {dagbag.py:545} INFO - Filling up the DagBag from /home/airflow/.local/lib/python3.12/site-packages/airflow/example_dags/example_short_circuit_decorator.py
[2025-06-23T05:56:12.883+0000] {processor.py:840} INFO - DAG(s) 'example_short_circuit_decorator' retrieved from /home/airflow/.local/lib/python3.12/site-packages/airflow/example_dags/example_short_circuit_decorator.py
[2025-06-23T05:56:12.932+0000] {logging_mixin.py:188} INFO - [2025-06-23T05:56:12.931+0000] {dag.py:3089} INFO - Sync 1 DAGs
[2025-06-23T05:56:13.006+0000] {logging_mixin.py:188} INFO - [2025-06-23T05:56:13.005+0000] {dag.py:3947} INFO - Setting next_dagrun for example_short_circuit_decorator to 2025-06-22 00:00:00+00:00, run_after=2025-06-23 00:00:00+00:00
[2025-06-23T05:56:13.072+0000] {processor.py:183} INFO - Processing /home/airflow/.local/lib/python3.12/site-packages/airflow/example_dags/example_short_circuit_decorator.py took 0.231 seconds
[2025-06-23T05:56:43.425+0000] {processor.py:161} INFO - Started process (PID=687) to work on /home/airflow/.local/lib/python3.12/site-packages/airflow/example_dags/example_short_circuit_decorator.py
[2025-06-23T05:56:43.428+0000] {processor.py:830} INFO - Processing file /home/airflow/.local/lib/python3.12/site-packages/airflow/example_dags/example_short_circuit_decorator.py for tasks to queue
[2025-06-23T05:56:43.436+0000] {logging_mixin.py:188} INFO - [2025-06-23T05:56:43.435+0000] {dagbag.py:545} INFO - Filling up the DagBag from /home/airflow/.local/lib/python3.12/site-packages/airflow/example_dags/example_short_circuit_decorator.py
[2025-06-23T05:56:43.465+0000] {processor.py:840} INFO - DAG(s) 'example_short_circuit_decorator' retrieved from /home/airflow/.local/lib/python3.12/site-packages/airflow/example_dags/example_short_circuit_decorator.py
[2025-06-23T05:56:43.562+0000] {logging_mixin.py:188} INFO - [2025-06-23T05:56:43.560+0000] {dag.py:3089} INFO - Sync 1 DAGs
[2025-06-23T05:56:43.641+0000] {logging_mixin.py:188} INFO - [2025-06-23T05:56:43.640+0000] {dag.py:3947} INFO - Setting next_dagrun for example_short_circuit_decorator to 2025-06-22 00:00:00+00:00, run_after=2025-06-23 00:00:00+00:00
[2025-06-23T05:56:43.723+0000] {processor.py:183} INFO - Processing /home/airflow/.local/lib/python3.12/site-packages/airflow/example_dags/example_short_circuit_decorator.py took 0.313 seconds
[2025-06-23T05:57:14.121+0000] {processor.py:161} INFO - Started process (PID=747) to work on /home/airflow/.local/lib/python3.12/site-packages/airflow/example_dags/example_short_circuit_decorator.py
[2025-06-23T05:57:14.123+0000] {processor.py:830} INFO - Processing file /home/airflow/.local/lib/python3.12/site-packages/airflow/example_dags/example_short_circuit_decorator.py for tasks to queue
[2025-06-23T05:57:14.126+0000] {logging_mixin.py:188} INFO - [2025-06-23T05:57:14.125+0000] {dagbag.py:545} INFO - Filling up the DagBag from /home/airflow/.local/lib/python3.12/site-packages/airflow/example_dags/example_short_circuit_decorator.py
[2025-06-23T05:57:14.140+0000] {processor.py:840} INFO - DAG(s) 'example_short_circuit_decorator' retrieved from /home/airflow/.local/lib/python3.12/site-packages/airflow/example_dags/example_short_circuit_decorator.py
[2025-06-23T05:57:14.172+0000] {logging_mixin.py:188} INFO - [2025-06-23T05:57:14.172+0000] {dag.py:3089} INFO - Sync 1 DAGs
[2025-06-23T05:57:14.210+0000] {logging_mixin.py:188} INFO - [2025-06-23T05:57:14.209+0000] {dag.py:3947} INFO - Setting next_dagrun for example_short_circuit_decorator to 2025-06-22 00:00:00+00:00, run_after=2025-06-23 00:00:00+00:00
[2025-06-23T05:57:14.238+0000] {processor.py:183} INFO - Processing /home/airflow/.local/lib/python3.12/site-packages/airflow/example_dags/example_short_circuit_decorator.py took 0.126 seconds
[2025-06-23T05:57:44.521+0000] {processor.py:161} INFO - Started process (PID=807) to work on /home/airflow/.local/lib/python3.12/site-packages/airflow/example_dags/example_short_circuit_decorator.py
[2025-06-23T05:57:44.523+0000] {processor.py:830} INFO - Processing file /home/airflow/.local/lib/python3.12/site-packages/airflow/example_dags/example_short_circuit_decorator.py for tasks to queue
[2025-06-23T05:57:44.528+0000] {logging_mixin.py:188} INFO - [2025-06-23T05:57:44.527+0000] {dagbag.py:545} INFO - Filling up the DagBag from /home/airflow/.local/lib/python3.12/site-packages/airflow/example_dags/example_short_circuit_decorator.py
[2025-06-23T05:57:44.545+0000] {processor.py:840} INFO - DAG(s) 'example_short_circuit_decorator' retrieved from /home/airflow/.local/lib/python3.12/site-packages/airflow/example_dags/example_short_circuit_decorator.py
[2025-06-23T05:57:44.595+0000] {logging_mixin.py:188} INFO - [2025-06-23T05:57:44.594+0000] {dag.py:3089} INFO - Sync 1 DAGs
[2025-06-23T05:57:44.661+0000] {logging_mixin.py:188} INFO - [2025-06-23T05:57:44.660+0000] {dag.py:3947} INFO - Setting next_dagrun for example_short_circuit_decorator to 2025-06-22 00:00:00+00:00, run_after=2025-06-23 00:00:00+00:00
[2025-06-23T05:57:44.722+0000] {processor.py:183} INFO - Processing /home/airflow/.local/lib/python3.12/site-packages/airflow/example_dags/example_short_circuit_decorator.py took 0.210 seconds
[2025-06-23T05:58:15.654+0000] {processor.py:161} INFO - Started process (PID=875) to work on /home/airflow/.local/lib/python3.12/site-packages/airflow/example_dags/example_short_circuit_decorator.py
[2025-06-23T05:58:15.657+0000] {processor.py:830} INFO - Processing file /home/airflow/.local/lib/python3.12/site-packages/airflow/example_dags/example_short_circuit_decorator.py for tasks to queue
[2025-06-23T05:58:15.662+0000] {logging_mixin.py:188} INFO - [2025-06-23T05:58:15.661+0000] {dagbag.py:545} INFO - Filling up the DagBag from /home/airflow/.local/lib/python3.12/site-packages/airflow/example_dags/example_short_circuit_decorator.py
[2025-06-23T05:58:15.694+0000] {processor.py:840} INFO - DAG(s) 'example_short_circuit_decorator' retrieved from /home/airflow/.local/lib/python3.12/site-packages/airflow/example_dags/example_short_circuit_decorator.py
[2025-06-23T05:58:15.769+0000] {logging_mixin.py:188} INFO - [2025-06-23T05:58:15.768+0000] {dag.py:3089} INFO - Sync 1 DAGs
[2025-06-23T05:58:15.851+0000] {logging_mixin.py:188} INFO - [2025-06-23T05:58:15.850+0000] {dag.py:3947} INFO - Setting next_dagrun for example_short_circuit_decorator to 2025-06-22 00:00:00+00:00, run_after=2025-06-23 00:00:00+00:00
[2025-06-23T05:58:15.911+0000] {processor.py:183} INFO - Processing /home/airflow/.local/lib/python3.12/site-packages/airflow/example_dags/example_short_circuit_decorator.py took 0.270 seconds
[2025-06-23T05:58:50.787+0000] {processor.py:161} INFO - Started process (PID=935) to work on /home/airflow/.local/lib/python3.12/site-packages/airflow/example_dags/example_short_circuit_decorator.py
[2025-06-23T05:58:50.809+0000] {processor.py:830} INFO - Processing file /home/airflow/.local/lib/python3.12/site-packages/airflow/example_dags/example_short_circuit_decorator.py for tasks to queue
[2025-06-23T05:58:50.912+0000] {logging_mixin.py:188} INFO - [2025-06-23T05:58:50.906+0000] {dagbag.py:545} INFO - Filling up the DagBag from /home/airflow/.local/lib/python3.12/site-packages/airflow/example_dags/example_short_circuit_decorator.py
[2025-06-23T05:58:51.207+0000] {processor.py:840} INFO - DAG(s) 'example_short_circuit_decorator' retrieved from /home/airflow/.local/lib/python3.12/site-packages/airflow/example_dags/example_short_circuit_decorator.py
[2025-06-23T05:58:51.595+0000] {logging_mixin.py:188} INFO - [2025-06-23T05:58:51.593+0000] {dag.py:3089} INFO - Sync 1 DAGs
[2025-06-23T05:58:51.701+0000] {logging_mixin.py:188} INFO - [2025-06-23T05:58:51.700+0000] {dag.py:3947} INFO - Setting next_dagrun for example_short_circuit_decorator to 2025-06-22 00:00:00+00:00, run_after=2025-06-23 00:00:00+00:00
[2025-06-23T05:58:51.830+0000] {processor.py:183} INFO - Processing /home/airflow/.local/lib/python3.12/site-packages/airflow/example_dags/example_short_circuit_decorator.py took 1.190 seconds
[2025-06-23T05:59:22.218+0000] {processor.py:161} INFO - Started process (PID=995) to work on /home/airflow/.local/lib/python3.12/site-packages/airflow/example_dags/example_short_circuit_decorator.py
[2025-06-23T05:59:22.222+0000] {processor.py:830} INFO - Processing file /home/airflow/.local/lib/python3.12/site-packages/airflow/example_dags/example_short_circuit_decorator.py for tasks to queue
[2025-06-23T05:59:22.229+0000] {logging_mixin.py:188} INFO - [2025-06-23T05:59:22.226+0000] {dagbag.py:545} INFO - Filling up the DagBag from /home/airflow/.local/lib/python3.12/site-packages/airflow/example_dags/example_short_circuit_decorator.py
[2025-06-23T05:59:22.266+0000] {processor.py:840} INFO - DAG(s) 'example_short_circuit_decorator' retrieved from /home/airflow/.local/lib/python3.12/site-packages/airflow/example_dags/example_short_circuit_decorator.py
[2025-06-23T05:59:22.383+0000] {logging_mixin.py:188} INFO - [2025-06-23T05:59:22.373+0000] {dag.py:3089} INFO - Sync 1 DAGs
[2025-06-23T05:59:22.458+0000] {logging_mixin.py:188} INFO - [2025-06-23T05:59:22.457+0000] {dag.py:3947} INFO - Setting next_dagrun for example_short_circuit_decorator to 2025-06-22 00:00:00+00:00, run_after=2025-06-23 00:00:00+00:00
[2025-06-23T05:59:22.527+0000] {processor.py:183} INFO - Processing /home/airflow/.local/lib/python3.12/site-packages/airflow/example_dags/example_short_circuit_decorator.py took 0.330 seconds
[2025-06-23T05:59:52.789+0000] {processor.py:161} INFO - Started process (PID=1056) to work on /home/airflow/.local/lib/python3.12/site-packages/airflow/example_dags/example_short_circuit_decorator.py
[2025-06-23T05:59:52.791+0000] {processor.py:830} INFO - Processing file /home/airflow/.local/lib/python3.12/site-packages/airflow/example_dags/example_short_circuit_decorator.py for tasks to queue
[2025-06-23T05:59:52.797+0000] {logging_mixin.py:188} INFO - [2025-06-23T05:59:52.795+0000] {dagbag.py:545} INFO - Filling up the DagBag from /home/airflow/.local/lib/python3.12/site-packages/airflow/example_dags/example_short_circuit_decorator.py
[2025-06-23T05:59:52.817+0000] {processor.py:840} INFO - DAG(s) 'example_short_circuit_decorator' retrieved from /home/airflow/.local/lib/python3.12/site-packages/airflow/example_dags/example_short_circuit_decorator.py
[2025-06-23T05:59:52.860+0000] {logging_mixin.py:188} INFO - [2025-06-23T05:59:52.860+0000] {dag.py:3089} INFO - Sync 1 DAGs
[2025-06-23T05:59:52.899+0000] {logging_mixin.py:188} INFO - [2025-06-23T05:59:52.899+0000] {dag.py:3947} INFO - Setting next_dagrun for example_short_circuit_decorator to 2025-06-22 00:00:00+00:00, run_after=2025-06-23 00:00:00+00:00
[2025-06-23T05:59:52.939+0000] {processor.py:183} INFO - Processing /home/airflow/.local/lib/python3.12/site-packages/airflow/example_dags/example_short_circuit_decorator.py took 0.162 seconds
[2025-06-23T06:00:23.906+0000] {processor.py:161} INFO - Started process (PID=1116) to work on /home/airflow/.local/lib/python3.12/site-packages/airflow/example_dags/example_short_circuit_decorator.py
[2025-06-23T06:00:23.908+0000] {processor.py:830} INFO - Processing file /home/airflow/.local/lib/python3.12/site-packages/airflow/example_dags/example_short_circuit_decorator.py for tasks to queue
[2025-06-23T06:00:23.912+0000] {logging_mixin.py:188} INFO - [2025-06-23T06:00:23.912+0000] {dagbag.py:545} INFO - Filling up the DagBag from /home/airflow/.local/lib/python3.12/site-packages/airflow/example_dags/example_short_circuit_decorator.py
[2025-06-23T06:00:23.929+0000] {processor.py:840} INFO - DAG(s) 'example_short_circuit_decorator' retrieved from /home/airflow/.local/lib/python3.12/site-packages/airflow/example_dags/example_short_circuit_decorator.py
[2025-06-23T06:00:23.973+0000] {logging_mixin.py:188} INFO - [2025-06-23T06:00:23.972+0000] {dag.py:3089} INFO - Sync 1 DAGs
[2025-06-23T06:00:24.037+0000] {logging_mixin.py:188} INFO - [2025-06-23T06:00:24.037+0000] {dag.py:3947} INFO - Setting next_dagrun for example_short_circuit_decorator to 2025-06-22 00:00:00+00:00, run_after=2025-06-23 00:00:00+00:00
[2025-06-23T06:00:24.086+0000] {processor.py:183} INFO - Processing /home/airflow/.local/lib/python3.12/site-packages/airflow/example_dags/example_short_circuit_decorator.py took 0.189 seconds
[2025-06-23T06:00:54.725+0000] {processor.py:161} INFO - Started process (PID=1174) to work on /home/airflow/.local/lib/python3.12/site-packages/airflow/example_dags/example_short_circuit_decorator.py
[2025-06-23T06:00:54.727+0000] {processor.py:830} INFO - Processing file /home/airflow/.local/lib/python3.12/site-packages/airflow/example_dags/example_short_circuit_decorator.py for tasks to queue
[2025-06-23T06:00:54.731+0000] {logging_mixin.py:188} INFO - [2025-06-23T06:00:54.730+0000] {dagbag.py:545} INFO - Filling up the DagBag from /home/airflow/.local/lib/python3.12/site-packages/airflow/example_dags/example_short_circuit_decorator.py
[2025-06-23T06:00:54.748+0000] {processor.py:840} INFO - DAG(s) 'example_short_circuit_decorator' retrieved from /home/airflow/.local/lib/python3.12/site-packages/airflow/example_dags/example_short_circuit_decorator.py
[2025-06-23T06:00:54.789+0000] {logging_mixin.py:188} INFO - [2025-06-23T06:00:54.789+0000] {dag.py:3089} INFO - Sync 1 DAGs
[2025-06-23T06:00:54.825+0000] {logging_mixin.py:188} INFO - [2025-06-23T06:00:54.824+0000] {dag.py:3947} INFO - Setting next_dagrun for example_short_circuit_decorator to 2025-06-22 00:00:00+00:00, run_after=2025-06-23 00:00:00+00:00
[2025-06-23T06:00:54.856+0000] {processor.py:183} INFO - Processing /home/airflow/.local/lib/python3.12/site-packages/airflow/example_dags/example_short_circuit_decorator.py took 0.143 seconds
[2025-06-23T06:01:25.560+0000] {processor.py:161} INFO - Started process (PID=1234) to work on /home/airflow/.local/lib/python3.12/site-packages/airflow/example_dags/example_short_circuit_decorator.py
[2025-06-23T06:01:25.562+0000] {processor.py:830} INFO - Processing file /home/airflow/.local/lib/python3.12/site-packages/airflow/example_dags/example_short_circuit_decorator.py for tasks to queue
[2025-06-23T06:01:25.566+0000] {logging_mixin.py:188} INFO - [2025-06-23T06:01:25.565+0000] {dagbag.py:545} INFO - Filling up the DagBag from /home/airflow/.local/lib/python3.12/site-packages/airflow/example_dags/example_short_circuit_decorator.py
[2025-06-23T06:01:25.588+0000] {processor.py:840} INFO - DAG(s) 'example_short_circuit_decorator' retrieved from /home/airflow/.local/lib/python3.12/site-packages/airflow/example_dags/example_short_circuit_decorator.py
[2025-06-23T06:01:25.638+0000] {logging_mixin.py:188} INFO - [2025-06-23T06:01:25.638+0000] {dag.py:3089} INFO - Sync 1 DAGs
[2025-06-23T06:01:25.685+0000] {logging_mixin.py:188} INFO - [2025-06-23T06:01:25.685+0000] {dag.py:3947} INFO - Setting next_dagrun for example_short_circuit_decorator to 2025-06-22 00:00:00+00:00, run_after=2025-06-23 00:00:00+00:00
[2025-06-23T06:01:25.741+0000] {processor.py:183} INFO - Processing /home/airflow/.local/lib/python3.12/site-packages/airflow/example_dags/example_short_circuit_decorator.py took 0.193 seconds
[2025-06-23T06:01:56.121+0000] {processor.py:161} INFO - Started process (PID=1295) to work on /home/airflow/.local/lib/python3.12/site-packages/airflow/example_dags/example_short_circuit_decorator.py
[2025-06-23T06:01:56.125+0000] {processor.py:830} INFO - Processing file /home/airflow/.local/lib/python3.12/site-packages/airflow/example_dags/example_short_circuit_decorator.py for tasks to queue
[2025-06-23T06:01:56.128+0000] {logging_mixin.py:188} INFO - [2025-06-23T06:01:56.128+0000] {dagbag.py:545} INFO - Filling up the DagBag from /home/airflow/.local/lib/python3.12/site-packages/airflow/example_dags/example_short_circuit_decorator.py
[2025-06-23T06:01:56.147+0000] {processor.py:840} INFO - DAG(s) 'example_short_circuit_decorator' retrieved from /home/airflow/.local/lib/python3.12/site-packages/airflow/example_dags/example_short_circuit_decorator.py
[2025-06-23T06:01:56.194+0000] {logging_mixin.py:188} INFO - [2025-06-23T06:01:56.194+0000] {dag.py:3089} INFO - Sync 1 DAGs
[2025-06-23T06:01:56.231+0000] {logging_mixin.py:188} INFO - [2025-06-23T06:01:56.231+0000] {dag.py:3947} INFO - Setting next_dagrun for example_short_circuit_decorator to 2025-06-22 00:00:00+00:00, run_after=2025-06-23 00:00:00+00:00
[2025-06-23T06:01:56.263+0000] {processor.py:183} INFO - Processing /home/airflow/.local/lib/python3.12/site-packages/airflow/example_dags/example_short_circuit_decorator.py took 0.152 seconds
[2025-06-23T06:02:27.077+0000] {processor.py:161} INFO - Started process (PID=1355) to work on /home/airflow/.local/lib/python3.12/site-packages/airflow/example_dags/example_short_circuit_decorator.py
[2025-06-23T06:02:27.080+0000] {processor.py:830} INFO - Processing file /home/airflow/.local/lib/python3.12/site-packages/airflow/example_dags/example_short_circuit_decorator.py for tasks to queue
[2025-06-23T06:02:27.087+0000] {logging_mixin.py:188} INFO - [2025-06-23T06:02:27.085+0000] {dagbag.py:545} INFO - Filling up the DagBag from /home/airflow/.local/lib/python3.12/site-packages/airflow/example_dags/example_short_circuit_decorator.py
[2025-06-23T06:02:27.108+0000] {processor.py:840} INFO - DAG(s) 'example_short_circuit_decorator' retrieved from /home/airflow/.local/lib/python3.12/site-packages/airflow/example_dags/example_short_circuit_decorator.py
[2025-06-23T06:02:27.161+0000] {logging_mixin.py:188} INFO - [2025-06-23T06:02:27.160+0000] {dag.py:3089} INFO - Sync 1 DAGs
[2025-06-23T06:02:27.213+0000] {logging_mixin.py:188} INFO - [2025-06-23T06:02:27.212+0000] {dag.py:3947} INFO - Setting next_dagrun for example_short_circuit_decorator to 2025-06-22 00:00:00+00:00, run_after=2025-06-23 00:00:00+00:00
[2025-06-23T06:02:27.271+0000] {processor.py:183} INFO - Processing /home/airflow/.local/lib/python3.12/site-packages/airflow/example_dags/example_short_circuit_decorator.py took 0.207 seconds
[2025-06-23T06:02:58.903+0000] {processor.py:161} INFO - Started process (PID=1416) to work on /home/airflow/.local/lib/python3.12/site-packages/airflow/example_dags/example_short_circuit_decorator.py
[2025-06-23T06:02:58.907+0000] {processor.py:830} INFO - Processing file /home/airflow/.local/lib/python3.12/site-packages/airflow/example_dags/example_short_circuit_decorator.py for tasks to queue
[2025-06-23T06:02:58.912+0000] {logging_mixin.py:188} INFO - [2025-06-23T06:02:58.910+0000] {dagbag.py:545} INFO - Filling up the DagBag from /home/airflow/.local/lib/python3.12/site-packages/airflow/example_dags/example_short_circuit_decorator.py
[2025-06-23T06:02:58.944+0000] {processor.py:840} INFO - DAG(s) 'example_short_circuit_decorator' retrieved from /home/airflow/.local/lib/python3.12/site-packages/airflow/example_dags/example_short_circuit_decorator.py
[2025-06-23T06:02:59.070+0000] {logging_mixin.py:188} INFO - [2025-06-23T06:02:59.069+0000] {dag.py:3089} INFO - Sync 1 DAGs
[2025-06-23T06:02:59.177+0000] {logging_mixin.py:188} INFO - [2025-06-23T06:02:59.176+0000] {dag.py:3947} INFO - Setting next_dagrun for example_short_circuit_decorator to 2025-06-22 00:00:00+00:00, run_after=2025-06-23 00:00:00+00:00
[2025-06-23T06:02:59.289+0000] {processor.py:183} INFO - Processing /home/airflow/.local/lib/python3.12/site-packages/airflow/example_dags/example_short_circuit_decorator.py took 0.407 seconds
[2025-06-23T06:03:30.278+0000] {processor.py:161} INFO - Started process (PID=1475) to work on /home/airflow/.local/lib/python3.12/site-packages/airflow/example_dags/example_short_circuit_decorator.py
[2025-06-23T06:03:30.280+0000] {processor.py:830} INFO - Processing file /home/airflow/.local/lib/python3.12/site-packages/airflow/example_dags/example_short_circuit_decorator.py for tasks to queue
[2025-06-23T06:03:30.284+0000] {logging_mixin.py:188} INFO - [2025-06-23T06:03:30.283+0000] {dagbag.py:545} INFO - Filling up the DagBag from /home/airflow/.local/lib/python3.12/site-packages/airflow/example_dags/example_short_circuit_decorator.py
[2025-06-23T06:03:30.302+0000] {processor.py:840} INFO - DAG(s) 'example_short_circuit_decorator' retrieved from /home/airflow/.local/lib/python3.12/site-packages/airflow/example_dags/example_short_circuit_decorator.py
[2025-06-23T06:03:30.344+0000] {logging_mixin.py:188} INFO - [2025-06-23T06:03:30.344+0000] {dag.py:3089} INFO - Sync 1 DAGs
[2025-06-23T06:03:30.389+0000] {logging_mixin.py:188} INFO - [2025-06-23T06:03:30.387+0000] {dag.py:3947} INFO - Setting next_dagrun for example_short_circuit_decorator to 2025-06-22 00:00:00+00:00, run_after=2025-06-23 00:00:00+00:00
[2025-06-23T06:03:30.439+0000] {processor.py:183} INFO - Processing /home/airflow/.local/lib/python3.12/site-packages/airflow/example_dags/example_short_circuit_decorator.py took 0.173 seconds
[2025-06-23T06:04:03.308+0000] {processor.py:161} INFO - Started process (PID=1534) to work on /home/airflow/.local/lib/python3.12/site-packages/airflow/example_dags/example_short_circuit_decorator.py
[2025-06-23T06:04:03.321+0000] {processor.py:830} INFO - Processing file /home/airflow/.local/lib/python3.12/site-packages/airflow/example_dags/example_short_circuit_decorator.py for tasks to queue
[2025-06-23T06:04:03.328+0000] {logging_mixin.py:188} INFO - [2025-06-23T06:04:03.327+0000] {dagbag.py:545} INFO - Filling up the DagBag from /home/airflow/.local/lib/python3.12/site-packages/airflow/example_dags/example_short_circuit_decorator.py
[2025-06-23T06:04:03.371+0000] {processor.py:840} INFO - DAG(s) 'example_short_circuit_decorator' retrieved from /home/airflow/.local/lib/python3.12/site-packages/airflow/example_dags/example_short_circuit_decorator.py
[2025-06-23T06:04:03.482+0000] {logging_mixin.py:188} INFO - [2025-06-23T06:04:03.481+0000] {dag.py:3089} INFO - Sync 1 DAGs
[2025-06-23T06:04:03.731+0000] {logging_mixin.py:188} INFO - [2025-06-23T06:04:03.729+0000] {dag.py:3947} INFO - Setting next_dagrun for example_short_circuit_decorator to 2025-06-22 00:00:00+00:00, run_after=2025-06-23 00:00:00+00:00
[2025-06-23T06:04:04.041+0000] {processor.py:183} INFO - Processing /home/airflow/.local/lib/python3.12/site-packages/airflow/example_dags/example_short_circuit_decorator.py took 0.748 seconds
