[2025-06-23T05:51:43.313+0000] {processor.py:161} INFO - Started process (PID=123) to work on /home/airflow/.local/lib/python3.12/site-packages/airflow/example_dags/example_external_task_marker_dag.py
[2025-06-23T05:51:43.315+0000] {processor.py:830} INFO - Processing file /home/airflow/.local/lib/python3.12/site-packages/airflow/example_dags/example_external_task_marker_dag.py for tasks to queue
[2025-06-23T05:51:43.319+0000] {logging_mixin.py:188} INFO - [2025-06-23T05:51:43.319+0000] {dagbag.py:545} INFO - Filling up the DagBag from /home/airflow/.local/lib/python3.12/site-packages/airflow/example_dags/example_external_task_marker_dag.py
[2025-06-23T05:51:43.336+0000] {processor.py:840} INFO - DAG(s) 'example_external_task_marker_child', 'example_external_task_marker_parent' retrieved from /home/airflow/.local/lib/python3.12/site-packages/airflow/example_dags/example_external_task_marker_dag.py
[2025-06-23T05:51:43.656+0000] {logging_mixin.py:188} INFO - [2025-06-23T05:51:43.655+0000] {dag.py:3089} INFO - Sync 2 DAGs
[2025-06-23T05:51:43.698+0000] {logging_mixin.py:188} INFO - [2025-06-23T05:51:43.697+0000] {dag.py:3947} INFO - Setting next_dagrun for example_external_task_marker_child to None, run_after=None
[2025-06-23T05:51:43.713+0000] {logging_mixin.py:188} INFO - [2025-06-23T05:51:43.712+0000] {dag.py:3947} INFO - Setting next_dagrun for example_external_task_marker_parent to None, run_after=None
[2025-06-23T05:51:43.797+0000] {processor.py:183} INFO - Processing /home/airflow/.local/lib/python3.12/site-packages/airflow/example_dags/example_external_task_marker_dag.py took 0.497 seconds
[2025-06-23T05:52:15.050+0000] {processor.py:161} INFO - Started process (PID=189) to work on /home/airflow/.local/lib/python3.12/site-packages/airflow/example_dags/example_external_task_marker_dag.py
[2025-06-23T05:52:15.054+0000] {processor.py:830} INFO - Processing file /home/airflow/.local/lib/python3.12/site-packages/airflow/example_dags/example_external_task_marker_dag.py for tasks to queue
[2025-06-23T05:52:15.060+0000] {logging_mixin.py:188} INFO - [2025-06-23T05:52:15.059+0000] {dagbag.py:545} INFO - Filling up the DagBag from /home/airflow/.local/lib/python3.12/site-packages/airflow/example_dags/example_external_task_marker_dag.py
[2025-06-23T05:52:15.099+0000] {processor.py:840} INFO - DAG(s) 'example_external_task_marker_parent', 'example_external_task_marker_child' retrieved from /home/airflow/.local/lib/python3.12/site-packages/airflow/example_dags/example_external_task_marker_dag.py
[2025-06-23T05:52:15.316+0000] {logging_mixin.py:188} INFO - [2025-06-23T05:52:15.315+0000] {dag.py:3089} INFO - Sync 2 DAGs
[2025-06-23T05:52:15.584+0000] {logging_mixin.py:188} INFO - [2025-06-23T05:52:15.583+0000] {dag.py:3947} INFO - Setting next_dagrun for example_external_task_marker_child to None, run_after=None
[2025-06-23T05:52:15.628+0000] {logging_mixin.py:188} INFO - [2025-06-23T05:52:15.627+0000] {dag.py:3947} INFO - Setting next_dagrun for example_external_task_marker_parent to None, run_after=None
[2025-06-23T05:52:15.687+0000] {processor.py:183} INFO - Processing /home/airflow/.local/lib/python3.12/site-packages/airflow/example_dags/example_external_task_marker_dag.py took 0.650 seconds
[2025-06-23T05:52:46.734+0000] {processor.py:161} INFO - Started process (PID=248) to work on /home/airflow/.local/lib/python3.12/site-packages/airflow/example_dags/example_external_task_marker_dag.py
[2025-06-23T05:52:46.741+0000] {processor.py:830} INFO - Processing file /home/airflow/.local/lib/python3.12/site-packages/airflow/example_dags/example_external_task_marker_dag.py for tasks to queue
[2025-06-23T05:52:46.748+0000] {logging_mixin.py:188} INFO - [2025-06-23T05:52:46.747+0000] {dagbag.py:545} INFO - Filling up the DagBag from /home/airflow/.local/lib/python3.12/site-packages/airflow/example_dags/example_external_task_marker_dag.py
[2025-06-23T05:52:46.765+0000] {processor.py:840} INFO - DAG(s) 'example_external_task_marker_child', 'example_external_task_marker_parent' retrieved from /home/airflow/.local/lib/python3.12/site-packages/airflow/example_dags/example_external_task_marker_dag.py
[2025-06-23T05:52:46.832+0000] {logging_mixin.py:188} INFO - [2025-06-23T05:52:46.832+0000] {dag.py:3089} INFO - Sync 2 DAGs
[2025-06-23T05:52:46.867+0000] {logging_mixin.py:188} INFO - [2025-06-23T05:52:46.867+0000] {dag.py:3947} INFO - Setting next_dagrun for example_external_task_marker_child to None, run_after=None
[2025-06-23T05:52:46.882+0000] {logging_mixin.py:188} INFO - [2025-06-23T05:52:46.882+0000] {dag.py:3947} INFO - Setting next_dagrun for example_external_task_marker_parent to None, run_after=None
[2025-06-23T05:52:46.931+0000] {processor.py:183} INFO - Processing /home/airflow/.local/lib/python3.12/site-packages/airflow/example_dags/example_external_task_marker_dag.py took 0.221 seconds
[2025-06-23T05:53:17.157+0000] {processor.py:161} INFO - Started process (PID=308) to work on /home/airflow/.local/lib/python3.12/site-packages/airflow/example_dags/example_external_task_marker_dag.py
[2025-06-23T05:53:17.160+0000] {processor.py:830} INFO - Processing file /home/airflow/.local/lib/python3.12/site-packages/airflow/example_dags/example_external_task_marker_dag.py for tasks to queue
[2025-06-23T05:53:17.164+0000] {logging_mixin.py:188} INFO - [2025-06-23T05:53:17.164+0000] {dagbag.py:545} INFO - Filling up the DagBag from /home/airflow/.local/lib/python3.12/site-packages/airflow/example_dags/example_external_task_marker_dag.py
[2025-06-23T05:53:17.178+0000] {processor.py:840} INFO - DAG(s) 'example_external_task_marker_parent', 'example_external_task_marker_child' retrieved from /home/airflow/.local/lib/python3.12/site-packages/airflow/example_dags/example_external_task_marker_dag.py
[2025-06-23T05:53:17.218+0000] {logging_mixin.py:188} INFO - [2025-06-23T05:53:17.218+0000] {dag.py:3089} INFO - Sync 2 DAGs
[2025-06-23T05:53:17.240+0000] {logging_mixin.py:188} INFO - [2025-06-23T05:53:17.239+0000] {dag.py:3947} INFO - Setting next_dagrun for example_external_task_marker_child to None, run_after=None
[2025-06-23T05:53:17.246+0000] {logging_mixin.py:188} INFO - [2025-06-23T05:53:17.246+0000] {dag.py:3947} INFO - Setting next_dagrun for example_external_task_marker_parent to None, run_after=None
[2025-06-23T05:53:17.292+0000] {processor.py:183} INFO - Processing /home/airflow/.local/lib/python3.12/site-packages/airflow/example_dags/example_external_task_marker_dag.py took 0.145 seconds
[2025-06-23T05:53:58.108+0000] {processor.py:161} INFO - Started process (PID=374) to work on /home/airflow/.local/lib/python3.12/site-packages/airflow/example_dags/example_external_task_marker_dag.py
[2025-06-23T05:53:58.111+0000] {processor.py:830} INFO - Processing file /home/airflow/.local/lib/python3.12/site-packages/airflow/example_dags/example_external_task_marker_dag.py for tasks to queue
[2025-06-23T05:53:58.115+0000] {logging_mixin.py:188} INFO - [2025-06-23T05:53:58.115+0000] {dagbag.py:545} INFO - Filling up the DagBag from /home/airflow/.local/lib/python3.12/site-packages/airflow/example_dags/example_external_task_marker_dag.py
[2025-06-23T05:53:58.130+0000] {processor.py:840} INFO - DAG(s) 'example_external_task_marker_child', 'example_external_task_marker_parent' retrieved from /home/airflow/.local/lib/python3.12/site-packages/airflow/example_dags/example_external_task_marker_dag.py
[2025-06-23T05:53:58.181+0000] {logging_mixin.py:188} INFO - [2025-06-23T05:53:58.181+0000] {dag.py:3089} INFO - Sync 2 DAGs
[2025-06-23T05:53:58.206+0000] {logging_mixin.py:188} INFO - [2025-06-23T05:53:58.205+0000] {dag.py:3947} INFO - Setting next_dagrun for example_external_task_marker_child to None, run_after=None
[2025-06-23T05:53:58.214+0000] {logging_mixin.py:188} INFO - [2025-06-23T05:53:58.213+0000] {dag.py:3947} INFO - Setting next_dagrun for example_external_task_marker_parent to None, run_after=None
[2025-06-23T05:53:58.273+0000] {processor.py:183} INFO - Processing /home/airflow/.local/lib/python3.12/site-packages/airflow/example_dags/example_external_task_marker_dag.py took 0.179 seconds
[2025-06-23T05:54:29.873+0000] {processor.py:161} INFO - Started process (PID=443) to work on /home/airflow/.local/lib/python3.12/site-packages/airflow/example_dags/example_external_task_marker_dag.py
[2025-06-23T05:54:29.876+0000] {processor.py:830} INFO - Processing file /home/airflow/.local/lib/python3.12/site-packages/airflow/example_dags/example_external_task_marker_dag.py for tasks to queue
[2025-06-23T05:54:29.879+0000] {logging_mixin.py:188} INFO - [2025-06-23T05:54:29.879+0000] {dagbag.py:545} INFO - Filling up the DagBag from /home/airflow/.local/lib/python3.12/site-packages/airflow/example_dags/example_external_task_marker_dag.py
[2025-06-23T05:54:29.889+0000] {processor.py:840} INFO - DAG(s) 'example_external_task_marker_child', 'example_external_task_marker_parent' retrieved from /home/airflow/.local/lib/python3.12/site-packages/airflow/example_dags/example_external_task_marker_dag.py
[2025-06-23T05:54:29.936+0000] {logging_mixin.py:188} INFO - [2025-06-23T05:54:29.936+0000] {dag.py:3089} INFO - Sync 2 DAGs
[2025-06-23T05:54:29.965+0000] {logging_mixin.py:188} INFO - [2025-06-23T05:54:29.964+0000] {dag.py:3947} INFO - Setting next_dagrun for example_external_task_marker_child to None, run_after=None
[2025-06-23T05:54:29.987+0000] {logging_mixin.py:188} INFO - [2025-06-23T05:54:29.985+0000] {dag.py:3947} INFO - Setting next_dagrun for example_external_task_marker_parent to None, run_after=None
[2025-06-23T05:54:30.075+0000] {processor.py:183} INFO - Processing /home/airflow/.local/lib/python3.12/site-packages/airflow/example_dags/example_external_task_marker_dag.py took 0.211 seconds
[2025-06-23T05:55:12.133+0000] {processor.py:161} INFO - Started process (PID=513) to work on /home/airflow/.local/lib/python3.12/site-packages/airflow/example_dags/example_external_task_marker_dag.py
[2025-06-23T05:55:12.143+0000] {processor.py:830} INFO - Processing file /home/airflow/.local/lib/python3.12/site-packages/airflow/example_dags/example_external_task_marker_dag.py for tasks to queue
[2025-06-23T05:55:12.152+0000] {logging_mixin.py:188} INFO - [2025-06-23T05:55:12.151+0000] {dagbag.py:545} INFO - Filling up the DagBag from /home/airflow/.local/lib/python3.12/site-packages/airflow/example_dags/example_external_task_marker_dag.py
[2025-06-23T05:55:12.190+0000] {processor.py:840} INFO - DAG(s) 'example_external_task_marker_child', 'example_external_task_marker_parent' retrieved from /home/airflow/.local/lib/python3.12/site-packages/airflow/example_dags/example_external_task_marker_dag.py
[2025-06-23T05:55:12.330+0000] {logging_mixin.py:188} INFO - [2025-06-23T05:55:12.327+0000] {dag.py:3089} INFO - Sync 2 DAGs
[2025-06-23T05:55:12.411+0000] {logging_mixin.py:188} INFO - [2025-06-23T05:55:12.406+0000] {dag.py:3947} INFO - Setting next_dagrun for example_external_task_marker_child to None, run_after=None
[2025-06-23T05:55:12.439+0000] {logging_mixin.py:188} INFO - [2025-06-23T05:55:12.438+0000] {dag.py:3947} INFO - Setting next_dagrun for example_external_task_marker_parent to None, run_after=None
[2025-06-23T05:55:12.535+0000] {processor.py:183} INFO - Processing /home/airflow/.local/lib/python3.12/site-packages/airflow/example_dags/example_external_task_marker_dag.py took 0.434 seconds
[2025-06-23T05:55:43.240+0000] {processor.py:161} INFO - Started process (PID=574) to work on /home/airflow/.local/lib/python3.12/site-packages/airflow/example_dags/example_external_task_marker_dag.py
[2025-06-23T05:55:43.249+0000] {processor.py:830} INFO - Processing file /home/airflow/.local/lib/python3.12/site-packages/airflow/example_dags/example_external_task_marker_dag.py for tasks to queue
[2025-06-23T05:55:43.256+0000] {logging_mixin.py:188} INFO - [2025-06-23T05:55:43.254+0000] {dagbag.py:545} INFO - Filling up the DagBag from /home/airflow/.local/lib/python3.12/site-packages/airflow/example_dags/example_external_task_marker_dag.py
[2025-06-23T05:55:43.274+0000] {processor.py:840} INFO - DAG(s) 'example_external_task_marker_child', 'example_external_task_marker_parent' retrieved from /home/airflow/.local/lib/python3.12/site-packages/airflow/example_dags/example_external_task_marker_dag.py
[2025-06-23T05:55:43.377+0000] {logging_mixin.py:188} INFO - [2025-06-23T05:55:43.377+0000] {dag.py:3089} INFO - Sync 2 DAGs
[2025-06-23T05:55:43.426+0000] {logging_mixin.py:188} INFO - [2025-06-23T05:55:43.425+0000] {dag.py:3947} INFO - Setting next_dagrun for example_external_task_marker_child to None, run_after=None
[2025-06-23T05:55:43.457+0000] {logging_mixin.py:188} INFO - [2025-06-23T05:55:43.456+0000] {dag.py:3947} INFO - Setting next_dagrun for example_external_task_marker_parent to None, run_after=None
[2025-06-23T05:55:43.587+0000] {processor.py:183} INFO - Processing /home/airflow/.local/lib/python3.12/site-packages/airflow/example_dags/example_external_task_marker_dag.py took 0.371 seconds
[2025-06-23T05:56:13.750+0000] {processor.py:161} INFO - Started process (PID=632) to work on /home/airflow/.local/lib/python3.12/site-packages/airflow/example_dags/example_external_task_marker_dag.py
[2025-06-23T05:56:13.754+0000] {processor.py:830} INFO - Processing file /home/airflow/.local/lib/python3.12/site-packages/airflow/example_dags/example_external_task_marker_dag.py for tasks to queue
[2025-06-23T05:56:13.760+0000] {logging_mixin.py:188} INFO - [2025-06-23T05:56:13.759+0000] {dagbag.py:545} INFO - Filling up the DagBag from /home/airflow/.local/lib/python3.12/site-packages/airflow/example_dags/example_external_task_marker_dag.py
[2025-06-23T05:56:13.783+0000] {processor.py:840} INFO - DAG(s) 'example_external_task_marker_child', 'example_external_task_marker_parent' retrieved from /home/airflow/.local/lib/python3.12/site-packages/airflow/example_dags/example_external_task_marker_dag.py
[2025-06-23T05:56:13.851+0000] {logging_mixin.py:188} INFO - [2025-06-23T05:56:13.851+0000] {dag.py:3089} INFO - Sync 2 DAGs
[2025-06-23T05:56:13.877+0000] {logging_mixin.py:188} INFO - [2025-06-23T05:56:13.877+0000] {dag.py:3947} INFO - Setting next_dagrun for example_external_task_marker_child to None, run_after=None
[2025-06-23T05:56:13.887+0000] {logging_mixin.py:188} INFO - [2025-06-23T05:56:13.886+0000] {dag.py:3947} INFO - Setting next_dagrun for example_external_task_marker_parent to None, run_after=None
[2025-06-23T05:56:13.924+0000] {processor.py:183} INFO - Processing /home/airflow/.local/lib/python3.12/site-packages/airflow/example_dags/example_external_task_marker_dag.py took 0.192 seconds
[2025-06-23T05:56:44.393+0000] {processor.py:161} INFO - Started process (PID=692) to work on /home/airflow/.local/lib/python3.12/site-packages/airflow/example_dags/example_external_task_marker_dag.py
[2025-06-23T05:56:44.397+0000] {processor.py:830} INFO - Processing file /home/airflow/.local/lib/python3.12/site-packages/airflow/example_dags/example_external_task_marker_dag.py for tasks to queue
[2025-06-23T05:56:44.405+0000] {logging_mixin.py:188} INFO - [2025-06-23T05:56:44.404+0000] {dagbag.py:545} INFO - Filling up the DagBag from /home/airflow/.local/lib/python3.12/site-packages/airflow/example_dags/example_external_task_marker_dag.py
[2025-06-23T05:56:44.426+0000] {processor.py:840} INFO - DAG(s) 'example_external_task_marker_child', 'example_external_task_marker_parent' retrieved from /home/airflow/.local/lib/python3.12/site-packages/airflow/example_dags/example_external_task_marker_dag.py
[2025-06-23T05:56:44.500+0000] {logging_mixin.py:188} INFO - [2025-06-23T05:56:44.499+0000] {dag.py:3089} INFO - Sync 2 DAGs
[2025-06-23T05:56:44.536+0000] {logging_mixin.py:188} INFO - [2025-06-23T05:56:44.535+0000] {dag.py:3947} INFO - Setting next_dagrun for example_external_task_marker_child to None, run_after=None
[2025-06-23T05:56:44.552+0000] {logging_mixin.py:188} INFO - [2025-06-23T05:56:44.551+0000] {dag.py:3947} INFO - Setting next_dagrun for example_external_task_marker_parent to None, run_after=None
[2025-06-23T05:56:44.618+0000] {processor.py:183} INFO - Processing /home/airflow/.local/lib/python3.12/site-packages/airflow/example_dags/example_external_task_marker_dag.py took 0.245 seconds
[2025-06-23T05:57:14.932+0000] {processor.py:161} INFO - Started process (PID=754) to work on /home/airflow/.local/lib/python3.12/site-packages/airflow/example_dags/example_external_task_marker_dag.py
[2025-06-23T05:57:14.934+0000] {processor.py:830} INFO - Processing file /home/airflow/.local/lib/python3.12/site-packages/airflow/example_dags/example_external_task_marker_dag.py for tasks to queue
[2025-06-23T05:57:14.937+0000] {logging_mixin.py:188} INFO - [2025-06-23T05:57:14.936+0000] {dagbag.py:545} INFO - Filling up the DagBag from /home/airflow/.local/lib/python3.12/site-packages/airflow/example_dags/example_external_task_marker_dag.py
[2025-06-23T05:57:14.946+0000] {processor.py:840} INFO - DAG(s) 'example_external_task_marker_parent', 'example_external_task_marker_child' retrieved from /home/airflow/.local/lib/python3.12/site-packages/airflow/example_dags/example_external_task_marker_dag.py
[2025-06-23T05:57:14.985+0000] {logging_mixin.py:188} INFO - [2025-06-23T05:57:14.984+0000] {dag.py:3089} INFO - Sync 2 DAGs
[2025-06-23T05:57:15.006+0000] {logging_mixin.py:188} INFO - [2025-06-23T05:57:15.006+0000] {dag.py:3947} INFO - Setting next_dagrun for example_external_task_marker_child to None, run_after=None
[2025-06-23T05:57:15.013+0000] {logging_mixin.py:188} INFO - [2025-06-23T05:57:15.013+0000] {dag.py:3947} INFO - Setting next_dagrun for example_external_task_marker_parent to None, run_after=None
[2025-06-23T05:57:15.045+0000] {processor.py:183} INFO - Processing /home/airflow/.local/lib/python3.12/site-packages/airflow/example_dags/example_external_task_marker_dag.py took 0.122 seconds
[2025-06-23T05:57:45.345+0000] {processor.py:161} INFO - Started process (PID=814) to work on /home/airflow/.local/lib/python3.12/site-packages/airflow/example_dags/example_external_task_marker_dag.py
[2025-06-23T05:57:45.347+0000] {processor.py:830} INFO - Processing file /home/airflow/.local/lib/python3.12/site-packages/airflow/example_dags/example_external_task_marker_dag.py for tasks to queue
[2025-06-23T05:57:45.350+0000] {logging_mixin.py:188} INFO - [2025-06-23T05:57:45.350+0000] {dagbag.py:545} INFO - Filling up the DagBag from /home/airflow/.local/lib/python3.12/site-packages/airflow/example_dags/example_external_task_marker_dag.py
[2025-06-23T05:57:45.360+0000] {processor.py:840} INFO - DAG(s) 'example_external_task_marker_parent', 'example_external_task_marker_child' retrieved from /home/airflow/.local/lib/python3.12/site-packages/airflow/example_dags/example_external_task_marker_dag.py
[2025-06-23T05:57:45.398+0000] {logging_mixin.py:188} INFO - [2025-06-23T05:57:45.397+0000] {dag.py:3089} INFO - Sync 2 DAGs
[2025-06-23T05:57:45.419+0000] {logging_mixin.py:188} INFO - [2025-06-23T05:57:45.419+0000] {dag.py:3947} INFO - Setting next_dagrun for example_external_task_marker_child to None, run_after=None
[2025-06-23T05:57:45.426+0000] {logging_mixin.py:188} INFO - [2025-06-23T05:57:45.426+0000] {dag.py:3947} INFO - Setting next_dagrun for example_external_task_marker_parent to None, run_after=None
[2025-06-23T05:57:45.465+0000] {processor.py:183} INFO - Processing /home/airflow/.local/lib/python3.12/site-packages/airflow/example_dags/example_external_task_marker_dag.py took 0.129 seconds
[2025-06-23T05:58:17.561+0000] {processor.py:161} INFO - Started process (PID=882) to work on /home/airflow/.local/lib/python3.12/site-packages/airflow/example_dags/example_external_task_marker_dag.py
[2025-06-23T05:58:17.566+0000] {processor.py:830} INFO - Processing file /home/airflow/.local/lib/python3.12/site-packages/airflow/example_dags/example_external_task_marker_dag.py for tasks to queue
[2025-06-23T05:58:17.570+0000] {logging_mixin.py:188} INFO - [2025-06-23T05:58:17.570+0000] {dagbag.py:545} INFO - Filling up the DagBag from /home/airflow/.local/lib/python3.12/site-packages/airflow/example_dags/example_external_task_marker_dag.py
[2025-06-23T05:58:17.587+0000] {processor.py:840} INFO - DAG(s) 'example_external_task_marker_parent', 'example_external_task_marker_child' retrieved from /home/airflow/.local/lib/python3.12/site-packages/airflow/example_dags/example_external_task_marker_dag.py
[2025-06-23T05:58:17.659+0000] {logging_mixin.py:188} INFO - [2025-06-23T05:58:17.658+0000] {dag.py:3089} INFO - Sync 2 DAGs
[2025-06-23T05:58:17.693+0000] {logging_mixin.py:188} INFO - [2025-06-23T05:58:17.692+0000] {dag.py:3947} INFO - Setting next_dagrun for example_external_task_marker_child to None, run_after=None
[2025-06-23T05:58:17.705+0000] {logging_mixin.py:188} INFO - [2025-06-23T05:58:17.704+0000] {dag.py:3947} INFO - Setting next_dagrun for example_external_task_marker_parent to None, run_after=None
[2025-06-23T05:58:17.755+0000] {processor.py:183} INFO - Processing /home/airflow/.local/lib/python3.12/site-packages/airflow/example_dags/example_external_task_marker_dag.py took 0.209 seconds
[2025-06-23T05:58:59.036+0000] {processor.py:161} INFO - Started process (PID=946) to work on /home/airflow/.local/lib/python3.12/site-packages/airflow/example_dags/example_external_task_marker_dag.py
[2025-06-23T05:58:59.041+0000] {processor.py:830} INFO - Processing file /home/airflow/.local/lib/python3.12/site-packages/airflow/example_dags/example_external_task_marker_dag.py for tasks to queue
[2025-06-23T05:58:59.049+0000] {logging_mixin.py:188} INFO - [2025-06-23T05:58:59.046+0000] {dagbag.py:545} INFO - Filling up the DagBag from /home/airflow/.local/lib/python3.12/site-packages/airflow/example_dags/example_external_task_marker_dag.py
[2025-06-23T05:58:59.092+0000] {processor.py:840} INFO - DAG(s) 'example_external_task_marker_child', 'example_external_task_marker_parent' retrieved from /home/airflow/.local/lib/python3.12/site-packages/airflow/example_dags/example_external_task_marker_dag.py
[2025-06-23T05:58:59.200+0000] {logging_mixin.py:188} INFO - [2025-06-23T05:58:59.196+0000] {dag.py:3089} INFO - Sync 2 DAGs
[2025-06-23T05:58:59.420+0000] {logging_mixin.py:188} INFO - [2025-06-23T05:58:59.419+0000] {dag.py:3947} INFO - Setting next_dagrun for example_external_task_marker_child to None, run_after=None
[2025-06-23T05:58:59.456+0000] {logging_mixin.py:188} INFO - [2025-06-23T05:58:59.456+0000] {dag.py:3947} INFO - Setting next_dagrun for example_external_task_marker_parent to None, run_after=None
[2025-06-23T05:58:59.708+0000] {processor.py:183} INFO - Processing /home/airflow/.local/lib/python3.12/site-packages/airflow/example_dags/example_external_task_marker_dag.py took 0.694 seconds
[2025-06-23T05:59:30.004+0000] {processor.py:161} INFO - Started process (PID=1005) to work on /home/airflow/.local/lib/python3.12/site-packages/airflow/example_dags/example_external_task_marker_dag.py
[2025-06-23T05:59:30.009+0000] {processor.py:830} INFO - Processing file /home/airflow/.local/lib/python3.12/site-packages/airflow/example_dags/example_external_task_marker_dag.py for tasks to queue
[2025-06-23T05:59:30.017+0000] {logging_mixin.py:188} INFO - [2025-06-23T05:59:30.016+0000] {dagbag.py:545} INFO - Filling up the DagBag from /home/airflow/.local/lib/python3.12/site-packages/airflow/example_dags/example_external_task_marker_dag.py
[2025-06-23T05:59:30.043+0000] {processor.py:840} INFO - DAG(s) 'example_external_task_marker_child', 'example_external_task_marker_parent' retrieved from /home/airflow/.local/lib/python3.12/site-packages/airflow/example_dags/example_external_task_marker_dag.py
[2025-06-23T05:59:30.158+0000] {logging_mixin.py:188} INFO - [2025-06-23T05:59:30.158+0000] {dag.py:3089} INFO - Sync 2 DAGs
[2025-06-23T05:59:30.246+0000] {logging_mixin.py:188} INFO - [2025-06-23T05:59:30.245+0000] {dag.py:3947} INFO - Setting next_dagrun for example_external_task_marker_child to None, run_after=None
[2025-06-23T05:59:30.277+0000] {logging_mixin.py:188} INFO - [2025-06-23T05:59:30.276+0000] {dag.py:3947} INFO - Setting next_dagrun for example_external_task_marker_parent to None, run_after=None
[2025-06-23T05:59:30.378+0000] {processor.py:183} INFO - Processing /home/airflow/.local/lib/python3.12/site-packages/airflow/example_dags/example_external_task_marker_dag.py took 0.397 seconds
[2025-06-23T06:00:01.834+0000] {processor.py:161} INFO - Started process (PID=1066) to work on /home/airflow/.local/lib/python3.12/site-packages/airflow/example_dags/example_external_task_marker_dag.py
[2025-06-23T06:00:01.840+0000] {processor.py:830} INFO - Processing file /home/airflow/.local/lib/python3.12/site-packages/airflow/example_dags/example_external_task_marker_dag.py for tasks to queue
[2025-06-23T06:00:01.859+0000] {logging_mixin.py:188} INFO - [2025-06-23T06:00:01.846+0000] {dagbag.py:545} INFO - Filling up the DagBag from /home/airflow/.local/lib/python3.12/site-packages/airflow/example_dags/example_external_task_marker_dag.py
[2025-06-23T06:00:01.885+0000] {processor.py:840} INFO - DAG(s) 'example_external_task_marker_child', 'example_external_task_marker_parent' retrieved from /home/airflow/.local/lib/python3.12/site-packages/airflow/example_dags/example_external_task_marker_dag.py
[2025-06-23T06:00:01.964+0000] {logging_mixin.py:188} INFO - [2025-06-23T06:00:01.963+0000] {dag.py:3089} INFO - Sync 2 DAGs
[2025-06-23T06:00:02.030+0000] {logging_mixin.py:188} INFO - [2025-06-23T06:00:02.029+0000] {dag.py:3947} INFO - Setting next_dagrun for example_external_task_marker_child to None, run_after=None
[2025-06-23T06:00:02.047+0000] {logging_mixin.py:188} INFO - [2025-06-23T06:00:02.046+0000] {dag.py:3947} INFO - Setting next_dagrun for example_external_task_marker_parent to None, run_after=None
[2025-06-23T06:00:02.111+0000] {processor.py:183} INFO - Processing /home/airflow/.local/lib/python3.12/site-packages/airflow/example_dags/example_external_task_marker_dag.py took 0.311 seconds
[2025-06-23T06:00:32.805+0000] {processor.py:161} INFO - Started process (PID=1126) to work on /home/airflow/.local/lib/python3.12/site-packages/airflow/example_dags/example_external_task_marker_dag.py
[2025-06-23T06:00:32.807+0000] {processor.py:830} INFO - Processing file /home/airflow/.local/lib/python3.12/site-packages/airflow/example_dags/example_external_task_marker_dag.py for tasks to queue
[2025-06-23T06:00:32.811+0000] {logging_mixin.py:188} INFO - [2025-06-23T06:00:32.810+0000] {dagbag.py:545} INFO - Filling up the DagBag from /home/airflow/.local/lib/python3.12/site-packages/airflow/example_dags/example_external_task_marker_dag.py
[2025-06-23T06:00:32.824+0000] {processor.py:840} INFO - DAG(s) 'example_external_task_marker_parent', 'example_external_task_marker_child' retrieved from /home/airflow/.local/lib/python3.12/site-packages/airflow/example_dags/example_external_task_marker_dag.py
[2025-06-23T06:00:32.873+0000] {logging_mixin.py:188} INFO - [2025-06-23T06:00:32.872+0000] {dag.py:3089} INFO - Sync 2 DAGs
[2025-06-23T06:00:32.900+0000] {logging_mixin.py:188} INFO - [2025-06-23T06:00:32.900+0000] {dag.py:3947} INFO - Setting next_dagrun for example_external_task_marker_child to None, run_after=None
[2025-06-23T06:00:32.907+0000] {logging_mixin.py:188} INFO - [2025-06-23T06:00:32.907+0000] {dag.py:3947} INFO - Setting next_dagrun for example_external_task_marker_parent to None, run_after=None
[2025-06-23T06:00:32.948+0000] {processor.py:183} INFO - Processing /home/airflow/.local/lib/python3.12/site-packages/airflow/example_dags/example_external_task_marker_dag.py took 0.153 seconds
[2025-06-23T06:01:03.138+0000] {processor.py:161} INFO - Started process (PID=1186) to work on /home/airflow/.local/lib/python3.12/site-packages/airflow/example_dags/example_external_task_marker_dag.py
[2025-06-23T06:01:03.141+0000] {processor.py:830} INFO - Processing file /home/airflow/.local/lib/python3.12/site-packages/airflow/example_dags/example_external_task_marker_dag.py for tasks to queue
[2025-06-23T06:01:03.146+0000] {logging_mixin.py:188} INFO - [2025-06-23T06:01:03.145+0000] {dagbag.py:545} INFO - Filling up the DagBag from /home/airflow/.local/lib/python3.12/site-packages/airflow/example_dags/example_external_task_marker_dag.py
[2025-06-23T06:01:03.160+0000] {processor.py:840} INFO - DAG(s) 'example_external_task_marker_parent', 'example_external_task_marker_child' retrieved from /home/airflow/.local/lib/python3.12/site-packages/airflow/example_dags/example_external_task_marker_dag.py
[2025-06-23T06:01:03.208+0000] {logging_mixin.py:188} INFO - [2025-06-23T06:01:03.207+0000] {dag.py:3089} INFO - Sync 2 DAGs
[2025-06-23T06:01:03.236+0000] {logging_mixin.py:188} INFO - [2025-06-23T06:01:03.236+0000] {dag.py:3947} INFO - Setting next_dagrun for example_external_task_marker_child to None, run_after=None
[2025-06-23T06:01:03.248+0000] {logging_mixin.py:188} INFO - [2025-06-23T06:01:03.248+0000] {dag.py:3947} INFO - Setting next_dagrun for example_external_task_marker_parent to None, run_after=None
[2025-06-23T06:01:03.307+0000] {processor.py:183} INFO - Processing /home/airflow/.local/lib/python3.12/site-packages/airflow/example_dags/example_external_task_marker_dag.py took 0.186 seconds
[2025-06-23T06:01:33.680+0000] {processor.py:161} INFO - Started process (PID=1246) to work on /home/airflow/.local/lib/python3.12/site-packages/airflow/example_dags/example_external_task_marker_dag.py
[2025-06-23T06:01:33.682+0000] {processor.py:830} INFO - Processing file /home/airflow/.local/lib/python3.12/site-packages/airflow/example_dags/example_external_task_marker_dag.py for tasks to queue
[2025-06-23T06:01:33.687+0000] {logging_mixin.py:188} INFO - [2025-06-23T06:01:33.686+0000] {dagbag.py:545} INFO - Filling up the DagBag from /home/airflow/.local/lib/python3.12/site-packages/airflow/example_dags/example_external_task_marker_dag.py
[2025-06-23T06:01:33.700+0000] {processor.py:840} INFO - DAG(s) 'example_external_task_marker_parent', 'example_external_task_marker_child' retrieved from /home/airflow/.local/lib/python3.12/site-packages/airflow/example_dags/example_external_task_marker_dag.py
[2025-06-23T06:01:33.755+0000] {logging_mixin.py:188} INFO - [2025-06-23T06:01:33.754+0000] {dag.py:3089} INFO - Sync 2 DAGs
[2025-06-23T06:01:33.790+0000] {logging_mixin.py:188} INFO - [2025-06-23T06:01:33.789+0000] {dag.py:3947} INFO - Setting next_dagrun for example_external_task_marker_child to None, run_after=None
[2025-06-23T06:01:33.797+0000] {logging_mixin.py:188} INFO - [2025-06-23T06:01:33.797+0000] {dag.py:3947} INFO - Setting next_dagrun for example_external_task_marker_parent to None, run_after=None
[2025-06-23T06:01:33.839+0000] {processor.py:183} INFO - Processing /home/airflow/.local/lib/python3.12/site-packages/airflow/example_dags/example_external_task_marker_dag.py took 0.170 seconds
[2025-06-23T06:02:04.425+0000] {processor.py:161} INFO - Started process (PID=1307) to work on /home/airflow/.local/lib/python3.12/site-packages/airflow/example_dags/example_external_task_marker_dag.py
[2025-06-23T06:02:04.430+0000] {processor.py:830} INFO - Processing file /home/airflow/.local/lib/python3.12/site-packages/airflow/example_dags/example_external_task_marker_dag.py for tasks to queue
[2025-06-23T06:02:04.437+0000] {logging_mixin.py:188} INFO - [2025-06-23T06:02:04.435+0000] {dagbag.py:545} INFO - Filling up the DagBag from /home/airflow/.local/lib/python3.12/site-packages/airflow/example_dags/example_external_task_marker_dag.py
[2025-06-23T06:02:04.456+0000] {processor.py:840} INFO - DAG(s) 'example_external_task_marker_child', 'example_external_task_marker_parent' retrieved from /home/airflow/.local/lib/python3.12/site-packages/airflow/example_dags/example_external_task_marker_dag.py
[2025-06-23T06:02:04.515+0000] {logging_mixin.py:188} INFO - [2025-06-23T06:02:04.515+0000] {dag.py:3089} INFO - Sync 2 DAGs
[2025-06-23T06:02:04.549+0000] {logging_mixin.py:188} INFO - [2025-06-23T06:02:04.548+0000] {dag.py:3947} INFO - Setting next_dagrun for example_external_task_marker_child to None, run_after=None
[2025-06-23T06:02:04.557+0000] {logging_mixin.py:188} INFO - [2025-06-23T06:02:04.557+0000] {dag.py:3947} INFO - Setting next_dagrun for example_external_task_marker_parent to None, run_after=None
[2025-06-23T06:02:04.592+0000] {processor.py:183} INFO - Processing /home/airflow/.local/lib/python3.12/site-packages/airflow/example_dags/example_external_task_marker_dag.py took 0.184 seconds
[2025-06-23T06:02:35.330+0000] {processor.py:161} INFO - Started process (PID=1367) to work on /home/airflow/.local/lib/python3.12/site-packages/airflow/example_dags/example_external_task_marker_dag.py
[2025-06-23T06:02:35.333+0000] {processor.py:830} INFO - Processing file /home/airflow/.local/lib/python3.12/site-packages/airflow/example_dags/example_external_task_marker_dag.py for tasks to queue
[2025-06-23T06:02:35.347+0000] {logging_mixin.py:188} INFO - [2025-06-23T06:02:35.344+0000] {dagbag.py:545} INFO - Filling up the DagBag from /home/airflow/.local/lib/python3.12/site-packages/airflow/example_dags/example_external_task_marker_dag.py
[2025-06-23T06:02:35.366+0000] {processor.py:840} INFO - DAG(s) 'example_external_task_marker_child', 'example_external_task_marker_parent' retrieved from /home/airflow/.local/lib/python3.12/site-packages/airflow/example_dags/example_external_task_marker_dag.py
[2025-06-23T06:02:35.434+0000] {logging_mixin.py:188} INFO - [2025-06-23T06:02:35.434+0000] {dag.py:3089} INFO - Sync 2 DAGs
[2025-06-23T06:02:35.490+0000] {logging_mixin.py:188} INFO - [2025-06-23T06:02:35.489+0000] {dag.py:3947} INFO - Setting next_dagrun for example_external_task_marker_child to None, run_after=None
[2025-06-23T06:02:35.501+0000] {logging_mixin.py:188} INFO - [2025-06-23T06:02:35.501+0000] {dag.py:3947} INFO - Setting next_dagrun for example_external_task_marker_parent to None, run_after=None
[2025-06-23T06:02:35.576+0000] {processor.py:183} INFO - Processing /home/airflow/.local/lib/python3.12/site-packages/airflow/example_dags/example_external_task_marker_dag.py took 0.264 seconds
[2025-06-23T06:03:06.844+0000] {processor.py:161} INFO - Started process (PID=1428) to work on /home/airflow/.local/lib/python3.12/site-packages/airflow/example_dags/example_external_task_marker_dag.py
[2025-06-23T06:03:06.847+0000] {processor.py:830} INFO - Processing file /home/airflow/.local/lib/python3.12/site-packages/airflow/example_dags/example_external_task_marker_dag.py for tasks to queue
[2025-06-23T06:03:06.852+0000] {logging_mixin.py:188} INFO - [2025-06-23T06:03:06.851+0000] {dagbag.py:545} INFO - Filling up the DagBag from /home/airflow/.local/lib/python3.12/site-packages/airflow/example_dags/example_external_task_marker_dag.py
[2025-06-23T06:03:06.869+0000] {processor.py:840} INFO - DAG(s) 'example_external_task_marker_parent', 'example_external_task_marker_child' retrieved from /home/airflow/.local/lib/python3.12/site-packages/airflow/example_dags/example_external_task_marker_dag.py
[2025-06-23T06:03:06.931+0000] {logging_mixin.py:188} INFO - [2025-06-23T06:03:06.930+0000] {dag.py:3089} INFO - Sync 2 DAGs
[2025-06-23T06:03:06.986+0000] {logging_mixin.py:188} INFO - [2025-06-23T06:03:06.986+0000] {dag.py:3947} INFO - Setting next_dagrun for example_external_task_marker_child to None, run_after=None
[2025-06-23T06:03:06.999+0000] {logging_mixin.py:188} INFO - [2025-06-23T06:03:06.998+0000] {dag.py:3947} INFO - Setting next_dagrun for example_external_task_marker_parent to None, run_after=None
[2025-06-23T06:03:07.064+0000] {processor.py:183} INFO - Processing /home/airflow/.local/lib/python3.12/site-packages/airflow/example_dags/example_external_task_marker_dag.py took 0.238 seconds
[2025-06-23T06:03:37.397+0000] {processor.py:161} INFO - Started process (PID=1488) to work on /home/airflow/.local/lib/python3.12/site-packages/airflow/example_dags/example_external_task_marker_dag.py
[2025-06-23T06:03:37.403+0000] {processor.py:830} INFO - Processing file /home/airflow/.local/lib/python3.12/site-packages/airflow/example_dags/example_external_task_marker_dag.py for tasks to queue
[2025-06-23T06:03:37.412+0000] {logging_mixin.py:188} INFO - [2025-06-23T06:03:37.411+0000] {dagbag.py:545} INFO - Filling up the DagBag from /home/airflow/.local/lib/python3.12/site-packages/airflow/example_dags/example_external_task_marker_dag.py
[2025-06-23T06:03:37.451+0000] {processor.py:840} INFO - DAG(s) 'example_external_task_marker_parent', 'example_external_task_marker_child' retrieved from /home/airflow/.local/lib/python3.12/site-packages/airflow/example_dags/example_external_task_marker_dag.py
[2025-06-23T06:03:37.524+0000] {logging_mixin.py:188} INFO - [2025-06-23T06:03:37.523+0000] {dag.py:3089} INFO - Sync 2 DAGs
[2025-06-23T06:03:37.574+0000] {logging_mixin.py:188} INFO - [2025-06-23T06:03:37.573+0000] {dag.py:3947} INFO - Setting next_dagrun for example_external_task_marker_child to None, run_after=None
[2025-06-23T06:03:37.590+0000] {logging_mixin.py:188} INFO - [2025-06-23T06:03:37.590+0000] {dag.py:3947} INFO - Setting next_dagrun for example_external_task_marker_parent to None, run_after=None
[2025-06-23T06:03:37.701+0000] {processor.py:183} INFO - Processing /home/airflow/.local/lib/python3.12/site-packages/airflow/example_dags/example_external_task_marker_dag.py took 0.317 seconds
[2025-06-23T06:04:08.996+0000] {processor.py:161} INFO - Started process (PID=1548) to work on /home/airflow/.local/lib/python3.12/site-packages/airflow/example_dags/example_external_task_marker_dag.py
[2025-06-23T06:04:08.999+0000] {processor.py:830} INFO - Processing file /home/airflow/.local/lib/python3.12/site-packages/airflow/example_dags/example_external_task_marker_dag.py for tasks to queue
[2025-06-23T06:04:09.003+0000] {logging_mixin.py:188} INFO - [2025-06-23T06:04:09.002+0000] {dagbag.py:545} INFO - Filling up the DagBag from /home/airflow/.local/lib/python3.12/site-packages/airflow/example_dags/example_external_task_marker_dag.py
[2025-06-23T06:04:09.017+0000] {processor.py:840} INFO - DAG(s) 'example_external_task_marker_parent', 'example_external_task_marker_child' retrieved from /home/airflow/.local/lib/python3.12/site-packages/airflow/example_dags/example_external_task_marker_dag.py
[2025-06-23T06:04:09.071+0000] {logging_mixin.py:188} INFO - [2025-06-23T06:04:09.070+0000] {dag.py:3089} INFO - Sync 2 DAGs
[2025-06-23T06:04:09.114+0000] {logging_mixin.py:188} INFO - [2025-06-23T06:04:09.113+0000] {dag.py:3947} INFO - Setting next_dagrun for example_external_task_marker_child to None, run_after=None
[2025-06-23T06:04:09.125+0000] {logging_mixin.py:188} INFO - [2025-06-23T06:04:09.124+0000] {dag.py:3947} INFO - Setting next_dagrun for example_external_task_marker_parent to None, run_after=None
[2025-06-23T06:04:09.170+0000] {processor.py:183} INFO - Processing /home/airflow/.local/lib/python3.12/site-packages/airflow/example_dags/example_external_task_marker_dag.py took 0.183 seconds
