[2025-06-23T05:51:31.176+0000] {processor.py:161} INFO - Started process (PID=111) to work on /home/airflow/.local/lib/python3.12/site-packages/airflow/example_dags/example_sla_dag.py
[2025-06-23T05:51:31.179+0000] {processor.py:830} INFO - Processing file /home/airflow/.local/lib/python3.12/site-packages/airflow/example_dags/example_sla_dag.py for tasks to queue
[2025-06-23T05:51:31.191+0000] {logging_mixin.py:188} INFO - [2025-06-23T05:51:31.185+0000] {dagbag.py:545} INFO - Filling up the DagBag from /home/airflow/.local/lib/python3.12/site-packages/airflow/example_dags/example_sla_dag.py
[2025-06-23T05:51:31.346+0000] {processor.py:840} INFO - DAG(s) 'example_sla_dag' retrieved from /home/airflow/.local/lib/python3.12/site-packages/airflow/example_dags/example_sla_dag.py
[2025-06-23T05:51:33.623+0000] {logging_mixin.py:188} INFO - [2025-06-23T05:51:33.604+0000] {dag.py:3089} INFO - Sync 1 DAGs
[2025-06-23T05:51:34.281+0000] {logging_mixin.py:188} INFO - [2025-06-23T05:51:34.266+0000] {dag.py:3947} INFO - Setting next_dagrun for example_sla_dag to 2025-06-23 05:48:00+00:00, run_after=2025-06-23 05:50:00+00:00
[2025-06-23T05:51:34.519+0000] {processor.py:183} INFO - Processing /home/airflow/.local/lib/python3.12/site-packages/airflow/example_dags/example_sla_dag.py took 3.368 seconds
[2025-06-23T05:52:05.851+0000] {processor.py:161} INFO - Started process (PID=171) to work on /home/airflow/.local/lib/python3.12/site-packages/airflow/example_dags/example_sla_dag.py
[2025-06-23T05:52:05.862+0000] {processor.py:830} INFO - Processing file /home/airflow/.local/lib/python3.12/site-packages/airflow/example_dags/example_sla_dag.py for tasks to queue
[2025-06-23T05:52:05.883+0000] {logging_mixin.py:188} INFO - [2025-06-23T05:52:05.881+0000] {dagbag.py:545} INFO - Filling up the DagBag from /home/airflow/.local/lib/python3.12/site-packages/airflow/example_dags/example_sla_dag.py
[2025-06-23T05:52:05.951+0000] {processor.py:840} INFO - DAG(s) 'example_sla_dag' retrieved from /home/airflow/.local/lib/python3.12/site-packages/airflow/example_dags/example_sla_dag.py
[2025-06-23T05:52:06.085+0000] {logging_mixin.py:188} INFO - [2025-06-23T05:52:06.084+0000] {dag.py:3089} INFO - Sync 1 DAGs
[2025-06-23T05:52:06.279+0000] {logging_mixin.py:188} INFO - [2025-06-23T05:52:06.279+0000] {dag.py:3947} INFO - Setting next_dagrun for example_sla_dag to 2025-06-23 05:50:00+00:00, run_after=2025-06-23 05:52:00+00:00
[2025-06-23T05:52:06.411+0000] {processor.py:183} INFO - Processing /home/airflow/.local/lib/python3.12/site-packages/airflow/example_dags/example_sla_dag.py took 0.622 seconds
[2025-06-23T05:52:36.873+0000] {processor.py:161} INFO - Started process (PID=232) to work on /home/airflow/.local/lib/python3.12/site-packages/airflow/example_dags/example_sla_dag.py
[2025-06-23T05:52:36.876+0000] {processor.py:830} INFO - Processing file /home/airflow/.local/lib/python3.12/site-packages/airflow/example_dags/example_sla_dag.py for tasks to queue
[2025-06-23T05:52:36.879+0000] {logging_mixin.py:188} INFO - [2025-06-23T05:52:36.879+0000] {dagbag.py:545} INFO - Filling up the DagBag from /home/airflow/.local/lib/python3.12/site-packages/airflow/example_dags/example_sla_dag.py
[2025-06-23T05:52:36.911+0000] {processor.py:840} INFO - DAG(s) 'example_sla_dag' retrieved from /home/airflow/.local/lib/python3.12/site-packages/airflow/example_dags/example_sla_dag.py
[2025-06-23T05:52:36.976+0000] {logging_mixin.py:188} INFO - [2025-06-23T05:52:36.975+0000] {dag.py:3089} INFO - Sync 1 DAGs
[2025-06-23T05:52:37.030+0000] {logging_mixin.py:188} INFO - [2025-06-23T05:52:37.028+0000] {dag.py:3947} INFO - Setting next_dagrun for example_sla_dag to 2025-06-23 05:50:00+00:00, run_after=2025-06-23 05:52:00+00:00
[2025-06-23T05:52:37.086+0000] {processor.py:183} INFO - Processing /home/airflow/.local/lib/python3.12/site-packages/airflow/example_dags/example_sla_dag.py took 0.229 seconds
[2025-06-23T05:53:07.379+0000] {processor.py:161} INFO - Started process (PID=290) to work on /home/airflow/.local/lib/python3.12/site-packages/airflow/example_dags/example_sla_dag.py
[2025-06-23T05:53:07.383+0000] {processor.py:830} INFO - Processing file /home/airflow/.local/lib/python3.12/site-packages/airflow/example_dags/example_sla_dag.py for tasks to queue
[2025-06-23T05:53:07.394+0000] {logging_mixin.py:188} INFO - [2025-06-23T05:53:07.390+0000] {dagbag.py:545} INFO - Filling up the DagBag from /home/airflow/.local/lib/python3.12/site-packages/airflow/example_dags/example_sla_dag.py
[2025-06-23T05:53:07.420+0000] {processor.py:840} INFO - DAG(s) 'example_sla_dag' retrieved from /home/airflow/.local/lib/python3.12/site-packages/airflow/example_dags/example_sla_dag.py
[2025-06-23T05:53:07.452+0000] {logging_mixin.py:188} INFO - [2025-06-23T05:53:07.452+0000] {dag.py:3089} INFO - Sync 1 DAGs
[2025-06-23T05:53:07.490+0000] {logging_mixin.py:188} INFO - [2025-06-23T05:53:07.490+0000] {dag.py:3947} INFO - Setting next_dagrun for example_sla_dag to 2025-06-23 05:50:00+00:00, run_after=2025-06-23 05:52:00+00:00
[2025-06-23T05:53:07.522+0000] {processor.py:183} INFO - Processing /home/airflow/.local/lib/python3.12/site-packages/airflow/example_dags/example_sla_dag.py took 0.170 seconds
[2025-06-23T05:53:37.684+0000] {processor.py:161} INFO - Started process (PID=350) to work on /home/airflow/.local/lib/python3.12/site-packages/airflow/example_dags/example_sla_dag.py
[2025-06-23T05:53:37.688+0000] {processor.py:830} INFO - Processing file /home/airflow/.local/lib/python3.12/site-packages/airflow/example_dags/example_sla_dag.py for tasks to queue
[2025-06-23T05:53:37.697+0000] {logging_mixin.py:188} INFO - [2025-06-23T05:53:37.695+0000] {dagbag.py:545} INFO - Filling up the DagBag from /home/airflow/.local/lib/python3.12/site-packages/airflow/example_dags/example_sla_dag.py
[2025-06-23T05:53:37.726+0000] {processor.py:840} INFO - DAG(s) 'example_sla_dag' retrieved from /home/airflow/.local/lib/python3.12/site-packages/airflow/example_dags/example_sla_dag.py
[2025-06-23T05:53:37.765+0000] {logging_mixin.py:188} INFO - [2025-06-23T05:53:37.764+0000] {dag.py:3089} INFO - Sync 1 DAGs
[2025-06-23T05:53:37.809+0000] {logging_mixin.py:188} INFO - [2025-06-23T05:53:37.809+0000] {dag.py:3947} INFO - Setting next_dagrun for example_sla_dag to 2025-06-23 05:50:00+00:00, run_after=2025-06-23 05:52:00+00:00
[2025-06-23T05:53:37.847+0000] {processor.py:183} INFO - Processing /home/airflow/.local/lib/python3.12/site-packages/airflow/example_dags/example_sla_dag.py took 0.175 seconds
[2025-06-23T05:54:12.221+0000] {processor.py:161} INFO - Started process (PID=413) to work on /home/airflow/.local/lib/python3.12/site-packages/airflow/example_dags/example_sla_dag.py
[2025-06-23T05:54:12.225+0000] {processor.py:830} INFO - Processing file /home/airflow/.local/lib/python3.12/site-packages/airflow/example_dags/example_sla_dag.py for tasks to queue
[2025-06-23T05:54:12.233+0000] {logging_mixin.py:188} INFO - [2025-06-23T05:54:12.231+0000] {dagbag.py:545} INFO - Filling up the DagBag from /home/airflow/.local/lib/python3.12/site-packages/airflow/example_dags/example_sla_dag.py
[2025-06-23T05:54:12.267+0000] {processor.py:840} INFO - DAG(s) 'example_sla_dag' retrieved from /home/airflow/.local/lib/python3.12/site-packages/airflow/example_dags/example_sla_dag.py
[2025-06-23T05:54:12.356+0000] {logging_mixin.py:188} INFO - [2025-06-23T05:54:12.355+0000] {dag.py:3089} INFO - Sync 1 DAGs
[2025-06-23T05:54:12.520+0000] {logging_mixin.py:188} INFO - [2025-06-23T05:54:12.519+0000] {dag.py:3947} INFO - Setting next_dagrun for example_sla_dag to 2025-06-23 05:52:00+00:00, run_after=2025-06-23 05:54:00+00:00
[2025-06-23T05:54:12.635+0000] {processor.py:183} INFO - Processing /home/airflow/.local/lib/python3.12/site-packages/airflow/example_dags/example_sla_dag.py took 0.433 seconds
[2025-06-23T05:54:44.678+0000] {processor.py:161} INFO - Started process (PID=473) to work on /home/airflow/.local/lib/python3.12/site-packages/airflow/example_dags/example_sla_dag.py
[2025-06-23T05:54:44.687+0000] {processor.py:830} INFO - Processing file /home/airflow/.local/lib/python3.12/site-packages/airflow/example_dags/example_sla_dag.py for tasks to queue
[2025-06-23T05:54:44.716+0000] {logging_mixin.py:188} INFO - [2025-06-23T05:54:44.714+0000] {dagbag.py:545} INFO - Filling up the DagBag from /home/airflow/.local/lib/python3.12/site-packages/airflow/example_dags/example_sla_dag.py
[2025-06-23T05:54:44.808+0000] {processor.py:840} INFO - DAG(s) 'example_sla_dag' retrieved from /home/airflow/.local/lib/python3.12/site-packages/airflow/example_dags/example_sla_dag.py
[2025-06-23T05:54:44.977+0000] {logging_mixin.py:188} INFO - [2025-06-23T05:54:44.976+0000] {dag.py:3089} INFO - Sync 1 DAGs
[2025-06-23T05:54:45.193+0000] {logging_mixin.py:188} INFO - [2025-06-23T05:54:45.192+0000] {dag.py:3947} INFO - Setting next_dagrun for example_sla_dag to 2025-06-23 05:52:00+00:00, run_after=2025-06-23 05:54:00+00:00
[2025-06-23T05:54:45.308+0000] {processor.py:183} INFO - Processing /home/airflow/.local/lib/python3.12/site-packages/airflow/example_dags/example_sla_dag.py took 0.677 seconds
[2025-06-23T05:55:16.475+0000] {processor.py:161} INFO - Started process (PID=533) to work on /home/airflow/.local/lib/python3.12/site-packages/airflow/example_dags/example_sla_dag.py
[2025-06-23T05:55:16.479+0000] {processor.py:830} INFO - Processing file /home/airflow/.local/lib/python3.12/site-packages/airflow/example_dags/example_sla_dag.py for tasks to queue
[2025-06-23T05:55:16.485+0000] {logging_mixin.py:188} INFO - [2025-06-23T05:55:16.484+0000] {dagbag.py:545} INFO - Filling up the DagBag from /home/airflow/.local/lib/python3.12/site-packages/airflow/example_dags/example_sla_dag.py
[2025-06-23T05:55:16.510+0000] {processor.py:840} INFO - DAG(s) 'example_sla_dag' retrieved from /home/airflow/.local/lib/python3.12/site-packages/airflow/example_dags/example_sla_dag.py
[2025-06-23T05:55:16.569+0000] {logging_mixin.py:188} INFO - [2025-06-23T05:55:16.569+0000] {dag.py:3089} INFO - Sync 1 DAGs
[2025-06-23T05:55:16.647+0000] {logging_mixin.py:188} INFO - [2025-06-23T05:55:16.646+0000] {dag.py:3947} INFO - Setting next_dagrun for example_sla_dag to 2025-06-23 05:52:00+00:00, run_after=2025-06-23 05:54:00+00:00
[2025-06-23T05:55:16.714+0000] {processor.py:183} INFO - Processing /home/airflow/.local/lib/python3.12/site-packages/airflow/example_dags/example_sla_dag.py took 0.256 seconds
[2025-06-23T05:55:47.126+0000] {processor.py:161} INFO - Started process (PID=594) to work on /home/airflow/.local/lib/python3.12/site-packages/airflow/example_dags/example_sla_dag.py
[2025-06-23T05:55:47.130+0000] {processor.py:830} INFO - Processing file /home/airflow/.local/lib/python3.12/site-packages/airflow/example_dags/example_sla_dag.py for tasks to queue
[2025-06-23T05:55:47.136+0000] {logging_mixin.py:188} INFO - [2025-06-23T05:55:47.135+0000] {dagbag.py:545} INFO - Filling up the DagBag from /home/airflow/.local/lib/python3.12/site-packages/airflow/example_dags/example_sla_dag.py
[2025-06-23T05:55:47.166+0000] {processor.py:840} INFO - DAG(s) 'example_sla_dag' retrieved from /home/airflow/.local/lib/python3.12/site-packages/airflow/example_dags/example_sla_dag.py
[2025-06-23T05:55:47.265+0000] {logging_mixin.py:188} INFO - [2025-06-23T05:55:47.263+0000] {dag.py:3089} INFO - Sync 1 DAGs
[2025-06-23T05:55:47.401+0000] {logging_mixin.py:188} INFO - [2025-06-23T05:55:47.399+0000] {dag.py:3947} INFO - Setting next_dagrun for example_sla_dag to 2025-06-23 05:52:00+00:00, run_after=2025-06-23 05:54:00+00:00
[2025-06-23T05:55:47.510+0000] {processor.py:183} INFO - Processing /home/airflow/.local/lib/python3.12/site-packages/airflow/example_dags/example_sla_dag.py took 0.407 seconds
[2025-06-23T05:56:21.859+0000] {processor.py:161} INFO - Started process (PID=654) to work on /home/airflow/.local/lib/python3.12/site-packages/airflow/example_dags/example_sla_dag.py
[2025-06-23T05:56:21.861+0000] {processor.py:830} INFO - Processing file /home/airflow/.local/lib/python3.12/site-packages/airflow/example_dags/example_sla_dag.py for tasks to queue
[2025-06-23T05:56:21.864+0000] {logging_mixin.py:188} INFO - [2025-06-23T05:56:21.864+0000] {dagbag.py:545} INFO - Filling up the DagBag from /home/airflow/.local/lib/python3.12/site-packages/airflow/example_dags/example_sla_dag.py
[2025-06-23T05:56:21.880+0000] {processor.py:840} INFO - DAG(s) 'example_sla_dag' retrieved from /home/airflow/.local/lib/python3.12/site-packages/airflow/example_dags/example_sla_dag.py
[2025-06-23T05:56:21.921+0000] {logging_mixin.py:188} INFO - [2025-06-23T05:56:21.921+0000] {dag.py:3089} INFO - Sync 1 DAGs
[2025-06-23T05:56:21.970+0000] {logging_mixin.py:188} INFO - [2025-06-23T05:56:21.970+0000] {dag.py:3947} INFO - Setting next_dagrun for example_sla_dag to 2025-06-23 05:54:00+00:00, run_after=2025-06-23 05:56:00+00:00
[2025-06-23T05:56:22.025+0000] {processor.py:183} INFO - Processing /home/airflow/.local/lib/python3.12/site-packages/airflow/example_dags/example_sla_dag.py took 0.175 seconds
[2025-06-23T05:56:52.894+0000] {processor.py:161} INFO - Started process (PID=714) to work on /home/airflow/.local/lib/python3.12/site-packages/airflow/example_dags/example_sla_dag.py
[2025-06-23T05:56:52.896+0000] {processor.py:830} INFO - Processing file /home/airflow/.local/lib/python3.12/site-packages/airflow/example_dags/example_sla_dag.py for tasks to queue
[2025-06-23T05:56:52.899+0000] {logging_mixin.py:188} INFO - [2025-06-23T05:56:52.899+0000] {dagbag.py:545} INFO - Filling up the DagBag from /home/airflow/.local/lib/python3.12/site-packages/airflow/example_dags/example_sla_dag.py
[2025-06-23T05:56:52.922+0000] {processor.py:840} INFO - DAG(s) 'example_sla_dag' retrieved from /home/airflow/.local/lib/python3.12/site-packages/airflow/example_dags/example_sla_dag.py
[2025-06-23T05:56:52.972+0000] {logging_mixin.py:188} INFO - [2025-06-23T05:56:52.972+0000] {dag.py:3089} INFO - Sync 1 DAGs
[2025-06-23T05:56:53.046+0000] {logging_mixin.py:188} INFO - [2025-06-23T05:56:53.045+0000] {dag.py:3947} INFO - Setting next_dagrun for example_sla_dag to 2025-06-23 05:54:00+00:00, run_after=2025-06-23 05:56:00+00:00
[2025-06-23T05:56:53.085+0000] {processor.py:183} INFO - Processing /home/airflow/.local/lib/python3.12/site-packages/airflow/example_dags/example_sla_dag.py took 0.200 seconds
[2025-06-23T05:57:25.216+0000] {processor.py:161} INFO - Started process (PID=774) to work on /home/airflow/.local/lib/python3.12/site-packages/airflow/example_dags/example_sla_dag.py
[2025-06-23T05:57:25.219+0000] {processor.py:830} INFO - Processing file /home/airflow/.local/lib/python3.12/site-packages/airflow/example_dags/example_sla_dag.py for tasks to queue
[2025-06-23T05:57:25.224+0000] {logging_mixin.py:188} INFO - [2025-06-23T05:57:25.223+0000] {dagbag.py:545} INFO - Filling up the DagBag from /home/airflow/.local/lib/python3.12/site-packages/airflow/example_dags/example_sla_dag.py
[2025-06-23T05:57:25.249+0000] {processor.py:840} INFO - DAG(s) 'example_sla_dag' retrieved from /home/airflow/.local/lib/python3.12/site-packages/airflow/example_dags/example_sla_dag.py
[2025-06-23T05:57:25.297+0000] {logging_mixin.py:188} INFO - [2025-06-23T05:57:25.296+0000] {dag.py:3089} INFO - Sync 1 DAGs
[2025-06-23T05:57:25.367+0000] {logging_mixin.py:188} INFO - [2025-06-23T05:57:25.367+0000] {dag.py:3947} INFO - Setting next_dagrun for example_sla_dag to 2025-06-23 05:54:00+00:00, run_after=2025-06-23 05:56:00+00:00
[2025-06-23T05:57:25.420+0000] {processor.py:183} INFO - Processing /home/airflow/.local/lib/python3.12/site-packages/airflow/example_dags/example_sla_dag.py took 0.218 seconds
[2025-06-23T05:57:56.158+0000] {processor.py:161} INFO - Started process (PID=832) to work on /home/airflow/.local/lib/python3.12/site-packages/airflow/example_dags/example_sla_dag.py
[2025-06-23T05:57:56.161+0000] {processor.py:830} INFO - Processing file /home/airflow/.local/lib/python3.12/site-packages/airflow/example_dags/example_sla_dag.py for tasks to queue
[2025-06-23T05:57:56.165+0000] {logging_mixin.py:188} INFO - [2025-06-23T05:57:56.164+0000] {dagbag.py:545} INFO - Filling up the DagBag from /home/airflow/.local/lib/python3.12/site-packages/airflow/example_dags/example_sla_dag.py
[2025-06-23T05:57:56.188+0000] {processor.py:840} INFO - DAG(s) 'example_sla_dag' retrieved from /home/airflow/.local/lib/python3.12/site-packages/airflow/example_dags/example_sla_dag.py
[2025-06-23T05:57:56.222+0000] {logging_mixin.py:188} INFO - [2025-06-23T05:57:56.222+0000] {dag.py:3089} INFO - Sync 1 DAGs
[2025-06-23T05:57:56.265+0000] {logging_mixin.py:188} INFO - [2025-06-23T05:57:56.265+0000] {dag.py:3947} INFO - Setting next_dagrun for example_sla_dag to 2025-06-23 05:54:00+00:00, run_after=2025-06-23 05:56:00+00:00
[2025-06-23T05:57:56.304+0000] {processor.py:183} INFO - Processing /home/airflow/.local/lib/python3.12/site-packages/airflow/example_dags/example_sla_dag.py took 0.160 seconds
[2025-06-23T05:58:26.655+0000] {processor.py:161} INFO - Started process (PID=900) to work on /home/airflow/.local/lib/python3.12/site-packages/airflow/example_dags/example_sla_dag.py
[2025-06-23T05:58:26.657+0000] {processor.py:830} INFO - Processing file /home/airflow/.local/lib/python3.12/site-packages/airflow/example_dags/example_sla_dag.py for tasks to queue
[2025-06-23T05:58:26.665+0000] {logging_mixin.py:188} INFO - [2025-06-23T05:58:26.664+0000] {dagbag.py:545} INFO - Filling up the DagBag from /home/airflow/.local/lib/python3.12/site-packages/airflow/example_dags/example_sla_dag.py
[2025-06-23T05:58:26.686+0000] {processor.py:840} INFO - DAG(s) 'example_sla_dag' retrieved from /home/airflow/.local/lib/python3.12/site-packages/airflow/example_dags/example_sla_dag.py
[2025-06-23T05:58:26.738+0000] {logging_mixin.py:188} INFO - [2025-06-23T05:58:26.737+0000] {dag.py:3089} INFO - Sync 1 DAGs
[2025-06-23T05:58:26.795+0000] {logging_mixin.py:188} INFO - [2025-06-23T05:58:26.795+0000] {dag.py:3947} INFO - Setting next_dagrun for example_sla_dag to 2025-06-23 05:56:00+00:00, run_after=2025-06-23 05:58:00+00:00
[2025-06-23T05:58:26.854+0000] {processor.py:183} INFO - Processing /home/airflow/.local/lib/python3.12/site-packages/airflow/example_dags/example_sla_dag.py took 0.216 seconds
[2025-06-23T05:59:05.215+0000] {processor.py:161} INFO - Started process (PID=960) to work on /home/airflow/.local/lib/python3.12/site-packages/airflow/example_dags/example_sla_dag.py
[2025-06-23T05:59:05.219+0000] {processor.py:830} INFO - Processing file /home/airflow/.local/lib/python3.12/site-packages/airflow/example_dags/example_sla_dag.py for tasks to queue
[2025-06-23T05:59:05.223+0000] {logging_mixin.py:188} INFO - [2025-06-23T05:59:05.223+0000] {dagbag.py:545} INFO - Filling up the DagBag from /home/airflow/.local/lib/python3.12/site-packages/airflow/example_dags/example_sla_dag.py
[2025-06-23T05:59:05.278+0000] {processor.py:840} INFO - DAG(s) 'example_sla_dag' retrieved from /home/airflow/.local/lib/python3.12/site-packages/airflow/example_dags/example_sla_dag.py
[2025-06-23T05:59:05.421+0000] {logging_mixin.py:188} INFO - [2025-06-23T05:59:05.418+0000] {dag.py:3089} INFO - Sync 1 DAGs
[2025-06-23T05:59:05.537+0000] {logging_mixin.py:188} INFO - [2025-06-23T05:59:05.537+0000] {dag.py:3947} INFO - Setting next_dagrun for example_sla_dag to 2025-06-23 05:56:00+00:00, run_after=2025-06-23 05:58:00+00:00
[2025-06-23T05:59:05.661+0000] {processor.py:183} INFO - Processing /home/airflow/.local/lib/python3.12/site-packages/airflow/example_dags/example_sla_dag.py took 0.460 seconds
[2025-06-23T05:59:39.088+0000] {processor.py:161} INFO - Started process (PID=1027) to work on /home/airflow/.local/lib/python3.12/site-packages/airflow/example_dags/example_sla_dag.py
[2025-06-23T05:59:39.099+0000] {processor.py:830} INFO - Processing file /home/airflow/.local/lib/python3.12/site-packages/airflow/example_dags/example_sla_dag.py for tasks to queue
[2025-06-23T05:59:39.105+0000] {logging_mixin.py:188} INFO - [2025-06-23T05:59:39.104+0000] {dagbag.py:545} INFO - Filling up the DagBag from /home/airflow/.local/lib/python3.12/site-packages/airflow/example_dags/example_sla_dag.py
[2025-06-23T05:59:39.142+0000] {processor.py:840} INFO - DAG(s) 'example_sla_dag' retrieved from /home/airflow/.local/lib/python3.12/site-packages/airflow/example_dags/example_sla_dag.py
[2025-06-23T05:59:39.252+0000] {logging_mixin.py:188} INFO - [2025-06-23T05:59:39.251+0000] {dag.py:3089} INFO - Sync 1 DAGs
[2025-06-23T05:59:39.365+0000] {logging_mixin.py:188} INFO - [2025-06-23T05:59:39.364+0000] {dag.py:3947} INFO - Setting next_dagrun for example_sla_dag to 2025-06-23 05:56:00+00:00, run_after=2025-06-23 05:58:00+00:00
[2025-06-23T05:59:39.442+0000] {processor.py:183} INFO - Processing /home/airflow/.local/lib/python3.12/site-packages/airflow/example_dags/example_sla_dag.py took 0.379 seconds
[2025-06-23T06:00:13.360+0000] {processor.py:161} INFO - Started process (PID=1088) to work on /home/airflow/.local/lib/python3.12/site-packages/airflow/example_dags/example_sla_dag.py
[2025-06-23T06:00:13.375+0000] {processor.py:830} INFO - Processing file /home/airflow/.local/lib/python3.12/site-packages/airflow/example_dags/example_sla_dag.py for tasks to queue
[2025-06-23T06:00:13.401+0000] {logging_mixin.py:188} INFO - [2025-06-23T06:00:13.400+0000] {dagbag.py:545} INFO - Filling up the DagBag from /home/airflow/.local/lib/python3.12/site-packages/airflow/example_dags/example_sla_dag.py
[2025-06-23T06:00:13.439+0000] {processor.py:840} INFO - DAG(s) 'example_sla_dag' retrieved from /home/airflow/.local/lib/python3.12/site-packages/airflow/example_dags/example_sla_dag.py
[2025-06-23T06:00:13.800+0000] {logging_mixin.py:188} INFO - [2025-06-23T06:00:13.799+0000] {dag.py:3089} INFO - Sync 1 DAGs
[2025-06-23T06:00:14.228+0000] {logging_mixin.py:188} INFO - [2025-06-23T06:00:14.226+0000] {dag.py:3947} INFO - Setting next_dagrun for example_sla_dag to 2025-06-23 05:58:00+00:00, run_after=2025-06-23 06:00:00+00:00
[2025-06-23T06:00:14.530+0000] {processor.py:183} INFO - Processing /home/airflow/.local/lib/python3.12/site-packages/airflow/example_dags/example_sla_dag.py took 1.215 seconds
[2025-06-23T06:00:44.955+0000] {processor.py:161} INFO - Started process (PID=1148) to work on /home/airflow/.local/lib/python3.12/site-packages/airflow/example_dags/example_sla_dag.py
[2025-06-23T06:00:44.957+0000] {processor.py:830} INFO - Processing file /home/airflow/.local/lib/python3.12/site-packages/airflow/example_dags/example_sla_dag.py for tasks to queue
[2025-06-23T06:00:44.963+0000] {logging_mixin.py:188} INFO - [2025-06-23T06:00:44.963+0000] {dagbag.py:545} INFO - Filling up the DagBag from /home/airflow/.local/lib/python3.12/site-packages/airflow/example_dags/example_sla_dag.py
[2025-06-23T06:00:44.977+0000] {processor.py:840} INFO - DAG(s) 'example_sla_dag' retrieved from /home/airflow/.local/lib/python3.12/site-packages/airflow/example_dags/example_sla_dag.py
[2025-06-23T06:00:45.008+0000] {logging_mixin.py:188} INFO - [2025-06-23T06:00:45.008+0000] {dag.py:3089} INFO - Sync 1 DAGs
[2025-06-23T06:00:45.066+0000] {logging_mixin.py:188} INFO - [2025-06-23T06:00:45.066+0000] {dag.py:3947} INFO - Setting next_dagrun for example_sla_dag to 2025-06-23 05:58:00+00:00, run_after=2025-06-23 06:00:00+00:00
[2025-06-23T06:00:45.118+0000] {processor.py:183} INFO - Processing /home/airflow/.local/lib/python3.12/site-packages/airflow/example_dags/example_sla_dag.py took 0.178 seconds
[2025-06-23T06:01:15.243+0000] {processor.py:161} INFO - Started process (PID=1207) to work on /home/airflow/.local/lib/python3.12/site-packages/airflow/example_dags/example_sla_dag.py
[2025-06-23T06:01:15.246+0000] {processor.py:830} INFO - Processing file /home/airflow/.local/lib/python3.12/site-packages/airflow/example_dags/example_sla_dag.py for tasks to queue
[2025-06-23T06:01:15.250+0000] {logging_mixin.py:188} INFO - [2025-06-23T06:01:15.249+0000] {dagbag.py:545} INFO - Filling up the DagBag from /home/airflow/.local/lib/python3.12/site-packages/airflow/example_dags/example_sla_dag.py
[2025-06-23T06:01:15.266+0000] {processor.py:840} INFO - DAG(s) 'example_sla_dag' retrieved from /home/airflow/.local/lib/python3.12/site-packages/airflow/example_dags/example_sla_dag.py
[2025-06-23T06:01:15.302+0000] {logging_mixin.py:188} INFO - [2025-06-23T06:01:15.302+0000] {dag.py:3089} INFO - Sync 1 DAGs
[2025-06-23T06:01:15.352+0000] {logging_mixin.py:188} INFO - [2025-06-23T06:01:15.352+0000] {dag.py:3947} INFO - Setting next_dagrun for example_sla_dag to 2025-06-23 05:58:00+00:00, run_after=2025-06-23 06:00:00+00:00
[2025-06-23T06:01:15.391+0000] {processor.py:183} INFO - Processing /home/airflow/.local/lib/python3.12/site-packages/airflow/example_dags/example_sla_dag.py took 0.158 seconds
[2025-06-23T06:01:45.455+0000] {processor.py:161} INFO - Started process (PID=1268) to work on /home/airflow/.local/lib/python3.12/site-packages/airflow/example_dags/example_sla_dag.py
[2025-06-23T06:01:45.457+0000] {processor.py:830} INFO - Processing file /home/airflow/.local/lib/python3.12/site-packages/airflow/example_dags/example_sla_dag.py for tasks to queue
[2025-06-23T06:01:45.462+0000] {logging_mixin.py:188} INFO - [2025-06-23T06:01:45.461+0000] {dagbag.py:545} INFO - Filling up the DagBag from /home/airflow/.local/lib/python3.12/site-packages/airflow/example_dags/example_sla_dag.py
[2025-06-23T06:01:45.478+0000] {processor.py:840} INFO - DAG(s) 'example_sla_dag' retrieved from /home/airflow/.local/lib/python3.12/site-packages/airflow/example_dags/example_sla_dag.py
[2025-06-23T06:01:45.516+0000] {logging_mixin.py:188} INFO - [2025-06-23T06:01:45.515+0000] {dag.py:3089} INFO - Sync 1 DAGs
[2025-06-23T06:01:45.562+0000] {logging_mixin.py:188} INFO - [2025-06-23T06:01:45.561+0000] {dag.py:3947} INFO - Setting next_dagrun for example_sla_dag to 2025-06-23 05:58:00+00:00, run_after=2025-06-23 06:00:00+00:00
[2025-06-23T06:01:45.602+0000] {processor.py:183} INFO - Processing /home/airflow/.local/lib/python3.12/site-packages/airflow/example_dags/example_sla_dag.py took 0.158 seconds
[2025-06-23T06:02:15.845+0000] {processor.py:161} INFO - Started process (PID=1328) to work on /home/airflow/.local/lib/python3.12/site-packages/airflow/example_dags/example_sla_dag.py
[2025-06-23T06:02:15.848+0000] {processor.py:830} INFO - Processing file /home/airflow/.local/lib/python3.12/site-packages/airflow/example_dags/example_sla_dag.py for tasks to queue
[2025-06-23T06:02:15.854+0000] {logging_mixin.py:188} INFO - [2025-06-23T06:02:15.853+0000] {dagbag.py:545} INFO - Filling up the DagBag from /home/airflow/.local/lib/python3.12/site-packages/airflow/example_dags/example_sla_dag.py
[2025-06-23T06:02:15.876+0000] {processor.py:840} INFO - DAG(s) 'example_sla_dag' retrieved from /home/airflow/.local/lib/python3.12/site-packages/airflow/example_dags/example_sla_dag.py
[2025-06-23T06:02:15.924+0000] {logging_mixin.py:188} INFO - [2025-06-23T06:02:15.923+0000] {dag.py:3089} INFO - Sync 1 DAGs
[2025-06-23T06:02:15.975+0000] {logging_mixin.py:188} INFO - [2025-06-23T06:02:15.975+0000] {dag.py:3947} INFO - Setting next_dagrun for example_sla_dag to 2025-06-23 06:00:00+00:00, run_after=2025-06-23 06:02:00+00:00
[2025-06-23T06:02:16.043+0000] {processor.py:183} INFO - Processing /home/airflow/.local/lib/python3.12/site-packages/airflow/example_dags/example_sla_dag.py took 0.214 seconds
[2025-06-23T06:02:46.534+0000] {processor.py:161} INFO - Started process (PID=1389) to work on /home/airflow/.local/lib/python3.12/site-packages/airflow/example_dags/example_sla_dag.py
[2025-06-23T06:02:46.536+0000] {processor.py:830} INFO - Processing file /home/airflow/.local/lib/python3.12/site-packages/airflow/example_dags/example_sla_dag.py for tasks to queue
[2025-06-23T06:02:46.540+0000] {logging_mixin.py:188} INFO - [2025-06-23T06:02:46.539+0000] {dagbag.py:545} INFO - Filling up the DagBag from /home/airflow/.local/lib/python3.12/site-packages/airflow/example_dags/example_sla_dag.py
[2025-06-23T06:02:46.557+0000] {processor.py:840} INFO - DAG(s) 'example_sla_dag' retrieved from /home/airflow/.local/lib/python3.12/site-packages/airflow/example_dags/example_sla_dag.py
[2025-06-23T06:02:46.596+0000] {logging_mixin.py:188} INFO - [2025-06-23T06:02:46.595+0000] {dag.py:3089} INFO - Sync 1 DAGs
[2025-06-23T06:02:46.648+0000] {logging_mixin.py:188} INFO - [2025-06-23T06:02:46.647+0000] {dag.py:3947} INFO - Setting next_dagrun for example_sla_dag to 2025-06-23 06:00:00+00:00, run_after=2025-06-23 06:02:00+00:00
[2025-06-23T06:02:46.693+0000] {processor.py:183} INFO - Processing /home/airflow/.local/lib/python3.12/site-packages/airflow/example_dags/example_sla_dag.py took 0.170 seconds
[2025-06-23T06:03:17.273+0000] {processor.py:161} INFO - Started process (PID=1449) to work on /home/airflow/.local/lib/python3.12/site-packages/airflow/example_dags/example_sla_dag.py
[2025-06-23T06:03:17.275+0000] {processor.py:830} INFO - Processing file /home/airflow/.local/lib/python3.12/site-packages/airflow/example_dags/example_sla_dag.py for tasks to queue
[2025-06-23T06:03:17.280+0000] {logging_mixin.py:188} INFO - [2025-06-23T06:03:17.279+0000] {dagbag.py:545} INFO - Filling up the DagBag from /home/airflow/.local/lib/python3.12/site-packages/airflow/example_dags/example_sla_dag.py
[2025-06-23T06:03:17.299+0000] {processor.py:840} INFO - DAG(s) 'example_sla_dag' retrieved from /home/airflow/.local/lib/python3.12/site-packages/airflow/example_dags/example_sla_dag.py
[2025-06-23T06:03:17.340+0000] {logging_mixin.py:188} INFO - [2025-06-23T06:03:17.340+0000] {dag.py:3089} INFO - Sync 1 DAGs
[2025-06-23T06:03:17.402+0000] {logging_mixin.py:188} INFO - [2025-06-23T06:03:17.401+0000] {dag.py:3947} INFO - Setting next_dagrun for example_sla_dag to 2025-06-23 06:00:00+00:00, run_after=2025-06-23 06:02:00+00:00
[2025-06-23T06:03:17.497+0000] {processor.py:183} INFO - Processing /home/airflow/.local/lib/python3.12/site-packages/airflow/example_dags/example_sla_dag.py took 0.240 seconds
[2025-06-23T06:03:48.398+0000] {processor.py:161} INFO - Started process (PID=1509) to work on /home/airflow/.local/lib/python3.12/site-packages/airflow/example_dags/example_sla_dag.py
[2025-06-23T06:03:48.403+0000] {processor.py:830} INFO - Processing file /home/airflow/.local/lib/python3.12/site-packages/airflow/example_dags/example_sla_dag.py for tasks to queue
[2025-06-23T06:03:48.409+0000] {logging_mixin.py:188} INFO - [2025-06-23T06:03:48.408+0000] {dagbag.py:545} INFO - Filling up the DagBag from /home/airflow/.local/lib/python3.12/site-packages/airflow/example_dags/example_sla_dag.py
[2025-06-23T06:03:48.439+0000] {processor.py:840} INFO - DAG(s) 'example_sla_dag' retrieved from /home/airflow/.local/lib/python3.12/site-packages/airflow/example_dags/example_sla_dag.py
[2025-06-23T06:03:48.506+0000] {logging_mixin.py:188} INFO - [2025-06-23T06:03:48.505+0000] {dag.py:3089} INFO - Sync 1 DAGs
[2025-06-23T06:03:48.586+0000] {logging_mixin.py:188} INFO - [2025-06-23T06:03:48.585+0000] {dag.py:3947} INFO - Setting next_dagrun for example_sla_dag to 2025-06-23 06:00:00+00:00, run_after=2025-06-23 06:02:00+00:00
[2025-06-23T06:03:48.650+0000] {processor.py:183} INFO - Processing /home/airflow/.local/lib/python3.12/site-packages/airflow/example_dags/example_sla_dag.py took 0.270 seconds
[2025-06-23T06:04:18.918+0000] {processor.py:161} INFO - Started process (PID=1569) to work on /home/airflow/.local/lib/python3.12/site-packages/airflow/example_dags/example_sla_dag.py
[2025-06-23T06:04:18.919+0000] {processor.py:830} INFO - Processing file /home/airflow/.local/lib/python3.12/site-packages/airflow/example_dags/example_sla_dag.py for tasks to queue
[2025-06-23T06:04:18.923+0000] {logging_mixin.py:188} INFO - [2025-06-23T06:04:18.923+0000] {dagbag.py:545} INFO - Filling up the DagBag from /home/airflow/.local/lib/python3.12/site-packages/airflow/example_dags/example_sla_dag.py
[2025-06-23T06:04:18.935+0000] {processor.py:840} INFO - DAG(s) 'example_sla_dag' retrieved from /home/airflow/.local/lib/python3.12/site-packages/airflow/example_dags/example_sla_dag.py
[2025-06-23T06:04:18.974+0000] {logging_mixin.py:188} INFO - [2025-06-23T06:04:18.973+0000] {dag.py:3089} INFO - Sync 1 DAGs
[2025-06-23T06:04:19.011+0000] {logging_mixin.py:188} INFO - [2025-06-23T06:04:19.011+0000] {dag.py:3947} INFO - Setting next_dagrun for example_sla_dag to 2025-06-23 06:02:00+00:00, run_after=2025-06-23 06:04:00+00:00
[2025-06-23T06:04:19.048+0000] {processor.py:183} INFO - Processing /home/airflow/.local/lib/python3.12/site-packages/airflow/example_dags/example_sla_dag.py took 0.138 seconds
