[2025-06-23T05:51:27.250+0000] {processor.py:161} INFO - Started process (PID=105) to work on /home/airflow/.local/lib/python3.12/site-packages/airflow/example_dags/example_xcomargs.py
[2025-06-23T05:51:27.260+0000] {processor.py:830} INFO - Processing file /home/airflow/.local/lib/python3.12/site-packages/airflow/example_dags/example_xcomargs.py for tasks to queue
[2025-06-23T05:51:27.267+0000] {logging_mixin.py:188} INFO - [2025-06-23T05:51:27.266+0000] {dagbag.py:545} INFO - Filling up the DagBag from /home/airflow/.local/lib/python3.12/site-packages/airflow/example_dags/example_xcomargs.py
[2025-06-23T05:51:27.372+0000] {processor.py:840} INFO - DAG(s) 'example_xcom_args', 'example_xcom_args_with_operators' retrieved from /home/airflow/.local/lib/python3.12/site-packages/airflow/example_dags/example_xcomargs.py
[2025-06-23T05:51:28.085+0000] {logging_mixin.py:188} INFO - [2025-06-23T05:51:28.085+0000] {dag.py:3089} INFO - Sync 2 DAGs
[2025-06-23T05:51:28.127+0000] {logging_mixin.py:188} INFO - [2025-06-23T05:51:28.126+0000] {dag.py:3947} INFO - Setting next_dagrun for example_xcom_args to None, run_after=None
[2025-06-23T05:51:28.136+0000] {logging_mixin.py:188} INFO - [2025-06-23T05:51:28.135+0000] {dag.py:3947} INFO - Setting next_dagrun for example_xcom_args_with_operators to None, run_after=None
[2025-06-23T05:51:28.254+0000] {processor.py:183} INFO - Processing /home/airflow/.local/lib/python3.12/site-packages/airflow/example_dags/example_xcomargs.py took 1.048 seconds
[2025-06-23T05:51:58.659+0000] {processor.py:161} INFO - Started process (PID=165) to work on /home/airflow/.local/lib/python3.12/site-packages/airflow/example_dags/example_xcomargs.py
[2025-06-23T05:51:58.661+0000] {processor.py:830} INFO - Processing file /home/airflow/.local/lib/python3.12/site-packages/airflow/example_dags/example_xcomargs.py for tasks to queue
[2025-06-23T05:51:58.663+0000] {logging_mixin.py:188} INFO - [2025-06-23T05:51:58.663+0000] {dagbag.py:545} INFO - Filling up the DagBag from /home/airflow/.local/lib/python3.12/site-packages/airflow/example_dags/example_xcomargs.py
[2025-06-23T05:51:58.678+0000] {processor.py:840} INFO - DAG(s) 'example_xcom_args_with_operators', 'example_xcom_args' retrieved from /home/airflow/.local/lib/python3.12/site-packages/airflow/example_dags/example_xcomargs.py
[2025-06-23T05:51:58.714+0000] {logging_mixin.py:188} INFO - [2025-06-23T05:51:58.713+0000] {dag.py:3089} INFO - Sync 2 DAGs
[2025-06-23T05:51:58.734+0000] {logging_mixin.py:188} INFO - [2025-06-23T05:51:58.734+0000] {dag.py:3947} INFO - Setting next_dagrun for example_xcom_args to None, run_after=None
[2025-06-23T05:51:58.740+0000] {logging_mixin.py:188} INFO - [2025-06-23T05:51:58.740+0000] {dag.py:3947} INFO - Setting next_dagrun for example_xcom_args_with_operators to None, run_after=None
[2025-06-23T05:51:58.772+0000] {processor.py:183} INFO - Processing /home/airflow/.local/lib/python3.12/site-packages/airflow/example_dags/example_xcomargs.py took 0.122 seconds
[2025-06-23T05:52:30.682+0000] {processor.py:161} INFO - Started process (PID=226) to work on /home/airflow/.local/lib/python3.12/site-packages/airflow/example_dags/example_xcomargs.py
[2025-06-23T05:52:30.684+0000] {processor.py:830} INFO - Processing file /home/airflow/.local/lib/python3.12/site-packages/airflow/example_dags/example_xcomargs.py for tasks to queue
[2025-06-23T05:52:30.688+0000] {logging_mixin.py:188} INFO - [2025-06-23T05:52:30.687+0000] {dagbag.py:545} INFO - Filling up the DagBag from /home/airflow/.local/lib/python3.12/site-packages/airflow/example_dags/example_xcomargs.py
[2025-06-23T05:52:30.701+0000] {processor.py:840} INFO - DAG(s) 'example_xcom_args', 'example_xcom_args_with_operators' retrieved from /home/airflow/.local/lib/python3.12/site-packages/airflow/example_dags/example_xcomargs.py
[2025-06-23T05:52:30.742+0000] {logging_mixin.py:188} INFO - [2025-06-23T05:52:30.741+0000] {dag.py:3089} INFO - Sync 2 DAGs
[2025-06-23T05:52:30.764+0000] {logging_mixin.py:188} INFO - [2025-06-23T05:52:30.764+0000] {dag.py:3947} INFO - Setting next_dagrun for example_xcom_args to None, run_after=None
[2025-06-23T05:52:30.773+0000] {logging_mixin.py:188} INFO - [2025-06-23T05:52:30.772+0000] {dag.py:3947} INFO - Setting next_dagrun for example_xcom_args_with_operators to None, run_after=None
[2025-06-23T05:52:30.805+0000] {processor.py:183} INFO - Processing /home/airflow/.local/lib/python3.12/site-packages/airflow/example_dags/example_xcomargs.py took 0.132 seconds
[2025-06-23T05:53:01.406+0000] {processor.py:161} INFO - Started process (PID=284) to work on /home/airflow/.local/lib/python3.12/site-packages/airflow/example_dags/example_xcomargs.py
[2025-06-23T05:53:01.408+0000] {processor.py:830} INFO - Processing file /home/airflow/.local/lib/python3.12/site-packages/airflow/example_dags/example_xcomargs.py for tasks to queue
[2025-06-23T05:53:01.411+0000] {logging_mixin.py:188} INFO - [2025-06-23T05:53:01.411+0000] {dagbag.py:545} INFO - Filling up the DagBag from /home/airflow/.local/lib/python3.12/site-packages/airflow/example_dags/example_xcomargs.py
[2025-06-23T05:53:01.433+0000] {processor.py:840} INFO - DAG(s) 'example_xcom_args', 'example_xcom_args_with_operators' retrieved from /home/airflow/.local/lib/python3.12/site-packages/airflow/example_dags/example_xcomargs.py
[2025-06-23T05:53:01.487+0000] {logging_mixin.py:188} INFO - [2025-06-23T05:53:01.486+0000] {dag.py:3089} INFO - Sync 2 DAGs
[2025-06-23T05:53:01.526+0000] {logging_mixin.py:188} INFO - [2025-06-23T05:53:01.525+0000] {dag.py:3947} INFO - Setting next_dagrun for example_xcom_args to None, run_after=None
[2025-06-23T05:53:01.539+0000] {logging_mixin.py:188} INFO - [2025-06-23T05:53:01.538+0000] {dag.py:3947} INFO - Setting next_dagrun for example_xcom_args_with_operators to None, run_after=None
[2025-06-23T05:53:01.589+0000] {processor.py:183} INFO - Processing /home/airflow/.local/lib/python3.12/site-packages/airflow/example_dags/example_xcomargs.py took 0.192 seconds
[2025-06-23T05:53:31.976+0000] {processor.py:161} INFO - Started process (PID=344) to work on /home/airflow/.local/lib/python3.12/site-packages/airflow/example_dags/example_xcomargs.py
[2025-06-23T05:53:31.978+0000] {processor.py:830} INFO - Processing file /home/airflow/.local/lib/python3.12/site-packages/airflow/example_dags/example_xcomargs.py for tasks to queue
[2025-06-23T05:53:31.981+0000] {logging_mixin.py:188} INFO - [2025-06-23T05:53:31.980+0000] {dagbag.py:545} INFO - Filling up the DagBag from /home/airflow/.local/lib/python3.12/site-packages/airflow/example_dags/example_xcomargs.py
[2025-06-23T05:53:31.996+0000] {processor.py:840} INFO - DAG(s) 'example_xcom_args', 'example_xcom_args_with_operators' retrieved from /home/airflow/.local/lib/python3.12/site-packages/airflow/example_dags/example_xcomargs.py
[2025-06-23T05:53:32.043+0000] {logging_mixin.py:188} INFO - [2025-06-23T05:53:32.042+0000] {dag.py:3089} INFO - Sync 2 DAGs
[2025-06-23T05:53:32.072+0000] {logging_mixin.py:188} INFO - [2025-06-23T05:53:32.071+0000] {dag.py:3947} INFO - Setting next_dagrun for example_xcom_args to None, run_after=None
[2025-06-23T05:53:32.077+0000] {logging_mixin.py:188} INFO - [2025-06-23T05:53:32.077+0000] {dag.py:3947} INFO - Setting next_dagrun for example_xcom_args_with_operators to None, run_after=None
[2025-06-23T05:53:32.114+0000] {processor.py:183} INFO - Processing /home/airflow/.local/lib/python3.12/site-packages/airflow/example_dags/example_xcomargs.py took 0.149 seconds
[2025-06-23T05:54:08.158+0000] {processor.py:161} INFO - Started process (PID=407) to work on /home/airflow/.local/lib/python3.12/site-packages/airflow/example_dags/example_xcomargs.py
[2025-06-23T05:54:08.167+0000] {processor.py:830} INFO - Processing file /home/airflow/.local/lib/python3.12/site-packages/airflow/example_dags/example_xcomargs.py for tasks to queue
[2025-06-23T05:54:08.185+0000] {logging_mixin.py:188} INFO - [2025-06-23T05:54:08.183+0000] {dagbag.py:545} INFO - Filling up the DagBag from /home/airflow/.local/lib/python3.12/site-packages/airflow/example_dags/example_xcomargs.py
[2025-06-23T05:54:08.305+0000] {processor.py:840} INFO - DAG(s) 'example_xcom_args_with_operators', 'example_xcom_args' retrieved from /home/airflow/.local/lib/python3.12/site-packages/airflow/example_dags/example_xcomargs.py
[2025-06-23T05:54:08.595+0000] {logging_mixin.py:188} INFO - [2025-06-23T05:54:08.590+0000] {dag.py:3089} INFO - Sync 2 DAGs
[2025-06-23T05:54:08.738+0000] {logging_mixin.py:188} INFO - [2025-06-23T05:54:08.737+0000] {dag.py:3947} INFO - Setting next_dagrun for example_xcom_args to None, run_after=None
[2025-06-23T05:54:08.804+0000] {logging_mixin.py:188} INFO - [2025-06-23T05:54:08.804+0000] {dag.py:3947} INFO - Setting next_dagrun for example_xcom_args_with_operators to None, run_after=None
[2025-06-23T05:54:09.053+0000] {processor.py:183} INFO - Processing /home/airflow/.local/lib/python3.12/site-packages/airflow/example_dags/example_xcomargs.py took 0.965 seconds
[2025-06-23T05:54:39.307+0000] {processor.py:161} INFO - Started process (PID=466) to work on /home/airflow/.local/lib/python3.12/site-packages/airflow/example_dags/example_xcomargs.py
[2025-06-23T05:54:39.311+0000] {processor.py:830} INFO - Processing file /home/airflow/.local/lib/python3.12/site-packages/airflow/example_dags/example_xcomargs.py for tasks to queue
[2025-06-23T05:54:39.315+0000] {logging_mixin.py:188} INFO - [2025-06-23T05:54:39.314+0000] {dagbag.py:545} INFO - Filling up the DagBag from /home/airflow/.local/lib/python3.12/site-packages/airflow/example_dags/example_xcomargs.py
[2025-06-23T05:54:39.344+0000] {processor.py:840} INFO - DAG(s) 'example_xcom_args_with_operators', 'example_xcom_args' retrieved from /home/airflow/.local/lib/python3.12/site-packages/airflow/example_dags/example_xcomargs.py
[2025-06-23T05:54:39.426+0000] {logging_mixin.py:188} INFO - [2025-06-23T05:54:39.425+0000] {dag.py:3089} INFO - Sync 2 DAGs
[2025-06-23T05:54:39.467+0000] {logging_mixin.py:188} INFO - [2025-06-23T05:54:39.466+0000] {dag.py:3947} INFO - Setting next_dagrun for example_xcom_args to None, run_after=None
[2025-06-23T05:54:39.483+0000] {logging_mixin.py:188} INFO - [2025-06-23T05:54:39.482+0000] {dag.py:3947} INFO - Setting next_dagrun for example_xcom_args_with_operators to None, run_after=None
[2025-06-23T05:54:39.560+0000] {processor.py:183} INFO - Processing /home/airflow/.local/lib/python3.12/site-packages/airflow/example_dags/example_xcomargs.py took 0.268 seconds
[2025-06-23T05:55:15.117+0000] {processor.py:161} INFO - Started process (PID=527) to work on /home/airflow/.local/lib/python3.12/site-packages/airflow/example_dags/example_xcomargs.py
[2025-06-23T05:55:15.123+0000] {processor.py:830} INFO - Processing file /home/airflow/.local/lib/python3.12/site-packages/airflow/example_dags/example_xcomargs.py for tasks to queue
[2025-06-23T05:55:15.129+0000] {logging_mixin.py:188} INFO - [2025-06-23T05:55:15.128+0000] {dagbag.py:545} INFO - Filling up the DagBag from /home/airflow/.local/lib/python3.12/site-packages/airflow/example_dags/example_xcomargs.py
[2025-06-23T05:55:15.170+0000] {processor.py:840} INFO - DAG(s) 'example_xcom_args_with_operators', 'example_xcom_args' retrieved from /home/airflow/.local/lib/python3.12/site-packages/airflow/example_dags/example_xcomargs.py
[2025-06-23T05:55:15.263+0000] {logging_mixin.py:188} INFO - [2025-06-23T05:55:15.262+0000] {dag.py:3089} INFO - Sync 2 DAGs
[2025-06-23T05:55:15.334+0000] {logging_mixin.py:188} INFO - [2025-06-23T05:55:15.333+0000] {dag.py:3947} INFO - Setting next_dagrun for example_xcom_args to None, run_after=None
[2025-06-23T05:55:15.363+0000] {logging_mixin.py:188} INFO - [2025-06-23T05:55:15.360+0000] {dag.py:3947} INFO - Setting next_dagrun for example_xcom_args_with_operators to None, run_after=None
[2025-06-23T05:55:15.487+0000] {processor.py:183} INFO - Processing /home/airflow/.local/lib/python3.12/site-packages/airflow/example_dags/example_xcomargs.py took 0.395 seconds
[2025-06-23T05:55:45.891+0000] {processor.py:161} INFO - Started process (PID=588) to work on /home/airflow/.local/lib/python3.12/site-packages/airflow/example_dags/example_xcomargs.py
[2025-06-23T05:55:45.896+0000] {processor.py:830} INFO - Processing file /home/airflow/.local/lib/python3.12/site-packages/airflow/example_dags/example_xcomargs.py for tasks to queue
[2025-06-23T05:55:45.902+0000] {logging_mixin.py:188} INFO - [2025-06-23T05:55:45.901+0000] {dagbag.py:545} INFO - Filling up the DagBag from /home/airflow/.local/lib/python3.12/site-packages/airflow/example_dags/example_xcomargs.py
[2025-06-23T05:55:45.937+0000] {processor.py:840} INFO - DAG(s) 'example_xcom_args_with_operators', 'example_xcom_args' retrieved from /home/airflow/.local/lib/python3.12/site-packages/airflow/example_dags/example_xcomargs.py
[2025-06-23T05:55:46.057+0000] {logging_mixin.py:188} INFO - [2025-06-23T05:55:46.056+0000] {dag.py:3089} INFO - Sync 2 DAGs
[2025-06-23T05:55:46.090+0000] {logging_mixin.py:188} INFO - [2025-06-23T05:55:46.089+0000] {dag.py:3947} INFO - Setting next_dagrun for example_xcom_args to None, run_after=None
[2025-06-23T05:55:46.100+0000] {logging_mixin.py:188} INFO - [2025-06-23T05:55:46.099+0000] {dag.py:3947} INFO - Setting next_dagrun for example_xcom_args_with_operators to None, run_after=None
[2025-06-23T05:55:46.153+0000] {processor.py:183} INFO - Processing /home/airflow/.local/lib/python3.12/site-packages/airflow/example_dags/example_xcomargs.py took 0.276 seconds
[2025-06-23T05:56:21.059+0000] {processor.py:161} INFO - Started process (PID=648) to work on /home/airflow/.local/lib/python3.12/site-packages/airflow/example_dags/example_xcomargs.py
[2025-06-23T05:56:21.065+0000] {processor.py:830} INFO - Processing file /home/airflow/.local/lib/python3.12/site-packages/airflow/example_dags/example_xcomargs.py for tasks to queue
[2025-06-23T05:56:21.068+0000] {logging_mixin.py:188} INFO - [2025-06-23T05:56:21.068+0000] {dagbag.py:545} INFO - Filling up the DagBag from /home/airflow/.local/lib/python3.12/site-packages/airflow/example_dags/example_xcomargs.py
[2025-06-23T05:56:21.084+0000] {processor.py:840} INFO - DAG(s) 'example_xcom_args_with_operators', 'example_xcom_args' retrieved from /home/airflow/.local/lib/python3.12/site-packages/airflow/example_dags/example_xcomargs.py
[2025-06-23T05:56:21.155+0000] {logging_mixin.py:188} INFO - [2025-06-23T05:56:21.155+0000] {dag.py:3089} INFO - Sync 2 DAGs
[2025-06-23T05:56:21.196+0000] {logging_mixin.py:188} INFO - [2025-06-23T05:56:21.195+0000] {dag.py:3947} INFO - Setting next_dagrun for example_xcom_args to None, run_after=None
[2025-06-23T05:56:21.207+0000] {logging_mixin.py:188} INFO - [2025-06-23T05:56:21.206+0000] {dag.py:3947} INFO - Setting next_dagrun for example_xcom_args_with_operators to None, run_after=None
[2025-06-23T05:56:21.269+0000] {processor.py:183} INFO - Processing /home/airflow/.local/lib/python3.12/site-packages/airflow/example_dags/example_xcomargs.py took 0.222 seconds
[2025-06-23T05:56:52.268+0000] {processor.py:161} INFO - Started process (PID=708) to work on /home/airflow/.local/lib/python3.12/site-packages/airflow/example_dags/example_xcomargs.py
[2025-06-23T05:56:52.271+0000] {processor.py:830} INFO - Processing file /home/airflow/.local/lib/python3.12/site-packages/airflow/example_dags/example_xcomargs.py for tasks to queue
[2025-06-23T05:56:52.275+0000] {logging_mixin.py:188} INFO - [2025-06-23T05:56:52.275+0000] {dagbag.py:545} INFO - Filling up the DagBag from /home/airflow/.local/lib/python3.12/site-packages/airflow/example_dags/example_xcomargs.py
[2025-06-23T05:56:52.297+0000] {processor.py:840} INFO - DAG(s) 'example_xcom_args', 'example_xcom_args_with_operators' retrieved from /home/airflow/.local/lib/python3.12/site-packages/airflow/example_dags/example_xcomargs.py
[2025-06-23T05:56:52.353+0000] {logging_mixin.py:188} INFO - [2025-06-23T05:56:52.353+0000] {dag.py:3089} INFO - Sync 2 DAGs
[2025-06-23T05:56:52.399+0000] {logging_mixin.py:188} INFO - [2025-06-23T05:56:52.399+0000] {dag.py:3947} INFO - Setting next_dagrun for example_xcom_args to None, run_after=None
[2025-06-23T05:56:52.409+0000] {logging_mixin.py:188} INFO - [2025-06-23T05:56:52.408+0000] {dag.py:3947} INFO - Setting next_dagrun for example_xcom_args_with_operators to None, run_after=None
[2025-06-23T05:56:52.452+0000] {processor.py:183} INFO - Processing /home/airflow/.local/lib/python3.12/site-packages/airflow/example_dags/example_xcomargs.py took 0.197 seconds
[2025-06-23T05:57:23.179+0000] {processor.py:161} INFO - Started process (PID=766) to work on /home/airflow/.local/lib/python3.12/site-packages/airflow/example_dags/example_xcomargs.py
[2025-06-23T05:57:23.181+0000] {processor.py:830} INFO - Processing file /home/airflow/.local/lib/python3.12/site-packages/airflow/example_dags/example_xcomargs.py for tasks to queue
[2025-06-23T05:57:23.184+0000] {logging_mixin.py:188} INFO - [2025-06-23T05:57:23.184+0000] {dagbag.py:545} INFO - Filling up the DagBag from /home/airflow/.local/lib/python3.12/site-packages/airflow/example_dags/example_xcomargs.py
[2025-06-23T05:57:23.202+0000] {processor.py:840} INFO - DAG(s) 'example_xcom_args', 'example_xcom_args_with_operators' retrieved from /home/airflow/.local/lib/python3.12/site-packages/airflow/example_dags/example_xcomargs.py
[2025-06-23T05:57:23.270+0000] {logging_mixin.py:188} INFO - [2025-06-23T05:57:23.269+0000] {dag.py:3089} INFO - Sync 2 DAGs
[2025-06-23T05:57:23.317+0000] {logging_mixin.py:188} INFO - [2025-06-23T05:57:23.316+0000] {dag.py:3947} INFO - Setting next_dagrun for example_xcom_args to None, run_after=None
[2025-06-23T05:57:23.334+0000] {logging_mixin.py:188} INFO - [2025-06-23T05:57:23.333+0000] {dag.py:3947} INFO - Setting next_dagrun for example_xcom_args_with_operators to None, run_after=None
[2025-06-23T05:57:23.406+0000] {processor.py:183} INFO - Processing /home/airflow/.local/lib/python3.12/site-packages/airflow/example_dags/example_xcomargs.py took 0.241 seconds
[2025-06-23T05:57:53.583+0000] {processor.py:161} INFO - Started process (PID=826) to work on /home/airflow/.local/lib/python3.12/site-packages/airflow/example_dags/example_xcomargs.py
[2025-06-23T05:57:53.585+0000] {processor.py:830} INFO - Processing file /home/airflow/.local/lib/python3.12/site-packages/airflow/example_dags/example_xcomargs.py for tasks to queue
[2025-06-23T05:57:53.588+0000] {logging_mixin.py:188} INFO - [2025-06-23T05:57:53.588+0000] {dagbag.py:545} INFO - Filling up the DagBag from /home/airflow/.local/lib/python3.12/site-packages/airflow/example_dags/example_xcomargs.py
[2025-06-23T05:57:53.601+0000] {processor.py:840} INFO - DAG(s) 'example_xcom_args', 'example_xcom_args_with_operators' retrieved from /home/airflow/.local/lib/python3.12/site-packages/airflow/example_dags/example_xcomargs.py
[2025-06-23T05:57:53.637+0000] {logging_mixin.py:188} INFO - [2025-06-23T05:57:53.637+0000] {dag.py:3089} INFO - Sync 2 DAGs
[2025-06-23T05:57:53.657+0000] {logging_mixin.py:188} INFO - [2025-06-23T05:57:53.656+0000] {dag.py:3947} INFO - Setting next_dagrun for example_xcom_args to None, run_after=None
[2025-06-23T05:57:53.664+0000] {logging_mixin.py:188} INFO - [2025-06-23T05:57:53.663+0000] {dag.py:3947} INFO - Setting next_dagrun for example_xcom_args_with_operators to None, run_after=None
[2025-06-23T05:57:53.695+0000] {processor.py:183} INFO - Processing /home/airflow/.local/lib/python3.12/site-packages/airflow/example_dags/example_xcomargs.py took 0.121 seconds
[2025-06-23T05:58:23.968+0000] {processor.py:161} INFO - Started process (PID=894) to work on /home/airflow/.local/lib/python3.12/site-packages/airflow/example_dags/example_xcomargs.py
[2025-06-23T05:58:23.970+0000] {processor.py:830} INFO - Processing file /home/airflow/.local/lib/python3.12/site-packages/airflow/example_dags/example_xcomargs.py for tasks to queue
[2025-06-23T05:58:23.975+0000] {logging_mixin.py:188} INFO - [2025-06-23T05:58:23.974+0000] {dagbag.py:545} INFO - Filling up the DagBag from /home/airflow/.local/lib/python3.12/site-packages/airflow/example_dags/example_xcomargs.py
[2025-06-23T05:58:23.994+0000] {processor.py:840} INFO - DAG(s) 'example_xcom_args_with_operators', 'example_xcom_args' retrieved from /home/airflow/.local/lib/python3.12/site-packages/airflow/example_dags/example_xcomargs.py
[2025-06-23T05:58:24.062+0000] {logging_mixin.py:188} INFO - [2025-06-23T05:58:24.061+0000] {dag.py:3089} INFO - Sync 2 DAGs
[2025-06-23T05:58:24.090+0000] {logging_mixin.py:188} INFO - [2025-06-23T05:58:24.090+0000] {dag.py:3947} INFO - Setting next_dagrun for example_xcom_args to None, run_after=None
[2025-06-23T05:58:24.108+0000] {logging_mixin.py:188} INFO - [2025-06-23T05:58:24.106+0000] {dag.py:3947} INFO - Setting next_dagrun for example_xcom_args_with_operators to None, run_after=None
[2025-06-23T05:58:24.183+0000] {processor.py:183} INFO - Processing /home/airflow/.local/lib/python3.12/site-packages/airflow/example_dags/example_xcomargs.py took 0.228 seconds
[2025-06-23T05:59:04.026+0000] {processor.py:161} INFO - Started process (PID=954) to work on /home/airflow/.local/lib/python3.12/site-packages/airflow/example_dags/example_xcomargs.py
[2025-06-23T05:59:04.029+0000] {processor.py:830} INFO - Processing file /home/airflow/.local/lib/python3.12/site-packages/airflow/example_dags/example_xcomargs.py for tasks to queue
[2025-06-23T05:59:04.034+0000] {logging_mixin.py:188} INFO - [2025-06-23T05:59:04.033+0000] {dagbag.py:545} INFO - Filling up the DagBag from /home/airflow/.local/lib/python3.12/site-packages/airflow/example_dags/example_xcomargs.py
[2025-06-23T05:59:04.059+0000] {processor.py:840} INFO - DAG(s) 'example_xcom_args', 'example_xcom_args_with_operators' retrieved from /home/airflow/.local/lib/python3.12/site-packages/airflow/example_dags/example_xcomargs.py
[2025-06-23T05:59:04.124+0000] {logging_mixin.py:188} INFO - [2025-06-23T05:59:04.123+0000] {dag.py:3089} INFO - Sync 2 DAGs
[2025-06-23T05:59:04.155+0000] {logging_mixin.py:188} INFO - [2025-06-23T05:59:04.154+0000] {dag.py:3947} INFO - Setting next_dagrun for example_xcom_args to None, run_after=None
[2025-06-23T05:59:04.167+0000] {logging_mixin.py:188} INFO - [2025-06-23T05:59:04.167+0000] {dag.py:3947} INFO - Setting next_dagrun for example_xcom_args_with_operators to None, run_after=None
[2025-06-23T05:59:04.214+0000] {processor.py:183} INFO - Processing /home/airflow/.local/lib/python3.12/site-packages/airflow/example_dags/example_xcomargs.py took 0.202 seconds
[2025-06-23T05:59:36.683+0000] {processor.py:161} INFO - Started process (PID=1021) to work on /home/airflow/.local/lib/python3.12/site-packages/airflow/example_dags/example_xcomargs.py
[2025-06-23T05:59:36.686+0000] {processor.py:830} INFO - Processing file /home/airflow/.local/lib/python3.12/site-packages/airflow/example_dags/example_xcomargs.py for tasks to queue
[2025-06-23T05:59:36.690+0000] {logging_mixin.py:188} INFO - [2025-06-23T05:59:36.689+0000] {dagbag.py:545} INFO - Filling up the DagBag from /home/airflow/.local/lib/python3.12/site-packages/airflow/example_dags/example_xcomargs.py
[2025-06-23T05:59:36.714+0000] {processor.py:840} INFO - DAG(s) 'example_xcom_args_with_operators', 'example_xcom_args' retrieved from /home/airflow/.local/lib/python3.12/site-packages/airflow/example_dags/example_xcomargs.py
[2025-06-23T05:59:36.776+0000] {logging_mixin.py:188} INFO - [2025-06-23T05:59:36.774+0000] {dag.py:3089} INFO - Sync 2 DAGs
[2025-06-23T05:59:36.814+0000] {logging_mixin.py:188} INFO - [2025-06-23T05:59:36.813+0000] {dag.py:3947} INFO - Setting next_dagrun for example_xcom_args to None, run_after=None
[2025-06-23T05:59:36.825+0000] {logging_mixin.py:188} INFO - [2025-06-23T05:59:36.824+0000] {dag.py:3947} INFO - Setting next_dagrun for example_xcom_args_with_operators to None, run_after=None
[2025-06-23T05:59:36.874+0000] {processor.py:183} INFO - Processing /home/airflow/.local/lib/python3.12/site-packages/airflow/example_dags/example_xcomargs.py took 0.205 seconds
[2025-06-23T06:00:08.916+0000] {processor.py:161} INFO - Started process (PID=1081) to work on /home/airflow/.local/lib/python3.12/site-packages/airflow/example_dags/example_xcomargs.py
[2025-06-23T06:00:08.919+0000] {processor.py:830} INFO - Processing file /home/airflow/.local/lib/python3.12/site-packages/airflow/example_dags/example_xcomargs.py for tasks to queue
[2025-06-23T06:00:08.924+0000] {logging_mixin.py:188} INFO - [2025-06-23T06:00:08.923+0000] {dagbag.py:545} INFO - Filling up the DagBag from /home/airflow/.local/lib/python3.12/site-packages/airflow/example_dags/example_xcomargs.py
[2025-06-23T06:00:08.967+0000] {processor.py:840} INFO - DAG(s) 'example_xcom_args', 'example_xcom_args_with_operators' retrieved from /home/airflow/.local/lib/python3.12/site-packages/airflow/example_dags/example_xcomargs.py
[2025-06-23T06:00:09.262+0000] {logging_mixin.py:188} INFO - [2025-06-23T06:00:09.261+0000] {dag.py:3089} INFO - Sync 2 DAGs
[2025-06-23T06:00:09.548+0000] {logging_mixin.py:188} INFO - [2025-06-23T06:00:09.547+0000] {dag.py:3947} INFO - Setting next_dagrun for example_xcom_args to None, run_after=None
[2025-06-23T06:00:09.592+0000] {logging_mixin.py:188} INFO - [2025-06-23T06:00:09.591+0000] {dag.py:3947} INFO - Setting next_dagrun for example_xcom_args_with_operators to None, run_after=None
[2025-06-23T06:00:09.738+0000] {processor.py:183} INFO - Processing /home/airflow/.local/lib/python3.12/site-packages/airflow/example_dags/example_xcomargs.py took 0.840 seconds
[2025-06-23T06:00:39.868+0000] {processor.py:161} INFO - Started process (PID=1140) to work on /home/airflow/.local/lib/python3.12/site-packages/airflow/example_dags/example_xcomargs.py
[2025-06-23T06:00:39.870+0000] {processor.py:830} INFO - Processing file /home/airflow/.local/lib/python3.12/site-packages/airflow/example_dags/example_xcomargs.py for tasks to queue
[2025-06-23T06:00:39.875+0000] {logging_mixin.py:188} INFO - [2025-06-23T06:00:39.874+0000] {dagbag.py:545} INFO - Filling up the DagBag from /home/airflow/.local/lib/python3.12/site-packages/airflow/example_dags/example_xcomargs.py
[2025-06-23T06:00:39.894+0000] {processor.py:840} INFO - DAG(s) 'example_xcom_args', 'example_xcom_args_with_operators' retrieved from /home/airflow/.local/lib/python3.12/site-packages/airflow/example_dags/example_xcomargs.py
[2025-06-23T06:00:39.932+0000] {logging_mixin.py:188} INFO - [2025-06-23T06:00:39.932+0000] {dag.py:3089} INFO - Sync 2 DAGs
[2025-06-23T06:00:39.952+0000] {logging_mixin.py:188} INFO - [2025-06-23T06:00:39.952+0000] {dag.py:3947} INFO - Setting next_dagrun for example_xcom_args to None, run_after=None
[2025-06-23T06:00:39.958+0000] {logging_mixin.py:188} INFO - [2025-06-23T06:00:39.957+0000] {dag.py:3947} INFO - Setting next_dagrun for example_xcom_args_with_operators to None, run_after=None
[2025-06-23T06:00:39.982+0000] {processor.py:183} INFO - Processing /home/airflow/.local/lib/python3.12/site-packages/airflow/example_dags/example_xcomargs.py took 0.127 seconds
[2025-06-23T06:01:11.151+0000] {processor.py:161} INFO - Started process (PID=1200) to work on /home/airflow/.local/lib/python3.12/site-packages/airflow/example_dags/example_xcomargs.py
[2025-06-23T06:01:11.156+0000] {processor.py:830} INFO - Processing file /home/airflow/.local/lib/python3.12/site-packages/airflow/example_dags/example_xcomargs.py for tasks to queue
[2025-06-23T06:01:11.161+0000] {logging_mixin.py:188} INFO - [2025-06-23T06:01:11.160+0000] {dagbag.py:545} INFO - Filling up the DagBag from /home/airflow/.local/lib/python3.12/site-packages/airflow/example_dags/example_xcomargs.py
[2025-06-23T06:01:11.180+0000] {processor.py:840} INFO - DAG(s) 'example_xcom_args', 'example_xcom_args_with_operators' retrieved from /home/airflow/.local/lib/python3.12/site-packages/airflow/example_dags/example_xcomargs.py
[2025-06-23T06:01:11.232+0000] {logging_mixin.py:188} INFO - [2025-06-23T06:01:11.232+0000] {dag.py:3089} INFO - Sync 2 DAGs
[2025-06-23T06:01:11.261+0000] {logging_mixin.py:188} INFO - [2025-06-23T06:01:11.260+0000] {dag.py:3947} INFO - Setting next_dagrun for example_xcom_args to None, run_after=None
[2025-06-23T06:01:11.269+0000] {logging_mixin.py:188} INFO - [2025-06-23T06:01:11.268+0000] {dag.py:3947} INFO - Setting next_dagrun for example_xcom_args_with_operators to None, run_after=None
[2025-06-23T06:01:11.302+0000] {processor.py:183} INFO - Processing /home/airflow/.local/lib/python3.12/site-packages/airflow/example_dags/example_xcomargs.py took 0.166 seconds
[2025-06-23T06:01:41.699+0000] {processor.py:161} INFO - Started process (PID=1261) to work on /home/airflow/.local/lib/python3.12/site-packages/airflow/example_dags/example_xcomargs.py
[2025-06-23T06:01:41.702+0000] {processor.py:830} INFO - Processing file /home/airflow/.local/lib/python3.12/site-packages/airflow/example_dags/example_xcomargs.py for tasks to queue
[2025-06-23T06:01:41.705+0000] {logging_mixin.py:188} INFO - [2025-06-23T06:01:41.705+0000] {dagbag.py:545} INFO - Filling up the DagBag from /home/airflow/.local/lib/python3.12/site-packages/airflow/example_dags/example_xcomargs.py
[2025-06-23T06:01:41.721+0000] {processor.py:840} INFO - DAG(s) 'example_xcom_args_with_operators', 'example_xcom_args' retrieved from /home/airflow/.local/lib/python3.12/site-packages/airflow/example_dags/example_xcomargs.py
[2025-06-23T06:01:41.762+0000] {logging_mixin.py:188} INFO - [2025-06-23T06:01:41.761+0000] {dag.py:3089} INFO - Sync 2 DAGs
[2025-06-23T06:01:41.786+0000] {logging_mixin.py:188} INFO - [2025-06-23T06:01:41.786+0000] {dag.py:3947} INFO - Setting next_dagrun for example_xcom_args to None, run_after=None
[2025-06-23T06:01:41.793+0000] {logging_mixin.py:188} INFO - [2025-06-23T06:01:41.793+0000] {dag.py:3947} INFO - Setting next_dagrun for example_xcom_args_with_operators to None, run_after=None
[2025-06-23T06:01:41.824+0000] {processor.py:183} INFO - Processing /home/airflow/.local/lib/python3.12/site-packages/airflow/example_dags/example_xcomargs.py took 0.135 seconds
[2025-06-23T06:02:12.497+0000] {processor.py:161} INFO - Started process (PID=1321) to work on /home/airflow/.local/lib/python3.12/site-packages/airflow/example_dags/example_xcomargs.py
[2025-06-23T06:02:12.499+0000] {processor.py:830} INFO - Processing file /home/airflow/.local/lib/python3.12/site-packages/airflow/example_dags/example_xcomargs.py for tasks to queue
[2025-06-23T06:02:12.504+0000] {logging_mixin.py:188} INFO - [2025-06-23T06:02:12.503+0000] {dagbag.py:545} INFO - Filling up the DagBag from /home/airflow/.local/lib/python3.12/site-packages/airflow/example_dags/example_xcomargs.py
[2025-06-23T06:02:12.524+0000] {processor.py:840} INFO - DAG(s) 'example_xcom_args_with_operators', 'example_xcom_args' retrieved from /home/airflow/.local/lib/python3.12/site-packages/airflow/example_dags/example_xcomargs.py
[2025-06-23T06:02:12.593+0000] {logging_mixin.py:188} INFO - [2025-06-23T06:02:12.592+0000] {dag.py:3089} INFO - Sync 2 DAGs
[2025-06-23T06:02:12.621+0000] {logging_mixin.py:188} INFO - [2025-06-23T06:02:12.621+0000] {dag.py:3947} INFO - Setting next_dagrun for example_xcom_args to None, run_after=None
[2025-06-23T06:02:12.631+0000] {logging_mixin.py:188} INFO - [2025-06-23T06:02:12.631+0000] {dag.py:3947} INFO - Setting next_dagrun for example_xcom_args_with_operators to None, run_after=None
[2025-06-23T06:02:12.674+0000] {processor.py:183} INFO - Processing /home/airflow/.local/lib/python3.12/site-packages/airflow/example_dags/example_xcomargs.py took 0.191 seconds
[2025-06-23T06:02:43.790+0000] {processor.py:161} INFO - Started process (PID=1382) to work on /home/airflow/.local/lib/python3.12/site-packages/airflow/example_dags/example_xcomargs.py
[2025-06-23T06:02:43.796+0000] {processor.py:830} INFO - Processing file /home/airflow/.local/lib/python3.12/site-packages/airflow/example_dags/example_xcomargs.py for tasks to queue
[2025-06-23T06:02:43.812+0000] {logging_mixin.py:188} INFO - [2025-06-23T06:02:43.808+0000] {dagbag.py:545} INFO - Filling up the DagBag from /home/airflow/.local/lib/python3.12/site-packages/airflow/example_dags/example_xcomargs.py
[2025-06-23T06:02:43.868+0000] {processor.py:840} INFO - DAG(s) 'example_xcom_args', 'example_xcom_args_with_operators' retrieved from /home/airflow/.local/lib/python3.12/site-packages/airflow/example_dags/example_xcomargs.py
[2025-06-23T06:02:43.941+0000] {logging_mixin.py:188} INFO - [2025-06-23T06:02:43.940+0000] {dag.py:3089} INFO - Sync 2 DAGs
[2025-06-23T06:02:43.983+0000] {logging_mixin.py:188} INFO - [2025-06-23T06:02:43.982+0000] {dag.py:3947} INFO - Setting next_dagrun for example_xcom_args to None, run_after=None
[2025-06-23T06:02:43.997+0000] {logging_mixin.py:188} INFO - [2025-06-23T06:02:43.997+0000] {dag.py:3947} INFO - Setting next_dagrun for example_xcom_args_with_operators to None, run_after=None
[2025-06-23T06:02:44.064+0000] {processor.py:183} INFO - Processing /home/airflow/.local/lib/python3.12/site-packages/airflow/example_dags/example_xcomargs.py took 0.294 seconds
[2025-06-23T06:03:14.962+0000] {processor.py:161} INFO - Started process (PID=1442) to work on /home/airflow/.local/lib/python3.12/site-packages/airflow/example_dags/example_xcomargs.py
[2025-06-23T06:03:14.966+0000] {processor.py:830} INFO - Processing file /home/airflow/.local/lib/python3.12/site-packages/airflow/example_dags/example_xcomargs.py for tasks to queue
[2025-06-23T06:03:14.976+0000] {logging_mixin.py:188} INFO - [2025-06-23T06:03:14.974+0000] {dagbag.py:545} INFO - Filling up the DagBag from /home/airflow/.local/lib/python3.12/site-packages/airflow/example_dags/example_xcomargs.py
[2025-06-23T06:03:15.017+0000] {processor.py:840} INFO - DAG(s) 'example_xcom_args_with_operators', 'example_xcom_args' retrieved from /home/airflow/.local/lib/python3.12/site-packages/airflow/example_dags/example_xcomargs.py
[2025-06-23T06:03:15.119+0000] {logging_mixin.py:188} INFO - [2025-06-23T06:03:15.118+0000] {dag.py:3089} INFO - Sync 2 DAGs
[2025-06-23T06:03:15.157+0000] {logging_mixin.py:188} INFO - [2025-06-23T06:03:15.157+0000] {dag.py:3947} INFO - Setting next_dagrun for example_xcom_args to None, run_after=None
[2025-06-23T06:03:15.167+0000] {logging_mixin.py:188} INFO - [2025-06-23T06:03:15.167+0000] {dag.py:3947} INFO - Setting next_dagrun for example_xcom_args_with_operators to None, run_after=None
[2025-06-23T06:03:15.222+0000] {processor.py:183} INFO - Processing /home/airflow/.local/lib/python3.12/site-packages/airflow/example_dags/example_xcomargs.py took 0.285 seconds
[2025-06-23T06:03:46.420+0000] {processor.py:161} INFO - Started process (PID=1502) to work on /home/airflow/.local/lib/python3.12/site-packages/airflow/example_dags/example_xcomargs.py
[2025-06-23T06:03:46.426+0000] {processor.py:830} INFO - Processing file /home/airflow/.local/lib/python3.12/site-packages/airflow/example_dags/example_xcomargs.py for tasks to queue
[2025-06-23T06:03:46.441+0000] {logging_mixin.py:188} INFO - [2025-06-23T06:03:46.439+0000] {dagbag.py:545} INFO - Filling up the DagBag from /home/airflow/.local/lib/python3.12/site-packages/airflow/example_dags/example_xcomargs.py
[2025-06-23T06:03:46.647+0000] {processor.py:840} INFO - DAG(s) 'example_xcom_args_with_operators', 'example_xcom_args' retrieved from /home/airflow/.local/lib/python3.12/site-packages/airflow/example_dags/example_xcomargs.py
[2025-06-23T06:03:46.765+0000] {logging_mixin.py:188} INFO - [2025-06-23T06:03:46.764+0000] {dag.py:3089} INFO - Sync 2 DAGs
[2025-06-23T06:03:47.007+0000] {logging_mixin.py:188} INFO - [2025-06-23T06:03:47.006+0000] {dag.py:3947} INFO - Setting next_dagrun for example_xcom_args to None, run_after=None
[2025-06-23T06:03:47.032+0000] {logging_mixin.py:188} INFO - [2025-06-23T06:03:47.031+0000] {dag.py:3947} INFO - Setting next_dagrun for example_xcom_args_with_operators to None, run_after=None
[2025-06-23T06:03:47.166+0000] {processor.py:183} INFO - Processing /home/airflow/.local/lib/python3.12/site-packages/airflow/example_dags/example_xcomargs.py took 0.770 seconds
[2025-06-23T06:04:17.788+0000] {processor.py:161} INFO - Started process (PID=1562) to work on /home/airflow/.local/lib/python3.12/site-packages/airflow/example_dags/example_xcomargs.py
[2025-06-23T06:04:17.791+0000] {processor.py:830} INFO - Processing file /home/airflow/.local/lib/python3.12/site-packages/airflow/example_dags/example_xcomargs.py for tasks to queue
[2025-06-23T06:04:17.794+0000] {logging_mixin.py:188} INFO - [2025-06-23T06:04:17.794+0000] {dagbag.py:545} INFO - Filling up the DagBag from /home/airflow/.local/lib/python3.12/site-packages/airflow/example_dags/example_xcomargs.py
[2025-06-23T06:04:17.819+0000] {processor.py:840} INFO - DAG(s) 'example_xcom_args', 'example_xcom_args_with_operators' retrieved from /home/airflow/.local/lib/python3.12/site-packages/airflow/example_dags/example_xcomargs.py
[2025-06-23T06:04:17.857+0000] {logging_mixin.py:188} INFO - [2025-06-23T06:04:17.857+0000] {dag.py:3089} INFO - Sync 2 DAGs
[2025-06-23T06:04:17.879+0000] {logging_mixin.py:188} INFO - [2025-06-23T06:04:17.878+0000] {dag.py:3947} INFO - Setting next_dagrun for example_xcom_args to None, run_after=None
[2025-06-23T06:04:17.885+0000] {logging_mixin.py:188} INFO - [2025-06-23T06:04:17.885+0000] {dag.py:3947} INFO - Setting next_dagrun for example_xcom_args_with_operators to None, run_after=None
[2025-06-23T06:04:17.917+0000] {processor.py:183} INFO - Processing /home/airflow/.local/lib/python3.12/site-packages/airflow/example_dags/example_xcomargs.py took 0.140 seconds
