[2025-06-23T05:51:42.753+0000] {processor.py:161} INFO - Started process (PID=121) to work on /home/airflow/.local/lib/python3.12/site-packages/airflow/example_dags/example_bash_operator.py
[2025-06-23T05:51:42.756+0000] {processor.py:830} INFO - Processing file /home/airflow/.local/lib/python3.12/site-packages/airflow/example_dags/example_bash_operator.py for tasks to queue
[2025-06-23T05:51:42.762+0000] {logging_mixin.py:188} INFO - [2025-06-23T05:51:42.761+0000] {dagbag.py:545} INFO - Filling up the DagBag from /home/airflow/.local/lib/python3.12/site-packages/airflow/example_dags/example_bash_operator.py
[2025-06-23T05:51:42.798+0000] {processor.py:840} INFO - DAG(s) 'example_bash_operator' retrieved from /home/airflow/.local/lib/python3.12/site-packages/airflow/example_dags/example_bash_operator.py
[2025-06-23T05:51:43.075+0000] {logging_mixin.py:188} INFO - [2025-06-23T05:51:43.074+0000] {dag.py:3089} INFO - Sync 1 DAGs
[2025-06-23T05:51:43.153+0000] {logging_mixin.py:188} INFO - [2025-06-23T05:51:43.153+0000] {dag.py:3947} INFO - Setting next_dagrun for example_bash_operator to 2025-06-22 00:00:00+00:00, run_after=2025-06-23 00:00:00+00:00
[2025-06-23T05:51:43.220+0000] {processor.py:183} INFO - Processing /home/airflow/.local/lib/python3.12/site-packages/airflow/example_dags/example_bash_operator.py took 0.486 seconds
[2025-06-23T05:52:13.833+0000] {processor.py:161} INFO - Started process (PID=181) to work on /home/airflow/.local/lib/python3.12/site-packages/airflow/example_dags/example_bash_operator.py
[2025-06-23T05:52:13.836+0000] {processor.py:830} INFO - Processing file /home/airflow/.local/lib/python3.12/site-packages/airflow/example_dags/example_bash_operator.py for tasks to queue
[2025-06-23T05:52:13.842+0000] {logging_mixin.py:188} INFO - [2025-06-23T05:52:13.841+0000] {dagbag.py:545} INFO - Filling up the DagBag from /home/airflow/.local/lib/python3.12/site-packages/airflow/example_dags/example_bash_operator.py
[2025-06-23T05:52:13.876+0000] {processor.py:840} INFO - DAG(s) 'example_bash_operator' retrieved from /home/airflow/.local/lib/python3.12/site-packages/airflow/example_dags/example_bash_operator.py
[2025-06-23T05:52:14.046+0000] {logging_mixin.py:188} INFO - [2025-06-23T05:52:14.045+0000] {dag.py:3089} INFO - Sync 1 DAGs
[2025-06-23T05:52:14.234+0000] {logging_mixin.py:188} INFO - [2025-06-23T05:52:14.234+0000] {dag.py:3947} INFO - Setting next_dagrun for example_bash_operator to 2025-06-22 00:00:00+00:00, run_after=2025-06-23 00:00:00+00:00
[2025-06-23T05:52:14.327+0000] {processor.py:183} INFO - Processing /home/airflow/.local/lib/python3.12/site-packages/airflow/example_dags/example_bash_operator.py took 0.509 seconds
[2025-06-23T05:52:44.642+0000] {processor.py:161} INFO - Started process (PID=242) to work on /home/airflow/.local/lib/python3.12/site-packages/airflow/example_dags/example_bash_operator.py
[2025-06-23T05:52:44.647+0000] {processor.py:830} INFO - Processing file /home/airflow/.local/lib/python3.12/site-packages/airflow/example_dags/example_bash_operator.py for tasks to queue
[2025-06-23T05:52:44.653+0000] {logging_mixin.py:188} INFO - [2025-06-23T05:52:44.652+0000] {dagbag.py:545} INFO - Filling up the DagBag from /home/airflow/.local/lib/python3.12/site-packages/airflow/example_dags/example_bash_operator.py
[2025-06-23T05:52:44.709+0000] {processor.py:840} INFO - DAG(s) 'example_bash_operator' retrieved from /home/airflow/.local/lib/python3.12/site-packages/airflow/example_dags/example_bash_operator.py
[2025-06-23T05:52:44.906+0000] {logging_mixin.py:188} INFO - [2025-06-23T05:52:44.905+0000] {dag.py:3089} INFO - Sync 1 DAGs
[2025-06-23T05:52:45.094+0000] {logging_mixin.py:188} INFO - [2025-06-23T05:52:45.093+0000] {dag.py:3947} INFO - Setting next_dagrun for example_bash_operator to 2025-06-22 00:00:00+00:00, run_after=2025-06-23 00:00:00+00:00
[2025-06-23T05:52:45.280+0000] {processor.py:183} INFO - Processing /home/airflow/.local/lib/python3.12/site-packages/airflow/example_dags/example_bash_operator.py took 0.658 seconds
[2025-06-23T05:53:16.137+0000] {processor.py:161} INFO - Started process (PID=302) to work on /home/airflow/.local/lib/python3.12/site-packages/airflow/example_dags/example_bash_operator.py
[2025-06-23T05:53:16.145+0000] {processor.py:830} INFO - Processing file /home/airflow/.local/lib/python3.12/site-packages/airflow/example_dags/example_bash_operator.py for tasks to queue
[2025-06-23T05:53:16.150+0000] {logging_mixin.py:188} INFO - [2025-06-23T05:53:16.149+0000] {dagbag.py:545} INFO - Filling up the DagBag from /home/airflow/.local/lib/python3.12/site-packages/airflow/example_dags/example_bash_operator.py
[2025-06-23T05:53:16.180+0000] {processor.py:840} INFO - DAG(s) 'example_bash_operator' retrieved from /home/airflow/.local/lib/python3.12/site-packages/airflow/example_dags/example_bash_operator.py
[2025-06-23T05:53:16.243+0000] {logging_mixin.py:188} INFO - [2025-06-23T05:53:16.242+0000] {dag.py:3089} INFO - Sync 1 DAGs
[2025-06-23T05:53:16.288+0000] {logging_mixin.py:188} INFO - [2025-06-23T05:53:16.287+0000] {dag.py:3947} INFO - Setting next_dagrun for example_bash_operator to 2025-06-22 00:00:00+00:00, run_after=2025-06-23 00:00:00+00:00
[2025-06-23T05:53:16.327+0000] {processor.py:183} INFO - Processing /home/airflow/.local/lib/python3.12/site-packages/airflow/example_dags/example_bash_operator.py took 0.204 seconds
[2025-06-23T05:53:48.742+0000] {processor.py:161} INFO - Started process (PID=363) to work on /home/airflow/.local/lib/python3.12/site-packages/airflow/example_dags/example_bash_operator.py
[2025-06-23T05:53:48.766+0000] {processor.py:830} INFO - Processing file /home/airflow/.local/lib/python3.12/site-packages/airflow/example_dags/example_bash_operator.py for tasks to queue
[2025-06-23T05:53:48.841+0000] {logging_mixin.py:188} INFO - [2025-06-23T05:53:48.825+0000] {dagbag.py:545} INFO - Filling up the DagBag from /home/airflow/.local/lib/python3.12/site-packages/airflow/example_dags/example_bash_operator.py
[2025-06-23T05:53:48.981+0000] {processor.py:840} INFO - DAG(s) 'example_bash_operator' retrieved from /home/airflow/.local/lib/python3.12/site-packages/airflow/example_dags/example_bash_operator.py
[2025-06-23T05:53:49.541+0000] {logging_mixin.py:188} INFO - [2025-06-23T05:53:49.535+0000] {dag.py:3089} INFO - Sync 1 DAGs
[2025-06-23T05:53:49.937+0000] {logging_mixin.py:188} INFO - [2025-06-23T05:53:49.933+0000] {dag.py:3947} INFO - Setting next_dagrun for example_bash_operator to 2025-06-22 00:00:00+00:00, run_after=2025-06-23 00:00:00+00:00
[2025-06-23T05:53:50.317+0000] {processor.py:183} INFO - Processing /home/airflow/.local/lib/python3.12/site-packages/airflow/example_dags/example_bash_operator.py took 1.671 seconds
[2025-06-23T05:54:20.726+0000] {processor.py:161} INFO - Started process (PID=423) to work on /home/airflow/.local/lib/python3.12/site-packages/airflow/example_dags/example_bash_operator.py
[2025-06-23T05:54:20.728+0000] {processor.py:830} INFO - Processing file /home/airflow/.local/lib/python3.12/site-packages/airflow/example_dags/example_bash_operator.py for tasks to queue
[2025-06-23T05:54:20.731+0000] {logging_mixin.py:188} INFO - [2025-06-23T05:54:20.731+0000] {dagbag.py:545} INFO - Filling up the DagBag from /home/airflow/.local/lib/python3.12/site-packages/airflow/example_dags/example_bash_operator.py
[2025-06-23T05:54:20.754+0000] {processor.py:840} INFO - DAG(s) 'example_bash_operator' retrieved from /home/airflow/.local/lib/python3.12/site-packages/airflow/example_dags/example_bash_operator.py
[2025-06-23T05:54:20.809+0000] {logging_mixin.py:188} INFO - [2025-06-23T05:54:20.808+0000] {dag.py:3089} INFO - Sync 1 DAGs
[2025-06-23T05:54:20.850+0000] {logging_mixin.py:188} INFO - [2025-06-23T05:54:20.850+0000] {dag.py:3947} INFO - Setting next_dagrun for example_bash_operator to 2025-06-22 00:00:00+00:00, run_after=2025-06-23 00:00:00+00:00
[2025-06-23T05:54:20.886+0000] {processor.py:183} INFO - Processing /home/airflow/.local/lib/python3.12/site-packages/airflow/example_dags/example_bash_operator.py took 0.171 seconds
[2025-06-23T05:54:51.181+0000] {processor.py:161} INFO - Started process (PID=483) to work on /home/airflow/.local/lib/python3.12/site-packages/airflow/example_dags/example_bash_operator.py
[2025-06-23T05:54:51.196+0000] {processor.py:830} INFO - Processing file /home/airflow/.local/lib/python3.12/site-packages/airflow/example_dags/example_bash_operator.py for tasks to queue
[2025-06-23T05:54:51.222+0000] {logging_mixin.py:188} INFO - [2025-06-23T05:54:51.219+0000] {dagbag.py:545} INFO - Filling up the DagBag from /home/airflow/.local/lib/python3.12/site-packages/airflow/example_dags/example_bash_operator.py
[2025-06-23T05:54:51.427+0000] {processor.py:840} INFO - DAG(s) 'example_bash_operator' retrieved from /home/airflow/.local/lib/python3.12/site-packages/airflow/example_dags/example_bash_operator.py
[2025-06-23T05:54:51.803+0000] {logging_mixin.py:188} INFO - [2025-06-23T05:54:51.802+0000] {dag.py:3089} INFO - Sync 1 DAGs
[2025-06-23T05:54:52.032+0000] {logging_mixin.py:188} INFO - [2025-06-23T05:54:52.030+0000] {dag.py:3947} INFO - Setting next_dagrun for example_bash_operator to 2025-06-22 00:00:00+00:00, run_after=2025-06-23 00:00:00+00:00
[2025-06-23T05:54:52.125+0000] {processor.py:183} INFO - Processing /home/airflow/.local/lib/python3.12/site-packages/airflow/example_dags/example_bash_operator.py took 1.034 seconds
[2025-06-23T05:55:22.828+0000] {processor.py:161} INFO - Started process (PID=543) to work on /home/airflow/.local/lib/python3.12/site-packages/airflow/example_dags/example_bash_operator.py
[2025-06-23T05:55:22.832+0000] {processor.py:830} INFO - Processing file /home/airflow/.local/lib/python3.12/site-packages/airflow/example_dags/example_bash_operator.py for tasks to queue
[2025-06-23T05:55:22.837+0000] {logging_mixin.py:188} INFO - [2025-06-23T05:55:22.836+0000] {dagbag.py:545} INFO - Filling up the DagBag from /home/airflow/.local/lib/python3.12/site-packages/airflow/example_dags/example_bash_operator.py
[2025-06-23T05:55:22.860+0000] {processor.py:840} INFO - DAG(s) 'example_bash_operator' retrieved from /home/airflow/.local/lib/python3.12/site-packages/airflow/example_dags/example_bash_operator.py
[2025-06-23T05:55:22.919+0000] {logging_mixin.py:188} INFO - [2025-06-23T05:55:22.918+0000] {dag.py:3089} INFO - Sync 1 DAGs
[2025-06-23T05:55:22.972+0000] {logging_mixin.py:188} INFO - [2025-06-23T05:55:22.971+0000] {dag.py:3947} INFO - Setting next_dagrun for example_bash_operator to 2025-06-22 00:00:00+00:00, run_after=2025-06-23 00:00:00+00:00
[2025-06-23T05:55:23.036+0000] {processor.py:183} INFO - Processing /home/airflow/.local/lib/python3.12/site-packages/airflow/example_dags/example_bash_operator.py took 0.220 seconds
[2025-06-23T05:55:53.178+0000] {processor.py:161} INFO - Started process (PID=604) to work on /home/airflow/.local/lib/python3.12/site-packages/airflow/example_dags/example_bash_operator.py
[2025-06-23T05:55:53.180+0000] {processor.py:830} INFO - Processing file /home/airflow/.local/lib/python3.12/site-packages/airflow/example_dags/example_bash_operator.py for tasks to queue
[2025-06-23T05:55:53.185+0000] {logging_mixin.py:188} INFO - [2025-06-23T05:55:53.184+0000] {dagbag.py:545} INFO - Filling up the DagBag from /home/airflow/.local/lib/python3.12/site-packages/airflow/example_dags/example_bash_operator.py
[2025-06-23T05:55:53.207+0000] {processor.py:840} INFO - DAG(s) 'example_bash_operator' retrieved from /home/airflow/.local/lib/python3.12/site-packages/airflow/example_dags/example_bash_operator.py
[2025-06-23T05:55:53.297+0000] {logging_mixin.py:188} INFO - [2025-06-23T05:55:53.297+0000] {dag.py:3089} INFO - Sync 1 DAGs
[2025-06-23T05:55:53.391+0000] {logging_mixin.py:188} INFO - [2025-06-23T05:55:53.391+0000] {dag.py:3947} INFO - Setting next_dagrun for example_bash_operator to 2025-06-22 00:00:00+00:00, run_after=2025-06-23 00:00:00+00:00
[2025-06-23T05:55:53.445+0000] {processor.py:183} INFO - Processing /home/airflow/.local/lib/python3.12/site-packages/airflow/example_dags/example_bash_operator.py took 0.282 seconds
[2025-06-23T05:56:24.120+0000] {processor.py:161} INFO - Started process (PID=664) to work on /home/airflow/.local/lib/python3.12/site-packages/airflow/example_dags/example_bash_operator.py
[2025-06-23T05:56:24.122+0000] {processor.py:830} INFO - Processing file /home/airflow/.local/lib/python3.12/site-packages/airflow/example_dags/example_bash_operator.py for tasks to queue
[2025-06-23T05:56:24.126+0000] {logging_mixin.py:188} INFO - [2025-06-23T05:56:24.125+0000] {dagbag.py:545} INFO - Filling up the DagBag from /home/airflow/.local/lib/python3.12/site-packages/airflow/example_dags/example_bash_operator.py
[2025-06-23T05:56:24.147+0000] {processor.py:840} INFO - DAG(s) 'example_bash_operator' retrieved from /home/airflow/.local/lib/python3.12/site-packages/airflow/example_dags/example_bash_operator.py
[2025-06-23T05:56:24.192+0000] {logging_mixin.py:188} INFO - [2025-06-23T05:56:24.191+0000] {dag.py:3089} INFO - Sync 1 DAGs
[2025-06-23T05:56:24.232+0000] {logging_mixin.py:188} INFO - [2025-06-23T05:56:24.231+0000] {dag.py:3947} INFO - Setting next_dagrun for example_bash_operator to 2025-06-22 00:00:00+00:00, run_after=2025-06-23 00:00:00+00:00
[2025-06-23T05:56:24.271+0000] {processor.py:183} INFO - Processing /home/airflow/.local/lib/python3.12/site-packages/airflow/example_dags/example_bash_operator.py took 0.162 seconds
[2025-06-23T05:56:54.396+0000] {processor.py:161} INFO - Started process (PID=724) to work on /home/airflow/.local/lib/python3.12/site-packages/airflow/example_dags/example_bash_operator.py
[2025-06-23T05:56:54.398+0000] {processor.py:830} INFO - Processing file /home/airflow/.local/lib/python3.12/site-packages/airflow/example_dags/example_bash_operator.py for tasks to queue
[2025-06-23T05:56:54.405+0000] {logging_mixin.py:188} INFO - [2025-06-23T05:56:54.404+0000] {dagbag.py:545} INFO - Filling up the DagBag from /home/airflow/.local/lib/python3.12/site-packages/airflow/example_dags/example_bash_operator.py
[2025-06-23T05:56:54.434+0000] {processor.py:840} INFO - DAG(s) 'example_bash_operator' retrieved from /home/airflow/.local/lib/python3.12/site-packages/airflow/example_dags/example_bash_operator.py
[2025-06-23T05:56:54.487+0000] {logging_mixin.py:188} INFO - [2025-06-23T05:56:54.487+0000] {dag.py:3089} INFO - Sync 1 DAGs
[2025-06-23T05:56:54.544+0000] {logging_mixin.py:188} INFO - [2025-06-23T05:56:54.542+0000] {dag.py:3947} INFO - Setting next_dagrun for example_bash_operator to 2025-06-22 00:00:00+00:00, run_after=2025-06-23 00:00:00+00:00
[2025-06-23T05:56:54.621+0000] {processor.py:183} INFO - Processing /home/airflow/.local/lib/python3.12/site-packages/airflow/example_dags/example_bash_operator.py took 0.237 seconds
[2025-06-23T05:57:26.499+0000] {processor.py:161} INFO - Started process (PID=784) to work on /home/airflow/.local/lib/python3.12/site-packages/airflow/example_dags/example_bash_operator.py
[2025-06-23T05:57:26.501+0000] {processor.py:830} INFO - Processing file /home/airflow/.local/lib/python3.12/site-packages/airflow/example_dags/example_bash_operator.py for tasks to queue
[2025-06-23T05:57:26.504+0000] {logging_mixin.py:188} INFO - [2025-06-23T05:57:26.503+0000] {dagbag.py:545} INFO - Filling up the DagBag from /home/airflow/.local/lib/python3.12/site-packages/airflow/example_dags/example_bash_operator.py
[2025-06-23T05:57:26.525+0000] {processor.py:840} INFO - DAG(s) 'example_bash_operator' retrieved from /home/airflow/.local/lib/python3.12/site-packages/airflow/example_dags/example_bash_operator.py
[2025-06-23T05:57:26.568+0000] {logging_mixin.py:188} INFO - [2025-06-23T05:57:26.568+0000] {dag.py:3089} INFO - Sync 1 DAGs
[2025-06-23T05:57:26.609+0000] {logging_mixin.py:188} INFO - [2025-06-23T05:57:26.608+0000] {dag.py:3947} INFO - Setting next_dagrun for example_bash_operator to 2025-06-22 00:00:00+00:00, run_after=2025-06-23 00:00:00+00:00
[2025-06-23T05:57:26.658+0000] {processor.py:183} INFO - Processing /home/airflow/.local/lib/python3.12/site-packages/airflow/example_dags/example_bash_operator.py took 0.168 seconds
[2025-06-23T05:57:57.457+0000] {processor.py:161} INFO - Started process (PID=844) to work on /home/airflow/.local/lib/python3.12/site-packages/airflow/example_dags/example_bash_operator.py
[2025-06-23T05:57:57.459+0000] {processor.py:830} INFO - Processing file /home/airflow/.local/lib/python3.12/site-packages/airflow/example_dags/example_bash_operator.py for tasks to queue
[2025-06-23T05:57:57.463+0000] {logging_mixin.py:188} INFO - [2025-06-23T05:57:57.462+0000] {dagbag.py:545} INFO - Filling up the DagBag from /home/airflow/.local/lib/python3.12/site-packages/airflow/example_dags/example_bash_operator.py
[2025-06-23T05:57:57.483+0000] {processor.py:840} INFO - DAG(s) 'example_bash_operator' retrieved from /home/airflow/.local/lib/python3.12/site-packages/airflow/example_dags/example_bash_operator.py
[2025-06-23T05:57:57.529+0000] {logging_mixin.py:188} INFO - [2025-06-23T05:57:57.528+0000] {dag.py:3089} INFO - Sync 1 DAGs
[2025-06-23T05:57:57.575+0000] {logging_mixin.py:188} INFO - [2025-06-23T05:57:57.574+0000] {dag.py:3947} INFO - Setting next_dagrun for example_bash_operator to 2025-06-22 00:00:00+00:00, run_after=2025-06-23 00:00:00+00:00
[2025-06-23T05:57:57.613+0000] {processor.py:183} INFO - Processing /home/airflow/.local/lib/python3.12/site-packages/airflow/example_dags/example_bash_operator.py took 0.167 seconds
[2025-06-23T05:58:28.750+0000] {processor.py:161} INFO - Started process (PID=912) to work on /home/airflow/.local/lib/python3.12/site-packages/airflow/example_dags/example_bash_operator.py
[2025-06-23T05:58:28.762+0000] {processor.py:830} INFO - Processing file /home/airflow/.local/lib/python3.12/site-packages/airflow/example_dags/example_bash_operator.py for tasks to queue
[2025-06-23T05:58:28.766+0000] {logging_mixin.py:188} INFO - [2025-06-23T05:58:28.765+0000] {dagbag.py:545} INFO - Filling up the DagBag from /home/airflow/.local/lib/python3.12/site-packages/airflow/example_dags/example_bash_operator.py
[2025-06-23T05:58:28.792+0000] {processor.py:840} INFO - DAG(s) 'example_bash_operator' retrieved from /home/airflow/.local/lib/python3.12/site-packages/airflow/example_dags/example_bash_operator.py
[2025-06-23T05:58:28.935+0000] {logging_mixin.py:188} INFO - [2025-06-23T05:58:28.934+0000] {dag.py:3089} INFO - Sync 1 DAGs
[2025-06-23T05:58:29.119+0000] {logging_mixin.py:188} INFO - [2025-06-23T05:58:29.118+0000] {dag.py:3947} INFO - Setting next_dagrun for example_bash_operator to 2025-06-22 00:00:00+00:00, run_after=2025-06-23 00:00:00+00:00
[2025-06-23T05:58:29.239+0000] {processor.py:183} INFO - Processing /home/airflow/.local/lib/python3.12/site-packages/airflow/example_dags/example_bash_operator.py took 0.500 seconds
[2025-06-23T05:59:08.570+0000] {processor.py:161} INFO - Started process (PID=976) to work on /home/airflow/.local/lib/python3.12/site-packages/airflow/example_dags/example_bash_operator.py
[2025-06-23T05:59:08.572+0000] {processor.py:830} INFO - Processing file /home/airflow/.local/lib/python3.12/site-packages/airflow/example_dags/example_bash_operator.py for tasks to queue
[2025-06-23T05:59:08.577+0000] {logging_mixin.py:188} INFO - [2025-06-23T05:59:08.577+0000] {dagbag.py:545} INFO - Filling up the DagBag from /home/airflow/.local/lib/python3.12/site-packages/airflow/example_dags/example_bash_operator.py
[2025-06-23T05:59:08.605+0000] {processor.py:840} INFO - DAG(s) 'example_bash_operator' retrieved from /home/airflow/.local/lib/python3.12/site-packages/airflow/example_dags/example_bash_operator.py
[2025-06-23T05:59:08.668+0000] {logging_mixin.py:188} INFO - [2025-06-23T05:59:08.667+0000] {dag.py:3089} INFO - Sync 1 DAGs
[2025-06-23T05:59:08.725+0000] {logging_mixin.py:188} INFO - [2025-06-23T05:59:08.725+0000] {dag.py:3947} INFO - Setting next_dagrun for example_bash_operator to 2025-06-22 00:00:00+00:00, run_after=2025-06-23 00:00:00+00:00
[2025-06-23T05:59:08.774+0000] {processor.py:183} INFO - Processing /home/airflow/.local/lib/python3.12/site-packages/airflow/example_dags/example_bash_operator.py took 0.219 seconds
[2025-06-23T05:59:41.635+0000] {processor.py:161} INFO - Started process (PID=1038) to work on /home/airflow/.local/lib/python3.12/site-packages/airflow/example_dags/example_bash_operator.py
[2025-06-23T05:59:41.639+0000] {processor.py:830} INFO - Processing file /home/airflow/.local/lib/python3.12/site-packages/airflow/example_dags/example_bash_operator.py for tasks to queue
[2025-06-23T05:59:41.645+0000] {logging_mixin.py:188} INFO - [2025-06-23T05:59:41.644+0000] {dagbag.py:545} INFO - Filling up the DagBag from /home/airflow/.local/lib/python3.12/site-packages/airflow/example_dags/example_bash_operator.py
[2025-06-23T05:59:41.685+0000] {processor.py:840} INFO - DAG(s) 'example_bash_operator' retrieved from /home/airflow/.local/lib/python3.12/site-packages/airflow/example_dags/example_bash_operator.py
[2025-06-23T05:59:41.789+0000] {logging_mixin.py:188} INFO - [2025-06-23T05:59:41.789+0000] {dag.py:3089} INFO - Sync 1 DAGs
[2025-06-23T05:59:41.861+0000] {logging_mixin.py:188} INFO - [2025-06-23T05:59:41.861+0000] {dag.py:3947} INFO - Setting next_dagrun for example_bash_operator to 2025-06-22 00:00:00+00:00, run_after=2025-06-23 00:00:00+00:00
[2025-06-23T05:59:41.909+0000] {processor.py:183} INFO - Processing /home/airflow/.local/lib/python3.12/site-packages/airflow/example_dags/example_bash_operator.py took 0.292 seconds
[2025-06-23T06:00:20.071+0000] {processor.py:161} INFO - Started process (PID=1103) to work on /home/airflow/.local/lib/python3.12/site-packages/airflow/example_dags/example_bash_operator.py
[2025-06-23T06:00:20.080+0000] {processor.py:830} INFO - Processing file /home/airflow/.local/lib/python3.12/site-packages/airflow/example_dags/example_bash_operator.py for tasks to queue
[2025-06-23T06:00:20.090+0000] {logging_mixin.py:188} INFO - [2025-06-23T06:00:20.087+0000] {dagbag.py:545} INFO - Filling up the DagBag from /home/airflow/.local/lib/python3.12/site-packages/airflow/example_dags/example_bash_operator.py
[2025-06-23T06:00:20.154+0000] {processor.py:840} INFO - DAG(s) 'example_bash_operator' retrieved from /home/airflow/.local/lib/python3.12/site-packages/airflow/example_dags/example_bash_operator.py
[2025-06-23T06:00:20.359+0000] {logging_mixin.py:188} INFO - [2025-06-23T06:00:20.358+0000] {dag.py:3089} INFO - Sync 1 DAGs
[2025-06-23T06:00:20.578+0000] {logging_mixin.py:188} INFO - [2025-06-23T06:00:20.577+0000] {dag.py:3947} INFO - Setting next_dagrun for example_bash_operator to 2025-06-22 00:00:00+00:00, run_after=2025-06-23 00:00:00+00:00
[2025-06-23T06:00:20.664+0000] {processor.py:183} INFO - Processing /home/airflow/.local/lib/python3.12/site-packages/airflow/example_dags/example_bash_operator.py took 0.621 seconds
[2025-06-23T06:00:51.152+0000] {processor.py:161} INFO - Started process (PID=1163) to work on /home/airflow/.local/lib/python3.12/site-packages/airflow/example_dags/example_bash_operator.py
[2025-06-23T06:00:51.154+0000] {processor.py:830} INFO - Processing file /home/airflow/.local/lib/python3.12/site-packages/airflow/example_dags/example_bash_operator.py for tasks to queue
[2025-06-23T06:00:51.157+0000] {logging_mixin.py:188} INFO - [2025-06-23T06:00:51.156+0000] {dagbag.py:545} INFO - Filling up the DagBag from /home/airflow/.local/lib/python3.12/site-packages/airflow/example_dags/example_bash_operator.py
[2025-06-23T06:00:51.174+0000] {processor.py:840} INFO - DAG(s) 'example_bash_operator' retrieved from /home/airflow/.local/lib/python3.12/site-packages/airflow/example_dags/example_bash_operator.py
[2025-06-23T06:00:51.215+0000] {logging_mixin.py:188} INFO - [2025-06-23T06:00:51.215+0000] {dag.py:3089} INFO - Sync 1 DAGs
[2025-06-23T06:00:51.258+0000] {logging_mixin.py:188} INFO - [2025-06-23T06:00:51.258+0000] {dag.py:3947} INFO - Setting next_dagrun for example_bash_operator to 2025-06-22 00:00:00+00:00, run_after=2025-06-23 00:00:00+00:00
[2025-06-23T06:00:51.302+0000] {processor.py:183} INFO - Processing /home/airflow/.local/lib/python3.12/site-packages/airflow/example_dags/example_bash_operator.py took 0.162 seconds
[2025-06-23T06:01:22.210+0000] {processor.py:161} INFO - Started process (PID=1224) to work on /home/airflow/.local/lib/python3.12/site-packages/airflow/example_dags/example_bash_operator.py
[2025-06-23T06:01:22.212+0000] {processor.py:830} INFO - Processing file /home/airflow/.local/lib/python3.12/site-packages/airflow/example_dags/example_bash_operator.py for tasks to queue
[2025-06-23T06:01:22.216+0000] {logging_mixin.py:188} INFO - [2025-06-23T06:01:22.215+0000] {dagbag.py:545} INFO - Filling up the DagBag from /home/airflow/.local/lib/python3.12/site-packages/airflow/example_dags/example_bash_operator.py
[2025-06-23T06:01:22.248+0000] {processor.py:840} INFO - DAG(s) 'example_bash_operator' retrieved from /home/airflow/.local/lib/python3.12/site-packages/airflow/example_dags/example_bash_operator.py
[2025-06-23T06:01:22.314+0000] {logging_mixin.py:188} INFO - [2025-06-23T06:01:22.314+0000] {dag.py:3089} INFO - Sync 1 DAGs
[2025-06-23T06:01:22.355+0000] {logging_mixin.py:188} INFO - [2025-06-23T06:01:22.355+0000] {dag.py:3947} INFO - Setting next_dagrun for example_bash_operator to 2025-06-22 00:00:00+00:00, run_after=2025-06-23 00:00:00+00:00
[2025-06-23T06:01:22.392+0000] {processor.py:183} INFO - Processing /home/airflow/.local/lib/python3.12/site-packages/airflow/example_dags/example_bash_operator.py took 0.192 seconds
[2025-06-23T06:01:53.154+0000] {processor.py:161} INFO - Started process (PID=1287) to work on /home/airflow/.local/lib/python3.12/site-packages/airflow/example_dags/example_bash_operator.py
[2025-06-23T06:01:53.159+0000] {processor.py:830} INFO - Processing file /home/airflow/.local/lib/python3.12/site-packages/airflow/example_dags/example_bash_operator.py for tasks to queue
[2025-06-23T06:01:53.163+0000] {logging_mixin.py:188} INFO - [2025-06-23T06:01:53.162+0000] {dagbag.py:545} INFO - Filling up the DagBag from /home/airflow/.local/lib/python3.12/site-packages/airflow/example_dags/example_bash_operator.py
[2025-06-23T06:01:53.190+0000] {processor.py:840} INFO - DAG(s) 'example_bash_operator' retrieved from /home/airflow/.local/lib/python3.12/site-packages/airflow/example_dags/example_bash_operator.py
[2025-06-23T06:01:53.264+0000] {logging_mixin.py:188} INFO - [2025-06-23T06:01:53.264+0000] {dag.py:3089} INFO - Sync 1 DAGs
[2025-06-23T06:01:53.325+0000] {logging_mixin.py:188} INFO - [2025-06-23T06:01:53.324+0000] {dag.py:3947} INFO - Setting next_dagrun for example_bash_operator to 2025-06-22 00:00:00+00:00, run_after=2025-06-23 00:00:00+00:00
[2025-06-23T06:01:53.394+0000] {processor.py:183} INFO - Processing /home/airflow/.local/lib/python3.12/site-packages/airflow/example_dags/example_bash_operator.py took 0.254 seconds
[2025-06-23T06:02:24.408+0000] {processor.py:161} INFO - Started process (PID=1347) to work on /home/airflow/.local/lib/python3.12/site-packages/airflow/example_dags/example_bash_operator.py
[2025-06-23T06:02:24.411+0000] {processor.py:830} INFO - Processing file /home/airflow/.local/lib/python3.12/site-packages/airflow/example_dags/example_bash_operator.py for tasks to queue
[2025-06-23T06:02:24.417+0000] {logging_mixin.py:188} INFO - [2025-06-23T06:02:24.415+0000] {dagbag.py:545} INFO - Filling up the DagBag from /home/airflow/.local/lib/python3.12/site-packages/airflow/example_dags/example_bash_operator.py
[2025-06-23T06:02:24.462+0000] {processor.py:840} INFO - DAG(s) 'example_bash_operator' retrieved from /home/airflow/.local/lib/python3.12/site-packages/airflow/example_dags/example_bash_operator.py
[2025-06-23T06:02:24.544+0000] {logging_mixin.py:188} INFO - [2025-06-23T06:02:24.543+0000] {dag.py:3089} INFO - Sync 1 DAGs
[2025-06-23T06:02:24.611+0000] {logging_mixin.py:188} INFO - [2025-06-23T06:02:24.610+0000] {dag.py:3947} INFO - Setting next_dagrun for example_bash_operator to 2025-06-22 00:00:00+00:00, run_after=2025-06-23 00:00:00+00:00
[2025-06-23T06:02:24.691+0000] {processor.py:183} INFO - Processing /home/airflow/.local/lib/python3.12/site-packages/airflow/example_dags/example_bash_operator.py took 0.301 seconds
[2025-06-23T06:02:58.349+0000] {processor.py:161} INFO - Started process (PID=1412) to work on /home/airflow/.local/lib/python3.12/site-packages/airflow/example_dags/example_bash_operator.py
[2025-06-23T06:02:58.353+0000] {processor.py:830} INFO - Processing file /home/airflow/.local/lib/python3.12/site-packages/airflow/example_dags/example_bash_operator.py for tasks to queue
[2025-06-23T06:02:58.358+0000] {logging_mixin.py:188} INFO - [2025-06-23T06:02:58.357+0000] {dagbag.py:545} INFO - Filling up the DagBag from /home/airflow/.local/lib/python3.12/site-packages/airflow/example_dags/example_bash_operator.py
[2025-06-23T06:02:58.390+0000] {processor.py:840} INFO - DAG(s) 'example_bash_operator' retrieved from /home/airflow/.local/lib/python3.12/site-packages/airflow/example_dags/example_bash_operator.py
[2025-06-23T06:02:58.462+0000] {logging_mixin.py:188} INFO - [2025-06-23T06:02:58.461+0000] {dag.py:3089} INFO - Sync 1 DAGs
[2025-06-23T06:02:58.529+0000] {logging_mixin.py:188} INFO - [2025-06-23T06:02:58.529+0000] {dag.py:3947} INFO - Setting next_dagrun for example_bash_operator to 2025-06-22 00:00:00+00:00, run_after=2025-06-23 00:00:00+00:00
[2025-06-23T06:02:58.570+0000] {processor.py:183} INFO - Processing /home/airflow/.local/lib/python3.12/site-packages/airflow/example_dags/example_bash_operator.py took 0.234 seconds
[2025-06-23T06:03:30.489+0000] {processor.py:161} INFO - Started process (PID=1476) to work on /home/airflow/.local/lib/python3.12/site-packages/airflow/example_dags/example_bash_operator.py
[2025-06-23T06:03:30.492+0000] {processor.py:830} INFO - Processing file /home/airflow/.local/lib/python3.12/site-packages/airflow/example_dags/example_bash_operator.py for tasks to queue
[2025-06-23T06:03:30.496+0000] {logging_mixin.py:188} INFO - [2025-06-23T06:03:30.495+0000] {dagbag.py:545} INFO - Filling up the DagBag from /home/airflow/.local/lib/python3.12/site-packages/airflow/example_dags/example_bash_operator.py
[2025-06-23T06:03:30.517+0000] {processor.py:840} INFO - DAG(s) 'example_bash_operator' retrieved from /home/airflow/.local/lib/python3.12/site-packages/airflow/example_dags/example_bash_operator.py
[2025-06-23T06:03:30.574+0000] {logging_mixin.py:188} INFO - [2025-06-23T06:03:30.573+0000] {dag.py:3089} INFO - Sync 1 DAGs
[2025-06-23T06:03:30.637+0000] {logging_mixin.py:188} INFO - [2025-06-23T06:03:30.636+0000] {dag.py:3947} INFO - Setting next_dagrun for example_bash_operator to 2025-06-22 00:00:00+00:00, run_after=2025-06-23 00:00:00+00:00
[2025-06-23T06:03:30.700+0000] {processor.py:183} INFO - Processing /home/airflow/.local/lib/python3.12/site-packages/airflow/example_dags/example_bash_operator.py took 0.222 seconds
[2025-06-23T06:04:06.456+0000] {processor.py:161} INFO - Started process (PID=1538) to work on /home/airflow/.local/lib/python3.12/site-packages/airflow/example_dags/example_bash_operator.py
[2025-06-23T06:04:06.483+0000] {processor.py:830} INFO - Processing file /home/airflow/.local/lib/python3.12/site-packages/airflow/example_dags/example_bash_operator.py for tasks to queue
[2025-06-23T06:04:06.486+0000] {logging_mixin.py:188} INFO - [2025-06-23T06:04:06.485+0000] {dagbag.py:545} INFO - Filling up the DagBag from /home/airflow/.local/lib/python3.12/site-packages/airflow/example_dags/example_bash_operator.py
[2025-06-23T06:04:06.512+0000] {processor.py:840} INFO - DAG(s) 'example_bash_operator' retrieved from /home/airflow/.local/lib/python3.12/site-packages/airflow/example_dags/example_bash_operator.py
[2025-06-23T06:04:06.577+0000] {logging_mixin.py:188} INFO - [2025-06-23T06:04:06.575+0000] {dag.py:3089} INFO - Sync 1 DAGs
[2025-06-23T06:04:06.652+0000] {logging_mixin.py:188} INFO - [2025-06-23T06:04:06.651+0000] {dag.py:3947} INFO - Setting next_dagrun for example_bash_operator to 2025-06-22 00:00:00+00:00, run_after=2025-06-23 00:00:00+00:00
[2025-06-23T06:04:06.711+0000] {processor.py:183} INFO - Processing /home/airflow/.local/lib/python3.12/site-packages/airflow/example_dags/example_bash_operator.py took 0.264 seconds
