[2025-06-23T05:51:30.285+0000] {processor.py:161} INFO - Started process (PID=109) to work on /home/airflow/.local/lib/python3.12/site-packages/airflow/example_dags/example_latest_only.py
[2025-06-23T05:51:30.289+0000] {processor.py:830} INFO - Processing file /home/airflow/.local/lib/python3.12/site-packages/airflow/example_dags/example_latest_only.py for tasks to queue
[2025-06-23T05:51:30.300+0000] {logging_mixin.py:188} INFO - [2025-06-23T05:51:30.299+0000] {dagbag.py:545} INFO - Filling up the DagBag from /home/airflow/.local/lib/python3.12/site-packages/airflow/example_dags/example_latest_only.py
[2025-06-23T05:51:30.326+0000] {processor.py:840} INFO - DAG(s) 'latest_only' retrieved from /home/airflow/.local/lib/python3.12/site-packages/airflow/example_dags/example_latest_only.py
[2025-06-23T05:51:30.876+0000] {logging_mixin.py:188} INFO - [2025-06-23T05:51:30.876+0000] {dag.py:3089} INFO - Sync 1 DAGs
[2025-06-23T05:51:30.957+0000] {logging_mixin.py:188} INFO - [2025-06-23T05:51:30.956+0000] {dag.py:3947} INFO - Setting next_dagrun for latest_only to 2025-06-23 00:00:00+00:00, run_after=2025-06-23 04:00:00+00:00
[2025-06-23T05:51:31.042+0000] {processor.py:183} INFO - Processing /home/airflow/.local/lib/python3.12/site-packages/airflow/example_dags/example_latest_only.py took 0.784 seconds
[2025-06-23T05:52:01.137+0000] {processor.py:161} INFO - Started process (PID=169) to work on /home/airflow/.local/lib/python3.12/site-packages/airflow/example_dags/example_latest_only.py
[2025-06-23T05:52:01.140+0000] {processor.py:830} INFO - Processing file /home/airflow/.local/lib/python3.12/site-packages/airflow/example_dags/example_latest_only.py for tasks to queue
[2025-06-23T05:52:01.144+0000] {logging_mixin.py:188} INFO - [2025-06-23T05:52:01.144+0000] {dagbag.py:545} INFO - Filling up the DagBag from /home/airflow/.local/lib/python3.12/site-packages/airflow/example_dags/example_latest_only.py
[2025-06-23T05:52:01.153+0000] {processor.py:840} INFO - DAG(s) 'latest_only' retrieved from /home/airflow/.local/lib/python3.12/site-packages/airflow/example_dags/example_latest_only.py
[2025-06-23T05:52:01.186+0000] {logging_mixin.py:188} INFO - [2025-06-23T05:52:01.186+0000] {dag.py:3089} INFO - Sync 1 DAGs
[2025-06-23T05:52:01.220+0000] {logging_mixin.py:188} INFO - [2025-06-23T05:52:01.219+0000] {dag.py:3947} INFO - Setting next_dagrun for latest_only to 2025-06-23 00:00:00+00:00, run_after=2025-06-23 04:00:00+00:00
[2025-06-23T05:52:01.256+0000] {processor.py:183} INFO - Processing /home/airflow/.local/lib/python3.12/site-packages/airflow/example_dags/example_latest_only.py took 0.129 seconds
[2025-06-23T05:52:32.932+0000] {processor.py:161} INFO - Started process (PID=230) to work on /home/airflow/.local/lib/python3.12/site-packages/airflow/example_dags/example_latest_only.py
[2025-06-23T05:52:33.066+0000] {processor.py:830} INFO - Processing file /home/airflow/.local/lib/python3.12/site-packages/airflow/example_dags/example_latest_only.py for tasks to queue
[2025-06-23T05:52:33.070+0000] {logging_mixin.py:188} INFO - [2025-06-23T05:52:33.069+0000] {dagbag.py:545} INFO - Filling up the DagBag from /home/airflow/.local/lib/python3.12/site-packages/airflow/example_dags/example_latest_only.py
[2025-06-23T05:52:33.086+0000] {processor.py:840} INFO - DAG(s) 'latest_only' retrieved from /home/airflow/.local/lib/python3.12/site-packages/airflow/example_dags/example_latest_only.py
[2025-06-23T05:52:33.124+0000] {logging_mixin.py:188} INFO - [2025-06-23T05:52:33.124+0000] {dag.py:3089} INFO - Sync 1 DAGs
[2025-06-23T05:52:33.204+0000] {logging_mixin.py:188} INFO - [2025-06-23T05:52:33.204+0000] {dag.py:3947} INFO - Setting next_dagrun for latest_only to 2025-06-23 00:00:00+00:00, run_after=2025-06-23 04:00:00+00:00
[2025-06-23T05:52:35.342+0000] {processor.py:183} INFO - Processing /home/airflow/.local/lib/python3.12/site-packages/airflow/example_dags/example_latest_only.py took 2.421 seconds
[2025-06-23T05:53:05.909+0000] {processor.py:161} INFO - Started process (PID=288) to work on /home/airflow/.local/lib/python3.12/site-packages/airflow/example_dags/example_latest_only.py
[2025-06-23T05:53:05.911+0000] {processor.py:830} INFO - Processing file /home/airflow/.local/lib/python3.12/site-packages/airflow/example_dags/example_latest_only.py for tasks to queue
[2025-06-23T05:53:05.914+0000] {logging_mixin.py:188} INFO - [2025-06-23T05:53:05.914+0000] {dagbag.py:545} INFO - Filling up the DagBag from /home/airflow/.local/lib/python3.12/site-packages/airflow/example_dags/example_latest_only.py
[2025-06-23T05:53:05.923+0000] {processor.py:840} INFO - DAG(s) 'latest_only' retrieved from /home/airflow/.local/lib/python3.12/site-packages/airflow/example_dags/example_latest_only.py
[2025-06-23T05:53:05.959+0000] {logging_mixin.py:188} INFO - [2025-06-23T05:53:05.959+0000] {dag.py:3089} INFO - Sync 1 DAGs
[2025-06-23T05:53:05.998+0000] {logging_mixin.py:188} INFO - [2025-06-23T05:53:05.998+0000] {dag.py:3947} INFO - Setting next_dagrun for latest_only to 2025-06-23 00:00:00+00:00, run_after=2025-06-23 04:00:00+00:00
[2025-06-23T05:53:06.038+0000] {processor.py:183} INFO - Processing /home/airflow/.local/lib/python3.12/site-packages/airflow/example_dags/example_latest_only.py took 0.139 seconds
[2025-06-23T05:53:36.420+0000] {processor.py:161} INFO - Started process (PID=348) to work on /home/airflow/.local/lib/python3.12/site-packages/airflow/example_dags/example_latest_only.py
[2025-06-23T05:53:36.422+0000] {processor.py:830} INFO - Processing file /home/airflow/.local/lib/python3.12/site-packages/airflow/example_dags/example_latest_only.py for tasks to queue
[2025-06-23T05:53:36.426+0000] {logging_mixin.py:188} INFO - [2025-06-23T05:53:36.426+0000] {dagbag.py:545} INFO - Filling up the DagBag from /home/airflow/.local/lib/python3.12/site-packages/airflow/example_dags/example_latest_only.py
[2025-06-23T05:53:36.436+0000] {processor.py:840} INFO - DAG(s) 'latest_only' retrieved from /home/airflow/.local/lib/python3.12/site-packages/airflow/example_dags/example_latest_only.py
[2025-06-23T05:53:36.528+0000] {logging_mixin.py:188} INFO - [2025-06-23T05:53:36.528+0000] {dag.py:3089} INFO - Sync 1 DAGs
[2025-06-23T05:53:36.570+0000] {logging_mixin.py:188} INFO - [2025-06-23T05:53:36.570+0000] {dag.py:3947} INFO - Setting next_dagrun for latest_only to 2025-06-23 00:00:00+00:00, run_after=2025-06-23 04:00:00+00:00
[2025-06-23T05:53:36.614+0000] {processor.py:183} INFO - Processing /home/airflow/.local/lib/python3.12/site-packages/airflow/example_dags/example_latest_only.py took 0.212 seconds
[2025-06-23T05:54:11.847+0000] {processor.py:161} INFO - Started process (PID=411) to work on /home/airflow/.local/lib/python3.12/site-packages/airflow/example_dags/example_latest_only.py
[2025-06-23T05:54:11.853+0000] {processor.py:830} INFO - Processing file /home/airflow/.local/lib/python3.12/site-packages/airflow/example_dags/example_latest_only.py for tasks to queue
[2025-06-23T05:54:11.861+0000] {logging_mixin.py:188} INFO - [2025-06-23T05:54:11.859+0000] {dagbag.py:545} INFO - Filling up the DagBag from /home/airflow/.local/lib/python3.12/site-packages/airflow/example_dags/example_latest_only.py
[2025-06-23T05:54:11.881+0000] {processor.py:840} INFO - DAG(s) 'latest_only' retrieved from /home/airflow/.local/lib/python3.12/site-packages/airflow/example_dags/example_latest_only.py
[2025-06-23T05:54:11.954+0000] {logging_mixin.py:188} INFO - [2025-06-23T05:54:11.953+0000] {dag.py:3089} INFO - Sync 1 DAGs
[2025-06-23T05:54:12.033+0000] {logging_mixin.py:188} INFO - [2025-06-23T05:54:12.033+0000] {dag.py:3947} INFO - Setting next_dagrun for latest_only to 2025-06-23 00:00:00+00:00, run_after=2025-06-23 04:00:00+00:00
[2025-06-23T05:54:12.129+0000] {processor.py:183} INFO - Processing /home/airflow/.local/lib/python3.12/site-packages/airflow/example_dags/example_latest_only.py took 0.305 seconds
[2025-06-23T05:54:43.663+0000] {processor.py:161} INFO - Started process (PID=471) to work on /home/airflow/.local/lib/python3.12/site-packages/airflow/example_dags/example_latest_only.py
[2025-06-23T05:54:43.698+0000] {processor.py:830} INFO - Processing file /home/airflow/.local/lib/python3.12/site-packages/airflow/example_dags/example_latest_only.py for tasks to queue
[2025-06-23T05:54:43.744+0000] {logging_mixin.py:188} INFO - [2025-06-23T05:54:43.742+0000] {dagbag.py:545} INFO - Filling up the DagBag from /home/airflow/.local/lib/python3.12/site-packages/airflow/example_dags/example_latest_only.py
[2025-06-23T05:54:43.771+0000] {processor.py:840} INFO - DAG(s) 'latest_only' retrieved from /home/airflow/.local/lib/python3.12/site-packages/airflow/example_dags/example_latest_only.py
[2025-06-23T05:54:43.923+0000] {logging_mixin.py:188} INFO - [2025-06-23T05:54:43.922+0000] {dag.py:3089} INFO - Sync 1 DAGs
[2025-06-23T05:54:44.074+0000] {logging_mixin.py:188} INFO - [2025-06-23T05:54:44.073+0000] {dag.py:3947} INFO - Setting next_dagrun for latest_only to 2025-06-23 00:00:00+00:00, run_after=2025-06-23 04:00:00+00:00
[2025-06-23T05:54:44.200+0000] {processor.py:183} INFO - Processing /home/airflow/.local/lib/python3.12/site-packages/airflow/example_dags/example_latest_only.py took 0.576 seconds
[2025-06-23T05:55:16.141+0000] {processor.py:161} INFO - Started process (PID=531) to work on /home/airflow/.local/lib/python3.12/site-packages/airflow/example_dags/example_latest_only.py
[2025-06-23T05:55:16.147+0000] {processor.py:830} INFO - Processing file /home/airflow/.local/lib/python3.12/site-packages/airflow/example_dags/example_latest_only.py for tasks to queue
[2025-06-23T05:55:16.154+0000] {logging_mixin.py:188} INFO - [2025-06-23T05:55:16.152+0000] {dagbag.py:545} INFO - Filling up the DagBag from /home/airflow/.local/lib/python3.12/site-packages/airflow/example_dags/example_latest_only.py
[2025-06-23T05:55:16.168+0000] {processor.py:840} INFO - DAG(s) 'latest_only' retrieved from /home/airflow/.local/lib/python3.12/site-packages/airflow/example_dags/example_latest_only.py
[2025-06-23T05:55:16.226+0000] {logging_mixin.py:188} INFO - [2025-06-23T05:55:16.225+0000] {dag.py:3089} INFO - Sync 1 DAGs
[2025-06-23T05:55:16.298+0000] {logging_mixin.py:188} INFO - [2025-06-23T05:55:16.295+0000] {dag.py:3947} INFO - Setting next_dagrun for latest_only to 2025-06-23 00:00:00+00:00, run_after=2025-06-23 04:00:00+00:00
[2025-06-23T05:55:16.380+0000] {processor.py:183} INFO - Processing /home/airflow/.local/lib/python3.12/site-packages/airflow/example_dags/example_latest_only.py took 0.260 seconds
[2025-06-23T05:55:46.777+0000] {processor.py:161} INFO - Started process (PID=592) to work on /home/airflow/.local/lib/python3.12/site-packages/airflow/example_dags/example_latest_only.py
[2025-06-23T05:55:46.779+0000] {processor.py:830} INFO - Processing file /home/airflow/.local/lib/python3.12/site-packages/airflow/example_dags/example_latest_only.py for tasks to queue
[2025-06-23T05:55:46.784+0000] {logging_mixin.py:188} INFO - [2025-06-23T05:55:46.783+0000] {dagbag.py:545} INFO - Filling up the DagBag from /home/airflow/.local/lib/python3.12/site-packages/airflow/example_dags/example_latest_only.py
[2025-06-23T05:55:46.795+0000] {processor.py:840} INFO - DAG(s) 'latest_only' retrieved from /home/airflow/.local/lib/python3.12/site-packages/airflow/example_dags/example_latest_only.py
[2025-06-23T05:55:46.846+0000] {logging_mixin.py:188} INFO - [2025-06-23T05:55:46.845+0000] {dag.py:3089} INFO - Sync 1 DAGs
[2025-06-23T05:55:46.930+0000] {logging_mixin.py:188} INFO - [2025-06-23T05:55:46.929+0000] {dag.py:3947} INFO - Setting next_dagrun for latest_only to 2025-06-23 00:00:00+00:00, run_after=2025-06-23 04:00:00+00:00
[2025-06-23T05:55:46.998+0000] {processor.py:183} INFO - Processing /home/airflow/.local/lib/python3.12/site-packages/airflow/example_dags/example_latest_only.py took 0.235 seconds
[2025-06-23T05:56:21.678+0000] {processor.py:161} INFO - Started process (PID=652) to work on /home/airflow/.local/lib/python3.12/site-packages/airflow/example_dags/example_latest_only.py
[2025-06-23T05:56:21.680+0000] {processor.py:830} INFO - Processing file /home/airflow/.local/lib/python3.12/site-packages/airflow/example_dags/example_latest_only.py for tasks to queue
[2025-06-23T05:56:21.683+0000] {logging_mixin.py:188} INFO - [2025-06-23T05:56:21.683+0000] {dagbag.py:545} INFO - Filling up the DagBag from /home/airflow/.local/lib/python3.12/site-packages/airflow/example_dags/example_latest_only.py
[2025-06-23T05:56:21.691+0000] {processor.py:840} INFO - DAG(s) 'latest_only' retrieved from /home/airflow/.local/lib/python3.12/site-packages/airflow/example_dags/example_latest_only.py
[2025-06-23T05:56:21.734+0000] {logging_mixin.py:188} INFO - [2025-06-23T05:56:21.734+0000] {dag.py:3089} INFO - Sync 1 DAGs
[2025-06-23T05:56:21.781+0000] {logging_mixin.py:188} INFO - [2025-06-23T05:56:21.781+0000] {dag.py:3947} INFO - Setting next_dagrun for latest_only to 2025-06-23 00:00:00+00:00, run_after=2025-06-23 04:00:00+00:00
[2025-06-23T05:56:21.815+0000] {processor.py:183} INFO - Processing /home/airflow/.local/lib/python3.12/site-packages/airflow/example_dags/example_latest_only.py took 0.147 seconds
[2025-06-23T05:56:52.694+0000] {processor.py:161} INFO - Started process (PID=712) to work on /home/airflow/.local/lib/python3.12/site-packages/airflow/example_dags/example_latest_only.py
[2025-06-23T05:56:52.696+0000] {processor.py:830} INFO - Processing file /home/airflow/.local/lib/python3.12/site-packages/airflow/example_dags/example_latest_only.py for tasks to queue
[2025-06-23T05:56:52.701+0000] {logging_mixin.py:188} INFO - [2025-06-23T05:56:52.700+0000] {dagbag.py:545} INFO - Filling up the DagBag from /home/airflow/.local/lib/python3.12/site-packages/airflow/example_dags/example_latest_only.py
[2025-06-23T05:56:52.711+0000] {processor.py:840} INFO - DAG(s) 'latest_only' retrieved from /home/airflow/.local/lib/python3.12/site-packages/airflow/example_dags/example_latest_only.py
[2025-06-23T05:56:52.765+0000] {logging_mixin.py:188} INFO - [2025-06-23T05:56:52.764+0000] {dag.py:3089} INFO - Sync 1 DAGs
[2025-06-23T05:56:52.809+0000] {logging_mixin.py:188} INFO - [2025-06-23T05:56:52.809+0000] {dag.py:3947} INFO - Setting next_dagrun for latest_only to 2025-06-23 00:00:00+00:00, run_after=2025-06-23 04:00:00+00:00
[2025-06-23T05:56:52.849+0000] {processor.py:183} INFO - Processing /home/airflow/.local/lib/python3.12/site-packages/airflow/example_dags/example_latest_only.py took 0.165 seconds
[2025-06-23T05:57:24.769+0000] {processor.py:161} INFO - Started process (PID=772) to work on /home/airflow/.local/lib/python3.12/site-packages/airflow/example_dags/example_latest_only.py
[2025-06-23T05:57:24.772+0000] {processor.py:830} INFO - Processing file /home/airflow/.local/lib/python3.12/site-packages/airflow/example_dags/example_latest_only.py for tasks to queue
[2025-06-23T05:57:24.777+0000] {logging_mixin.py:188} INFO - [2025-06-23T05:57:24.776+0000] {dagbag.py:545} INFO - Filling up the DagBag from /home/airflow/.local/lib/python3.12/site-packages/airflow/example_dags/example_latest_only.py
[2025-06-23T05:57:24.789+0000] {processor.py:840} INFO - DAG(s) 'latest_only' retrieved from /home/airflow/.local/lib/python3.12/site-packages/airflow/example_dags/example_latest_only.py
[2025-06-23T05:57:24.836+0000] {logging_mixin.py:188} INFO - [2025-06-23T05:57:24.835+0000] {dag.py:3089} INFO - Sync 1 DAGs
[2025-06-23T05:57:24.915+0000] {logging_mixin.py:188} INFO - [2025-06-23T05:57:24.914+0000] {dag.py:3947} INFO - Setting next_dagrun for latest_only to 2025-06-23 00:00:00+00:00, run_after=2025-06-23 04:00:00+00:00
[2025-06-23T05:57:25.012+0000] {processor.py:183} INFO - Processing /home/airflow/.local/lib/python3.12/site-packages/airflow/example_dags/example_latest_only.py took 0.263 seconds
[2025-06-23T05:57:55.897+0000] {processor.py:161} INFO - Started process (PID=830) to work on /home/airflow/.local/lib/python3.12/site-packages/airflow/example_dags/example_latest_only.py
[2025-06-23T05:57:55.900+0000] {processor.py:830} INFO - Processing file /home/airflow/.local/lib/python3.12/site-packages/airflow/example_dags/example_latest_only.py for tasks to queue
[2025-06-23T05:57:55.906+0000] {logging_mixin.py:188} INFO - [2025-06-23T05:57:55.905+0000] {dagbag.py:545} INFO - Filling up the DagBag from /home/airflow/.local/lib/python3.12/site-packages/airflow/example_dags/example_latest_only.py
[2025-06-23T05:57:55.918+0000] {processor.py:840} INFO - DAG(s) 'latest_only' retrieved from /home/airflow/.local/lib/python3.12/site-packages/airflow/example_dags/example_latest_only.py
[2025-06-23T05:57:55.958+0000] {logging_mixin.py:188} INFO - [2025-06-23T05:57:55.957+0000] {dag.py:3089} INFO - Sync 1 DAGs
[2025-06-23T05:57:56.020+0000] {logging_mixin.py:188} INFO - [2025-06-23T05:57:56.019+0000] {dag.py:3947} INFO - Setting next_dagrun for latest_only to 2025-06-23 00:00:00+00:00, run_after=2025-06-23 04:00:00+00:00
[2025-06-23T05:57:56.061+0000] {processor.py:183} INFO - Processing /home/airflow/.local/lib/python3.12/site-packages/airflow/example_dags/example_latest_only.py took 0.185 seconds
[2025-06-23T05:58:26.424+0000] {processor.py:161} INFO - Started process (PID=898) to work on /home/airflow/.local/lib/python3.12/site-packages/airflow/example_dags/example_latest_only.py
[2025-06-23T05:58:26.427+0000] {processor.py:830} INFO - Processing file /home/airflow/.local/lib/python3.12/site-packages/airflow/example_dags/example_latest_only.py for tasks to queue
[2025-06-23T05:58:26.433+0000] {logging_mixin.py:188} INFO - [2025-06-23T05:58:26.432+0000] {dagbag.py:545} INFO - Filling up the DagBag from /home/airflow/.local/lib/python3.12/site-packages/airflow/example_dags/example_latest_only.py
[2025-06-23T05:58:26.445+0000] {processor.py:840} INFO - DAG(s) 'latest_only' retrieved from /home/airflow/.local/lib/python3.12/site-packages/airflow/example_dags/example_latest_only.py
[2025-06-23T05:58:26.491+0000] {logging_mixin.py:188} INFO - [2025-06-23T05:58:26.491+0000] {dag.py:3089} INFO - Sync 1 DAGs
[2025-06-23T05:58:26.532+0000] {logging_mixin.py:188} INFO - [2025-06-23T05:58:26.532+0000] {dag.py:3947} INFO - Setting next_dagrun for latest_only to 2025-06-23 00:00:00+00:00, run_after=2025-06-23 04:00:00+00:00
[2025-06-23T05:58:26.579+0000] {processor.py:183} INFO - Processing /home/airflow/.local/lib/python3.12/site-packages/airflow/example_dags/example_latest_only.py took 0.171 seconds
[2025-06-23T05:59:04.639+0000] {processor.py:161} INFO - Started process (PID=958) to work on /home/airflow/.local/lib/python3.12/site-packages/airflow/example_dags/example_latest_only.py
[2025-06-23T05:59:04.649+0000] {processor.py:830} INFO - Processing file /home/airflow/.local/lib/python3.12/site-packages/airflow/example_dags/example_latest_only.py for tasks to queue
[2025-06-23T05:59:04.656+0000] {logging_mixin.py:188} INFO - [2025-06-23T05:59:04.654+0000] {dagbag.py:545} INFO - Filling up the DagBag from /home/airflow/.local/lib/python3.12/site-packages/airflow/example_dags/example_latest_only.py
[2025-06-23T05:59:04.723+0000] {processor.py:840} INFO - DAG(s) 'latest_only' retrieved from /home/airflow/.local/lib/python3.12/site-packages/airflow/example_dags/example_latest_only.py
[2025-06-23T05:59:04.854+0000] {logging_mixin.py:188} INFO - [2025-06-23T05:59:04.853+0000] {dag.py:3089} INFO - Sync 1 DAGs
[2025-06-23T05:59:05.012+0000] {logging_mixin.py:188} INFO - [2025-06-23T05:59:05.011+0000] {dag.py:3947} INFO - Setting next_dagrun for latest_only to 2025-06-23 00:00:00+00:00, run_after=2025-06-23 04:00:00+00:00
[2025-06-23T05:59:05.129+0000] {processor.py:183} INFO - Processing /home/airflow/.local/lib/python3.12/site-packages/airflow/example_dags/example_latest_only.py took 0.517 seconds
[2025-06-23T05:59:38.223+0000] {processor.py:161} INFO - Started process (PID=1025) to work on /home/airflow/.local/lib/python3.12/site-packages/airflow/example_dags/example_latest_only.py
[2025-06-23T05:59:38.227+0000] {processor.py:830} INFO - Processing file /home/airflow/.local/lib/python3.12/site-packages/airflow/example_dags/example_latest_only.py for tasks to queue
[2025-06-23T05:59:38.235+0000] {logging_mixin.py:188} INFO - [2025-06-23T05:59:38.234+0000] {dagbag.py:545} INFO - Filling up the DagBag from /home/airflow/.local/lib/python3.12/site-packages/airflow/example_dags/example_latest_only.py
[2025-06-23T05:59:38.261+0000] {processor.py:840} INFO - DAG(s) 'latest_only' retrieved from /home/airflow/.local/lib/python3.12/site-packages/airflow/example_dags/example_latest_only.py
[2025-06-23T05:59:38.391+0000] {logging_mixin.py:188} INFO - [2025-06-23T05:59:38.389+0000] {dag.py:3089} INFO - Sync 1 DAGs
[2025-06-23T05:59:38.494+0000] {logging_mixin.py:188} INFO - [2025-06-23T05:59:38.493+0000] {dag.py:3947} INFO - Setting next_dagrun for latest_only to 2025-06-23 00:00:00+00:00, run_after=2025-06-23 04:00:00+00:00
[2025-06-23T05:59:38.580+0000] {processor.py:183} INFO - Processing /home/airflow/.local/lib/python3.12/site-packages/airflow/example_dags/example_latest_only.py took 0.387 seconds
[2025-06-23T06:00:11.570+0000] {processor.py:161} INFO - Started process (PID=1085) to work on /home/airflow/.local/lib/python3.12/site-packages/airflow/example_dags/example_latest_only.py
[2025-06-23T06:00:11.573+0000] {processor.py:830} INFO - Processing file /home/airflow/.local/lib/python3.12/site-packages/airflow/example_dags/example_latest_only.py for tasks to queue
[2025-06-23T06:00:11.579+0000] {logging_mixin.py:188} INFO - [2025-06-23T06:00:11.579+0000] {dagbag.py:545} INFO - Filling up the DagBag from /home/airflow/.local/lib/python3.12/site-packages/airflow/example_dags/example_latest_only.py
[2025-06-23T06:00:11.594+0000] {processor.py:840} INFO - DAG(s) 'latest_only' retrieved from /home/airflow/.local/lib/python3.12/site-packages/airflow/example_dags/example_latest_only.py
[2025-06-23T06:00:11.698+0000] {logging_mixin.py:188} INFO - [2025-06-23T06:00:11.697+0000] {dag.py:3089} INFO - Sync 1 DAGs
[2025-06-23T06:00:11.834+0000] {logging_mixin.py:188} INFO - [2025-06-23T06:00:11.833+0000] {dag.py:3947} INFO - Setting next_dagrun for latest_only to 2025-06-23 00:00:00+00:00, run_after=2025-06-23 04:00:00+00:00
[2025-06-23T06:00:11.894+0000] {processor.py:183} INFO - Processing /home/airflow/.local/lib/python3.12/site-packages/airflow/example_dags/example_latest_only.py took 0.342 seconds
[2025-06-23T06:00:42.223+0000] {processor.py:161} INFO - Started process (PID=1144) to work on /home/airflow/.local/lib/python3.12/site-packages/airflow/example_dags/example_latest_only.py
[2025-06-23T06:00:42.225+0000] {processor.py:830} INFO - Processing file /home/airflow/.local/lib/python3.12/site-packages/airflow/example_dags/example_latest_only.py for tasks to queue
[2025-06-23T06:00:42.229+0000] {logging_mixin.py:188} INFO - [2025-06-23T06:00:42.228+0000] {dagbag.py:545} INFO - Filling up the DagBag from /home/airflow/.local/lib/python3.12/site-packages/airflow/example_dags/example_latest_only.py
[2025-06-23T06:00:42.241+0000] {processor.py:840} INFO - DAG(s) 'latest_only' retrieved from /home/airflow/.local/lib/python3.12/site-packages/airflow/example_dags/example_latest_only.py
[2025-06-23T06:00:42.325+0000] {logging_mixin.py:188} INFO - [2025-06-23T06:00:42.325+0000] {dag.py:3089} INFO - Sync 1 DAGs
[2025-06-23T06:00:42.439+0000] {logging_mixin.py:188} INFO - [2025-06-23T06:00:42.438+0000] {dag.py:3947} INFO - Setting next_dagrun for latest_only to 2025-06-23 00:00:00+00:00, run_after=2025-06-23 04:00:00+00:00
[2025-06-23T06:00:42.477+0000] {processor.py:183} INFO - Processing /home/airflow/.local/lib/python3.12/site-packages/airflow/example_dags/example_latest_only.py took 0.264 seconds
[2025-06-23T06:01:12.727+0000] {processor.py:161} INFO - Started process (PID=1204) to work on /home/airflow/.local/lib/python3.12/site-packages/airflow/example_dags/example_latest_only.py
[2025-06-23T06:01:12.735+0000] {processor.py:830} INFO - Processing file /home/airflow/.local/lib/python3.12/site-packages/airflow/example_dags/example_latest_only.py for tasks to queue
[2025-06-23T06:01:12.742+0000] {logging_mixin.py:188} INFO - [2025-06-23T06:01:12.741+0000] {dagbag.py:545} INFO - Filling up the DagBag from /home/airflow/.local/lib/python3.12/site-packages/airflow/example_dags/example_latest_only.py
[2025-06-23T06:01:12.753+0000] {processor.py:840} INFO - DAG(s) 'latest_only' retrieved from /home/airflow/.local/lib/python3.12/site-packages/airflow/example_dags/example_latest_only.py
[2025-06-23T06:01:12.795+0000] {logging_mixin.py:188} INFO - [2025-06-23T06:01:12.795+0000] {dag.py:3089} INFO - Sync 1 DAGs
[2025-06-23T06:01:12.843+0000] {logging_mixin.py:188} INFO - [2025-06-23T06:01:12.842+0000] {dag.py:3947} INFO - Setting next_dagrun for latest_only to 2025-06-23 00:00:00+00:00, run_after=2025-06-23 04:00:00+00:00
[2025-06-23T06:01:12.885+0000] {processor.py:183} INFO - Processing /home/airflow/.local/lib/python3.12/site-packages/airflow/example_dags/example_latest_only.py took 0.181 seconds
[2025-06-23T06:01:42.992+0000] {processor.py:161} INFO - Started process (PID=1265) to work on /home/airflow/.local/lib/python3.12/site-packages/airflow/example_dags/example_latest_only.py
[2025-06-23T06:01:42.995+0000] {processor.py:830} INFO - Processing file /home/airflow/.local/lib/python3.12/site-packages/airflow/example_dags/example_latest_only.py for tasks to queue
[2025-06-23T06:01:43.000+0000] {logging_mixin.py:188} INFO - [2025-06-23T06:01:42.999+0000] {dagbag.py:545} INFO - Filling up the DagBag from /home/airflow/.local/lib/python3.12/site-packages/airflow/example_dags/example_latest_only.py
[2025-06-23T06:01:43.017+0000] {processor.py:840} INFO - DAG(s) 'latest_only' retrieved from /home/airflow/.local/lib/python3.12/site-packages/airflow/example_dags/example_latest_only.py
[2025-06-23T06:01:43.121+0000] {logging_mixin.py:188} INFO - [2025-06-23T06:01:43.120+0000] {dag.py:3089} INFO - Sync 1 DAGs
[2025-06-23T06:01:43.209+0000] {logging_mixin.py:188} INFO - [2025-06-23T06:01:43.208+0000] {dag.py:3947} INFO - Setting next_dagrun for latest_only to 2025-06-23 00:00:00+00:00, run_after=2025-06-23 04:00:00+00:00
[2025-06-23T06:01:43.269+0000] {processor.py:183} INFO - Processing /home/airflow/.local/lib/python3.12/site-packages/airflow/example_dags/example_latest_only.py took 0.291 seconds
[2025-06-23T06:02:13.960+0000] {processor.py:161} INFO - Started process (PID=1325) to work on /home/airflow/.local/lib/python3.12/site-packages/airflow/example_dags/example_latest_only.py
[2025-06-23T06:02:13.969+0000] {processor.py:830} INFO - Processing file /home/airflow/.local/lib/python3.12/site-packages/airflow/example_dags/example_latest_only.py for tasks to queue
[2025-06-23T06:02:13.984+0000] {logging_mixin.py:188} INFO - [2025-06-23T06:02:13.981+0000] {dagbag.py:545} INFO - Filling up the DagBag from /home/airflow/.local/lib/python3.12/site-packages/airflow/example_dags/example_latest_only.py
[2025-06-23T06:02:14.012+0000] {processor.py:840} INFO - DAG(s) 'latest_only' retrieved from /home/airflow/.local/lib/python3.12/site-packages/airflow/example_dags/example_latest_only.py
[2025-06-23T06:02:14.149+0000] {logging_mixin.py:188} INFO - [2025-06-23T06:02:14.148+0000] {dag.py:3089} INFO - Sync 1 DAGs
[2025-06-23T06:02:14.259+0000] {logging_mixin.py:188} INFO - [2025-06-23T06:02:14.258+0000] {dag.py:3947} INFO - Setting next_dagrun for latest_only to 2025-06-23 00:00:00+00:00, run_after=2025-06-23 04:00:00+00:00
[2025-06-23T06:02:14.304+0000] {processor.py:183} INFO - Processing /home/airflow/.local/lib/python3.12/site-packages/airflow/example_dags/example_latest_only.py took 0.394 seconds
[2025-06-23T06:02:45.203+0000] {processor.py:161} INFO - Started process (PID=1386) to work on /home/airflow/.local/lib/python3.12/site-packages/airflow/example_dags/example_latest_only.py
[2025-06-23T06:02:45.208+0000] {processor.py:830} INFO - Processing file /home/airflow/.local/lib/python3.12/site-packages/airflow/example_dags/example_latest_only.py for tasks to queue
[2025-06-23T06:02:45.217+0000] {logging_mixin.py:188} INFO - [2025-06-23T06:02:45.216+0000] {dagbag.py:545} INFO - Filling up the DagBag from /home/airflow/.local/lib/python3.12/site-packages/airflow/example_dags/example_latest_only.py
[2025-06-23T06:02:45.239+0000] {processor.py:840} INFO - DAG(s) 'latest_only' retrieved from /home/airflow/.local/lib/python3.12/site-packages/airflow/example_dags/example_latest_only.py
[2025-06-23T06:02:45.326+0000] {logging_mixin.py:188} INFO - [2025-06-23T06:02:45.325+0000] {dag.py:3089} INFO - Sync 1 DAGs
[2025-06-23T06:02:45.439+0000] {logging_mixin.py:188} INFO - [2025-06-23T06:02:45.438+0000] {dag.py:3947} INFO - Setting next_dagrun for latest_only to 2025-06-23 00:00:00+00:00, run_after=2025-06-23 04:00:00+00:00
[2025-06-23T06:02:45.512+0000] {processor.py:183} INFO - Processing /home/airflow/.local/lib/python3.12/site-packages/airflow/example_dags/example_latest_only.py took 0.330 seconds
[2025-06-23T06:03:16.387+0000] {processor.py:161} INFO - Started process (PID=1446) to work on /home/airflow/.local/lib/python3.12/site-packages/airflow/example_dags/example_latest_only.py
[2025-06-23T06:03:16.392+0000] {processor.py:830} INFO - Processing file /home/airflow/.local/lib/python3.12/site-packages/airflow/example_dags/example_latest_only.py for tasks to queue
[2025-06-23T06:03:16.399+0000] {logging_mixin.py:188} INFO - [2025-06-23T06:03:16.398+0000] {dagbag.py:545} INFO - Filling up the DagBag from /home/airflow/.local/lib/python3.12/site-packages/airflow/example_dags/example_latest_only.py
[2025-06-23T06:03:16.420+0000] {processor.py:840} INFO - DAG(s) 'latest_only' retrieved from /home/airflow/.local/lib/python3.12/site-packages/airflow/example_dags/example_latest_only.py
[2025-06-23T06:03:16.514+0000] {logging_mixin.py:188} INFO - [2025-06-23T06:03:16.514+0000] {dag.py:3089} INFO - Sync 1 DAGs
[2025-06-23T06:03:16.597+0000] {logging_mixin.py:188} INFO - [2025-06-23T06:03:16.596+0000] {dag.py:3947} INFO - Setting next_dagrun for latest_only to 2025-06-23 00:00:00+00:00, run_after=2025-06-23 04:00:00+00:00
[2025-06-23T06:03:16.657+0000] {processor.py:183} INFO - Processing /home/airflow/.local/lib/python3.12/site-packages/airflow/example_dags/example_latest_only.py took 0.294 seconds
[2025-06-23T06:03:47.989+0000] {processor.py:161} INFO - Started process (PID=1507) to work on /home/airflow/.local/lib/python3.12/site-packages/airflow/example_dags/example_latest_only.py
[2025-06-23T06:03:48.002+0000] {processor.py:830} INFO - Processing file /home/airflow/.local/lib/python3.12/site-packages/airflow/example_dags/example_latest_only.py for tasks to queue
[2025-06-23T06:03:48.009+0000] {logging_mixin.py:188} INFO - [2025-06-23T06:03:48.007+0000] {dagbag.py:545} INFO - Filling up the DagBag from /home/airflow/.local/lib/python3.12/site-packages/airflow/example_dags/example_latest_only.py
[2025-06-23T06:03:48.033+0000] {processor.py:840} INFO - DAG(s) 'latest_only' retrieved from /home/airflow/.local/lib/python3.12/site-packages/airflow/example_dags/example_latest_only.py
[2025-06-23T06:03:48.128+0000] {logging_mixin.py:188} INFO - [2025-06-23T06:03:48.127+0000] {dag.py:3089} INFO - Sync 1 DAGs
[2025-06-23T06:03:48.196+0000] {logging_mixin.py:188} INFO - [2025-06-23T06:03:48.196+0000] {dag.py:3947} INFO - Setting next_dagrun for latest_only to 2025-06-23 00:00:00+00:00, run_after=2025-06-23 04:00:00+00:00
[2025-06-23T06:03:48.267+0000] {processor.py:183} INFO - Processing /home/airflow/.local/lib/python3.12/site-packages/airflow/example_dags/example_latest_only.py took 0.300 seconds
[2025-06-23T06:04:18.463+0000] {processor.py:161} INFO - Started process (PID=1567) to work on /home/airflow/.local/lib/python3.12/site-packages/airflow/example_dags/example_latest_only.py
[2025-06-23T06:04:18.469+0000] {processor.py:830} INFO - Processing file /home/airflow/.local/lib/python3.12/site-packages/airflow/example_dags/example_latest_only.py for tasks to queue
[2025-06-23T06:04:18.474+0000] {logging_mixin.py:188} INFO - [2025-06-23T06:04:18.473+0000] {dagbag.py:545} INFO - Filling up the DagBag from /home/airflow/.local/lib/python3.12/site-packages/airflow/example_dags/example_latest_only.py
[2025-06-23T06:04:18.489+0000] {processor.py:840} INFO - DAG(s) 'latest_only' retrieved from /home/airflow/.local/lib/python3.12/site-packages/airflow/example_dags/example_latest_only.py
[2025-06-23T06:04:18.550+0000] {logging_mixin.py:188} INFO - [2025-06-23T06:04:18.549+0000] {dag.py:3089} INFO - Sync 1 DAGs
[2025-06-23T06:04:18.595+0000] {logging_mixin.py:188} INFO - [2025-06-23T06:04:18.595+0000] {dag.py:3947} INFO - Setting next_dagrun for latest_only to 2025-06-23 00:00:00+00:00, run_after=2025-06-23 04:00:00+00:00
[2025-06-23T06:04:18.663+0000] {processor.py:183} INFO - Processing /home/airflow/.local/lib/python3.12/site-packages/airflow/example_dags/example_latest_only.py took 0.210 seconds
