[2025-06-23T05:51:39.052+0000] {processor.py:161} INFO - Started process (PID=114) to work on /home/airflow/.local/lib/python3.12/site-packages/airflow/example_dags/example_short_circuit_operator.py
[2025-06-23T05:51:39.063+0000] {processor.py:830} INFO - Processing file /home/airflow/.local/lib/python3.12/site-packages/airflow/example_dags/example_short_circuit_operator.py for tasks to queue
[2025-06-23T05:51:39.091+0000] {logging_mixin.py:188} INFO - [2025-06-23T05:51:39.087+0000] {dagbag.py:545} INFO - Filling up the DagBag from /home/airflow/.local/lib/python3.12/site-packages/airflow/example_dags/example_short_circuit_operator.py
[2025-06-23T05:51:39.163+0000] {processor.py:840} INFO - DAG(s) 'example_short_circuit_operator' retrieved from /home/airflow/.local/lib/python3.12/site-packages/airflow/example_dags/example_short_circuit_operator.py
[2025-06-23T05:51:40.156+0000] {logging_mixin.py:188} INFO - [2025-06-23T05:51:40.154+0000] {dag.py:3089} INFO - Sync 1 DAGs
[2025-06-23T05:51:40.255+0000] {logging_mixin.py:188} INFO - [2025-06-23T05:51:40.255+0000] {dag.py:3947} INFO - Setting next_dagrun for example_short_circuit_operator to 2025-06-22 00:00:00+00:00, run_after=2025-06-23 00:00:00+00:00
[2025-06-23T05:51:40.342+0000] {processor.py:183} INFO - Processing /home/airflow/.local/lib/python3.12/site-packages/airflow/example_dags/example_short_circuit_operator.py took 1.346 seconds
[2025-06-23T05:52:11.208+0000] {processor.py:161} INFO - Started process (PID=174) to work on /home/airflow/.local/lib/python3.12/site-packages/airflow/example_dags/example_short_circuit_operator.py
[2025-06-23T05:52:11.214+0000] {processor.py:830} INFO - Processing file /home/airflow/.local/lib/python3.12/site-packages/airflow/example_dags/example_short_circuit_operator.py for tasks to queue
[2025-06-23T05:52:11.218+0000] {logging_mixin.py:188} INFO - [2025-06-23T05:52:11.218+0000] {dagbag.py:545} INFO - Filling up the DagBag from /home/airflow/.local/lib/python3.12/site-packages/airflow/example_dags/example_short_circuit_operator.py
[2025-06-23T05:52:11.233+0000] {processor.py:840} INFO - DAG(s) 'example_short_circuit_operator' retrieved from /home/airflow/.local/lib/python3.12/site-packages/airflow/example_dags/example_short_circuit_operator.py
[2025-06-23T05:52:11.274+0000] {logging_mixin.py:188} INFO - [2025-06-23T05:52:11.274+0000] {dag.py:3089} INFO - Sync 1 DAGs
[2025-06-23T05:52:11.316+0000] {logging_mixin.py:188} INFO - [2025-06-23T05:52:11.316+0000] {dag.py:3947} INFO - Setting next_dagrun for example_short_circuit_operator to 2025-06-22 00:00:00+00:00, run_after=2025-06-23 00:00:00+00:00
[2025-06-23T05:52:11.356+0000] {processor.py:183} INFO - Processing /home/airflow/.local/lib/python3.12/site-packages/airflow/example_dags/example_short_circuit_operator.py took 0.161 seconds
[2025-06-23T05:52:41.531+0000] {processor.py:161} INFO - Started process (PID=235) to work on /home/airflow/.local/lib/python3.12/site-packages/airflow/example_dags/example_short_circuit_operator.py
[2025-06-23T05:52:41.537+0000] {processor.py:830} INFO - Processing file /home/airflow/.local/lib/python3.12/site-packages/airflow/example_dags/example_short_circuit_operator.py for tasks to queue
[2025-06-23T05:52:41.547+0000] {logging_mixin.py:188} INFO - [2025-06-23T05:52:41.545+0000] {dagbag.py:545} INFO - Filling up the DagBag from /home/airflow/.local/lib/python3.12/site-packages/airflow/example_dags/example_short_circuit_operator.py
[2025-06-23T05:52:41.588+0000] {processor.py:840} INFO - DAG(s) 'example_short_circuit_operator' retrieved from /home/airflow/.local/lib/python3.12/site-packages/airflow/example_dags/example_short_circuit_operator.py
[2025-06-23T05:52:41.753+0000] {logging_mixin.py:188} INFO - [2025-06-23T05:52:41.751+0000] {dag.py:3089} INFO - Sync 1 DAGs
[2025-06-23T05:52:41.873+0000] {logging_mixin.py:188} INFO - [2025-06-23T05:52:41.872+0000] {dag.py:3947} INFO - Setting next_dagrun for example_short_circuit_operator to 2025-06-22 00:00:00+00:00, run_after=2025-06-23 00:00:00+00:00
[2025-06-23T05:52:41.972+0000] {processor.py:183} INFO - Processing /home/airflow/.local/lib/python3.12/site-packages/airflow/example_dags/example_short_circuit_operator.py took 0.475 seconds
[2025-06-23T05:53:12.212+0000] {processor.py:161} INFO - Started process (PID=295) to work on /home/airflow/.local/lib/python3.12/site-packages/airflow/example_dags/example_short_circuit_operator.py
[2025-06-23T05:53:12.217+0000] {processor.py:830} INFO - Processing file /home/airflow/.local/lib/python3.12/site-packages/airflow/example_dags/example_short_circuit_operator.py for tasks to queue
[2025-06-23T05:53:12.220+0000] {logging_mixin.py:188} INFO - [2025-06-23T05:53:12.219+0000] {dagbag.py:545} INFO - Filling up the DagBag from /home/airflow/.local/lib/python3.12/site-packages/airflow/example_dags/example_short_circuit_operator.py
[2025-06-23T05:53:12.235+0000] {processor.py:840} INFO - DAG(s) 'example_short_circuit_operator' retrieved from /home/airflow/.local/lib/python3.12/site-packages/airflow/example_dags/example_short_circuit_operator.py
[2025-06-23T05:53:12.285+0000] {logging_mixin.py:188} INFO - [2025-06-23T05:53:12.285+0000] {dag.py:3089} INFO - Sync 1 DAGs
[2025-06-23T05:53:12.322+0000] {logging_mixin.py:188} INFO - [2025-06-23T05:53:12.321+0000] {dag.py:3947} INFO - Setting next_dagrun for example_short_circuit_operator to 2025-06-22 00:00:00+00:00, run_after=2025-06-23 00:00:00+00:00
[2025-06-23T05:53:12.377+0000] {processor.py:183} INFO - Processing /home/airflow/.local/lib/python3.12/site-packages/airflow/example_dags/example_short_circuit_operator.py took 0.173 seconds
[2025-06-23T05:53:42.628+0000] {processor.py:161} INFO - Started process (PID=353) to work on /home/airflow/.local/lib/python3.12/site-packages/airflow/example_dags/example_short_circuit_operator.py
[2025-06-23T05:53:42.630+0000] {processor.py:830} INFO - Processing file /home/airflow/.local/lib/python3.12/site-packages/airflow/example_dags/example_short_circuit_operator.py for tasks to queue
[2025-06-23T05:53:42.634+0000] {logging_mixin.py:188} INFO - [2025-06-23T05:53:42.633+0000] {dagbag.py:545} INFO - Filling up the DagBag from /home/airflow/.local/lib/python3.12/site-packages/airflow/example_dags/example_short_circuit_operator.py
[2025-06-23T05:53:42.650+0000] {processor.py:840} INFO - DAG(s) 'example_short_circuit_operator' retrieved from /home/airflow/.local/lib/python3.12/site-packages/airflow/example_dags/example_short_circuit_operator.py
[2025-06-23T05:53:42.708+0000] {logging_mixin.py:188} INFO - [2025-06-23T05:53:42.708+0000] {dag.py:3089} INFO - Sync 1 DAGs
[2025-06-23T05:53:42.762+0000] {logging_mixin.py:188} INFO - [2025-06-23T05:53:42.761+0000] {dag.py:3947} INFO - Setting next_dagrun for example_short_circuit_operator to 2025-06-22 00:00:00+00:00, run_after=2025-06-23 00:00:00+00:00
[2025-06-23T05:53:42.820+0000] {processor.py:183} INFO - Processing /home/airflow/.local/lib/python3.12/site-packages/airflow/example_dags/example_short_circuit_operator.py took 0.203 seconds
[2025-06-23T05:54:13.386+0000] {processor.py:161} INFO - Started process (PID=416) to work on /home/airflow/.local/lib/python3.12/site-packages/airflow/example_dags/example_short_circuit_operator.py
[2025-06-23T05:54:13.412+0000] {processor.py:830} INFO - Processing file /home/airflow/.local/lib/python3.12/site-packages/airflow/example_dags/example_short_circuit_operator.py for tasks to queue
[2025-06-23T05:54:13.416+0000] {logging_mixin.py:188} INFO - [2025-06-23T05:54:13.415+0000] {dagbag.py:545} INFO - Filling up the DagBag from /home/airflow/.local/lib/python3.12/site-packages/airflow/example_dags/example_short_circuit_operator.py
[2025-06-23T05:54:13.435+0000] {processor.py:840} INFO - DAG(s) 'example_short_circuit_operator' retrieved from /home/airflow/.local/lib/python3.12/site-packages/airflow/example_dags/example_short_circuit_operator.py
[2025-06-23T05:54:13.680+0000] {logging_mixin.py:188} INFO - [2025-06-23T05:54:13.679+0000] {dag.py:3089} INFO - Sync 1 DAGs
[2025-06-23T05:54:13.813+0000] {logging_mixin.py:188} INFO - [2025-06-23T05:54:13.803+0000] {dag.py:3947} INFO - Setting next_dagrun for example_short_circuit_operator to 2025-06-22 00:00:00+00:00, run_after=2025-06-23 00:00:00+00:00
[2025-06-23T05:54:13.939+0000] {processor.py:183} INFO - Processing /home/airflow/.local/lib/python3.12/site-packages/airflow/example_dags/example_short_circuit_operator.py took 0.592 seconds
[2025-06-23T05:54:45.856+0000] {processor.py:161} INFO - Started process (PID=476) to work on /home/airflow/.local/lib/python3.12/site-packages/airflow/example_dags/example_short_circuit_operator.py
[2025-06-23T05:54:45.861+0000] {processor.py:830} INFO - Processing file /home/airflow/.local/lib/python3.12/site-packages/airflow/example_dags/example_short_circuit_operator.py for tasks to queue
[2025-06-23T05:54:45.869+0000] {logging_mixin.py:188} INFO - [2025-06-23T05:54:45.867+0000] {dagbag.py:545} INFO - Filling up the DagBag from /home/airflow/.local/lib/python3.12/site-packages/airflow/example_dags/example_short_circuit_operator.py
[2025-06-23T05:54:45.909+0000] {processor.py:840} INFO - DAG(s) 'example_short_circuit_operator' retrieved from /home/airflow/.local/lib/python3.12/site-packages/airflow/example_dags/example_short_circuit_operator.py
[2025-06-23T05:54:46.071+0000] {logging_mixin.py:188} INFO - [2025-06-23T05:54:46.070+0000] {dag.py:3089} INFO - Sync 1 DAGs
[2025-06-23T05:54:46.175+0000] {logging_mixin.py:188} INFO - [2025-06-23T05:54:46.174+0000] {dag.py:3947} INFO - Setting next_dagrun for example_short_circuit_operator to 2025-06-22 00:00:00+00:00, run_after=2025-06-23 00:00:00+00:00
[2025-06-23T05:54:46.277+0000] {processor.py:183} INFO - Processing /home/airflow/.local/lib/python3.12/site-packages/airflow/example_dags/example_short_circuit_operator.py took 0.441 seconds
[2025-06-23T05:55:17.217+0000] {processor.py:161} INFO - Started process (PID=536) to work on /home/airflow/.local/lib/python3.12/site-packages/airflow/example_dags/example_short_circuit_operator.py
[2025-06-23T05:55:17.235+0000] {processor.py:830} INFO - Processing file /home/airflow/.local/lib/python3.12/site-packages/airflow/example_dags/example_short_circuit_operator.py for tasks to queue
[2025-06-23T05:55:17.244+0000] {logging_mixin.py:188} INFO - [2025-06-23T05:55:17.242+0000] {dagbag.py:545} INFO - Filling up the DagBag from /home/airflow/.local/lib/python3.12/site-packages/airflow/example_dags/example_short_circuit_operator.py
[2025-06-23T05:55:17.278+0000] {processor.py:840} INFO - DAG(s) 'example_short_circuit_operator' retrieved from /home/airflow/.local/lib/python3.12/site-packages/airflow/example_dags/example_short_circuit_operator.py
[2025-06-23T05:55:17.361+0000] {logging_mixin.py:188} INFO - [2025-06-23T05:55:17.359+0000] {dag.py:3089} INFO - Sync 1 DAGs
[2025-06-23T05:55:17.434+0000] {logging_mixin.py:188} INFO - [2025-06-23T05:55:17.433+0000] {dag.py:3947} INFO - Setting next_dagrun for example_short_circuit_operator to 2025-06-22 00:00:00+00:00, run_after=2025-06-23 00:00:00+00:00
[2025-06-23T05:55:17.511+0000] {processor.py:183} INFO - Processing /home/airflow/.local/lib/python3.12/site-packages/airflow/example_dags/example_short_circuit_operator.py took 0.316 seconds
[2025-06-23T05:55:47.972+0000] {processor.py:161} INFO - Started process (PID=597) to work on /home/airflow/.local/lib/python3.12/site-packages/airflow/example_dags/example_short_circuit_operator.py
[2025-06-23T05:55:47.975+0000] {processor.py:830} INFO - Processing file /home/airflow/.local/lib/python3.12/site-packages/airflow/example_dags/example_short_circuit_operator.py for tasks to queue
[2025-06-23T05:55:47.981+0000] {logging_mixin.py:188} INFO - [2025-06-23T05:55:47.980+0000] {dagbag.py:545} INFO - Filling up the DagBag from /home/airflow/.local/lib/python3.12/site-packages/airflow/example_dags/example_short_circuit_operator.py
[2025-06-23T05:55:48.001+0000] {processor.py:840} INFO - DAG(s) 'example_short_circuit_operator' retrieved from /home/airflow/.local/lib/python3.12/site-packages/airflow/example_dags/example_short_circuit_operator.py
[2025-06-23T05:55:48.067+0000] {logging_mixin.py:188} INFO - [2025-06-23T05:55:48.066+0000] {dag.py:3089} INFO - Sync 1 DAGs
[2025-06-23T05:55:48.140+0000] {logging_mixin.py:188} INFO - [2025-06-23T05:55:48.139+0000] {dag.py:3947} INFO - Setting next_dagrun for example_short_circuit_operator to 2025-06-22 00:00:00+00:00, run_after=2025-06-23 00:00:00+00:00
[2025-06-23T05:55:48.226+0000] {processor.py:183} INFO - Processing /home/airflow/.local/lib/python3.12/site-packages/airflow/example_dags/example_short_circuit_operator.py took 0.273 seconds
[2025-06-23T05:56:22.266+0000] {processor.py:161} INFO - Started process (PID=657) to work on /home/airflow/.local/lib/python3.12/site-packages/airflow/example_dags/example_short_circuit_operator.py
[2025-06-23T05:56:22.272+0000] {processor.py:830} INFO - Processing file /home/airflow/.local/lib/python3.12/site-packages/airflow/example_dags/example_short_circuit_operator.py for tasks to queue
[2025-06-23T05:56:22.276+0000] {logging_mixin.py:188} INFO - [2025-06-23T05:56:22.275+0000] {dagbag.py:545} INFO - Filling up the DagBag from /home/airflow/.local/lib/python3.12/site-packages/airflow/example_dags/example_short_circuit_operator.py
[2025-06-23T05:56:22.291+0000] {processor.py:840} INFO - DAG(s) 'example_short_circuit_operator' retrieved from /home/airflow/.local/lib/python3.12/site-packages/airflow/example_dags/example_short_circuit_operator.py
[2025-06-23T05:56:22.335+0000] {logging_mixin.py:188} INFO - [2025-06-23T05:56:22.335+0000] {dag.py:3089} INFO - Sync 1 DAGs
[2025-06-23T05:56:22.392+0000] {logging_mixin.py:188} INFO - [2025-06-23T05:56:22.391+0000] {dag.py:3947} INFO - Setting next_dagrun for example_short_circuit_operator to 2025-06-22 00:00:00+00:00, run_after=2025-06-23 00:00:00+00:00
[2025-06-23T05:56:22.449+0000] {processor.py:183} INFO - Processing /home/airflow/.local/lib/python3.12/site-packages/airflow/example_dags/example_short_circuit_operator.py took 0.193 seconds
[2025-06-23T05:56:53.412+0000] {processor.py:161} INFO - Started process (PID=717) to work on /home/airflow/.local/lib/python3.12/site-packages/airflow/example_dags/example_short_circuit_operator.py
[2025-06-23T05:56:53.415+0000] {processor.py:830} INFO - Processing file /home/airflow/.local/lib/python3.12/site-packages/airflow/example_dags/example_short_circuit_operator.py for tasks to queue
[2025-06-23T05:56:53.420+0000] {logging_mixin.py:188} INFO - [2025-06-23T05:56:53.419+0000] {dagbag.py:545} INFO - Filling up the DagBag from /home/airflow/.local/lib/python3.12/site-packages/airflow/example_dags/example_short_circuit_operator.py
[2025-06-23T05:56:53.437+0000] {processor.py:840} INFO - DAG(s) 'example_short_circuit_operator' retrieved from /home/airflow/.local/lib/python3.12/site-packages/airflow/example_dags/example_short_circuit_operator.py
[2025-06-23T05:56:53.496+0000] {logging_mixin.py:188} INFO - [2025-06-23T05:56:53.496+0000] {dag.py:3089} INFO - Sync 1 DAGs
[2025-06-23T05:56:53.551+0000] {logging_mixin.py:188} INFO - [2025-06-23T05:56:53.550+0000] {dag.py:3947} INFO - Setting next_dagrun for example_short_circuit_operator to 2025-06-22 00:00:00+00:00, run_after=2025-06-23 00:00:00+00:00
[2025-06-23T05:56:53.605+0000] {processor.py:183} INFO - Processing /home/airflow/.local/lib/python3.12/site-packages/airflow/example_dags/example_short_circuit_operator.py took 0.204 seconds
[2025-06-23T05:57:25.773+0000] {processor.py:161} INFO - Started process (PID=777) to work on /home/airflow/.local/lib/python3.12/site-packages/airflow/example_dags/example_short_circuit_operator.py
[2025-06-23T05:57:25.776+0000] {processor.py:830} INFO - Processing file /home/airflow/.local/lib/python3.12/site-packages/airflow/example_dags/example_short_circuit_operator.py for tasks to queue
[2025-06-23T05:57:25.781+0000] {logging_mixin.py:188} INFO - [2025-06-23T05:57:25.780+0000] {dagbag.py:545} INFO - Filling up the DagBag from /home/airflow/.local/lib/python3.12/site-packages/airflow/example_dags/example_short_circuit_operator.py
[2025-06-23T05:57:25.796+0000] {processor.py:840} INFO - DAG(s) 'example_short_circuit_operator' retrieved from /home/airflow/.local/lib/python3.12/site-packages/airflow/example_dags/example_short_circuit_operator.py
[2025-06-23T05:57:25.846+0000] {logging_mixin.py:188} INFO - [2025-06-23T05:57:25.846+0000] {dag.py:3089} INFO - Sync 1 DAGs
[2025-06-23T05:57:25.894+0000] {logging_mixin.py:188} INFO - [2025-06-23T05:57:25.893+0000] {dag.py:3947} INFO - Setting next_dagrun for example_short_circuit_operator to 2025-06-22 00:00:00+00:00, run_after=2025-06-23 00:00:00+00:00
[2025-06-23T05:57:25.937+0000] {processor.py:183} INFO - Processing /home/airflow/.local/lib/python3.12/site-packages/airflow/example_dags/example_short_circuit_operator.py took 0.180 seconds
[2025-06-23T05:57:56.519+0000] {processor.py:161} INFO - Started process (PID=837) to work on /home/airflow/.local/lib/python3.12/site-packages/airflow/example_dags/example_short_circuit_operator.py
[2025-06-23T05:57:56.525+0000] {processor.py:830} INFO - Processing file /home/airflow/.local/lib/python3.12/site-packages/airflow/example_dags/example_short_circuit_operator.py for tasks to queue
[2025-06-23T05:57:56.528+0000] {logging_mixin.py:188} INFO - [2025-06-23T05:57:56.527+0000] {dagbag.py:545} INFO - Filling up the DagBag from /home/airflow/.local/lib/python3.12/site-packages/airflow/example_dags/example_short_circuit_operator.py
[2025-06-23T05:57:56.540+0000] {processor.py:840} INFO - DAG(s) 'example_short_circuit_operator' retrieved from /home/airflow/.local/lib/python3.12/site-packages/airflow/example_dags/example_short_circuit_operator.py
[2025-06-23T05:57:56.576+0000] {logging_mixin.py:188} INFO - [2025-06-23T05:57:56.575+0000] {dag.py:3089} INFO - Sync 1 DAGs
[2025-06-23T05:57:56.612+0000] {logging_mixin.py:188} INFO - [2025-06-23T05:57:56.612+0000] {dag.py:3947} INFO - Setting next_dagrun for example_short_circuit_operator to 2025-06-22 00:00:00+00:00, run_after=2025-06-23 00:00:00+00:00
[2025-06-23T05:57:56.646+0000] {processor.py:183} INFO - Processing /home/airflow/.local/lib/python3.12/site-packages/airflow/example_dags/example_short_circuit_operator.py took 0.136 seconds
[2025-06-23T05:58:27.264+0000] {processor.py:161} INFO - Started process (PID=903) to work on /home/airflow/.local/lib/python3.12/site-packages/airflow/example_dags/example_short_circuit_operator.py
[2025-06-23T05:58:27.267+0000] {processor.py:830} INFO - Processing file /home/airflow/.local/lib/python3.12/site-packages/airflow/example_dags/example_short_circuit_operator.py for tasks to queue
[2025-06-23T05:58:27.271+0000] {logging_mixin.py:188} INFO - [2025-06-23T05:58:27.270+0000] {dagbag.py:545} INFO - Filling up the DagBag from /home/airflow/.local/lib/python3.12/site-packages/airflow/example_dags/example_short_circuit_operator.py
[2025-06-23T05:58:27.285+0000] {processor.py:840} INFO - DAG(s) 'example_short_circuit_operator' retrieved from /home/airflow/.local/lib/python3.12/site-packages/airflow/example_dags/example_short_circuit_operator.py
[2025-06-23T05:58:27.336+0000] {logging_mixin.py:188} INFO - [2025-06-23T05:58:27.336+0000] {dag.py:3089} INFO - Sync 1 DAGs
[2025-06-23T05:58:27.407+0000] {logging_mixin.py:188} INFO - [2025-06-23T05:58:27.407+0000] {dag.py:3947} INFO - Setting next_dagrun for example_short_circuit_operator to 2025-06-22 00:00:00+00:00, run_after=2025-06-23 00:00:00+00:00
[2025-06-23T05:58:27.459+0000] {processor.py:183} INFO - Processing /home/airflow/.local/lib/python3.12/site-packages/airflow/example_dags/example_short_circuit_operator.py took 0.206 seconds
[2025-06-23T05:59:06.122+0000] {processor.py:161} INFO - Started process (PID=969) to work on /home/airflow/.local/lib/python3.12/site-packages/airflow/example_dags/example_short_circuit_operator.py
[2025-06-23T05:59:06.125+0000] {processor.py:830} INFO - Processing file /home/airflow/.local/lib/python3.12/site-packages/airflow/example_dags/example_short_circuit_operator.py for tasks to queue
[2025-06-23T05:59:06.132+0000] {logging_mixin.py:188} INFO - [2025-06-23T05:59:06.131+0000] {dagbag.py:545} INFO - Filling up the DagBag from /home/airflow/.local/lib/python3.12/site-packages/airflow/example_dags/example_short_circuit_operator.py
[2025-06-23T05:59:06.157+0000] {processor.py:840} INFO - DAG(s) 'example_short_circuit_operator' retrieved from /home/airflow/.local/lib/python3.12/site-packages/airflow/example_dags/example_short_circuit_operator.py
[2025-06-23T05:59:06.302+0000] {logging_mixin.py:188} INFO - [2025-06-23T05:59:06.301+0000] {dag.py:3089} INFO - Sync 1 DAGs
[2025-06-23T05:59:06.889+0000] {logging_mixin.py:188} INFO - [2025-06-23T05:59:06.888+0000] {dag.py:3947} INFO - Setting next_dagrun for example_short_circuit_operator to 2025-06-22 00:00:00+00:00, run_after=2025-06-23 00:00:00+00:00
[2025-06-23T05:59:06.995+0000] {processor.py:183} INFO - Processing /home/airflow/.local/lib/python3.12/site-packages/airflow/example_dags/example_short_circuit_operator.py took 0.897 seconds
[2025-06-23T05:59:39.999+0000] {processor.py:161} INFO - Started process (PID=1031) to work on /home/airflow/.local/lib/python3.12/site-packages/airflow/example_dags/example_short_circuit_operator.py
[2025-06-23T05:59:40.006+0000] {processor.py:830} INFO - Processing file /home/airflow/.local/lib/python3.12/site-packages/airflow/example_dags/example_short_circuit_operator.py for tasks to queue
[2025-06-23T05:59:40.014+0000] {logging_mixin.py:188} INFO - [2025-06-23T05:59:40.013+0000] {dagbag.py:545} INFO - Filling up the DagBag from /home/airflow/.local/lib/python3.12/site-packages/airflow/example_dags/example_short_circuit_operator.py
[2025-06-23T05:59:40.035+0000] {processor.py:840} INFO - DAG(s) 'example_short_circuit_operator' retrieved from /home/airflow/.local/lib/python3.12/site-packages/airflow/example_dags/example_short_circuit_operator.py
[2025-06-23T05:59:40.140+0000] {logging_mixin.py:188} INFO - [2025-06-23T05:59:40.139+0000] {dag.py:3089} INFO - Sync 1 DAGs
[2025-06-23T05:59:40.202+0000] {logging_mixin.py:188} INFO - [2025-06-23T05:59:40.202+0000] {dag.py:3947} INFO - Setting next_dagrun for example_short_circuit_operator to 2025-06-22 00:00:00+00:00, run_after=2025-06-23 00:00:00+00:00
[2025-06-23T05:59:40.265+0000] {processor.py:183} INFO - Processing /home/airflow/.local/lib/python3.12/site-packages/airflow/example_dags/example_short_circuit_operator.py took 0.291 seconds
[2025-06-23T06:00:15.476+0000] {processor.py:161} INFO - Started process (PID=1091) to work on /home/airflow/.local/lib/python3.12/site-packages/airflow/example_dags/example_short_circuit_operator.py
[2025-06-23T06:00:15.509+0000] {processor.py:830} INFO - Processing file /home/airflow/.local/lib/python3.12/site-packages/airflow/example_dags/example_short_circuit_operator.py for tasks to queue
[2025-06-23T06:00:15.537+0000] {logging_mixin.py:188} INFO - [2025-06-23T06:00:15.536+0000] {dagbag.py:545} INFO - Filling up the DagBag from /home/airflow/.local/lib/python3.12/site-packages/airflow/example_dags/example_short_circuit_operator.py
[2025-06-23T06:00:15.584+0000] {processor.py:840} INFO - DAG(s) 'example_short_circuit_operator' retrieved from /home/airflow/.local/lib/python3.12/site-packages/airflow/example_dags/example_short_circuit_operator.py
[2025-06-23T06:00:15.712+0000] {logging_mixin.py:188} INFO - [2025-06-23T06:00:15.711+0000] {dag.py:3089} INFO - Sync 1 DAGs
[2025-06-23T06:00:15.810+0000] {logging_mixin.py:188} INFO - [2025-06-23T06:00:15.809+0000] {dag.py:3947} INFO - Setting next_dagrun for example_short_circuit_operator to 2025-06-22 00:00:00+00:00, run_after=2025-06-23 00:00:00+00:00
[2025-06-23T06:00:15.899+0000] {processor.py:183} INFO - Processing /home/airflow/.local/lib/python3.12/site-packages/airflow/example_dags/example_short_circuit_operator.py took 0.454 seconds
[2025-06-23T06:00:46.135+0000] {processor.py:161} INFO - Started process (PID=1151) to work on /home/airflow/.local/lib/python3.12/site-packages/airflow/example_dags/example_short_circuit_operator.py
[2025-06-23T06:00:46.138+0000] {processor.py:830} INFO - Processing file /home/airflow/.local/lib/python3.12/site-packages/airflow/example_dags/example_short_circuit_operator.py for tasks to queue
[2025-06-23T06:00:46.142+0000] {logging_mixin.py:188} INFO - [2025-06-23T06:00:46.142+0000] {dagbag.py:545} INFO - Filling up the DagBag from /home/airflow/.local/lib/python3.12/site-packages/airflow/example_dags/example_short_circuit_operator.py
[2025-06-23T06:00:46.158+0000] {processor.py:840} INFO - DAG(s) 'example_short_circuit_operator' retrieved from /home/airflow/.local/lib/python3.12/site-packages/airflow/example_dags/example_short_circuit_operator.py
[2025-06-23T06:00:46.207+0000] {logging_mixin.py:188} INFO - [2025-06-23T06:00:46.206+0000] {dag.py:3089} INFO - Sync 1 DAGs
[2025-06-23T06:00:46.265+0000] {logging_mixin.py:188} INFO - [2025-06-23T06:00:46.265+0000] {dag.py:3947} INFO - Setting next_dagrun for example_short_circuit_operator to 2025-06-22 00:00:00+00:00, run_after=2025-06-23 00:00:00+00:00
[2025-06-23T06:00:46.308+0000] {processor.py:183} INFO - Processing /home/airflow/.local/lib/python3.12/site-packages/airflow/example_dags/example_short_circuit_operator.py took 0.187 seconds
[2025-06-23T06:01:16.666+0000] {processor.py:161} INFO - Started process (PID=1211) to work on /home/airflow/.local/lib/python3.12/site-packages/airflow/example_dags/example_short_circuit_operator.py
[2025-06-23T06:01:16.668+0000] {processor.py:830} INFO - Processing file /home/airflow/.local/lib/python3.12/site-packages/airflow/example_dags/example_short_circuit_operator.py for tasks to queue
[2025-06-23T06:01:16.673+0000] {logging_mixin.py:188} INFO - [2025-06-23T06:01:16.672+0000] {dagbag.py:545} INFO - Filling up the DagBag from /home/airflow/.local/lib/python3.12/site-packages/airflow/example_dags/example_short_circuit_operator.py
[2025-06-23T06:01:16.688+0000] {processor.py:840} INFO - DAG(s) 'example_short_circuit_operator' retrieved from /home/airflow/.local/lib/python3.12/site-packages/airflow/example_dags/example_short_circuit_operator.py
[2025-06-23T06:01:16.735+0000] {logging_mixin.py:188} INFO - [2025-06-23T06:01:16.735+0000] {dag.py:3089} INFO - Sync 1 DAGs
[2025-06-23T06:01:16.780+0000] {logging_mixin.py:188} INFO - [2025-06-23T06:01:16.779+0000] {dag.py:3947} INFO - Setting next_dagrun for example_short_circuit_operator to 2025-06-22 00:00:00+00:00, run_after=2025-06-23 00:00:00+00:00
[2025-06-23T06:01:16.818+0000] {processor.py:183} INFO - Processing /home/airflow/.local/lib/python3.12/site-packages/airflow/example_dags/example_short_circuit_operator.py took 0.163 seconds
[2025-06-23T06:01:46.980+0000] {processor.py:161} INFO - Started process (PID=1271) to work on /home/airflow/.local/lib/python3.12/site-packages/airflow/example_dags/example_short_circuit_operator.py
[2025-06-23T06:01:46.981+0000] {processor.py:830} INFO - Processing file /home/airflow/.local/lib/python3.12/site-packages/airflow/example_dags/example_short_circuit_operator.py for tasks to queue
[2025-06-23T06:01:46.985+0000] {logging_mixin.py:188} INFO - [2025-06-23T06:01:46.984+0000] {dagbag.py:545} INFO - Filling up the DagBag from /home/airflow/.local/lib/python3.12/site-packages/airflow/example_dags/example_short_circuit_operator.py
[2025-06-23T06:01:46.999+0000] {processor.py:840} INFO - DAG(s) 'example_short_circuit_operator' retrieved from /home/airflow/.local/lib/python3.12/site-packages/airflow/example_dags/example_short_circuit_operator.py
[2025-06-23T06:01:47.043+0000] {logging_mixin.py:188} INFO - [2025-06-23T06:01:47.043+0000] {dag.py:3089} INFO - Sync 1 DAGs
[2025-06-23T06:01:47.092+0000] {logging_mixin.py:188} INFO - [2025-06-23T06:01:47.092+0000] {dag.py:3947} INFO - Setting next_dagrun for example_short_circuit_operator to 2025-06-22 00:00:00+00:00, run_after=2025-06-23 00:00:00+00:00
[2025-06-23T06:01:47.130+0000] {processor.py:183} INFO - Processing /home/airflow/.local/lib/python3.12/site-packages/airflow/example_dags/example_short_circuit_operator.py took 0.160 seconds
[2025-06-23T06:02:17.216+0000] {processor.py:161} INFO - Started process (PID=1331) to work on /home/airflow/.local/lib/python3.12/site-packages/airflow/example_dags/example_short_circuit_operator.py
[2025-06-23T06:02:17.219+0000] {processor.py:830} INFO - Processing file /home/airflow/.local/lib/python3.12/site-packages/airflow/example_dags/example_short_circuit_operator.py for tasks to queue
[2025-06-23T06:02:17.225+0000] {logging_mixin.py:188} INFO - [2025-06-23T06:02:17.225+0000] {dagbag.py:545} INFO - Filling up the DagBag from /home/airflow/.local/lib/python3.12/site-packages/airflow/example_dags/example_short_circuit_operator.py
[2025-06-23T06:02:17.243+0000] {processor.py:840} INFO - DAG(s) 'example_short_circuit_operator' retrieved from /home/airflow/.local/lib/python3.12/site-packages/airflow/example_dags/example_short_circuit_operator.py
[2025-06-23T06:02:17.351+0000] {logging_mixin.py:188} INFO - [2025-06-23T06:02:17.351+0000] {dag.py:3089} INFO - Sync 1 DAGs
[2025-06-23T06:02:17.414+0000] {logging_mixin.py:188} INFO - [2025-06-23T06:02:17.414+0000] {dag.py:3947} INFO - Setting next_dagrun for example_short_circuit_operator to 2025-06-22 00:00:00+00:00, run_after=2025-06-23 00:00:00+00:00
[2025-06-23T06:02:17.483+0000] {processor.py:183} INFO - Processing /home/airflow/.local/lib/python3.12/site-packages/airflow/example_dags/example_short_circuit_operator.py took 0.279 seconds
[2025-06-23T06:02:48.139+0000] {processor.py:161} INFO - Started process (PID=1392) to work on /home/airflow/.local/lib/python3.12/site-packages/airflow/example_dags/example_short_circuit_operator.py
[2025-06-23T06:02:48.142+0000] {processor.py:830} INFO - Processing file /home/airflow/.local/lib/python3.12/site-packages/airflow/example_dags/example_short_circuit_operator.py for tasks to queue
[2025-06-23T06:02:48.155+0000] {logging_mixin.py:188} INFO - [2025-06-23T06:02:48.154+0000] {dagbag.py:545} INFO - Filling up the DagBag from /home/airflow/.local/lib/python3.12/site-packages/airflow/example_dags/example_short_circuit_operator.py
[2025-06-23T06:02:48.182+0000] {processor.py:840} INFO - DAG(s) 'example_short_circuit_operator' retrieved from /home/airflow/.local/lib/python3.12/site-packages/airflow/example_dags/example_short_circuit_operator.py
[2025-06-23T06:02:48.279+0000] {logging_mixin.py:188} INFO - [2025-06-23T06:02:48.278+0000] {dag.py:3089} INFO - Sync 1 DAGs
[2025-06-23T06:02:48.360+0000] {logging_mixin.py:188} INFO - [2025-06-23T06:02:48.360+0000] {dag.py:3947} INFO - Setting next_dagrun for example_short_circuit_operator to 2025-06-22 00:00:00+00:00, run_after=2025-06-23 00:00:00+00:00
[2025-06-23T06:02:48.428+0000] {processor.py:183} INFO - Processing /home/airflow/.local/lib/python3.12/site-packages/airflow/example_dags/example_short_circuit_operator.py took 0.308 seconds
[2025-06-23T06:03:19.175+0000] {processor.py:161} INFO - Started process (PID=1452) to work on /home/airflow/.local/lib/python3.12/site-packages/airflow/example_dags/example_short_circuit_operator.py
[2025-06-23T06:03:19.186+0000] {processor.py:830} INFO - Processing file /home/airflow/.local/lib/python3.12/site-packages/airflow/example_dags/example_short_circuit_operator.py for tasks to queue
[2025-06-23T06:03:19.196+0000] {logging_mixin.py:188} INFO - [2025-06-23T06:03:19.195+0000] {dagbag.py:545} INFO - Filling up the DagBag from /home/airflow/.local/lib/python3.12/site-packages/airflow/example_dags/example_short_circuit_operator.py
[2025-06-23T06:03:19.232+0000] {processor.py:840} INFO - DAG(s) 'example_short_circuit_operator' retrieved from /home/airflow/.local/lib/python3.12/site-packages/airflow/example_dags/example_short_circuit_operator.py
[2025-06-23T06:03:19.359+0000] {logging_mixin.py:188} INFO - [2025-06-23T06:03:19.359+0000] {dag.py:3089} INFO - Sync 1 DAGs
[2025-06-23T06:03:19.440+0000] {logging_mixin.py:188} INFO - [2025-06-23T06:03:19.439+0000] {dag.py:3947} INFO - Setting next_dagrun for example_short_circuit_operator to 2025-06-22 00:00:00+00:00, run_after=2025-06-23 00:00:00+00:00
[2025-06-23T06:03:20.341+0000] {processor.py:183} INFO - Processing /home/airflow/.local/lib/python3.12/site-packages/airflow/example_dags/example_short_circuit_operator.py took 1.192 seconds
[2025-06-23T06:03:51.661+0000] {processor.py:161} INFO - Started process (PID=1512) to work on /home/airflow/.local/lib/python3.12/site-packages/airflow/example_dags/example_short_circuit_operator.py
[2025-06-23T06:03:51.677+0000] {processor.py:830} INFO - Processing file /home/airflow/.local/lib/python3.12/site-packages/airflow/example_dags/example_short_circuit_operator.py for tasks to queue
[2025-06-23T06:03:51.689+0000] {logging_mixin.py:188} INFO - [2025-06-23T06:03:51.688+0000] {dagbag.py:545} INFO - Filling up the DagBag from /home/airflow/.local/lib/python3.12/site-packages/airflow/example_dags/example_short_circuit_operator.py
[2025-06-23T06:03:51.722+0000] {processor.py:840} INFO - DAG(s) 'example_short_circuit_operator' retrieved from /home/airflow/.local/lib/python3.12/site-packages/airflow/example_dags/example_short_circuit_operator.py
[2025-06-23T06:03:51.822+0000] {logging_mixin.py:188} INFO - [2025-06-23T06:03:51.821+0000] {dag.py:3089} INFO - Sync 1 DAGs
[2025-06-23T06:03:51.948+0000] {logging_mixin.py:188} INFO - [2025-06-23T06:03:51.947+0000] {dag.py:3947} INFO - Setting next_dagrun for example_short_circuit_operator to 2025-06-22 00:00:00+00:00, run_after=2025-06-23 00:00:00+00:00
[2025-06-23T06:03:52.026+0000] {processor.py:183} INFO - Processing /home/airflow/.local/lib/python3.12/site-packages/airflow/example_dags/example_short_circuit_operator.py took 0.393 seconds
[2025-06-23T06:04:22.222+0000] {processor.py:161} INFO - Started process (PID=1572) to work on /home/airflow/.local/lib/python3.12/site-packages/airflow/example_dags/example_short_circuit_operator.py
[2025-06-23T06:04:22.225+0000] {processor.py:830} INFO - Processing file /home/airflow/.local/lib/python3.12/site-packages/airflow/example_dags/example_short_circuit_operator.py for tasks to queue
[2025-06-23T06:04:22.229+0000] {logging_mixin.py:188} INFO - [2025-06-23T06:04:22.228+0000] {dagbag.py:545} INFO - Filling up the DagBag from /home/airflow/.local/lib/python3.12/site-packages/airflow/example_dags/example_short_circuit_operator.py
[2025-06-23T06:04:22.243+0000] {processor.py:840} INFO - DAG(s) 'example_short_circuit_operator' retrieved from /home/airflow/.local/lib/python3.12/site-packages/airflow/example_dags/example_short_circuit_operator.py
[2025-06-23T06:04:22.282+0000] {logging_mixin.py:188} INFO - [2025-06-23T06:04:22.281+0000] {dag.py:3089} INFO - Sync 1 DAGs
[2025-06-23T06:04:22.326+0000] {logging_mixin.py:188} INFO - [2025-06-23T06:04:22.326+0000] {dag.py:3947} INFO - Setting next_dagrun for example_short_circuit_operator to 2025-06-22 00:00:00+00:00, run_after=2025-06-23 00:00:00+00:00
[2025-06-23T06:04:23.250+0000] {processor.py:183} INFO - Processing /home/airflow/.local/lib/python3.12/site-packages/airflow/example_dags/example_short_circuit_operator.py took 1.036 seconds
