[2025-06-23T06:03:10.614+0000] {local_task_job_runner.py:120} INFO - ::group::Pre task execution logs
[2025-06-23T06:03:10.728+0000] {taskinstance.py:2076} INFO - Dependencies all met for dep_context=non-requeueable deps ti=<TaskInstance: stream_dag.dbt_run scheduled__2025-06-23T05:58:00+00:00 [queued]>
[2025-06-23T06:03:10.760+0000] {taskinstance.py:2076} INFO - Dependencies all met for dep_context=requeueable deps ti=<TaskInstance: stream_dag.dbt_run scheduled__2025-06-23T05:58:00+00:00 [queued]>
[2025-06-23T06:03:10.762+0000] {taskinstance.py:2306} INFO - Starting attempt 2 of 3
[2025-06-23T06:03:10.822+0000] {taskinstance.py:2330} INFO - Executing <Task(BashOperator): dbt_run> on 2025-06-23 05:58:00+00:00
[2025-06-23T06:03:10.892+0000] {warnings.py:112} WARNING - /home/***/.local/lib/python3.12/site-packages/***/task/task_runner/standard_task_runner.py:62: DeprecationWarning: This process (pid=419) is multi-threaded, use of fork() may lead to deadlocks in the child.
  pid = os.fork()

[2025-06-23T06:03:10.873+0000] {standard_task_runner.py:90} INFO - Running: ['***', 'tasks', 'run', 'stream_dag', 'dbt_run', 'scheduled__2025-06-23T05:58:00+00:00', '--job-id', '13', '--raw', '--subdir', 'DAGS_FOLDER/stream_dag.py', '--cfg-path', '/tmp/tmp2uyh5dfc']
[2025-06-23T06:03:10.934+0000] {standard_task_runner.py:64} INFO - Started process 437 to run task
[2025-06-23T06:03:10.935+0000] {standard_task_runner.py:91} INFO - Job 13: Subtask dbt_run
[2025-06-23T06:03:11.651+0000] {task_command.py:426} INFO - Running <TaskInstance: stream_dag.dbt_run scheduled__2025-06-23T05:58:00+00:00 [running]> on host b2b82406f119
[2025-06-23T06:03:11.917+0000] {taskinstance.py:2648} INFO - Exporting env vars: AIRFLOW_CTX_DAG_OWNER='Sharaf' AIRFLOW_CTX_DAG_ID='stream_dag' AIRFLOW_CTX_TASK_ID='dbt_run' AIRFLOW_CTX_EXECUTION_DATE='2025-06-23T05:58:00+00:00' AIRFLOW_CTX_TRY_NUMBER='2' AIRFLOW_CTX_DAG_RUN_ID='scheduled__2025-06-23T05:58:00+00:00'
[2025-06-23T06:03:11.922+0000] {taskinstance.py:430} INFO - ::endgroup::
[2025-06-23T06:03:11.925+0000] {subprocess.py:63} INFO - Tmp dir root location: /tmp
[2025-06-23T06:03:11.935+0000] {subprocess.py:75} INFO - Running command: ['/usr/bin/bash', '-c', 'cd /opt/***/dbt_ && dbt run --select cost_analysis customer_insights delivery_performance operational_insights shipment_tracking shipments_overview']
[2025-06-23T06:03:11.976+0000] {subprocess.py:86} INFO - Output:
[2025-06-23T06:03:19.812+0000] {subprocess.py:93} INFO - [0m06:03:19  Running with dbt=1.10.2
[2025-06-23T06:03:24.798+0000] {subprocess.py:93} INFO - [0m06:03:24  Registered adapter: snowflake=1.9.4
[2025-06-23T06:03:28.245+0000] {subprocess.py:93} INFO - [0m06:03:28  Found 23 models, 4 data tests, 4 sources, 476 macros
[2025-06-23T06:03:28.257+0000] {subprocess.py:93} INFO - [0m06:03:28
[2025-06-23T06:03:28.260+0000] {subprocess.py:93} INFO - [0m06:03:28  Concurrency: 4 threads (target='dev')
[2025-06-23T06:03:28.263+0000] {subprocess.py:93} INFO - [0m06:03:28
[2025-06-23T06:03:30.691+0000] {subprocess.py:93} INFO - [0m06:03:30  1 of 17 START sql view model GOLD.active_customers_by_region ................... [RUN]
[2025-06-23T06:03:30.695+0000] {subprocess.py:93} INFO - [0m06:03:30  2 of 17 START sql view model GOLD.average_shipment_cost_by_priority ............ [RUN]
[2025-06-23T06:03:30.699+0000] {subprocess.py:93} INFO - [0m06:03:30  3 of 17 START sql view model GOLD.current_status_of_active_shipments ........... [RUN]
[2025-06-23T06:03:30.703+0000] {subprocess.py:93} INFO - [0m06:03:30  4 of 17 START sql view model GOLD.customer_type_distribution ................... [RUN]
[2025-06-23T06:03:32.263+0000] {subprocess.py:93} INFO - [0m06:03:32  1 of 17 OK created sql view model GOLD.active_customers_by_region .............. [[32mSUCCESS 1[0m in 1.50s]
[2025-06-23T06:03:32.276+0000] {subprocess.py:93} INFO - [0m06:03:32  5 of 17 START sql view model GOLD.delayed_shipments ............................ [RUN]
[2025-06-23T06:03:32.804+0000] {subprocess.py:93} INFO - [0m06:03:32  5 of 17 OK created sql view model GOLD.delayed_shipments ....................... [[32mSUCCESS 1[0m in 0.51s]
[2025-06-23T06:03:32.819+0000] {subprocess.py:93} INFO - [0m06:03:32  6 of 17 START sql view model GOLD.delivery_attempts_per_shipment ............... [RUN]
[2025-06-23T06:03:32.988+0000] {subprocess.py:93} INFO - [0m06:03:32  4 of 17 OK created sql view model GOLD.customer_type_distribution .............. [[32mSUCCESS 1[0m in 2.24s]
[2025-06-23T06:03:33.023+0000] {subprocess.py:93} INFO - [0m06:03:33  2 of 17 OK created sql view model GOLD.average_shipment_cost_by_priority ....... [[32mSUCCESS 1[0m in 2.26s]
[2025-06-23T06:03:33.046+0000] {subprocess.py:93} INFO - [0m06:03:33  3 of 17 OK created sql view model GOLD.current_status_of_active_shipments ...... [[32mSUCCESS 1[0m in 2.29s]
[2025-06-23T06:03:33.090+0000] {subprocess.py:93} INFO - [0m06:03:33  7 of 17 START sql view model GOLD.distance_traveled ............................ [RUN]
[2025-06-23T06:03:33.098+0000] {subprocess.py:93} INFO - [0m06:03:33  8 of 17 START sql view model GOLD.insurance_vs_penalty_costs ................... [RUN]
[2025-06-23T06:03:33.106+0000] {subprocess.py:93} INFO - [0m06:03:33  9 of 17 START sql view model GOLD.ontime_delivery_rate ......................... [RUN]
[2025-06-23T06:03:33.410+0000] {subprocess.py:93} INFO - [0m06:03:33  6 of 17 OK created sql view model GOLD.delivery_attempts_per_shipment .......... [[32mSUCCESS 1[0m in 0.58s]
[2025-06-23T06:03:33.434+0000] {subprocess.py:93} INFO - [0m06:03:33  10 of 17 START sql view model GOLD.reasons_for_delay ........................... [RUN]
[2025-06-23T06:03:33.722+0000] {subprocess.py:93} INFO - [0m06:03:33  8 of 17 OK created sql view model GOLD.insurance_vs_penalty_costs .............. [[32mSUCCESS 1[0m in 0.59s]
[2025-06-23T06:03:33.729+0000] {subprocess.py:93} INFO - [0m06:03:33  9 of 17 OK created sql view model GOLD.ontime_delivery_rate .................... [[32mSUCCESS 1[0m in 0.59s]
[2025-06-23T06:03:33.756+0000] {subprocess.py:93} INFO - [0m06:03:33  7 of 17 OK created sql view model GOLD.distance_traveled ....................... [[32mSUCCESS 1[0m in 0.64s]
[2025-06-23T06:03:33.773+0000] {subprocess.py:93} INFO - [0m06:03:33  11 of 17 START sql view model GOLD.revenue_vs_cost_by_transport_mode ........... [RUN]
[2025-06-23T06:03:33.778+0000] {subprocess.py:93} INFO - [0m06:03:33  12 of 17 START sql view model GOLD.shipment_volume_over_time ................... [RUN]
[2025-06-23T06:03:33.797+0000] {subprocess.py:93} INFO - [0m06:03:33  13 of 17 START sql view model GOLD.shipments_by_priority_level ................. [RUN]
[2025-06-23T06:03:33.920+0000] {subprocess.py:93} INFO - [0m06:03:33  10 of 17 OK created sql view model GOLD.reasons_for_delay ...................... [[32mSUCCESS 1[0m in 0.45s]
[2025-06-23T06:03:33.946+0000] {subprocess.py:93} INFO - [0m06:03:33  14 of 17 START sql view model GOLD.top_revenue_generating_customers ............ [RUN]
[2025-06-23T06:03:34.380+0000] {subprocess.py:93} INFO - [0m06:03:34  12 of 17 OK created sql view model GOLD.shipment_volume_over_time .............. [[32mSUCCESS 1[0m in 0.55s]
[2025-06-23T06:03:34.425+0000] {subprocess.py:93} INFO - [0m06:03:34  11 of 17 OK created sql view model GOLD.revenue_vs_cost_by_transport_mode ...... [[32mSUCCESS 1[0m in 0.58s]
[2025-06-23T06:03:34.450+0000] {subprocess.py:93} INFO - [0m06:03:34  13 of 17 OK created sql view model GOLD.shipments_by_priority_level ............ [[32mSUCCESS 1[0m in 0.59s]
[2025-06-23T06:03:34.505+0000] {subprocess.py:93} INFO - [0m06:03:34  15 of 17 START sql view model GOLD.total_shipments_by_shipment_type ............ [RUN]
[2025-06-23T06:03:34.541+0000] {subprocess.py:93} INFO - [0m06:03:34  16 of 17 START sql view model GOLD.vehicle_utilization ......................... [RUN]
[2025-06-23T06:03:34.569+0000] {subprocess.py:93} INFO - [0m06:03:34  14 of 17 OK created sql view model GOLD.top_revenue_generating_customers ....... [[32mSUCCESS 1[0m in 0.57s]
[2025-06-23T06:03:34.575+0000] {subprocess.py:93} INFO - [0m06:03:34  17 of 17 START sql view model GOLD.warehouse_utilization ....................... [RUN]
[2025-06-23T06:03:35.306+0000] {subprocess.py:93} INFO - [0m06:03:35  16 of 17 OK created sql view model GOLD.vehicle_utilization .................... [[32mSUCCESS 1[0m in 0.72s]
[2025-06-23T06:03:35.326+0000] {subprocess.py:93} INFO - [0m06:03:35  15 of 17 OK created sql view model GOLD.total_shipments_by_shipment_type ....... [[32mSUCCESS 1[0m in 0.77s]
[2025-06-23T06:03:35.350+0000] {subprocess.py:93} INFO - [0m06:03:35  17 of 17 OK created sql view model GOLD.warehouse_utilization .................. [[32mSUCCESS 1[0m in 0.75s]
[2025-06-23T06:03:36.449+0000] {subprocess.py:93} INFO - [0m06:03:36
[2025-06-23T06:03:36.454+0000] {subprocess.py:93} INFO - [0m06:03:36  Finished running 17 view models in 0 hours 0 minutes and 8.18 seconds (8.18s).
[2025-06-23T06:03:36.837+0000] {subprocess.py:93} INFO - [0m06:03:36
[2025-06-23T06:03:36.842+0000] {subprocess.py:93} INFO - [0m06:03:36  [32mCompleted successfully[0m
[2025-06-23T06:03:36.845+0000] {subprocess.py:93} INFO - [0m06:03:36
[2025-06-23T06:03:36.848+0000] {subprocess.py:93} INFO - [0m06:03:36  Done. PASS=17 WARN=0 ERROR=0 SKIP=0 NO-OP=0 TOTAL=17
[2025-06-23T06:03:39.699+0000] {subprocess.py:97} INFO - Command exited with return code 0
[2025-06-23T06:03:39.708+0000] {taskinstance.py:441} INFO - ::group::Post task execution logs
[2025-06-23T06:03:39.865+0000] {taskinstance.py:1206} INFO - Marking task as SUCCESS. dag_id=stream_dag, task_id=dbt_run, run_id=scheduled__2025-06-23T05:58:00+00:00, execution_date=20250623T055800, start_date=20250623T060310, end_date=20250623T060339
[2025-06-23T06:03:39.989+0000] {local_task_job_runner.py:243} INFO - Task exited with return code 0
[2025-06-23T06:03:40.077+0000] {taskinstance.py:3503} INFO - 0 downstream tasks scheduled from follow-on schedule check
[2025-06-23T06:03:40.086+0000] {local_task_job_runner.py:222} INFO - ::endgroup::
