{"timestamp":"2025-06-23T02:28:07.010399","level":"info","event":"DAG bundles loaded: dags-folder","logger":"airflow.dag_processing.bundles.manager.DagBundlesManager"}
{"timestamp":"2025-06-23T02:28:07.021674","level":"info","event":"Filling up the DagBag from /opt/airflow/dags/stream_dag.py","logger":"airflow.models.dagbag.DagBag"}
{"timestamp":"2025-06-23T02:28:07.671424","level":"info","event":"Tmp dir root location: /tmp","logger":"airflow.task.hooks.airflow.providers.standard.hooks.subprocess.SubprocessHook"}
{"timestamp":"2025-06-23T02:28:07.690493","level":"info","event":"Running command: ['/usr/bin/bash', '-c', 'cd /opt/airflow/dbt_ && dbt run --select cost_analysis customer_insights delivery_performance operational_insights shipment_tracking shipments_overview']","logger":"airflow.task.hooks.airflow.providers.standard.hooks.subprocess.SubprocessHook"}
{"timestamp":"2025-06-23T02:28:07.806715","level":"info","event":"Output:","logger":"airflow.task.hooks.airflow.providers.standard.hooks.subprocess.SubprocessHook"}
{"timestamp":"2025-06-23T02:28:16.891301","level":"info","event":"\u001b[0m02:28:16  Running with dbt=1.10.2","logger":"airflow.task.hooks.airflow.providers.standard.hooks.subprocess.SubprocessHook"}
{"timestamp":"2025-06-23T02:28:22.108794","level":"info","event":"\u001b[0m02:28:22  Registered adapter: snowflake=1.9.4","logger":"airflow.task.hooks.airflow.providers.standard.hooks.subprocess.SubprocessHook"}
{"timestamp":"2025-06-23T02:28:27.684679","level":"info","event":"\u001b[0m02:28:27  Found 23 models, 4 data tests, 4 sources, 476 macros","logger":"airflow.task.hooks.airflow.providers.standard.hooks.subprocess.SubprocessHook"}
{"timestamp":"2025-06-23T02:28:27.697823","level":"info","event":"\u001b[0m02:28:27","logger":"airflow.task.hooks.airflow.providers.standard.hooks.subprocess.SubprocessHook"}
{"timestamp":"2025-06-23T02:28:27.699653","level":"info","event":"\u001b[0m02:28:27  Concurrency: 4 threads (target='dev')","logger":"airflow.task.hooks.airflow.providers.standard.hooks.subprocess.SubprocessHook"}
{"timestamp":"2025-06-23T02:28:27.700828","level":"info","event":"\u001b[0m02:28:27","logger":"airflow.task.hooks.airflow.providers.standard.hooks.subprocess.SubprocessHook"}
{"timestamp":"2025-06-23T02:28:31.419099","level":"info","event":"\u001b[0m02:28:31  1 of 17 START sql view model GOLD.active_customers_by_region ................... [RUN]","logger":"airflow.task.hooks.airflow.providers.standard.hooks.subprocess.SubprocessHook"}
{"timestamp":"2025-06-23T02:28:31.422796","level":"info","event":"\u001b[0m02:28:31  2 of 17 START sql view model GOLD.average_shipment_cost_by_priority ............ [RUN]","logger":"airflow.task.hooks.airflow.providers.standard.hooks.subprocess.SubprocessHook"}
{"timestamp":"2025-06-23T02:28:31.425749","level":"info","event":"\u001b[0m02:28:31  3 of 17 START sql view model GOLD.current_status_of_active_shipments ........... [RUN]","logger":"airflow.task.hooks.airflow.providers.standard.hooks.subprocess.SubprocessHook"}
{"timestamp":"2025-06-23T02:28:31.427517","level":"info","event":"\u001b[0m02:28:31  4 of 17 START sql view model GOLD.customer_type_distribution ................... [RUN]","logger":"airflow.task.hooks.airflow.providers.standard.hooks.subprocess.SubprocessHook"}
{"timestamp":"2025-06-23T02:28:33.027039","level":"info","event":"\u001b[0m02:28:33  1 of 17 OK created sql view model GOLD.active_customers_by_region .............. [\u001b[32mSUCCESS 1\u001b[0m in 1.58s]","logger":"airflow.task.hooks.airflow.providers.standard.hooks.subprocess.SubprocessHook"}
{"timestamp":"2025-06-23T02:28:33.045511","level":"info","event":"\u001b[0m02:28:33  5 of 17 START sql view model GOLD.delayed_shipments ............................ [RUN]","logger":"airflow.task.hooks.airflow.providers.standard.hooks.subprocess.SubprocessHook"}
{"timestamp":"2025-06-23T02:28:33.659151","level":"info","event":"\u001b[0m02:28:33  5 of 17 OK created sql view model GOLD.delayed_shipments ....................... [\u001b[32mSUCCESS 1\u001b[0m in 0.61s]","logger":"airflow.task.hooks.airflow.providers.standard.hooks.subprocess.SubprocessHook"}
{"timestamp":"2025-06-23T02:28:33.670774","level":"info","event":"\u001b[0m02:28:33  6 of 17 START sql view model GOLD.delivery_attempts_per_shipment ............... [RUN]","logger":"airflow.task.hooks.airflow.providers.standard.hooks.subprocess.SubprocessHook"}
{"timestamp":"2025-06-23T02:28:34.133754","level":"info","event":"\u001b[0m02:28:34  6 of 17 OK created sql view model GOLD.delivery_attempts_per_shipment .......... [\u001b[32mSUCCESS 1\u001b[0m in 0.45s]","logger":"airflow.task.hooks.airflow.providers.standard.hooks.subprocess.SubprocessHook"}
{"timestamp":"2025-06-23T02:28:34.152023","level":"info","event":"\u001b[0m02:28:34  7 of 17 START sql view model GOLD.distance_traveled ............................ [RUN]","logger":"airflow.task.hooks.airflow.providers.standard.hooks.subprocess.SubprocessHook"}
{"timestamp":"2025-06-23T02:28:34.244865","level":"info","event":"\u001b[0m02:28:34  2 of 17 OK created sql view model GOLD.average_shipment_cost_by_priority ....... [\u001b[32mSUCCESS 1\u001b[0m in 2.80s]","logger":"airflow.task.hooks.airflow.providers.standard.hooks.subprocess.SubprocessHook"}
{"timestamp":"2025-06-23T02:28:34.255346","level":"info","event":"\u001b[0m02:28:34  8 of 17 START sql view model GOLD.insurance_vs_penalty_costs ................... [RUN]","logger":"airflow.task.hooks.airflow.providers.standard.hooks.subprocess.SubprocessHook"}
{"timestamp":"2025-06-23T02:28:34.351257","level":"info","event":"\u001b[0m02:28:34  3 of 17 OK created sql view model GOLD.current_status_of_active_shipments ...... [\u001b[32mSUCCESS 1\u001b[0m in 2.90s]","logger":"airflow.task.hooks.airflow.providers.standard.hooks.subprocess.SubprocessHook"}
{"timestamp":"2025-06-23T02:28:34.382150","level":"info","event":"\u001b[0m02:28:34  9 of 17 START sql view model GOLD.ontime_delivery_rate ......................... [RUN]","logger":"airflow.task.hooks.airflow.providers.standard.hooks.subprocess.SubprocessHook"}
{"timestamp":"2025-06-23T02:28:34.461072","level":"info","event":"\u001b[0m02:28:34  4 of 17 OK created sql view model GOLD.customer_type_distribution .............. [\u001b[32mSUCCESS 1\u001b[0m in 2.98s]","logger":"airflow.task.hooks.airflow.providers.standard.hooks.subprocess.SubprocessHook"}
{"timestamp":"2025-06-23T02:28:34.491830","level":"info","event":"\u001b[0m02:28:34  10 of 17 START sql view model GOLD.reasons_for_delay ........................... [RUN]","logger":"airflow.task.hooks.airflow.providers.standard.hooks.subprocess.SubprocessHook"}
{"timestamp":"2025-06-23T02:28:34.860643","level":"info","event":"\u001b[0m02:28:34  7 of 17 OK created sql view model GOLD.distance_traveled ....................... [\u001b[32mSUCCESS 1\u001b[0m in 0.68s]","logger":"airflow.task.hooks.airflow.providers.standard.hooks.subprocess.SubprocessHook"}
{"timestamp":"2025-06-23T02:28:34.889907","level":"info","event":"\u001b[0m02:28:34  11 of 17 START sql view model GOLD.revenue_vs_cost_by_transport_mode ........... [RUN]","logger":"airflow.task.hooks.airflow.providers.standard.hooks.subprocess.SubprocessHook"}
{"timestamp":"2025-06-23T02:28:34.960351","level":"info","event":"\u001b[0m02:28:34  8 of 17 OK created sql view model GOLD.insurance_vs_penalty_costs .............. [\u001b[32mSUCCESS 1\u001b[0m in 0.69s]","logger":"airflow.task.hooks.airflow.providers.standard.hooks.subprocess.SubprocessHook"}
{"timestamp":"2025-06-23T02:28:34.970508","level":"info","event":"\u001b[0m02:28:34  12 of 17 START sql view model GOLD.shipment_volume_over_time ................... [RUN]","logger":"airflow.task.hooks.airflow.providers.standard.hooks.subprocess.SubprocessHook"}
{"timestamp":"2025-06-23T02:28:35.070185","level":"info","event":"\u001b[0m02:28:35  9 of 17 OK created sql view model GOLD.ontime_delivery_rate .................... [\u001b[32mSUCCESS 1\u001b[0m in 0.64s]","logger":"airflow.task.hooks.airflow.providers.standard.hooks.subprocess.SubprocessHook"}
{"timestamp":"2025-06-23T02:28:35.073621","level":"info","event":"\u001b[0m02:28:35  10 of 17 OK created sql view model GOLD.reasons_for_delay ...................... [\u001b[32mSUCCESS 1\u001b[0m in 0.55s]","logger":"airflow.task.hooks.airflow.providers.standard.hooks.subprocess.SubprocessHook"}
{"timestamp":"2025-06-23T02:28:35.121565","level":"info","event":"\u001b[0m02:28:35  13 of 17 START sql view model GOLD.shipments_by_priority_level ................. [RUN]","logger":"airflow.task.hooks.airflow.providers.standard.hooks.subprocess.SubprocessHook"}
{"timestamp":"2025-06-23T02:28:35.128221","level":"info","event":"\u001b[0m02:28:35  14 of 17 START sql view model GOLD.top_revenue_generating_customers ............ [RUN]","logger":"airflow.task.hooks.airflow.providers.standard.hooks.subprocess.SubprocessHook"}
{"timestamp":"2025-06-23T02:28:35.530440","level":"info","event":"\u001b[0m02:28:35  11 of 17 OK created sql view model GOLD.revenue_vs_cost_by_transport_mode ...... [\u001b[32mSUCCESS 1\u001b[0m in 0.63s]","logger":"airflow.task.hooks.airflow.providers.standard.hooks.subprocess.SubprocessHook"}
{"timestamp":"2025-06-23T02:28:35.585415","level":"info","event":"\u001b[0m02:28:35  15 of 17 START sql view model GOLD.total_shipments_by_shipment_type ............ [RUN]","logger":"airflow.task.hooks.airflow.providers.standard.hooks.subprocess.SubprocessHook"}
{"timestamp":"2025-06-23T02:28:35.610187","level":"info","event":"\u001b[0m02:28:35  12 of 17 OK created sql view model GOLD.shipment_volume_over_time .............. [\u001b[32mSUCCESS 1\u001b[0m in 0.62s]","logger":"airflow.task.hooks.airflow.providers.standard.hooks.subprocess.SubprocessHook"}
{"timestamp":"2025-06-23T02:28:35.694227","level":"info","event":"\u001b[0m02:28:35  16 of 17 START sql view model GOLD.vehicle_utilization ......................... [RUN]","logger":"airflow.task.hooks.airflow.providers.standard.hooks.subprocess.SubprocessHook"}
{"timestamp":"2025-06-23T02:28:35.709131","level":"info","event":"\u001b[0m02:28:35  14 of 17 OK created sql view model GOLD.top_revenue_generating_customers ....... [\u001b[32mSUCCESS 1\u001b[0m in 0.53s]","logger":"airflow.task.hooks.airflow.providers.standard.hooks.subprocess.SubprocessHook"}
{"timestamp":"2025-06-23T02:28:35.715281","level":"info","event":"\u001b[0m02:28:35  13 of 17 OK created sql view model GOLD.shipments_by_priority_level ............ [\u001b[32mSUCCESS 1\u001b[0m in 0.55s]","logger":"airflow.task.hooks.airflow.providers.standard.hooks.subprocess.SubprocessHook"}
{"timestamp":"2025-06-23T02:28:35.763063","level":"info","event":"\u001b[0m02:28:35  17 of 17 START sql view model GOLD.warehouse_utilization ....................... [RUN]","logger":"airflow.task.hooks.airflow.providers.standard.hooks.subprocess.SubprocessHook"}
{"timestamp":"2025-06-23T02:28:36.250174","level":"info","event":"\u001b[0m02:28:36  15 of 17 OK created sql view model GOLD.total_shipments_by_shipment_type ....... [\u001b[32mSUCCESS 1\u001b[0m in 0.63s]","logger":"airflow.task.hooks.airflow.providers.standard.hooks.subprocess.SubprocessHook"}
{"timestamp":"2025-06-23T02:28:36.255736","level":"info","event":"\u001b[0m02:28:36  16 of 17 OK created sql view model GOLD.vehicle_utilization .................... [\u001b[32mSUCCESS 1\u001b[0m in 0.53s]","logger":"airflow.task.hooks.airflow.providers.standard.hooks.subprocess.SubprocessHook"}
{"timestamp":"2025-06-23T02:28:36.284203","level":"info","event":"\u001b[0m02:28:36  17 of 17 OK created sql view model GOLD.warehouse_utilization .................. [\u001b[32mSUCCESS 1\u001b[0m in 0.49s]","logger":"airflow.task.hooks.airflow.providers.standard.hooks.subprocess.SubprocessHook"}
{"timestamp":"2025-06-23T02:28:37.512105","level":"info","event":"\u001b[0m02:28:37","logger":"airflow.task.hooks.airflow.providers.standard.hooks.subprocess.SubprocessHook"}
{"timestamp":"2025-06-23T02:28:37.513367","level":"info","event":"\u001b[0m02:28:37  Finished running 17 view models in 0 hours 0 minutes and 9.81 seconds (9.81s).","logger":"airflow.task.hooks.airflow.providers.standard.hooks.subprocess.SubprocessHook"}
{"timestamp":"2025-06-23T02:28:37.939637","level":"info","event":"\u001b[0m02:28:37","logger":"airflow.task.hooks.airflow.providers.standard.hooks.subprocess.SubprocessHook"}
{"timestamp":"2025-06-23T02:28:37.942384","level":"info","event":"\u001b[0m02:28:37  \u001b[32mCompleted successfully\u001b[0m","logger":"airflow.task.hooks.airflow.providers.standard.hooks.subprocess.SubprocessHook"}
{"timestamp":"2025-06-23T02:28:37.946983","level":"info","event":"\u001b[0m02:28:37","logger":"airflow.task.hooks.airflow.providers.standard.hooks.subprocess.SubprocessHook"}
{"timestamp":"2025-06-23T02:28:37.948433","level":"info","event":"\u001b[0m02:28:37  Done. PASS=17 WARN=0 ERROR=0 SKIP=0 NO-OP=0 TOTAL=17","logger":"airflow.task.hooks.airflow.providers.standard.hooks.subprocess.SubprocessHook"}
{"timestamp":"2025-06-23T02:28:48.559958","level":"info","event":"Command exited with return code 0","logger":"airflow.task.hooks.airflow.providers.standard.hooks.subprocess.SubprocessHook"}
{"timestamp":"2025-06-23T02:28:48.691489","level":"info","event":"Pushing xcom","ti":"RuntimeTaskInstance(id=UUID('01979a9c-91ab-740f-aba3-d03cf23adaeb'), task_id='dbt_run', dag_id='stream_dag', run_id='manual__2025-06-23T02:27:21.367020+00:00', try_number=1, map_index=-1, hostname='337b74b3f903', context_carrier={}, task=<Task(BashOperator): dbt_run>, bundle_instance=LocalDagBundle(name=dags-folder), max_tries=1, start_date=datetime.datetime(2025, 6, 23, 2, 28, 3, 522075, tzinfo=TzInfo(UTC)), end_date=None, state=<TaskInstanceState.RUNNING: 'running'>, is_mapped=False, rendered_map_index=None)","logger":"task"}
