{"timestamp":"2025-06-23T02:24:44.798079","level":"info","event":"DAG bundles loaded: dags-folder","logger":"airflow.dag_processing.bundles.manager.DagBundlesManager"}
{"timestamp":"2025-06-23T02:24:44.812186","level":"info","event":"Filling up the DagBag from /opt/airflow/dags/stream_dag.py","logger":"airflow.models.dagbag.DagBag"}
{"timestamp":"2025-06-23T02:24:45.340551","level":"info","event":"Tmp dir root location: /tmp","logger":"airflow.task.hooks.airflow.providers.standard.hooks.subprocess.SubprocessHook"}
{"timestamp":"2025-06-23T02:24:45.388207","level":"info","event":"Running command: ['/usr/bin/bash', '-c', 'cd /opt/airflow/dbt_ && dbt run --select cost_analysis customer_insights delivery_performance operational_insights shipment_tracking shipments_overview']","logger":"airflow.task.hooks.airflow.providers.standard.hooks.subprocess.SubprocessHook"}
{"timestamp":"2025-06-23T02:24:45.590243","level":"info","event":"Output:","logger":"airflow.task.hooks.airflow.providers.standard.hooks.subprocess.SubprocessHook"}
{"timestamp":"2025-06-23T02:25:06.727021","level":"info","event":"\u001b[0m02:25:06  Running with dbt=1.10.2","logger":"airflow.task.hooks.airflow.providers.standard.hooks.subprocess.SubprocessHook"}
{"timestamp":"2025-06-23T02:25:17.643938","level":"info","event":"\u001b[0m02:25:17  Registered adapter: snowflake=1.9.4","logger":"airflow.task.hooks.airflow.providers.standard.hooks.subprocess.SubprocessHook"}
{"timestamp":"2025-06-23T02:25:24.734829","level":"info","event":"\u001b[0m02:25:24  Found 23 models, 4 data tests, 4 sources, 476 macros","logger":"airflow.task.hooks.airflow.providers.standard.hooks.subprocess.SubprocessHook"}
{"timestamp":"2025-06-23T02:25:24.767169","level":"info","event":"\u001b[0m02:25:24","logger":"airflow.task.hooks.airflow.providers.standard.hooks.subprocess.SubprocessHook"}
{"timestamp":"2025-06-23T02:25:24.770136","level":"info","event":"\u001b[0m02:25:24  Concurrency: 4 threads (target='dev')","logger":"airflow.task.hooks.airflow.providers.standard.hooks.subprocess.SubprocessHook"}
{"timestamp":"2025-06-23T02:25:24.774594","level":"info","event":"\u001b[0m02:25:24","logger":"airflow.task.hooks.airflow.providers.standard.hooks.subprocess.SubprocessHook"}
{"timestamp":"2025-06-23T02:25:30.118639","level":"info","event":"\u001b[0m02:25:30  1 of 17 START sql view model GOLD.active_customers_by_region ................... [RUN]","logger":"airflow.task.hooks.airflow.providers.standard.hooks.subprocess.SubprocessHook"}
{"timestamp":"2025-06-23T02:25:30.133693","level":"info","event":"\u001b[0m02:25:30  3 of 17 START sql view model GOLD.current_status_of_active_shipments ........... [RUN]","logger":"airflow.task.hooks.airflow.providers.standard.hooks.subprocess.SubprocessHook"}
{"timestamp":"2025-06-23T02:25:30.134293","level":"info","event":"\u001b[0m02:25:30  4 of 17 START sql view model GOLD.customer_type_distribution ................... [RUN]","logger":"airflow.task.hooks.airflow.providers.standard.hooks.subprocess.SubprocessHook"}
{"timestamp":"2025-06-23T02:25:30.154356","level":"info","event":"\u001b[0m02:25:30  2 of 17 START sql view model GOLD.average_shipment_cost_by_priority ............ [RUN]","logger":"airflow.task.hooks.airflow.providers.standard.hooks.subprocess.SubprocessHook"}
{"timestamp":"2025-06-23T02:25:34.875044","level":"info","event":"\u001b[0m02:25:34  1 of 17 OK created sql view model GOLD.active_customers_by_region .............. [\u001b[32mSUCCESS 1\u001b[0m in 4.72s]","logger":"airflow.task.hooks.airflow.providers.standard.hooks.subprocess.SubprocessHook"}
{"timestamp":"2025-06-23T02:25:34.886018","level":"info","event":"\u001b[0m02:25:34  5 of 17 START sql view model GOLD.delayed_shipments ............................ [RUN]","logger":"airflow.task.hooks.airflow.providers.standard.hooks.subprocess.SubprocessHook"}
{"timestamp":"2025-06-23T02:25:35.641553","level":"info","event":"\u001b[0m02:25:35  5 of 17 OK created sql view model GOLD.delayed_shipments ....................... [\u001b[32mSUCCESS 1\u001b[0m in 0.73s]","logger":"airflow.task.hooks.airflow.providers.standard.hooks.subprocess.SubprocessHook"}
{"timestamp":"2025-06-23T02:25:35.663151","level":"info","event":"\u001b[0m02:25:35  6 of 17 START sql view model GOLD.delivery_attempts_per_shipment ............... [RUN]","logger":"airflow.task.hooks.airflow.providers.standard.hooks.subprocess.SubprocessHook"}
{"timestamp":"2025-06-23T02:25:35.899428","level":"info","event":"\u001b[0m02:25:35  3 of 17 OK created sql view model GOLD.current_status_of_active_shipments ...... [\u001b[32mSUCCESS 1\u001b[0m in 5.75s]","logger":"airflow.task.hooks.airflow.providers.standard.hooks.subprocess.SubprocessHook"}
{"timestamp":"2025-06-23T02:25:35.968489","level":"info","event":"\u001b[0m02:25:35  4 of 17 OK created sql view model GOLD.customer_type_distribution .............. [\u001b[32mSUCCESS 1\u001b[0m in 5.66s]","logger":"airflow.task.hooks.airflow.providers.standard.hooks.subprocess.SubprocessHook"}
{"timestamp":"2025-06-23T02:25:36.015116","level":"info","event":"\u001b[0m02:25:36  2 of 17 OK created sql view model GOLD.average_shipment_cost_by_priority ....... [\u001b[32mSUCCESS 1\u001b[0m in 5.81s]","logger":"airflow.task.hooks.airflow.providers.standard.hooks.subprocess.SubprocessHook"}
{"timestamp":"2025-06-23T02:25:36.018160","level":"info","event":"\u001b[0m02:25:36  7 of 17 START sql view model GOLD.distance_traveled ............................ [RUN]","logger":"airflow.task.hooks.airflow.providers.standard.hooks.subprocess.SubprocessHook"}
{"timestamp":"2025-06-23T02:25:36.040063","level":"info","event":"\u001b[0m02:25:36  8 of 17 START sql view model GOLD.insurance_vs_penalty_costs ................... [RUN]","logger":"airflow.task.hooks.airflow.providers.standard.hooks.subprocess.SubprocessHook"}
{"timestamp":"2025-06-23T02:25:36.059083","level":"info","event":"\u001b[0m02:25:36  9 of 17 START sql view model GOLD.ontime_delivery_rate ......................... [RUN]","logger":"airflow.task.hooks.airflow.providers.standard.hooks.subprocess.SubprocessHook"}
{"timestamp":"2025-06-23T02:25:36.550670","level":"info","event":"\u001b[0m02:25:36  6 of 17 OK created sql view model GOLD.delivery_attempts_per_shipment .......... [\u001b[32mSUCCESS 1\u001b[0m in 0.87s]","logger":"airflow.task.hooks.airflow.providers.standard.hooks.subprocess.SubprocessHook"}
{"timestamp":"2025-06-23T02:25:36.575291","level":"info","event":"\u001b[0m02:25:36  10 of 17 START sql view model GOLD.reasons_for_delay ........................... [RUN]","logger":"airflow.task.hooks.airflow.providers.standard.hooks.subprocess.SubprocessHook"}
{"timestamp":"2025-06-23T02:25:36.809554","level":"info","event":"\u001b[0m02:25:36  8 of 17 OK created sql view model GOLD.insurance_vs_penalty_costs .............. [\u001b[32mSUCCESS 1\u001b[0m in 0.72s]","logger":"airflow.task.hooks.airflow.providers.standard.hooks.subprocess.SubprocessHook"}
{"timestamp":"2025-06-23T02:25:36.844717","level":"info","event":"\u001b[0m02:25:36  7 of 17 OK created sql view model GOLD.distance_traveled ....................... [\u001b[32mSUCCESS 1\u001b[0m in 0.78s]","logger":"airflow.task.hooks.airflow.providers.standard.hooks.subprocess.SubprocessHook"}
{"timestamp":"2025-06-23T02:25:36.855722","level":"info","event":"\u001b[0m02:25:36  9 of 17 OK created sql view model GOLD.ontime_delivery_rate .................... [\u001b[32mSUCCESS 1\u001b[0m in 0.73s]","logger":"airflow.task.hooks.airflow.providers.standard.hooks.subprocess.SubprocessHook"}
{"timestamp":"2025-06-23T02:25:36.866685","level":"info","event":"\u001b[0m02:25:36  11 of 17 START sql view model GOLD.revenue_vs_cost_by_transport_mode ........... [RUN]","logger":"airflow.task.hooks.airflow.providers.standard.hooks.subprocess.SubprocessHook"}
{"timestamp":"2025-06-23T02:25:36.887617","level":"info","event":"\u001b[0m02:25:36  12 of 17 START sql view model GOLD.shipment_volume_over_time ................... [RUN]","logger":"airflow.task.hooks.airflow.providers.standard.hooks.subprocess.SubprocessHook"}
{"timestamp":"2025-06-23T02:25:36.903711","level":"info","event":"\u001b[0m02:25:36  13 of 17 START sql view model GOLD.shipments_by_priority_level ................. [RUN]","logger":"airflow.task.hooks.airflow.providers.standard.hooks.subprocess.SubprocessHook"}
{"timestamp":"2025-06-23T02:25:37.358216","level":"info","event":"\u001b[0m02:25:37  10 of 17 OK created sql view model GOLD.reasons_for_delay ...................... [\u001b[32mSUCCESS 1\u001b[0m in 0.77s]","logger":"airflow.task.hooks.airflow.providers.standard.hooks.subprocess.SubprocessHook"}
{"timestamp":"2025-06-23T02:25:37.379759","level":"info","event":"\u001b[0m02:25:37  14 of 17 START sql view model GOLD.top_revenue_generating_customers ............ [RUN]","logger":"airflow.task.hooks.airflow.providers.standard.hooks.subprocess.SubprocessHook"}
{"timestamp":"2025-06-23T02:25:37.490030","level":"info","event":"\u001b[0m02:25:37  11 of 17 OK created sql view model GOLD.revenue_vs_cost_by_transport_mode ...... [\u001b[32mSUCCESS 1\u001b[0m in 0.60s]","logger":"airflow.task.hooks.airflow.providers.standard.hooks.subprocess.SubprocessHook"}
{"timestamp":"2025-06-23T02:25:37.524486","level":"info","event":"\u001b[0m02:25:37  15 of 17 START sql view model GOLD.total_shipments_by_shipment_type ............ [RUN]","logger":"airflow.task.hooks.airflow.providers.standard.hooks.subprocess.SubprocessHook"}
{"timestamp":"2025-06-23T02:25:37.628688","level":"info","event":"\u001b[0m02:25:37  13 of 17 OK created sql view model GOLD.shipments_by_priority_level ............ [\u001b[32mSUCCESS 1\u001b[0m in 0.68s]","logger":"airflow.task.hooks.airflow.providers.standard.hooks.subprocess.SubprocessHook"}
{"timestamp":"2025-06-23T02:25:37.657225","level":"info","event":"\u001b[0m02:25:37  16 of 17 START sql view model GOLD.vehicle_utilization ......................... [RUN]","logger":"airflow.task.hooks.airflow.providers.standard.hooks.subprocess.SubprocessHook"}
{"timestamp":"2025-06-23T02:25:37.684118","level":"info","event":"\u001b[0m02:25:37  12 of 17 OK created sql view model GOLD.shipment_volume_over_time .............. [\u001b[32mSUCCESS 1\u001b[0m in 0.77s]","logger":"airflow.task.hooks.airflow.providers.standard.hooks.subprocess.SubprocessHook"}
{"timestamp":"2025-06-23T02:25:37.728412","level":"info","event":"\u001b[0m02:25:37  17 of 17 START sql view model GOLD.warehouse_utilization ....................... [RUN]","logger":"airflow.task.hooks.airflow.providers.standard.hooks.subprocess.SubprocessHook"}
{"timestamp":"2025-06-23T02:25:38.038233","level":"info","event":"\u001b[0m02:25:38  14 of 17 OK created sql view model GOLD.top_revenue_generating_customers ....... [\u001b[32mSUCCESS 1\u001b[0m in 0.64s]","logger":"airflow.task.hooks.airflow.providers.standard.hooks.subprocess.SubprocessHook"}
{"timestamp":"2025-06-23T02:25:38.055957","level":"info","event":"\u001b[0m02:25:38  15 of 17 OK created sql view model GOLD.total_shipments_by_shipment_type ....... [\u001b[32mSUCCESS 1\u001b[0m in 0.48s]","logger":"airflow.task.hooks.airflow.providers.standard.hooks.subprocess.SubprocessHook"}
{"timestamp":"2025-06-23T02:25:38.265823","level":"info","event":"\u001b[0m02:25:38  17 of 17 OK created sql view model GOLD.warehouse_utilization .................. [\u001b[32mSUCCESS 1\u001b[0m in 0.50s]","logger":"airflow.task.hooks.airflow.providers.standard.hooks.subprocess.SubprocessHook"}
{"timestamp":"2025-06-23T02:25:38.278645","level":"info","event":"\u001b[0m02:25:38  16 of 17 OK created sql view model GOLD.vehicle_utilization .................... [\u001b[32mSUCCESS 1\u001b[0m in 0.59s]","logger":"airflow.task.hooks.airflow.providers.standard.hooks.subprocess.SubprocessHook"}
{"timestamp":"2025-06-23T02:25:39.573691","level":"info","event":"\u001b[0m02:25:39","logger":"airflow.task.hooks.airflow.providers.standard.hooks.subprocess.SubprocessHook"}
{"timestamp":"2025-06-23T02:25:39.594160","level":"info","event":"\u001b[0m02:25:39  Finished running 17 view models in 0 hours 0 minutes and 14.79 seconds (14.79s).","logger":"airflow.task.hooks.airflow.providers.standard.hooks.subprocess.SubprocessHook"}
{"timestamp":"2025-06-23T02:25:40.220766","level":"info","event":"\u001b[0m02:25:40","logger":"airflow.task.hooks.airflow.providers.standard.hooks.subprocess.SubprocessHook"}
{"timestamp":"2025-06-23T02:25:40.224150","level":"info","event":"\u001b[0m02:25:40  \u001b[32mCompleted successfully\u001b[0m","logger":"airflow.task.hooks.airflow.providers.standard.hooks.subprocess.SubprocessHook"}
{"timestamp":"2025-06-23T02:25:40.231596","level":"info","event":"\u001b[0m02:25:40","logger":"airflow.task.hooks.airflow.providers.standard.hooks.subprocess.SubprocessHook"}
{"timestamp":"2025-06-23T02:25:40.232189","level":"info","event":"\u001b[0m02:25:40  Done. PASS=17 WARN=0 ERROR=0 SKIP=0 NO-OP=0 TOTAL=17","logger":"airflow.task.hooks.airflow.providers.standard.hooks.subprocess.SubprocessHook"}
{"timestamp":"2025-06-23T02:25:46.372702","level":"info","event":"Command exited with return code 0","logger":"airflow.task.hooks.airflow.providers.standard.hooks.subprocess.SubprocessHook"}
{"timestamp":"2025-06-23T02:25:46.480399","level":"info","event":"Pushing xcom","ti":"RuntimeTaskInstance(id=UUID('01979a94-000e-75a1-9470-7c75b5afa4e9'), task_id='dbt_run', dag_id='stream_dag', run_id='scheduled__2025-06-23T02:18:00+00:00', try_number=1, map_index=-1, hostname='337b74b3f903', context_carrier={}, task=<Task(BashOperator): dbt_run>, bundle_instance=LocalDagBundle(name=dags-folder), max_tries=1, start_date=datetime.datetime(2025, 6, 23, 2, 24, 26, 899197, tzinfo=TzInfo(UTC)), end_date=None, state=<TaskInstanceState.RUNNING: 'running'>, is_mapped=False, rendered_map_index=None)","logger":"task"}
